300 1
2.66114   0.3492E-02
2.71454   0.1434E-01
2.80558   0.9133E-02
2.87360   0.9088E-02
2.93709   0.7622E-02
3.04329   0.6214E-03
3.16320   0.3981E-02
3.18141   0.3128E-01
3.23479   0.1035E-03
3.30161   0.9618E-03
3.37182   0.3813E-02
3.40270   0.3884E-02
3.43498   0.1735E-02
3.43646   0.2599E-03
3.48900   0.9269E-02
3.53518   0.4717E-02
3.58858   0.1608E-01
3.65071   0.6608E-02
3.66302   0.2667E-01
3.69860   0.3561E-02
3.70893   0.1736E-02
3.72821   0.9013E-02
3.75230   0.1736E-02
3.76304   0.2051E-02
3.77492   0.8190E-03
3.78830   0.1387E-01
3.81521   0.7904E-03
3.82183   0.6829E-03
3.82657   0.1300E-02
3.83149   0.4569E-02
3.83575   0.1031E-02
3.86535   0.4718E-02
3.88440   0.3262E-03
3.89043   0.1498E-02
3.89213   0.1231E-03
3.90809   0.8187E-02
3.91017   0.1110E-02
3.92342   0.9511E-02
3.93499   0.2491E-02
3.94529   0.3093E-01
3.95923   0.3402E-02
3.97038   0.8781E-02
3.97901   0.1692E-02
3.98552   0.5280E-03
3.99977   0.1595E-02
4.00333   0.2520E-02
4.01516   0.1308E-02
4.01869   0.1058E-01
4.03162   0.4817E-01
4.05465   0.2719E-02
4.06239   0.6802E-02
4.07104   0.4733E-03
4.07529   0.3354E-03
4.07943   0.8030E-03
4.08529   0.4743E-02
4.09382   0.1169E-01
4.09766   0.5644E-02
4.11760   0.1940E-01
4.12171   0.4131E-02
4.12693   0.1040E-01
4.13211   0.8095E-03
4.13996   0.3490E-02
4.14857   0.4160E-02
4.15287   0.2746E-02
4.16005   0.1078E-01
4.17352   0.1326E-02
4.19003   0.4192E-02
4.19808   0.1558E-02
4.20281   0.5350E-02
4.20815   0.2880E-02
4.21357   0.2734E-02
4.21754   0.8876E-02
4.22097   0.2853E-02
4.22580   0.3341E-02
4.23346   0.5902E-02
4.24246   0.4342E-02
4.25273   0.1203E-02
4.25565   0.1617E-02
4.25814   0.1160E-02
4.26575   0.3667E-03
4.28123   0.1918E-02
4.28799   0.2219E-02
4.29802   0.1620E-01
4.30929   0.2291E-02
4.31144   0.3987E-01
4.31586   0.2331E-02
4.32155   0.4125E-02
4.32661   0.1214E-01
4.33299   0.7370E-03
4.34035   0.7542E-02
4.34573   0.3964E-02
4.35661   0.4039E-02
4.35880   0.6223E-03
4.36345   0.3858E-02
4.36957   0.2081E-02
4.37112   0.8866E-03
4.37921   0.3791E-02
4.38365   0.2435E-02
4.39445   0.3274E-02
4.39906   0.1118E-02
4.40540   0.3560E-03
4.41696   0.1893E-03
4.42560   0.9503E-03
4.42843   0.1204E-02
4.43271   0.1896E-02
4.44319   0.4074E-03
4.44597   0.1299E-02
4.44955   0.4060E-02
4.45388   0.6146E-02
4.45692   0.7434E-02
4.46042   0.2635E-02
4.46432   0.3333E-02
4.47596   0.6830E-02
4.47694   0.8203E-02
4.47900   0.4568E-02
4.48702   0.1619E-02
4.48848   0.8409E-03
4.49952   0.7235E-02
4.50072   0.1274E-02
4.51029   0.5741E-02
4.51809   0.1329E-01
4.52267   0.4981E-03
4.53226   0.7315E-02
4.53582   0.1391E-01
4.55035   0.1005E-01
4.55204   0.2313E-02
4.55698   0.1619E-01
4.56826   0.9982E-03
4.57252   0.1039E-01
4.57597   0.1088E-01
4.58250   0.2359E-01
4.58489   0.1151E-02
4.59091   0.6282E-02
4.59310   0.7469E-02
4.60397   0.1442E-01
4.61245   0.2876E-02
4.61603   0.1469E-02
4.62000   0.7953E-03
4.62222   0.1118E-02
4.62749   0.7970E-02
4.63190   0.8355E-02
4.63344   0.7484E-02
4.64144   0.2488E-02
4.64739   0.9004E-02
4.65297   0.1673E-02
4.65446   0.5410E-02
4.66000   0.2419E-02
4.66562   0.8579E-02
4.67023   0.8528E-02
4.67323   0.7719E-02
4.67862   0.1003E-01
4.68080   0.4815E-02
4.68556   0.1260E-01
4.69431   0.1354E-01
4.69705   0.1205E-01
4.70017   0.4681E-02
4.70471   0.3408E-02
4.70978   0.1205E-01
4.71388   0.7314E-02
4.71873   0.3878E-02
4.72087   0.5917E-03
4.73043   0.7575E-02
4.73235   0.2406E-01
4.73759   0.1036E-01
4.74406   0.1054E-02
4.74795   0.2250E-02
4.75393   0.3865E-02
4.76158   0.8345E-02
4.76559   0.1243E-02
4.77204   0.1093E-01
4.77394   0.7295E-02
4.77965   0.1862E-02
4.78059   0.7361E-02
4.78293   0.5559E-03
4.78783   0.8398E-02
4.78976   0.6635E-02
4.79386   0.1209E-01
4.79733   0.6510E-02
4.79818   0.4523E-02
4.80356   0.3223E-02
4.80967   0.7132E-02
4.81638   0.9032E-02
4.82041   0.2374E-02
4.82392   0.9158E-02
4.82759   0.5074E-02
4.83395   0.1654E-02
4.83677   0.1281E-02
4.83814   0.3437E-02
4.84105   0.4162E-02
4.84761   0.2291E-02
4.85157   0.2068E-02
4.85668   0.3675E-03
4.85847   0.1769E-02
4.86094   0.6513E-03
4.86470   0.1868E-02
4.86693   0.5754E-03
4.87045   0.1102E-02
4.87367   0.5651E-02
4.87579   0.1528E-02
4.87849   0.7477E-02
4.88315   0.3513E-02
4.88423   0.3281E-02
4.88980   0.1262E-02
4.89422   0.1915E-01
4.89843   0.1811E-02
4.90341   0.3831E-02
4.90582   0.3932E-02
4.91232   0.1271E-01
4.91530   0.8058E-02
4.92071   0.1193E-01
4.92224   0.8429E-02
4.93037   0.2265E-01
4.93219   0.5447E-02
4.93514   0.1509E-02
4.93660   0.9011E-03
4.94102   0.4797E-03
4.94131   0.3398E-03
4.94681   0.5531E-02
4.95111   0.3685E-02
4.95546   0.4501E-02
4.95629   0.3831E-02
4.95783   0.5531E-02
4.96117   0.1481E-02
4.96300   0.2294E-02
4.96463   0.1198E-02
4.96652   0.8366E-02
4.96819   0.9397E-03
4.97032   0.3691E-02
4.97166   0.1274E-02
4.97681   0.5901E-02
4.97780   0.1480E-02
4.98056   0.7836E-02
4.98251   0.6353E-02
4.98909   0.1016E-02
4.99048   0.7034E-02
4.99247   0.2328E-02
4.99537   0.2801E-02
4.99849   0.1504E-02
5.00136   0.3504E-02
5.00478   0.6025E-02
5.01080   0.7677E-02
5.01209   0.1407E-02
5.01421   0.1711E-02
5.01723   0.4185E-02
5.02055   0.9215E-02
5.02639   0.3167E-02
5.02757   0.2276E-02
5.02791   0.2313E-02
5.03358   0.1195E-02
5.03523   0.7629E-02
5.03680   0.7898E-02
5.03962   0.6003E-02
5.04203   0.1004E-01
5.04392   0.4986E-02
5.04753   0.2061E-02
5.04902   0.3891E-02
5.05008   0.3563E-02
5.05213   0.5672E-02
5.05258   0.6486E-02
5.05549   0.3202E-03
5.05880   0.3385E-02
5.06038   0.2091E-02
5.06282   0.4191E-02
5.06812   0.1090E-01
5.06992   0.1282E-01
5.07181   0.3346E-02
5.07683   0.8322E-03
5.08029   0.1996E-01
5.08066   0.3393E-02
5.08191   0.1189E-01
5.08499   0.2227E-02
5.08741   0.3056E-02
5.09300   0.3077E-02
5.09435   0.1082E-02
5.10072   0.8427E-02
5.10454   0.1361E-02
5.10546   0.3061E-02
5.10735   0.6704E-02
5.10983   0.1277E-02
5.11423   0.2744E-02
5.11450   0.7474E-02
5.11690   0.4846E-02
5.11998   0.1962E-02
5.12275   0.2393E-02
5.12343   0.2044E-02
5.12541   0.5185E-02
5.12950   0.4548E-02
5.13336   0.4516E-02
5.13502   0.3933E-02
5.13605   0.9874E-02
5.13728   0.1152E-02
5.14011   0.3666E-02
5.14268   0.3932E-03
5.14575   0.2212E-02
5.14747   0.4582E-02
5.15103   0.2124E-02
5.15149   0.3443E-02
5.15368   0.6648E-02
5.15928   0.6152E-02
5.16074   0.3898E-02