300 1
1.60261   0.1895E-02
1.66199   0.2821E-03
1.71431   0.1910E-02
1.72700   0.4881E-03
1.77331   0.1072E-02
1.79191   0.1742E-02
1.84439   0.8183E-02
1.87814   0.6168E-02
1.89393   0.2817E-02
1.92428   0.9356E-02
1.92648   0.2419E-02
1.94461   0.1917E-02
1.96353   0.1283E-02
1.97109   0.3944E-02
2.00274   0.3801E-02
2.01556   0.6205E-02
2.02426   0.8868E-02
2.04282   0.6030E-02
2.05451   0.2874E-02
2.06298   0.3450E-02
2.06859   0.5072E-02
2.07833   0.5049E-03
2.09231   0.1774E-01
2.10052   0.1124E-01
2.11184   0.2567E-02
2.11931   0.6686E-02
2.14160   0.1334E-02
2.14524   0.3099E-02
2.14889   0.4643E-02
2.16123   0.3053E-02
2.17049   0.2941E-02
2.17894   0.3461E-02
2.19176   0.6844E-02
2.21460   0.4561E-02
2.23075   0.2108E-02
2.23479   0.7563E-03
2.23922   0.4988E-03
2.24569   0.4774E-02
2.26217   0.2110E-02
2.26996   0.5960E-04
2.27414   0.1606E-02
2.29307   0.1953E-01
2.30529   0.3934E-02
2.31308   0.1529E-02
2.31893   0.2670E-02
2.32568   0.2521E-02
2.33078   0.4831E-02
2.33348   0.4504E-02
2.33770   0.6999E-02
2.35990   0.1381E-01
2.36274   0.1175E-02
2.36686   0.6055E-03
2.37321   0.6698E-03
2.38333   0.2177E-02
2.39184   0.4085E-02
2.40855   0.9759E-02
2.41079   0.3157E-02
2.42152   0.3335E-02
2.42485   0.3227E-03
2.42879   0.7252E-02
2.43228   0.5060E-03
2.44302   0.1441E-02
2.44540   0.8923E-04
2.45179   0.2180E-02
2.45644   0.1266E-01
2.46343   0.1633E-03
2.46979   0.5979E-03
2.48327   0.4967E-02
2.48971   0.2712E-02
2.50016   0.8193E-03
2.50071   0.4832E-02
2.50685   0.7199E-02
2.51808   0.8930E-02
2.52714   0.2266E-03
2.53378   0.1298E-01
2.54390   0.3226E-02
2.54541   0.1270E-01
2.54884   0.9083E-02
2.55592   0.5659E-03
2.56197   0.4105E-02
2.56805   0.2241E-02
2.57006   0.4859E-03
2.57706   0.1164E-02
2.58017   0.7698E-02
2.58751   0.2957E-02
2.58912   0.5753E-03
2.59724   0.2752E-02
2.60241   0.2333E-01
2.61268   0.2945E-02
2.61530   0.4484E-02
2.61871   0.1382E-03
2.62770   0.6817E-02
2.63365   0.1597E-02
2.63717   0.1163E-02
2.64458   0.2813E-02
2.64715   0.1692E-02
2.65191   0.6860E-03
2.65479   0.6532E-02
2.66016   0.3799E-02
2.67015   0.4012E-02
2.67825   0.6309E-02
2.68220   0.1248E-02
2.68450   0.1683E-02
2.68610   0.1394E-01
2.69310   0.7962E-03
2.69882   0.9614E-02
2.69993   0.7114E-03
2.71032   0.8313E-03
2.72242   0.1717E-03
2.72437   0.2483E-02
2.72896   0.9256E-03
2.72968   0.9934E-03
2.73425   0.6752E-03
2.74255   0.1258E-01
2.74601   0.2433E-02
2.74740   0.2357E-02
2.74803   0.3258E-02
2.75413   0.5339E-03
2.75797   0.7288E-02
2.75971   0.7995E-02
2.76084   0.2521E-02
2.77262   0.3637E-03
2.77587   0.4626E-03
2.77781   0.1609E-02
2.77828   0.7649E-03
2.78114   0.5403E-03
2.78238   0.9594E-02
2.78945   0.8394E-02
2.79261   0.6554E-03
2.79575   0.7516E-03
2.79822   0.1651E-03
2.79908   0.4630E-02
2.80533   0.3937E-02
2.81329   0.2793E-02
2.81500   0.3137E-02
2.81903   0.2189E-02
2.82883   0.1013E-02
2.82992   0.1240E-02
2.83514   0.8391E-03
2.83851   0.1960E-02
2.84052   0.2143E-02
2.84258   0.2849E-02
2.84406   0.7092E-02
2.84820   0.7386E-03
2.85072   0.1029E-01
2.85625   0.2450E-02
2.85753   0.6930E-02
2.86285   0.2781E-02
2.86488   0.8908E-03
2.86762   0.3541E-02
2.87204   0.5807E-02
2.87518   0.9305E-03
2.87777   0.5470E-02
2.87916   0.3086E-03
2.88443   0.3081E-02
2.89304   0.2977E-02
2.89356   0.1320E-02
2.89502   0.2130E-02
2.89713   0.1967E-02
2.90249   0.2673E-02
2.90689   0.1199E-02
2.90754   0.2587E-02
2.91100   0.1709E-02
2.91418   0.4739E-02
2.91800   0.2674E-02
2.91885   0.1434E-02
2.92347   0.2539E-02
2.92692   0.5035E-02
2.93002   0.3628E-02
2.93271   0.5434E-02
2.93763   0.4360E-02
2.93903   0.1297E-02
2.94304   0.2388E-02
2.94546   0.2939E-02
2.95254   0.5848E-02
2.95382   0.2517E-02
2.95589   0.3280E-02
2.96118   0.6853E-02
2.96790   0.4866E-02
2.96896   0.8986E-02
2.97004   0.8457E-03
2.97882   0.3236E-02
2.98009   0.4033E-02
2.98402   0.3910E-02
2.98504   0.7627E-03
2.98748   0.1435E-02
2.99033   0.5300E-03
2.99088   0.1181E-02
2.99422   0.3765E-02
2.99870   0.3369E-02
3.00178   0.3647E-02
3.00319   0.8073E-02
3.00530   0.5331E-02
3.00611   0.1405E-02
3.00944   0.6337E-02
3.01417   0.2925E-02
3.01689   0.2714E-03
3.01717   0.7266E-02
3.02084   0.1128E-01
3.02522   0.8164E-02
3.02697   0.2380E-02
3.03059   0.3479E-02
3.03578   0.3717E-02
3.03950   0.9622E-03
3.04191   0.6104E-03
3.04534   0.4094E-02
3.05309   0.5432E-02
3.05713   0.2790E-02
3.05963   0.1132E-01
3.06220   0.3173E-02
3.06361   0.1006E-01
3.06457   0.1387E-02
3.06850   0.1879E-02
3.07346   0.8977E-02
3.07835   0.3135E-02
3.08385   0.1804E-01
3.08580   0.2556E-01
3.08957   0.1488E-02
3.09122   0.1573E-01
3.09562   0.6927E-02
3.09744   0.6321E-02
3.09879   0.3361E-02
3.09980   0.6576E-03
3.10469   0.8991E-02
3.10603   0.9811E-02
3.11371   0.9246E-02
3.11574   0.4664E-02
3.12059   0.3027E-02
3.12257   0.4563E-03
3.12513   0.5384E-02
3.12683   0.7469E-02
3.12756   0.1324E-02
3.13170   0.1117E-01
3.13635   0.6431E-02
3.13869   0.5406E-02
3.14005   0.3265E-02
3.14250   0.1322E-02
3.14388   0.5423E-02
3.14464   0.2935E-02
3.14664   0.6150E-02
3.14949   0.1720E-02
3.15475   0.2330E-02
3.15623   0.3185E-02
3.15640   0.3415E-02
3.16094   0.1529E-02
3.16294   0.2848E-02
3.16485   0.5745E-02
3.16661   0.4553E-02
3.17016   0.4176E-02
3.17230   0.1207E-01
3.17477   0.4547E-02
3.17755   0.1294E-02
3.17835   0.1764E-02
3.17964   0.1404E-01
3.18224   0.1131E-01
3.18704   0.3167E-02
3.18872   0.3538E-02
3.19347   0.1980E-02
3.19540   0.2616E-02
3.20029   0.5608E-02
3.20299   0.7750E-02
3.20368   0.1819E-02
3.20498   0.3387E-02
3.20630   0.3657E-02
3.21055   0.1511E-02
3.21382   0.7134E-03
3.21754   0.1744E-02
3.21780   0.3261E-02
3.21879   0.2288E-02
3.22003   0.4730E-03
3.22275   0.5865E-02
3.22692   0.7356E-02
3.23071   0.1009E-02
3.23128   0.6779E-02
3.23594   0.4748E-02
3.23829   0.9667E-02
3.24693   0.1538E-02
3.24828   0.1619E-02
3.25189   0.8795E-02
3.25329   0.5800E-02
3.25455   0.2486E-02
3.25789   0.4576E-02
3.25875   0.1060E-02
3.26126   0.9600E-03
3.26522   0.2515E-02
3.26684   0.8700E-03
3.26858   0.4240E-02
3.27097   0.7570E-02
3.27162   0.3726E-02
3.27279   0.4060E-02
3.27909   0.7285E-03
3.27976   0.4602E-03
3.28119   0.1939E-02
3.28197   0.4149E-02
3.28361   0.1461E-02
3.28725   0.2596E-03
3.28878   0.1846E-02
3.28973   0.5037E-02
3.29262   0.1154E-02
3.29747   0.5189E-03