300 1
1.63025   0.2124E-01
1.99117   0.2767E-01
2.08154   0.2083E-01
2.13383   0.5765E-02
2.21652   0.7483E-01
2.34204   0.1131E-02
2.42191   0.6482E-02
2.60330   0.7889E-02
2.62617   0.3036E-03
2.66844   0.3419E-02
2.70393   0.2208E-02
2.78208   0.3316E-02
2.84749   0.6333E-02
2.88811   0.1829E-01
2.92236   0.2727E-02
2.97059   0.3671E-02
2.98481   0.1968E-02
3.01277   0.5299E-02
3.01817   0.2394E-01
3.06446   0.5557E-02
3.09647   0.1061E-02
3.13162   0.2566E-02
3.17220   0.4535E-02
3.18260   0.2866E-02
3.19420   0.1849E-01
3.21858   0.8432E-02
3.23325   0.7531E-02
3.23915   0.1203E-01
3.28686   0.2118E-02
3.35169   0.1015E-01
3.37613   0.7490E-02
3.39222   0.6411E-02
3.39428   0.1148E-02
3.39749   0.9853E-03
3.41769   0.1047E-02
3.42591   0.2330E-03
3.43495   0.3733E-02
3.46199   0.6092E-02
3.47412   0.2210E-02
3.49057   0.2231E-02
3.50137   0.3051E-02
3.50846   0.4780E-02
3.51284   0.5527E-04
3.52693   0.4658E-02
3.52704   0.7051E-02
3.54220   0.9254E-03
3.54873   0.7749E-02
3.55837   0.3849E-02
3.56185   0.7226E-03
3.56442   0.9471E-02
3.57586   0.2040E-02
3.59400   0.9166E-03
3.60444   0.9369E-02
3.61861   0.6348E-03
3.62337   0.2445E-02
3.63094   0.6785E-02
3.63721   0.1171E-02
3.65661   0.2244E-01
3.66816   0.1813E-02
3.67952   0.1109E-02
3.69574   0.8242E-02
3.70130   0.3142E-01
3.70967   0.8852E-02
3.71546   0.6021E-03
3.72189   0.1170E-02
3.75518   0.6742E-02
3.77188   0.5442E-02
3.78196   0.3155E-01
3.79158   0.1036E-02
3.79316   0.1887E-01
3.79699   0.2186E-03
3.81719   0.2659E-02
3.81894   0.1455E-01
3.83222   0.1260E-01
3.84041   0.7836E-02
3.86739   0.3108E-03
3.86868   0.4463E-03
3.87275   0.5067E-02
3.88442   0.1119E-02
3.90196   0.2736E-01
3.91456   0.1560E-02
3.92507   0.3858E-02
3.93255   0.1265E-01
3.93816   0.6110E-03
3.94126   0.4824E-02
3.94884   0.5023E-02
3.95835   0.1266E-02
3.96516   0.6304E-02
3.97888   0.1480E-03
3.98655   0.2681E-02
3.99542   0.3405E-01
4.00144   0.4106E-02
4.01026   0.1762E-02
4.01852   0.5437E-02
4.02148   0.1929E-03
4.02389   0.2368E-02
4.03411   0.1579E-02
4.03874   0.2854E-02
4.06457   0.1360E-02
4.06859   0.1505E-01
4.07324   0.1226E-01
4.07888   0.2051E-02
4.08473   0.1658E-02
4.09463   0.9062E-02
4.10101   0.5790E-02
4.11213   0.7192E-02
4.11434   0.1372E-01
4.12671   0.3789E-02
4.13155   0.2163E-02
4.13930   0.2956E-02
4.14406   0.9259E-03
4.15520   0.4337E-03
4.16094   0.1250E-02
4.16614   0.1788E-02
4.17058   0.1476E-02
4.17570   0.1474E-02
4.18118   0.1208E-02
4.18558   0.3181E-02
4.19297   0.4250E-02
4.19921   0.9633E-02
4.20419   0.2022E-01
4.21072   0.5446E-02
4.21710   0.1152E-02
4.22235   0.6359E-02
4.22955   0.3540E-02
4.23227   0.4472E-02
4.24584   0.1078E-02
4.24692   0.1115E-01
4.25264   0.9006E-03
4.26080   0.8176E-03
4.26473   0.1118E-01
4.27018   0.7841E-02
4.27842   0.1872E-02
4.28290   0.7907E-04
4.29070   0.1498E-01
4.29379   0.4856E-02
4.30107   0.1362E-01
4.30821   0.8713E-02
4.31623   0.9133E-03
4.31826   0.8511E-02
4.32437   0.3687E-02
4.33329   0.1382E-02
4.34818   0.2562E-02
4.35737   0.3465E-02
4.36076   0.3985E-02
4.37096   0.1769E-01
4.37971   0.7241E-02
4.38437   0.1796E-02
4.38594   0.6628E-02
4.39007   0.1353E-02
4.39311   0.2317E-02
4.39841   0.1829E-01
4.40092   0.1025E-02
4.40606   0.9175E-02
4.41263   0.9185E-02
4.41856   0.2399E-01
4.42611   0.4109E-02
4.43434   0.2719E-02
4.44122   0.4350E-02
4.44680   0.2911E-02
4.44752   0.5217E-03
4.44990   0.1646E-02
4.45337   0.5231E-02
4.45776   0.9080E-02
4.46485   0.2733E-02
4.46569   0.2872E-02
4.46809   0.1599E-02
4.47052   0.4365E-02
4.47266   0.9171E-02
4.48648   0.2538E-01
4.49232   0.1028E-01
4.50308   0.4701E-02
4.50521   0.9811E-02
4.50821   0.3299E-02
4.51317   0.5448E-02
4.51910   0.8833E-03
4.51999   0.4095E-02
4.52194   0.9302E-03
4.52285   0.1891E-02
4.53146   0.1800E-02
4.53622   0.2685E-02
4.53919   0.2217E-01
4.54317   0.3317E-02
4.54805   0.9824E-02
4.55007   0.3691E-02
4.55428   0.3479E-02
4.55561   0.4057E-02
4.56149   0.8276E-02
4.56254   0.7686E-02
4.56696   0.5241E-02
4.57426   0.2788E-02
4.57736   0.4624E-02
4.58041   0.9747E-02
4.58431   0.5746E-02
4.59052   0.4538E-02
4.59285   0.5425E-02
4.59802   0.1503E-01
4.60671   0.6064E-02
4.61282   0.1657E-01
4.61571   0.2405E-01
4.61727   0.1029E-01
4.62022   0.2115E-02
4.62860   0.1564E-02
4.63171   0.1538E-01
4.63470   0.1876E-02
4.63512   0.3128E-02
4.63784   0.9783E-03
4.64184   0.6914E-02
4.64348   0.1285E-02
4.64618   0.1420E-02
4.65008   0.8146E-02
4.65661   0.1970E-01
4.65782   0.1851E-02
4.66069   0.9775E-02
4.66277   0.1479E-01
4.66756   0.2323E-02
4.67302   0.3795E-02
4.67634   0.1147E-01
4.68379   0.3080E-02
4.68817   0.8959E-03
4.68963   0.1638E-02
4.69693   0.8123E-02
4.70280   0.9244E-02
4.70570   0.4938E-03
4.70951   0.3547E-03
4.71512   0.1021E-01
4.72001   0.1512E-03
4.72868   0.1696E-02
4.73246   0.9815E-04
4.73427   0.3680E-02
4.73651   0.2089E-02
4.73777   0.1391E-02
4.74278   0.9890E-03
4.74549   0.3559E-03
4.74668   0.3539E-02
4.74887   0.3057E-04
4.75229   0.1390E-02
4.75495   0.4499E-02
4.75713   0.1181E-02
4.76277   0.1660E-02
4.76688   0.9648E-02
4.77023   0.5565E-02
4.77385   0.6223E-02
4.77644   0.1668E-02
4.78105   0.1050E-01
4.78456   0.1075E-01
4.78882   0.3213E-02
4.79516   0.6443E-03
4.79637   0.7235E-03
4.80046   0.1354E-01
4.80623   0.6075E-02
4.81329   0.1085E-02
4.81367   0.5961E-03
4.81512   0.1570E-02
4.81912   0.1188E-02
4.82346   0.1044E-01
4.82755   0.1699E-01
4.82981   0.7493E-02
4.83317   0.5050E-02
4.83653   0.8012E-02
4.84208   0.3620E-02
4.85032   0.2292E-02
4.85480   0.5089E-02
4.85932   0.7523E-03
4.86527   0.1855E-02
4.86664   0.8516E-02
4.87000   0.2397E-02
4.87463   0.1125E-02
4.87948   0.3095E-02
4.88472   0.6293E-03
4.88831   0.9378E-04
4.88983   0.6864E-02
4.89135   0.7951E-02
4.89387   0.7116E-02
4.89660   0.1784E-02
4.89712   0.4485E-02
4.90027   0.3396E-02
4.90315   0.5358E-02
4.90877   0.8089E-03
4.91092   0.1841E-02
4.91603   0.4844E-02
4.92002   0.2204E-02
4.92338   0.3507E-02
4.92546   0.3573E-03
4.92820   0.2918E-02
4.93284   0.8707E-03
4.93597   0.6447E-02
4.93894   0.6460E-02
4.94160   0.1493E-02
4.94514   0.1240E-01
4.95050   0.1597E-01
4.95627   0.2272E-01
4.96000   0.2286E-01
4.96195   0.1114E-02
4.96679   0.8661E-02
4.97093   0.5363E-02
4.97437   0.6637E-03
4.97778   0.7787E-02
4.98144   0.9111E-02
4.98690   0.9466E-02