300 1
2.14288   0.2656E-01
2.34507   0.2415E-02
2.58935   0.4677E-01
2.67811   0.1157E-01
2.80679   0.3042E-01
2.82788   0.1624E-01
2.83895   0.1550E-01
2.85670   0.3253E-02
2.94367   0.8685E-03
2.96224   0.5283E-02
3.00101   0.1098E-01
3.01425   0.7009E-02
3.06372   0.1815E-02
3.09213   0.1789E-01
3.12892   0.2552E-02
3.18938   0.1327E-03
3.20045   0.1303E-01
3.23364   0.2048E-02
3.26708   0.5453E-01
3.28259   0.2448E-01
3.33334   0.3581E-02
3.35116   0.2246E-01
3.35491   0.4840E-02
3.36325   0.5568E-02
3.37249   0.4690E-02
3.38026   0.3703E-02
3.39593   0.2489E-01
3.40859   0.1416E-02
3.42088   0.1065E-01
3.44456   0.4720E-02
3.45968   0.9351E-02
3.46725   0.1880E-01
3.51017   0.7177E-02
3.51794   0.2452E-02
3.52631   0.9666E-02
3.55853   0.8060E-02
3.56891   0.5046E-02
3.57274   0.2071E-01
3.60802   0.7660E-03
3.61482   0.5736E-02
3.62188   0.1241E-01
3.63848   0.7589E-02
3.67382   0.2531E-02
3.67851   0.1306E-02
3.68941   0.3605E-02
3.70519   0.1485E-01
3.70780   0.1164E-02
3.71982   0.7067E-02
3.72995   0.1590E-02
3.73323   0.1416E-02
3.74129   0.1549E-01
3.75243   0.6945E-02
3.75335   0.2693E-02
3.76528   0.7350E-02
3.77331   0.3060E-01
3.78318   0.1439E-01
3.79741   0.2211E-01
3.82599   0.1022E-01
3.84299   0.5142E-02
3.84436   0.2209E-02
3.86047   0.1010E-01
3.86603   0.3057E-02
3.87588   0.3282E-02
3.89025   0.1416E-01
3.91099   0.8828E-03
3.91577   0.1621E-01
3.92159   0.9694E-02
3.92979   0.4024E-02
3.94101   0.2964E-01
3.94335   0.4140E-02
3.95196   0.1305E-02
3.95628   0.9093E-02
3.96108   0.2499E-02
3.97222   0.4461E-02
3.98338   0.4424E-03
3.99138   0.1273E-03
3.99673   0.3452E-02
3.99778   0.5516E-02
4.00104   0.2079E-02
4.00483   0.5954E-03
4.01085   0.1040E-02
4.02340   0.1967E-02
4.03163   0.6071E-02
4.03584   0.1600E-02
4.04241   0.5701E-02
4.04403   0.4303E-02
4.04971   0.4983E-02
4.06778   0.3237E-02
4.06891   0.4468E-02
4.07406   0.1224E-01
4.07939   0.8050E-03
4.08413   0.1748E-02
4.09269   0.2202E-02
4.09920   0.1235E-02
4.10298   0.3966E-02
4.11761   0.5365E-02
4.12040   0.7889E-02
4.12180   0.4349E-02
4.12577   0.5996E-02
4.13151   0.7133E-02
4.14148   0.1640E-01
4.14911   0.2860E-02
4.15176   0.5418E-01
4.16290   0.7769E-02
4.18033   0.6250E-03
4.18546   0.1041E-01
4.18960   0.7001E-02
4.19026   0.4005E-02
4.19289   0.1138E-01
4.21681   0.4690E-02
4.21897   0.1092E-02
4.22391   0.2044E-02
4.22746   0.5581E-02
4.24023   0.1878E-02
4.24470   0.2266E-02
4.24651   0.3951E-02
4.25760   0.1230E-01
4.26565   0.3535E-02
4.27521   0.1059E-02
4.28024   0.1252E-02
4.29080   0.5850E-02
4.29889   0.1126E-02
4.29929   0.6477E-02
4.30497   0.5125E-02
4.31466   0.2269E-03
4.32179   0.1838E-02
4.32864   0.3088E-02
4.33067   0.1058E-02
4.33456   0.1041E-02
4.33805   0.5070E-02
4.34167   0.1727E-01
4.35028   0.8367E-02
4.35385   0.3216E-02
4.35456   0.9002E-02
4.35766   0.4974E-02
4.36364   0.1658E-02
4.36744   0.1123E-01
4.37087   0.2986E-02
4.37315   0.1892E-02
4.37881   0.2455E-03
4.38200   0.4323E-02
4.38548   0.1244E-02
4.39561   0.5926E-02
4.39936   0.3933E-02
4.40983   0.4869E-02
4.41561   0.5733E-02
4.41966   0.3899E-02
4.42214   0.7908E-03
4.42353   0.1640E-02
4.42762   0.1428E-02
4.43461   0.4765E-02
4.43681   0.3848E-02
4.44158   0.1605E-02
4.44675   0.1976E-02
4.45197   0.2126E-02
4.45359   0.3703E-02
4.45982   0.5544E-02
4.46482   0.7768E-03
4.46567   0.1116E-01
4.47193   0.3346E-03
4.47261   0.4554E-03
4.47414   0.1013E-02
4.48357   0.1409E-02
4.48834   0.3128E-02
4.48989   0.2571E-02
4.49464   0.8742E-02
4.49959   0.4113E-02
4.50906   0.3810E-02
4.51382   0.7773E-02
4.51691   0.8051E-02
4.52438   0.8543E-02
4.52705   0.3384E-03
4.53705   0.8186E-03
4.54075   0.1898E-01
4.54550   0.4473E-02
4.54698   0.5197E-02
4.55101   0.1957E-02
4.55666   0.1447E-02
4.56285   0.1059E-01
4.56762   0.3002E-02
4.56982   0.7019E-02
4.57513   0.2541E-02
4.57915   0.4119E-02
4.58313   0.1119E-02
4.58792   0.1875E-02
4.59413   0.2143E-02
4.59625   0.1950E-02
4.60435   0.1592E-03
4.60683   0.5277E-02
4.61040   0.1413E-02
4.61402   0.3544E-02
4.61576   0.1758E-02
4.61955   0.3037E-02
4.62249   0.5257E-02
4.62781   0.1784E-02
4.63156   0.1478E-02
4.63547   0.1256E-01
4.64321   0.3195E-02
4.64457   0.3818E-02
4.64889   0.3056E-02
4.65068   0.2420E-02
4.65379   0.8136E-02
4.65502   0.3121E-02
4.65931   0.4528E-02
4.66308   0.5416E-02
4.67027   0.5045E-02
4.67327   0.1108E-01
4.68162   0.2866E-02
4.68408   0.1084E-01
4.68898   0.3085E-02
4.69270   0.7162E-02
4.70044   0.1997E-02
4.70280   0.6886E-03
4.70383   0.3183E-02
4.70554   0.8363E-03
4.70968   0.5114E-02
4.71512   0.1425E-02
4.71647   0.3830E-02
4.71887   0.2747E-02
4.72054   0.1160E-02
4.72450   0.1177E-02
4.72634   0.2906E-03
4.73198   0.8844E-03
4.73292   0.3360E-02
4.74037   0.2538E-02
4.74248   0.5809E-03
4.74798   0.1531E-02
4.75312   0.2263E-02
4.75451   0.1007E-01
4.76530   0.6191E-02
4.76599   0.4215E-02
4.77170   0.1260E-01
4.78184   0.1701E-02
4.78705   0.2403E-04
4.79016   0.1166E-02
4.79463   0.1555E-02
4.79838   0.1077E-02
4.80084   0.1070E-01
4.80613   0.4446E-02
4.80718   0.8896E-03
4.80810   0.1121E-02
4.80992   0.5162E-02
4.81240   0.5438E-02
4.81338   0.1447E-02
4.81676   0.5656E-02
4.81894   0.4198E-02
4.82084   0.6328E-02
4.82603   0.2373E-02
4.83058   0.7007E-02
4.83202   0.1784E-02
4.83669   0.4818E-02
4.83729   0.5163E-02
4.83990   0.4041E-02
4.84418   0.4482E-02
4.84948   0.8182E-03
4.85193   0.2932E-02
4.85545   0.8670E-02
4.85739   0.4885E-02
4.86115   0.9832E-02
4.86448   0.1149E-01
4.87018   0.1584E-01
4.87333   0.7054E-02
4.87482   0.1374E-01
4.87850   0.5129E-02
4.88209   0.1547E-01
4.88527   0.2856E-02
4.88858   0.1829E-02
4.89094   0.2906E-02
4.89607   0.1462E-02
4.89678   0.1611E-01
4.90456   0.5481E-02
4.90627   0.9834E-03
4.90914   0.8992E-03
4.91313   0.1803E-02
4.91685   0.3569E-02
4.92081   0.1287E-01
4.92137   0.2428E-01
4.92716   0.1259E-01
4.93224   0.6086E-02
4.93670   0.1794E-02
4.94029   0.1442E-01
4.94303   0.9207E-02
4.94510   0.3789E-02
4.94672   0.5022E-02
4.95064   0.5808E-03
4.95352   0.8875E-03
4.95666   0.1198E-01
4.95699   0.2419E-01
4.96126   0.5161E-02
4.96548   0.6818E-02
4.96875   0.2955E-01
4.97138   0.9885E-03
4.97415   0.5388E-02
4.97879   0.2848E-02
4.98384   0.4073E-02
4.98633   0.2674E-02
4.99071   0.8292E-03
4.99314   0.2183E-02
4.99550   0.6424E-03
5.00045   0.5662E-03