300 1
2.04898   0.3431E-01
2.10232   0.1500E-02
2.30765   0.6544E-01
2.35321   0.7804E-03
2.44884   0.2203E-01
2.48015   0.4356E-03
2.53898   0.2148E-01
2.56552   0.5067E-02
2.58281   0.9340E-02
2.62123   0.3585E-01
2.62945   0.4475E-01
2.67622   0.5185E-03
2.70040   0.3803E-02
2.73138   0.2635E-01
2.77180   0.1490E-01
2.78042   0.1826E-01
2.83868   0.3300E-03
2.88591   0.4935E-02
2.92248   0.1986E-02
2.93728   0.6071E-02
2.95789   0.4513E-03
2.97345   0.1678E-02
3.00095   0.3014E-03
3.00175   0.4337E-02
3.02605   0.1230E-01
3.03594   0.3846E-02
3.05216   0.2195E-02
3.05851   0.3124E-02
3.06279   0.4656E-02
3.07296   0.8304E-02
3.08482   0.1569E-01
3.09463   0.2666E-01
3.09997   0.3684E-02
3.10885   0.8437E-03
3.11773   0.6663E-02
3.14641   0.9235E-02
3.15948   0.4547E-02
3.16735   0.6634E-02
3.17360   0.9959E-03
3.18137   0.1916E-02
3.18694   0.2171E-02
3.20854   0.2865E-02
3.21397   0.1526E-02
3.22082   0.1089E-01
3.22664   0.5913E-02
3.23553   0.2985E-02
3.25414   0.1121E-02
3.26471   0.2144E-01
3.29631   0.8368E-02
3.30098   0.1145E-01
3.30986   0.5999E-02
3.32451   0.1016E-01
3.32943   0.5075E-02
3.33796   0.1725E-02
3.34655   0.3568E-02
3.36631   0.7477E-02
3.36966   0.2390E-02
3.37220   0.5163E-02
3.37731   0.2218E-01
3.38829   0.5582E-02
3.40068   0.3701E-02
3.40585   0.7597E-03
3.41045   0.3039E-02
3.41422   0.4912E-03
3.42656   0.4188E-02
3.43416   0.1403E-01
3.43644   0.4122E-01
3.45535   0.7924E-02
3.45665   0.3808E-03
3.46356   0.1299E-01
3.47337   0.1593E-02
3.47985   0.4941E-02
3.48764   0.5868E-02
3.49176   0.8897E-03
3.49705   0.3492E-02
3.50124   0.7541E-03
3.50735   0.1845E-02
3.51899   0.5484E-02
3.53052   0.4733E-03
3.53264   0.6759E-02
3.53837   0.4798E-02
3.54075   0.1273E-02
3.54635   0.4823E-02
3.55034   0.2848E-02
3.55397   0.1152E-01
3.55816   0.4519E-02
3.57215   0.5077E-02
3.57564   0.8672E-02
3.57697   0.7332E-02
3.58318   0.4165E-02
3.58647   0.8482E-02
3.59170   0.7423E-02
3.59815   0.1144E-01
3.60593   0.3055E-02
3.61696   0.7922E-02
3.62117   0.2497E-02
3.62460   0.2432E-03
3.63246   0.6190E-02
3.63460   0.8025E-02
3.63727   0.2216E-02
3.64202   0.1997E-02
3.65271   0.7300E-02
3.65483   0.6232E-02
3.66216   0.1117E-02
3.66574   0.7603E-02
3.66879   0.1438E-01
3.67512   0.6134E-03
3.68099   0.2432E-02
3.68527   0.3788E-02
3.68898   0.7943E-03
3.69225   0.3365E-02
3.69385   0.8841E-02
3.69921   0.1067E-01
3.70343   0.8961E-02
3.71243   0.7278E-02
3.71771   0.7167E-03
3.72029   0.4038E-02
3.72206   0.8595E-03
3.72461   0.2158E-01
3.73034   0.3603E-02
3.73366   0.2636E-01
3.74104   0.1452E-02
3.74986   0.8305E-02
3.75342   0.1651E-02
3.76283   0.2698E-02
3.76571   0.5300E-02
3.76836   0.3957E-02
3.77628   0.7940E-02
3.77889   0.1873E-02
3.78219   0.4866E-02
3.78792   0.1703E-01
3.79316   0.4529E-02
3.79502   0.4471E-02
3.79732   0.2361E-02
3.79985   0.7062E-03
3.80525   0.9848E-03
3.80711   0.8698E-02
3.81364   0.6390E-02
3.81594   0.6316E-02
3.82363   0.3457E-02
3.82480   0.7154E-02
3.82878   0.5714E-02
3.83460   0.2850E-02
3.84791   0.1844E-01
3.84867   0.3664E-02
3.85348   0.3219E-02
3.86032   0.1253E-02
3.86214   0.9429E-02
3.86309   0.1295E-01
3.86542   0.1255E-02
3.86839   0.6227E-02
3.87176   0.6909E-02
3.87856   0.1285E-01
3.88027   0.2015E-02
3.88575   0.2299E-01
3.89052   0.2311E-02
3.89224   0.3329E-02
3.89716   0.9128E-03
3.90482   0.1787E-02
3.90867   0.2513E-02
3.90983   0.8438E-02
3.91423   0.2056E-02
3.92159   0.7478E-03
3.92249   0.5387E-02
3.92791   0.1103E-02
3.92937   0.1416E-01
3.93136   0.3327E-02
3.93837   0.8403E-02
3.93975   0.9585E-02
3.94181   0.1240E-01
3.94806   0.5299E-03
3.95127   0.4321E-02
3.95287   0.5649E-02
3.95621   0.1197E-02
3.96231   0.7358E-02
3.96696   0.1086E-01
3.96831   0.6370E-02
3.97217   0.1413E-02
3.97864   0.8901E-02
3.98107   0.2787E-02
3.98601   0.4353E-02
3.99201   0.5287E-03
3.99269   0.2017E-02
3.99519   0.6672E-03
3.99607   0.2557E-02
3.99869   0.1272E-02
4.00448   0.2374E-02
4.00628   0.2644E-02
4.00978   0.8799E-02
4.01154   0.2629E-02
4.01510   0.5458E-03
4.01656   0.9974E-02
4.01937   0.3709E-02
4.02244   0.8246E-03
4.02445   0.9803E-03
4.02737   0.2842E-03
4.03005   0.4790E-02
4.03616   0.7079E-02
4.04237   0.1131E-01
4.04869   0.5483E-02
4.05180   0.8243E-02
4.05838   0.6144E-02
4.06361   0.2049E-02
4.06679   0.1608E-02
4.06818   0.9941E-03
4.07287   0.4519E-02
4.07344   0.1785E-02
4.07738   0.1851E-02
4.07967   0.5123E-02
4.08229   0.1174E-01
4.08706   0.6806E-02
4.08946   0.7184E-02
4.09348   0.8921E-02
4.09427   0.1683E-02
4.10180   0.2351E-02
4.10455   0.4675E-03
4.10960   0.1322E-01
4.11086   0.1052E-01
4.11419   0.7486E-02
4.12256   0.2646E-02
4.12376   0.1271E-01
4.12723   0.1918E-02
4.12995   0.1733E-02
4.13118   0.1432E-02
4.13453   0.2552E-01
4.13871   0.7178E-02
4.14049   0.1629E-02
4.14364   0.3508E-02
4.14540   0.3407E-02
4.15110   0.6310E-02
4.15211   0.2469E-01
4.15517   0.1226E-02
4.15855   0.2990E-02
4.16168   0.6109E-02
4.16526   0.1650E-02
4.17470   0.2006E-01
4.17596   0.7852E-03
4.17787   0.5193E-02
4.18004   0.1725E-02
4.18525   0.1028E-02
4.18551   0.3193E-02
4.18814   0.1685E-02
4.18904   0.1297E-01
4.18966   0.1880E-02
4.19306   0.1092E-01
4.19445   0.8672E-03
4.19613   0.1024E-01
4.20377   0.2829E-02
4.20569   0.9914E-02
4.20892   0.3669E-02
4.21338   0.5309E-02
4.21662   0.9673E-03
4.21996   0.2162E-02
4.22508   0.5758E-02
4.22801   0.2705E-02
4.23041   0.1720E-02
4.23277   0.6161E-02
4.23499   0.9799E-02
4.23632   0.6866E-02
4.23808   0.5362E-02
4.24164   0.8391E-03
4.24370   0.3940E-02
4.24551   0.1831E-02
4.24573   0.2102E-02
4.24906   0.2682E-02
4.25247   0.3875E-02
4.25267   0.4340E-02
4.25628   0.1356E-02
4.26075   0.8873E-02
4.26694   0.2259E-02
4.27201   0.1087E-02
4.27367   0.5272E-02
4.27459   0.4058E-02
4.27739   0.6640E-03
4.27839   0.1008E-02
4.27975   0.1498E-02
4.28140   0.4006E-02
4.28432   0.9246E-02
4.28576   0.1143E-02
4.28839   0.1639E-02
4.29025   0.6674E-03
4.29225   0.1433E-02
4.29589   0.1405E-03
4.29664   0.1009E-02
4.29820   0.2520E-02
4.29998   0.6098E-03
4.30125   0.5222E-02
4.30546   0.3763E-02
4.30931   0.3757E-03
4.30938   0.3964E-02
4.31309   0.1114E-01
4.31524   0.1657E-02
4.31696   0.8369E-02
4.32025   0.2626E-02
4.32185   0.1986E-02
4.32440   0.8325E-02
4.32651   0.1371E-02
4.32878   0.3113E-02
4.33080   0.4188E-02
4.33273   0.3878E-02