300 1
2.28198   0.2573E-02
2.35394   0.5536E-02
2.45467   0.5363E-02
2.53298   0.2416E-01
2.61083   0.3028E-01
2.75714   0.1741E-01
2.76752   0.2921E-02
2.79688   0.2758E-02
2.85473   0.9025E-02
2.91472   0.2905E-01
2.91797   0.1362E-02
2.93769   0.1757E-02
2.95246   0.1474E-01
2.99188   0.2783E-01
3.00375   0.1145E-01
3.02174   0.9326E-02
3.04219   0.1140E-01
3.05340   0.1157E-01
3.08351   0.7992E-02
3.11774   0.9190E-02
3.13756   0.1187E-01
3.14192   0.1076E-02
3.16122   0.4539E-02
3.16297   0.4039E-02
3.17942   0.7915E-03
3.18609   0.4483E-03
3.20449   0.2958E-02
3.21000   0.3259E-02
3.24519   0.4251E-02
3.25695   0.2536E-03
3.26467   0.4794E-02
3.27713   0.1436E-01
3.29314   0.2141E-01
3.29513   0.4037E-02
3.31807   0.1535E-01
3.33334   0.2207E-02
3.33727   0.1885E-02
3.36435   0.1568E-03
3.37158   0.1719E-02
3.37463   0.2581E-02
3.38112   0.1030E-03
3.38789   0.5707E-02
3.39758   0.3154E-02
3.40414   0.4742E-02
3.40935   0.1864E-02
3.41507   0.4705E-03
3.42037   0.6431E-02
3.42349   0.5953E-02
3.43060   0.2962E-02
3.43730   0.1702E-01
3.43988   0.6111E-02
3.45672   0.1864E-01
3.46413   0.9986E-04
3.47573   0.1021E-01
3.48074   0.9323E-02
3.49241   0.1355E-01
3.49715   0.2594E-01
3.52133   0.1209E-02
3.52899   0.6624E-02
3.53936   0.7837E-02
3.54137   0.2369E-02
3.55083   0.5763E-02
3.56114   0.7075E-02
3.56709   0.8856E-02
3.57328   0.6129E-02
3.58340   0.3339E-02
3.58547   0.5023E-02
3.59145   0.7631E-02
3.59615   0.4847E-02
3.60938   0.5615E-02
3.61529   0.1370E-01
3.61984   0.8740E-02
3.62947   0.2029E-02
3.63146   0.6082E-02
3.64435   0.2739E-02
3.64981   0.1055E-01
3.65582   0.2933E-03
3.66316   0.2663E-02
3.66463   0.1868E-01
3.67048   0.5422E-02
3.67475   0.9410E-03
3.68260   0.1672E-02
3.68935   0.1123E-02
3.69244   0.1088E-01
3.70064   0.6702E-02
3.70463   0.3521E-01
3.71039   0.2700E-02
3.72347   0.8231E-02
3.72863   0.1244E-01
3.73272   0.3421E-02
3.73798   0.4866E-02
3.74124   0.1611E-02
3.74754   0.9312E-02
3.75870   0.4275E-03
3.77020   0.5238E-02
3.77944   0.6219E-02
3.78235   0.9446E-03
3.78532   0.6498E-02
3.78981   0.4410E-02
3.80271   0.4262E-01
3.80620   0.1729E-03
3.81395   0.3260E-02
3.81683   0.1916E-01
3.82562   0.4427E-02
3.82638   0.1693E-02
3.82753   0.3808E-02
3.83195   0.1131E-01
3.83753   0.7938E-02
3.84244   0.1421E-01
3.84435   0.1524E-02
3.85085   0.3820E-02
3.85318   0.2579E-02
3.86094   0.1419E-02
3.86292   0.5428E-02
3.86693   0.9553E-03
3.87095   0.4408E-02
3.87874   0.5781E-02
3.88113   0.7739E-02
3.88359   0.5692E-02
3.88919   0.5064E-02
3.89232   0.3506E-02
3.89373   0.3428E-03
3.89481   0.3660E-02
3.90569   0.4715E-02
3.91094   0.1156E-01
3.91724   0.2655E-02
3.91756   0.6104E-03
3.92605   0.1214E-02
3.93065   0.2726E-03
3.93890   0.1020E-02
3.94290   0.1525E-02
3.94458   0.1408E-02
3.94681   0.2573E-02
3.94906   0.1046E-02
3.95341   0.2281E-01
3.95484   0.1106E-02
3.95877   0.3694E-02
3.96022   0.1091E-01
3.96653   0.2844E-02
3.97094   0.2186E-02
3.97688   0.4443E-02
3.98563   0.5183E-02
3.98794   0.6580E-02
3.99230   0.2725E-02
3.99745   0.1184E-01
4.00174   0.1395E-02
4.00555   0.7489E-03
4.00928   0.1197E-01
4.00982   0.4444E-02
4.01810   0.2983E-02
4.02015   0.2197E-02
4.02299   0.5200E-02
4.03120   0.1190E-02
4.03485   0.1632E-02
4.03686   0.2577E-02
4.03948   0.1187E-02
4.04064   0.1872E-02
4.04191   0.7909E-03
4.04482   0.2178E-02
4.04618   0.1467E-02
4.05112   0.3610E-02
4.05201   0.1492E-02
4.05695   0.2007E-03
4.05802   0.6092E-02
4.05924   0.5943E-02
4.06445   0.5710E-02
4.07022   0.9618E-03
4.07377   0.7634E-04
4.07534   0.5252E-02
4.07990   0.1552E-02
4.08307   0.2796E-02
4.08501   0.4461E-02
4.09067   0.6666E-03
4.09129   0.4532E-03
4.09400   0.3316E-02
4.09748   0.7321E-02
4.09813   0.2666E-03
4.09848   0.1006E-01
4.10302   0.3333E-02
4.10784   0.1495E-01
4.10899   0.4900E-02
4.11002   0.5141E-02
4.11128   0.7744E-02
4.11524   0.7380E-02
4.11718   0.1227E-01
4.12162   0.1624E-02
4.12552   0.1725E-02
4.12754   0.6013E-02
4.13167   0.2071E-02
4.13457   0.1989E-02
4.13641   0.7247E-02
4.14160   0.5596E-02
4.14434   0.1270E-01
4.15172   0.1110E-01
4.15546   0.2620E-02
4.15671   0.9671E-03
4.16271   0.3573E-02
4.16437   0.2683E-02
4.16720   0.2558E-02
4.16824   0.7216E-02
4.17008   0.2314E-02
4.17393   0.1235E-02
4.17557   0.2176E-02
4.18037   0.1009E-01
4.18409   0.5337E-02
4.19260   0.6876E-02
4.19563   0.1288E-02
4.19695   0.8567E-02
4.19884   0.3460E-02
4.20330   0.8719E-02
4.20762   0.1161E-01
4.21232   0.1807E-02
4.21730   0.7242E-02
4.22230   0.5469E-02
4.22352   0.4450E-02
4.22993   0.5339E-02
4.23208   0.1166E-02
4.23482   0.5174E-02
4.23668   0.1028E-01
4.23854   0.7582E-03
4.24294   0.3837E-02
4.24471   0.4353E-02
4.24662   0.2318E-02
4.24958   0.3288E-03
4.25148   0.5982E-02
4.25489   0.4768E-02
4.25667   0.8559E-02
4.25837   0.3537E-03
4.26067   0.1083E-02
4.26265   0.6806E-03
4.26657   0.1034E-02
4.26841   0.1808E-02
4.26933   0.2619E-02
4.27282   0.1843E-02
4.27494   0.3203E-02
4.27633   0.1661E-01
4.27701   0.6216E-02
4.27885   0.2636E-02
4.28120   0.5581E-02
4.28662   0.1408E-01
4.28859   0.1488E-01
4.29204   0.1076E-01
4.29562   0.5640E-02
4.29669   0.6008E-03
4.30040   0.6515E-02
4.30110   0.6416E-02
4.30870   0.3284E-02
4.30983   0.6254E-02
4.31454   0.9971E-03
4.31479   0.1782E-02
4.31700   0.4799E-02
4.32027   0.2125E-02
4.32175   0.1230E-01
4.32441   0.4114E-03
4.32563   0.1092E-01
4.32746   0.3428E-02
4.32929   0.1985E-02
4.32961   0.1003E-01
4.33239   0.4497E-02
4.33649   0.4193E-02
4.33979   0.1474E-02
4.34111   0.2124E-02
4.34458   0.3758E-02
4.34597   0.1406E-01
4.34828   0.1686E-02
4.35052   0.2099E-02
4.35195   0.1852E-02
4.35576   0.1425E-02
4.35732   0.1640E-02
4.35974   0.4651E-02
4.36272   0.6931E-03
4.36412   0.6173E-03
4.36579   0.5274E-02
4.36730   0.1136E-02
4.36775   0.5272E-02
4.37186   0.3275E-03
4.37354   0.7124E-03
4.37447   0.3686E-02
4.37660   0.6076E-02
4.37749   0.2205E-02
4.37838   0.1274E-02
4.38082   0.9141E-03
4.38313   0.2713E-01
4.38511   0.5128E-02
4.38860   0.2684E-02
4.39159   0.4734E-02
4.39297   0.8349E-02
4.39519   0.1192E-02
4.39755   0.9040E-02
4.39950   0.3037E-02
4.40465   0.3201E-03
4.40627   0.1047E-02
4.40673   0.2427E-02
4.40857   0.2804E-02
4.40981   0.2405E-02
4.41254   0.1456E-01
4.41519   0.2638E-02
4.41528   0.1157E-01
4.41890   0.2755E-02
4.42101   0.5105E-02