300 1
1.66336   0.2745E-02
1.92669   0.2214E-02
2.08122   0.3831E-02
2.13724   0.5709E-02
2.23941   0.3186E-01
2.27803   0.5451E-02
2.28187   0.6341E-01
2.37868   0.8886E-02
2.38957   0.1225E-01
2.43631   0.5569E-02
2.45060   0.8006E-02
2.48947   0.5741E-02
2.53965   0.4841E-02
2.57258   0.1563E-01
2.60450   0.6484E-02
2.64880   0.2315E-01
2.67326   0.4005E-01
2.68876   0.2083E-01
2.68968   0.1783E-01
2.72264   0.4405E-02
2.73298   0.2523E-02
2.76248   0.2152E-01
2.76977   0.2287E-01
2.79455   0.2225E-02
2.81001   0.5837E-02
2.83266   0.1095E-01
2.84137   0.6695E-03
2.87290   0.1940E-02
2.87941   0.6788E-02
2.89506   0.1599E-02
2.89788   0.8787E-02
2.91908   0.6419E-02
2.92440   0.1441E-02
2.92666   0.6575E-02
2.93350   0.2572E-02
2.93883   0.1088E-01
2.96685   0.1486E-01
2.97406   0.1000E-01
2.98451   0.1971E-01
2.99330   0.1270E-01
3.01726   0.9603E-02
3.03617   0.1025E-01
3.04444   0.8944E-02
3.05529   0.4582E-02
3.06889   0.7267E-02
3.07218   0.1146E-01
3.10345   0.5058E-02
3.11218   0.5183E-02
3.11884   0.3609E-02
3.12335   0.5645E-02
3.15351   0.4122E-03
3.15814   0.1995E-02
3.17449   0.1480E-01
3.18945   0.5104E-02
3.19305   0.1840E-02
3.21066   0.1249E-02
3.21506   0.2766E-02
3.21973   0.2651E-02
3.22046   0.4958E-02
3.23205   0.4571E-02
3.23507   0.2598E-02
3.24068   0.2428E-01
3.25335   0.1178E-01
3.25502   0.2252E-01
3.27696   0.4688E-02
3.29720   0.2706E-02
3.30247   0.1144E-02
3.30508   0.4876E-03
3.31621   0.1356E-01
3.32007   0.1546E-02
3.33014   0.3047E-02
3.33356   0.1694E-01
3.34404   0.4246E-02
3.35454   0.1321E-01
3.36538   0.1337E-03
3.37225   0.2150E-02
3.38240   0.4796E-02
3.39136   0.2107E-02
3.39321   0.4533E-02
3.39984   0.7737E-03
3.40548   0.2192E-02
3.41624   0.1556E-01
3.41906   0.7988E-02
3.42465   0.1385E-01
3.43687   0.5147E-02
3.44383   0.1807E-02
3.45110   0.3481E-02
3.45272   0.5431E-02
3.46004   0.9106E-02
3.46267   0.1661E-02
3.47692   0.3254E-02
3.48308   0.9922E-02
3.49680   0.3063E-03
3.50244   0.2725E-02
3.50462   0.3361E-02
3.50956   0.3628E-02
3.52677   0.5453E-02
3.52829   0.2546E-02
3.53410   0.8568E-02
3.53854   0.2866E-02
3.54122   0.1622E-02
3.54695   0.1433E-02
3.55598   0.2294E-02
3.55816   0.4709E-02
3.56274   0.1000E-03
3.56731   0.7302E-03
3.57422   0.1026E-02
3.58011   0.3533E-03
3.58466   0.2805E-03
3.59085   0.4063E-02
3.60792   0.1254E-01
3.61113   0.6955E-03
3.61399   0.2855E-02
3.61848   0.1776E-02
3.62243   0.2059E-02
3.62417   0.5925E-02
3.62863   0.1296E-02
3.63152   0.5422E-02
3.63862   0.2268E-02
3.64483   0.6170E-02
3.65751   0.1067E-01
3.66550   0.9629E-03
3.66701   0.7787E-02
3.67165   0.5826E-03
3.67393   0.1386E-01
3.67527   0.4672E-02
3.68154   0.4723E-02
3.68337   0.1180E-02
3.68437   0.6876E-03
3.68907   0.1579E-02
3.69307   0.1015E-01
3.69593   0.1605E-01
3.70132   0.3961E-02
3.70940   0.8194E-02
3.71693   0.5142E-02
3.72419   0.3331E-02
3.73130   0.4569E-02
3.73581   0.3629E-03
3.74096   0.1206E-03
3.74284   0.2966E-02
3.74621   0.8054E-03
3.74888   0.1613E-02
3.75239   0.2388E-02
3.75435   0.4279E-02
3.75892   0.2158E-03
3.76559   0.1531E-02
3.76903   0.1704E-02
3.77519   0.7745E-03
3.77570   0.4509E-02
3.77865   0.3256E-03
3.78197   0.8505E-03
3.78433   0.2286E-02
3.78911   0.2144E-02
3.79366   0.1431E-03
3.80606   0.6865E-02
3.81094   0.1089E-01
3.81457   0.1800E-02
3.81745   0.4627E-03
3.82332   0.1878E-02
3.82845   0.4886E-02
3.83300   0.1100E-01
3.83408   0.2300E-02
3.83920   0.5517E-02
3.84120   0.5402E-02
3.84312   0.9258E-04
3.84727   0.6045E-02
3.85194   0.1537E-01
3.85352   0.6101E-03
3.85902   0.9674E-02
3.85936   0.5127E-02
3.86905   0.4439E-02
3.87361   0.2185E-02
3.87671   0.5757E-02
3.88165   0.1140E-02
3.88542   0.7712E-02
3.89075   0.1565E-02
3.89436   0.4775E-02
3.89656   0.5326E-02
3.89959   0.1946E-02
3.90574   0.2031E-02
3.90689   0.7227E-03
3.91208   0.3520E-02
3.91408   0.1309E-02
3.91608   0.6098E-02
3.91899   0.6093E-03
3.92160   0.4202E-03
3.92290   0.4349E-03
3.92969   0.1020E-02
3.93163   0.4931E-02
3.93916   0.3874E-02
3.94356   0.1933E-01
3.94951   0.2284E-01
3.95013   0.7186E-02
3.95544   0.6485E-02
3.95897   0.2023E-01
3.96452   0.5850E-02
3.96519   0.2783E-01
3.96818   0.1348E-01
3.97201   0.1730E-01
3.97696   0.8074E-03
3.98182   0.1339E-01
3.98666   0.6775E-02
3.99264   0.1258E-02
3.99947   0.1031E-02
4.00225   0.3780E-02
4.00660   0.6102E-02
4.01238   0.3576E-02
4.01315   0.4384E-03
4.01608   0.2370E-02
4.02189   0.5086E-02
4.02448   0.3298E-02
4.02816   0.5458E-02
4.03203   0.3889E-02
4.03313   0.1321E-02
4.03812   0.1136E-02
4.04084   0.1525E-02
4.04438   0.1800E-02
4.04633   0.9295E-03
4.05074   0.1840E-01
4.05729   0.7407E-02
4.05956   0.1970E-02
4.06115   0.1491E-02
4.06482   0.3489E-02
4.06855   0.3003E-02
4.07472   0.6760E-02
4.07681   0.1178E-02
4.07913   0.6028E-02
4.08080   0.1523E-02
4.08301   0.3517E-02
4.08527   0.2082E-02
4.08918   0.5183E-03
4.09103   0.1201E-02
4.09448   0.5651E-02
4.09595   0.1647E-02
4.09797   0.1295E-02
4.10148   0.5385E-03
4.10474   0.5967E-02
4.10835   0.1685E-02
4.11306   0.9533E-03
4.11483   0.3575E-03
4.11815   0.2169E-02
4.12002   0.4450E-02
4.12174   0.1288E-02
4.12394   0.7502E-02
4.12793   0.1823E-02
4.13159   0.8362E-02
4.13437   0.6010E-02
4.13796   0.1512E-01
4.14322   0.4412E-02
4.14500   0.1113E-01
4.14558   0.4166E-02
4.15456   0.2689E-02
4.15570   0.9082E-03
4.15829   0.7083E-02
4.16276   0.4552E-02
4.16473   0.3350E-02
4.16627   0.1625E-02
4.16846   0.5940E-02
4.17732   0.1692E-02
4.17967   0.4790E-02
4.18352   0.2231E-01
4.19034   0.1072E-01
4.19331   0.1090E-01
4.19426   0.1228E-02
4.19609   0.3558E-02
4.19928   0.4708E-02
4.20333   0.2002E-02
4.20593   0.9615E-03
4.20803   0.1844E-02
4.21342   0.1720E-02
4.21387   0.5800E-03
4.21568   0.2734E-02
4.21954   0.3226E-02
4.22423   0.7714E-02
4.22860   0.4432E-02
4.23341   0.3457E-02
4.23380   0.3422E-01
4.23997   0.2073E-02
4.24094   0.5692E-02
4.24240   0.1251E-01
4.24554   0.3622E-02
4.24896   0.4384E-02
4.25066   0.4330E-02
4.25305   0.3307E-02
4.25628   0.9402E-02
4.25829   0.9537E-02
4.26019   0.2546E-02
4.26108   0.7762E-02
4.26202   0.4885E-03
4.26394   0.4957E-02
4.26754   0.1717E-02
4.26977   0.4817E-02
4.27251   0.5256E-02
4.27342   0.5694E-02
4.27600   0.9636E-02
4.27693   0.1805E-01
4.28039   0.9884E-02
4.28631   0.3356E-02
4.29086   0.3595E-02
4.29117   0.8571E-02