300 1
1.67368   0.1167E-01
1.74141   0.6928E-02
1.82219   0.3822E-01
1.88584   0.5665E-01
2.01173   0.1090E-01
2.09653   0.2525E-01
2.12674   0.5955E-02
2.20886   0.5015E-02
2.24622   0.3086E-02
2.31280   0.1011E-01
2.36916   0.1299E-02
2.37494   0.2576E-02
2.38571   0.2973E-02
2.44477   0.4799E-02
2.47495   0.2200E-02
2.49271   0.9796E-03
2.52007   0.1197E-01
2.53038   0.1735E-02
2.53533   0.1990E-02
2.54576   0.3507E-02
2.56371   0.2044E-02
2.57492   0.1582E-02
2.58906   0.5548E-02
2.60294   0.1250E-02
2.62044   0.7486E-02
2.62847   0.2191E-01
2.65600   0.2006E-02
2.67893   0.1261E-02
2.70161   0.2966E-02
2.71721   0.1277E-01
2.73112   0.3465E-02
2.74529   0.6642E-03
2.75623   0.6290E-03
2.76948   0.9942E-02
2.77547   0.7882E-02
2.77784   0.3053E-02
2.80789   0.7999E-02
2.81505   0.1115E-01
2.82790   0.2283E-02
2.83457   0.8952E-03
2.83804   0.8464E-02
2.84774   0.3418E-02
2.85889   0.1064E-01
2.88166   0.3226E-02
2.89695   0.8383E-03
2.90574   0.5464E-02
2.91669   0.1617E-01
2.93874   0.1026E-01
2.94475   0.3126E-02
2.96099   0.9500E-02
2.96715   0.4212E-02
2.97897   0.1134E-01
2.98971   0.3347E-02
2.99563   0.5597E-02
2.99711   0.1431E-01
3.01936   0.1249E-01
3.02335   0.6509E-02
3.03659   0.6204E-02
3.04502   0.1001E-02
3.05169   0.2522E-02
3.06333   0.7365E-02
3.06939   0.6062E-02
3.07447   0.6959E-02
3.08184   0.3139E-02
3.08303   0.6752E-02
3.08930   0.9357E-02
3.10188   0.8667E-02
3.11311   0.4619E-02
3.12274   0.4925E-02
3.13531   0.7097E-02
3.14497   0.2569E-02
3.15114   0.4422E-02
3.16659   0.2265E-01
3.16939   0.6162E-02
3.17592   0.2954E-01
3.18747   0.5529E-02
3.19825   0.4257E-02
3.20183   0.3549E-02
3.21288   0.4072E-02
3.21554   0.1585E-01
3.22696   0.1971E-02
3.23161   0.2558E-02
3.23437   0.1456E-01
3.24800   0.2489E-02
3.25078   0.2700E-02
3.25526   0.9542E-02
3.25888   0.2467E-02
3.25988   0.3267E-02
3.27048   0.1882E-02
3.27523   0.1422E-01
3.28418   0.2011E-02
3.28828   0.2738E-02
3.29081   0.2937E-01
3.30242   0.2893E-02
3.31302   0.3329E-01
3.32393   0.1814E-02
3.32707   0.4181E-02
3.32875   0.2391E-02
3.33296   0.6524E-03
3.33874   0.7188E-03
3.34269   0.8798E-02
3.34852   0.6620E-02
3.34981   0.2173E-01
3.35974   0.4876E-02
3.36552   0.2966E-02
3.37027   0.1279E-02
3.37607   0.7263E-02
3.38142   0.4433E-02
3.38760   0.5072E-02
3.39393   0.2939E-02
3.39791   0.2747E-02
3.40822   0.5354E-02
3.40917   0.5671E-03
3.41293   0.3271E-03
3.41782   0.2855E-02
3.42226   0.1414E-02
3.42271   0.5246E-02
3.42771   0.8412E-02
3.43064   0.2589E-02
3.43300   0.1167E-02
3.43483   0.1926E-01
3.43903   0.3940E-02
3.44271   0.7066E-02
3.44878   0.1710E-02
3.45506   0.1131E-01
3.45986   0.1959E-02
3.46119   0.1632E-02
3.46338   0.1757E-02
3.46987   0.3755E-02
3.47128   0.3334E-02
3.47913   0.6190E-02
3.48625   0.9422E-02
3.49250   0.6168E-02
3.49912   0.1768E-02
3.50212   0.2046E-02
3.50255   0.9418E-03
3.50806   0.6789E-02
3.51262   0.7321E-03
3.51471   0.5260E-02
3.51670   0.7248E-02
3.52264   0.9030E-02
3.53154   0.4797E-02
3.53387   0.7033E-02
3.53674   0.2169E-02
3.54355   0.1180E-01
3.54879   0.1526E-01
3.54912   0.1306E-02
3.55925   0.4384E-02
3.56213   0.1090E-01
3.56509   0.3764E-02
3.56661   0.1484E-02
3.57317   0.6048E-02
3.57636   0.1873E-02
3.58232   0.3621E-02
3.58417   0.6779E-03
3.59201   0.6131E-02
3.59346   0.3797E-02
3.60359   0.7212E-02
3.60774   0.2761E-01
3.61034   0.2406E-02
3.61295   0.5154E-02
3.61476   0.4341E-02
3.61901   0.2192E-02
3.61960   0.3160E-02
3.62263   0.2959E-03
3.63174   0.9906E-03
3.63555   0.1378E-02
3.64023   0.1073E-01
3.64147   0.2349E-02
3.64479   0.1904E-02
3.65001   0.2243E-02
3.65584   0.6310E-02
3.65748   0.5634E-02
3.66500   0.1504E-02
3.66647   0.6849E-02
3.67425   0.1089E-02
3.67731   0.5739E-02
3.67838   0.8688E-02
3.68439   0.1220E-02
3.68897   0.5421E-02
3.69435   0.1471E-01
3.69743   0.1490E-02
3.70442   0.6121E-03
3.70596   0.9163E-02
3.70974   0.1817E-02
3.71400   0.6077E-02
3.71420   0.9435E-02
3.71593   0.2631E-02
3.72192   0.9683E-03
3.72478   0.1654E-01
3.72812   0.7797E-02
3.73541   0.1498E-02
3.73988   0.8130E-03
3.74081   0.3191E-02
3.74785   0.4590E-02
3.75141   0.1889E-02
3.75411   0.5307E-02
3.75677   0.3172E-02
3.75740   0.1420E-02
3.76368   0.1356E-01
3.76453   0.1297E-01
3.76919   0.1506E-02
3.77071   0.1239E-01
3.77260   0.5717E-02
3.77792   0.8299E-02
3.78309   0.2345E-02
3.78616   0.8256E-03
3.78742   0.8424E-02
3.79176   0.6597E-02
3.79310   0.1290E-02
3.79730   0.7171E-03
3.80554   0.4955E-02
3.80772   0.6987E-03
3.80839   0.1727E-02
3.81069   0.1467E-01
3.81540   0.2314E-02
3.81759   0.2149E-02
3.82129   0.1077E-02
3.82436   0.3713E-02
3.82762   0.2222E-02
3.82874   0.5204E-03
3.83161   0.1561E-01
3.83335   0.3617E-02
3.83765   0.5749E-02
3.83901   0.1064E-01
3.84181   0.5158E-02
3.84647   0.2141E-02
3.85046   0.6328E-02
3.85327   0.1222E-01
3.85432   0.3900E-02
3.86249   0.4023E-02
3.86433   0.2483E-02
3.86948   0.7544E-02
3.87631   0.3817E-02
3.87761   0.1364E-02
3.87945   0.9470E-02
3.88414   0.9558E-02
3.88935   0.5845E-02
3.89608   0.3695E-03
3.89883   0.1127E-01
3.90565   0.5936E-02
3.90971   0.8291E-02
3.91093   0.2357E-02
3.91246   0.5572E-02
3.91562   0.1886E-02
3.91894   0.5164E-02
3.92118   0.3256E-02
3.92339   0.5074E-04
3.92686   0.1060E-02
3.92850   0.5034E-02
3.93097   0.2632E-02
3.93506   0.7724E-02
3.93586   0.1120E-02
3.93743   0.2937E-02
3.93894   0.1804E-02
3.94078   0.3244E-02
3.94416   0.3377E-02
3.94702   0.7892E-02
3.94907   0.2948E-02
3.95297   0.9714E-03
3.95333   0.5256E-02
3.96174   0.2047E-02
3.96452   0.1678E-01
3.96781   0.3111E-02
3.96956   0.4627E-02
3.97383   0.3883E-02
3.97994   0.1148E-01
3.98154   0.8139E-02
3.98277   0.8783E-02
3.98628   0.1138E-01
3.98849   0.1796E-02
3.99113   0.2752E-02
3.99587   0.2209E-02
3.99906   0.6467E-03
4.00395   0.1441E-02
4.00555   0.3101E-02
4.01036   0.5850E-02
4.01245   0.1993E-02
4.01349   0.2597E-02
4.01418   0.9251E-03
4.01855   0.3478E-02
4.02456   0.4620E-02
4.02610   0.3012E-02
4.02765   0.7235E-02
4.03256   0.6752E-02
4.03603   0.1604E-02
4.03868   0.1935E-02
4.04074   0.2267E-02
4.04479   0.2126E-02
4.04524   0.1200E-01
4.04734   0.3618E-02
4.04918   0.3448E-03
4.05171   0.2091E-02
4.05442   0.8079E-03
4.05532   0.2119E-02
4.06628   0.1314E-01
4.06864   0.8057E-02
4.06985   0.3236E-02
4.07291   0.5700E-02
4.07514   0.3364E-02