300 1
1.88307   0.1387E-01
2.06693   0.7381E-02
2.11302   0.1240E-01
2.12229   0.1756E-01
2.25562   0.2138E-01
2.25753   0.2090E-01
2.38648   0.8611E-02
2.42879   0.1063E-02
2.43223   0.7360E-03
2.46081   0.4448E-02
2.48497   0.1084E-01
2.49372   0.2485E-02
2.60980   0.6485E-02
2.61941   0.8146E-04
2.62760   0.3560E-02
2.63742   0.1015E-01
2.65520   0.9494E-02
2.67922   0.8547E-02
2.68133   0.4023E-02
2.70861   0.3194E-01
2.72767   0.7120E-03
2.74683   0.1226E-02
2.76243   0.7032E-03
2.76488   0.1502E-02
2.78901   0.1890E-01
2.79226   0.3674E-03
2.80494   0.4912E-03
2.82532   0.4157E-04
2.84165   0.7627E-02
2.84297   0.2078E-02
2.86054   0.1111E-01
2.86402   0.2771E-02
2.86778   0.3873E-02
2.88718   0.9215E-03
2.89432   0.7741E-02
2.89539   0.7957E-02
2.90184   0.2021E-01
2.94641   0.3144E-03
2.95289   0.2434E-03
2.97064   0.1421E-01
2.98677   0.1651E-01
2.98779   0.1221E-01
2.99335   0.2336E-02
2.99440   0.1447E-01
3.01684   0.4552E-02
3.01887   0.2158E-02
3.03480   0.5485E-02
3.04040   0.5958E-04
3.05572   0.2281E-01
3.05868   0.3117E-02
3.06600   0.1894E-01
3.06917   0.1386E-02
3.09241   0.5129E-02
3.09811   0.7703E-03
3.10480   0.6648E-02
3.11123   0.1049E-01
3.11702   0.2166E-02
3.12193   0.4906E-01
3.14688   0.1566E-02
3.16649   0.7973E-02
3.18422   0.1686E-02
3.19144   0.1245E-02
3.19973   0.2039E-03
3.20562   0.9313E-03
3.20980   0.2338E-02
3.21150   0.3786E-02
3.22218   0.2306E-01
3.22495   0.4186E-02
3.23697   0.5015E-02
3.23858   0.1003E-02
3.24030   0.7106E-02
3.25189   0.2350E-01
3.25760   0.9423E-03
3.26222   0.4638E-02
3.26646   0.1405E-02
3.27623   0.2495E-02
3.28610   0.8777E-02
3.28834   0.9053E-02
3.29832   0.3194E-02
3.30465   0.1086E-01
3.31422   0.1584E-02
3.31451   0.1161E-03
3.32121   0.4775E-02
3.32423   0.8104E-02
3.32928   0.1709E-02
3.34347   0.5535E-03
3.34869   0.1235E-01
3.35643   0.2036E-01
3.35925   0.3461E-03
3.36343   0.1616E-02
3.36942   0.8926E-04
3.37310   0.2213E-02
3.37694   0.4779E-02
3.37919   0.1392E-02
3.39408   0.7989E-02
3.39920   0.7071E-02
3.40477   0.3040E-02
3.40636   0.2817E-03
3.41366   0.7994E-02
3.41868   0.4175E-02
3.42098   0.1261E-02
3.42905   0.1449E-01
3.43061   0.1619E-02
3.43388   0.6393E-03
3.43664   0.2837E-02
3.44564   0.4106E-03
3.44708   0.1735E-02
3.44800   0.2920E-02
3.45460   0.2730E-02
3.45988   0.1071E-02
3.46499   0.4697E-02
3.46779   0.9463E-03
3.46934   0.2765E-02
3.47289   0.7750E-03
3.47891   0.1103E-01
3.48148   0.3535E-02
3.48408   0.6887E-03
3.49313   0.1354E-02
3.49603   0.9077E-02
3.49730   0.5146E-02
3.49784   0.2113E-02
3.49851   0.2107E-02
3.50762   0.4282E-01
3.51374   0.3639E-02
3.51505   0.2616E-02
3.52544   0.4143E-03
3.52735   0.9448E-02
3.53102   0.3862E-02
3.53283   0.2530E-02
3.53925   0.1008E-01
3.54357   0.2635E-02
3.54597   0.6495E-03
3.54648   0.8091E-03
3.55064   0.4057E-03
3.55456   0.4655E-02
3.56245   0.1791E-02
3.56263   0.3098E-02
3.56416   0.4399E-02
3.56683   0.1919E-02
3.57017   0.6869E-03
3.57563   0.3753E-02
3.57610   0.7466E-02
3.58534   0.6594E-02
3.58746   0.4434E-02
3.59031   0.9559E-03
3.59427   0.4553E-04
3.59858   0.3779E-02
3.60370   0.3629E-02
3.60503   0.3012E-02
3.60976   0.5494E-02
3.61397   0.3617E-02
3.61779   0.2398E-02
3.62139   0.8575E-03
3.62393   0.8820E-02
3.62530   0.3829E-03
3.62955   0.1435E-02
3.63310   0.7637E-03
3.63552   0.2192E-03
3.63865   0.9590E-02
3.64325   0.8941E-02
3.64606   0.9296E-02
3.65686   0.8661E-02
3.65898   0.1796E-01
3.66062   0.9240E-03
3.66564   0.3223E-02
3.67321   0.1574E-02
3.68347   0.1563E-02
3.68656   0.5563E-03
3.68680   0.1658E-02
3.68866   0.5399E-03
3.69356   0.2163E-04
3.69478   0.1474E-02
3.69960   0.7426E-02
3.70396   0.4815E-03
3.70608   0.1889E-01
3.71491   0.5719E-03
3.71542   0.1440E-02
3.71886   0.3901E-03
3.72592   0.2910E-03
3.72631   0.1113E-02
3.72913   0.2372E-03
3.73193   0.4246E-02
3.73310   0.1772E-03
3.73487   0.3273E-03
3.73833   0.4540E-04
3.73992   0.1495E-02
3.74371   0.2590E-03
3.74642   0.1679E-02
3.74659   0.8492E-03
3.75244   0.3398E-02
3.75345   0.8063E-02
3.75836   0.6518E-03
3.75981   0.8183E-03
3.76082   0.1583E-03
3.76294   0.1317E-03
3.76529   0.2762E-02
3.77483   0.1018E-01
3.77623   0.4306E-03
3.78290   0.5628E-03
3.78676   0.2758E-03
3.78806   0.7225E-02
3.79063   0.1024E-02
3.79139   0.1083E-02
3.79799   0.2421E-04
3.80102   0.1223E-02
3.80154   0.2920E-03
3.80349   0.3016E-02
3.80444   0.2337E-02
3.80805   0.9497E-02
3.81004   0.3145E-04
3.81213   0.7374E-02
3.81290   0.2290E-02
3.81320   0.3002E-02
3.81696   0.3624E-03
3.82072   0.1315E-01
3.82366   0.3550E-02
3.82776   0.6003E-02
3.83066   0.5114E-02
3.83455   0.5042E-02
3.83507   0.3097E-02
3.84144   0.1678E-03
3.84455   0.4153E-03
3.84840   0.1341E-02
3.85216   0.7364E-03
3.85307   0.3255E-02
3.85343   0.1267E-02
3.85934   0.8509E-03
3.86283   0.1110E-01
3.86309   0.2199E-02
3.86617   0.2190E-03
3.86626   0.6390E-03
3.86839   0.1251E-02
3.86842   0.1726E-02
3.87147   0.7323E-02
3.87246   0.4289E-03
3.87490   0.2003E-02
3.87715   0.3042E-02
3.87744   0.3521E-03
3.88154   0.6816E-03
3.88277   0.1579E-02
3.88433   0.1139E-01
3.88489   0.5114E-02
3.88776   0.1784E-02
3.89377   0.1306E-03
3.89790   0.2703E-01
3.89955   0.1337E-02
3.90267   0.4910E-02
3.90305   0.1444E-02
3.90646   0.1022E-02
3.90845   0.3156E-03
3.91059   0.8726E-02
3.91414   0.2994E-03
3.91875   0.4378E-03
3.92179   0.4457E-02
3.92384   0.1173E-02
3.92588   0.5785E-03
3.92814   0.2120E-03
3.93048   0.6230E-03
3.93231   0.3429E-02
3.93533   0.8004E-03
3.94166   0.5152E-02
3.94269   0.2139E-02
3.94717   0.9784E-03
3.95286   0.2617E-02
3.95537   0.1584E-01
3.96027   0.3828E-03
3.96046   0.2286E-02
3.96342   0.7198E-03
3.96490   0.2389E-01
3.96808   0.1151E-02
3.97037   0.1288E-03
3.97095   0.2011E-03
3.97150   0.2183E-02
3.97228   0.1012E-02
3.97563   0.8025E-04
3.98240   0.3617E-02
3.98393   0.6786E-03
3.98686   0.2615E-02
3.98882   0.2255E-02
3.98954   0.1751E-02
3.99190   0.1288E-02
3.99387   0.1178E-03
3.99848   0.5153E-02
4.00080   0.4931E-02
4.00521   0.5777E-02
4.00904   0.3129E-03
4.01379   0.1052E-01
4.01445   0.1126E-01
4.01559   0.3516E-02
4.01754   0.4840E-02
4.01810   0.6195E-03
4.01873   0.1239E-02
4.02329   0.2865E-02
4.02399   0.7065E-03
4.02580   0.1980E-01
4.02755   0.6228E-02
4.02955   0.6843E-02
4.03302   0.1128E-01
4.03386   0.9216E-03
4.03596   0.8953E-04