300 1
1.57902   0.1959E-01
1.76031   0.1080E-01
1.89167   0.3292E-02
1.92698   0.1843E-04
2.06853   0.4088E-02
2.11108   0.3274E-02
2.11925   0.1693E-01
2.13389   0.2801E-01
2.21195   0.6200E-02
2.27995   0.1423E-01
2.30335   0.5247E-02
2.30758   0.2333E-01
2.32281   0.1858E-01
2.33918   0.1669E-01
2.36660   0.1740E-01
2.36994   0.4187E-01
2.45664   0.1873E-02
2.47551   0.2208E-01
2.50030   0.7857E-02
2.52300   0.1517E-03
2.53211   0.2679E-01
2.57401   0.3685E-03
2.57877   0.9883E-02
2.58421   0.5964E-02
2.58837   0.6564E-02
2.59094   0.4035E-02
2.62034   0.4321E-03
2.62665   0.9316E-02
2.63906   0.4884E-01
2.64074   0.2112E-01
2.64345   0.4394E-02
2.66113   0.2316E-01
2.66588   0.2562E-02
2.71026   0.1486E-01
2.72752   0.6113E-02
2.73834   0.2052E-02
2.75442   0.2660E-02
2.78482   0.2247E-02
2.79348   0.1968E-02
2.79520   0.6228E-02
2.79727   0.8260E-03
2.81192   0.1555E-01
2.81548   0.3559E-02
2.81900   0.2320E-01
2.83302   0.2203E-01
2.84469   0.4761E-02
2.85216   0.1629E-03
2.85296   0.1747E-03
2.86925   0.3518E-03
2.87064   0.7792E-03
2.87608   0.2308E-02
2.87829   0.9660E-02
2.88822   0.8894E-02
2.90445   0.1520E-01
2.91086   0.3426E-01
2.92196   0.1670E-01
2.93991   0.1250E-01
2.96955   0.1847E-02
2.97116   0.1515E-01
2.97813   0.7487E-02
2.99437   0.5783E-02
2.99775   0.4256E-02
3.00955   0.2024E-04
3.01237   0.1754E-03
3.01718   0.8158E-04
3.02703   0.3204E-02
3.02998   0.1419E-01
3.03446   0.1040E-01
3.04230   0.2797E-02
3.05153   0.2632E-02
3.06227   0.1753E-02
3.06684   0.1340E-02
3.07034   0.2142E-02
3.07203   0.9342E-03
3.07327   0.2020E-02
3.07692   0.9039E-03
3.07912   0.7880E-03
3.08310   0.4222E-03
3.08441   0.1613E-02
3.09185   0.2986E-01
3.09525   0.7897E-02
3.09984   0.1183E-02
3.10196   0.6841E-02
3.12339   0.1980E-02
3.13276   0.5895E-02
3.13576   0.7864E-03
3.14729   0.1844E-02
3.15602   0.2174E-02
3.15640   0.1846E-02
3.16770   0.1200E-02
3.17637   0.5441E-02
3.18672   0.2749E-02
3.19352   0.1579E-02
3.19940   0.5497E-02
3.20745   0.1391E-02
3.21098   0.2606E-02
3.21996   0.4908E-03
3.22409   0.2702E-04
3.22620   0.1871E-03
3.22707   0.8577E-03
3.22880   0.2587E-03
3.23116   0.1410E-03
3.23656   0.1297E-01
3.23991   0.9849E-03
3.24961   0.4005E-03
3.25572   0.4079E-03
3.26059   0.3252E-02
3.26318   0.7257E-02
3.26534   0.1528E-01
3.26881   0.1077E-01
3.27088   0.3074E-02
3.27818   0.9221E-02
3.28944   0.1465E-01
3.29051   0.5135E-02
3.29643   0.1089E-03
3.30294   0.3378E-02
3.30861   0.1470E-02
3.31301   0.3275E-02
3.31788   0.5117E-04
3.32431   0.4700E-02
3.33127   0.3515E-03
3.33263   0.9452E-03
3.33373   0.3070E-02
3.33567   0.2898E-03
3.33999   0.2301E-03
3.34452   0.1033E-01
3.34764   0.3726E-03
3.35338   0.3942E-02
3.36093   0.2995E-02
3.36464   0.1259E-02
3.36688   0.3185E-03
3.37153   0.3842E-03
3.37266   0.2151E-02
3.37961   0.2829E-01
3.38859   0.1237E-02
3.39445   0.2634E-02
3.39745   0.1811E-02
3.40545   0.4495E-02
3.40714   0.7219E-02
3.41288   0.5468E-02
3.41705   0.3841E-01
3.41891   0.4488E-02
3.42185   0.7869E-02
3.42355   0.5052E-02
3.42665   0.8609E-02
3.42929   0.5699E-03
3.43254   0.3734E-03
3.43855   0.5973E-02
3.44052   0.3241E-02
3.44307   0.1021E-03
3.44398   0.7827E-03
3.45188   0.6463E-03
3.45619   0.4481E-02
3.46093   0.8466E-02
3.46205   0.5185E-02
3.46650   0.8853E-02
3.47179   0.1215E-01
3.48001   0.2891E-01
3.48210   0.4715E-02
3.48417   0.1042E-01
3.48962   0.1039E-02
3.49690   0.9937E-02
3.49854   0.1658E-01
3.50298   0.5891E-02
3.50822   0.1287E-01
3.50961   0.1480E-03
3.51075   0.6429E-02
3.51126   0.5322E-02
3.51338   0.5843E-03
3.51587   0.5062E-02
3.51892   0.1462E-02
3.52228   0.1667E-02
3.52535   0.1290E-02
3.53558   0.7216E-02
3.53592   0.1026E-01
3.54700   0.3775E-02
3.54970   0.4436E-03
3.55208   0.2138E-02
3.55294   0.3034E-02
3.55621   0.6011E-03
3.55927   0.5569E-03
3.55972   0.6708E-02
3.56562   0.4574E-02
3.57011   0.1145E-02
3.57111   0.2158E-02
3.57517   0.1217E-02
3.57972   0.1327E-03
3.58056   0.1363E-01
3.58864   0.7373E-02
3.58938   0.1178E-01
3.59229   0.9519E-03
3.59619   0.1965E-01
3.60041   0.1233E-01
3.60675   0.2788E-01
3.60989   0.4564E-02
3.61577   0.4196E-01
3.61715   0.5427E-02
3.61878   0.1211E-02
3.62088   0.8057E-02
3.62321   0.1249E-02
3.62567   0.1556E-02
3.62746   0.3747E-02
3.62931   0.3763E-03
3.63036   0.1945E-02
3.63370   0.7011E-03
3.63394   0.1471E-02
3.63928   0.1242E-02
3.64435   0.1640E-02
3.64727   0.1558E-02
3.65165   0.3323E-02
3.65368   0.7979E-03
3.65436   0.3259E-02
3.65636   0.7557E-03
3.66061   0.8668E-03
3.66324   0.2506E-02
3.66447   0.6274E-03
3.67789   0.2900E-02
3.68175   0.2910E-02
3.68226   0.3918E-02
3.68471   0.1442E-02
3.68714   0.9353E-02
3.68910   0.3574E-02
3.69411   0.5151E-02
3.69491   0.1152E-02
3.69639   0.9392E-03
3.70358   0.1011E-02
3.70642   0.5441E-03
3.71075   0.5385E-02
3.71233   0.3154E-02
3.71343   0.2422E-03
3.72077   0.3300E-02
3.72192   0.1186E-01
3.72635   0.2647E-02
3.72805   0.5732E-03
3.72999   0.1660E-02
3.73292   0.2745E-02
3.73350   0.4799E-03
3.73839   0.1692E-03
3.74130   0.7324E-03
3.74179   0.1436E-02
3.74453   0.3639E-02
3.74662   0.9421E-02
3.74830   0.3944E-02
3.75020   0.5723E-02
3.75372   0.3143E-02
3.75820   0.2461E-03
3.76358   0.8259E-02
3.76385   0.7372E-02
3.76968   0.1327E-02
3.77311   0.1390E-02
3.77541   0.1584E-02
3.77747   0.3226E-03
3.77849   0.4694E-02
3.77911   0.2990E-02
3.78196   0.3738E-02
3.78239   0.1624E-02
3.78644   0.7984E-03
3.78916   0.1031E-01
3.79017   0.8562E-03
3.79206   0.1124E-02
3.79380   0.2616E-02
3.79640   0.6780E-02
3.79821   0.3031E-02
3.80070   0.2657E-02
3.80095   0.4130E-02
3.80306   0.2699E-03
3.80454   0.1058E-02
3.80609   0.1745E-02
3.81263   0.2071E-02
3.81390   0.8255E-02
3.81530   0.7642E-02
3.81711   0.5129E-02
3.81807   0.1682E-02
3.81951   0.1726E-01
3.82253   0.7767E-02
3.82343   0.1973E-02
3.82380   0.6210E-02
3.82732   0.6844E-03
3.83043   0.7911E-03
3.83134   0.5861E-03
3.83311   0.3428E-02
3.83503   0.3695E-02
3.83604   0.1509E-02
3.83911   0.7594E-02
3.84766   0.4489E-04
3.84970   0.6695E-02
3.85151   0.1086E-03
3.85284   0.2164E-02
3.85534   0.1930E-02
3.85942   0.4477E-02
3.86265   0.2407E-02
3.86357   0.2217E-02
3.86568   0.1836E-02
3.86648   0.1252E-02
3.87187   0.2404E-02
3.87388   0.1653E-02
3.87564   0.1938E-03
3.87755   0.4236E-02
3.87925   0.1389E-03
3.88475   0.5778E-02