300 1
1.28222   0.1040E-01
1.67785   0.6137E-03
1.70229   0.1216E-01
1.76395   0.2566E-01
1.86008   0.6021E-02
1.92737   0.3814E-02
1.94167   0.9160E-02
1.98002   0.1944E-02
2.06497   0.1014E-01
2.11154   0.1014E-01
2.13334   0.2495E-02
2.19631   0.8553E-02
2.20571   0.1090E-02
2.24202   0.1494E-02
2.28006   0.7754E-03
2.30331   0.4295E-02
2.33727   0.7311E-02
2.35904   0.3511E-02
2.37991   0.1565E-02
2.40746   0.4925E-02
2.41348   0.9000E-02
2.42474   0.1281E-01
2.42978   0.3982E-02
2.46027   0.3005E-02
2.48140   0.1285E-02
2.48790   0.1732E-01
2.49830   0.1287E-02
2.52679   0.8086E-02
2.54601   0.2126E-02
2.56107   0.4592E-02
2.57885   0.6193E-02
2.59629   0.3428E-02
2.60767   0.1033E-01
2.63437   0.9629E-03
2.63785   0.3551E-02
2.64599   0.2383E-02
2.65066   0.3516E-02
2.66635   0.1657E-01
2.67263   0.2181E-02
2.69598   0.1174E-01
2.70337   0.1207E-02
2.71106   0.2601E-01
2.71968   0.3618E-02
2.73210   0.6623E-02
2.74444   0.5995E-03
2.75727   0.9515E-02
2.76938   0.1602E-02
2.77709   0.3852E-02
2.78284   0.5301E-02
2.78773   0.1025E-01
2.79801   0.1396E-01
2.80894   0.7685E-02
2.82470   0.1304E-02
2.83251   0.1285E-02
2.84470   0.1069E-01
2.85319   0.3054E-02
2.85918   0.8583E-02
2.86724   0.3885E-02
2.87072   0.9054E-03
2.87890   0.8534E-02
2.90210   0.3176E-02
2.90630   0.2157E-02
2.91146   0.5675E-02
2.91741   0.2678E-02
2.92667   0.2708E-02
2.93772   0.1050E-01
2.94182   0.1385E-02
2.94461   0.4873E-02
2.96097   0.1675E-02
2.97785   0.4335E-02
2.98867   0.4578E-02
2.99147   0.9765E-03
2.99596   0.7100E-02
2.99789   0.1493E-01
3.00571   0.6300E-02
3.01682   0.6552E-02
3.02941   0.8162E-02
3.03735   0.7106E-02
3.04041   0.1445E-02
3.04664   0.2994E-02
3.05248   0.1731E-02
3.05856   0.1050E-01
3.06629   0.5043E-04
3.07370   0.4519E-02
3.08339   0.1301E-01
3.08653   0.7981E-02
3.09235   0.1192E-01
3.09812   0.5679E-02
3.10251   0.5794E-02
3.11046   0.6859E-02
3.11738   0.1337E-01
3.12334   0.4842E-03
3.12515   0.2048E-02
3.12809   0.1417E-02
3.13866   0.1518E-02
3.14095   0.7715E-02
3.14345   0.7010E-03
3.15123   0.2273E-01
3.15383   0.5878E-02
3.15947   0.7117E-03
3.16552   0.5889E-03
3.16917   0.6672E-02
3.18752   0.1446E-01
3.20237   0.2021E-02
3.20503   0.3819E-02
3.21044   0.8984E-02
3.21365   0.7521E-02
3.21484   0.4076E-03
3.21809   0.9978E-02
3.23509   0.1523E-01
3.24536   0.1151E-01
3.25071   0.2687E-02
3.25453   0.4888E-02
3.25789   0.2945E-03
3.26138   0.3572E-02
3.26905   0.1658E-01
3.27553   0.1416E-02
3.27984   0.5030E-03
3.28481   0.3629E-02
3.28600   0.4420E-02
3.28888   0.2271E-02
3.29128   0.6446E-03
3.29866   0.1559E-02
3.30014   0.7563E-03
3.30703   0.1051E-01
3.30887   0.3112E-02
3.31271   0.1911E-01
3.32053   0.1085E-01
3.32428   0.2086E-02
3.33180   0.1342E-01
3.33510   0.7544E-02
3.34271   0.8264E-02
3.34684   0.6184E-02
3.34811   0.5249E-02
3.35163   0.8776E-04
3.35581   0.2019E-02
3.35845   0.6940E-02
3.36364   0.1196E-01
3.36773   0.1525E-01
3.37188   0.1112E-01
3.37282   0.2594E-02
3.38258   0.1882E-02
3.38356   0.1589E-02
3.39025   0.5036E-02
3.39197   0.2237E-02
3.39744   0.5151E-03
3.40107   0.8850E-02
3.40292   0.1510E-02
3.40797   0.7413E-02
3.41040   0.8679E-03
3.41381   0.2153E-02
3.41638   0.9786E-02
3.42219   0.2877E-01
3.42956   0.8904E-03
3.43046   0.8114E-03
3.43821   0.2439E-02
3.44556   0.5426E-03
3.44899   0.3763E-03
3.45290   0.9382E-03
3.45454   0.7371E-03
3.45732   0.2478E-02
3.46074   0.2188E-01
3.46431   0.6206E-02
3.46503   0.1695E-02
3.46791   0.5526E-02
3.47534   0.2098E-02
3.47658   0.3661E-03
3.48101   0.3724E-02
3.48243   0.2193E-01
3.48491   0.9014E-02
3.48796   0.3778E-02
3.49510   0.2676E-02
3.49775   0.3638E-03
3.50182   0.3842E-02
3.50242   0.4643E-02
3.50296   0.8709E-02
3.50820   0.2593E-02
3.51741   0.9511E-02
3.52293   0.2092E-02
3.52450   0.8957E-03
3.52714   0.1447E-02
3.52889   0.5526E-02
3.52955   0.1779E-02
3.53326   0.6006E-02
3.54258   0.1001E-01
3.55301   0.4562E-03
3.55626   0.1825E-02
3.55758   0.1372E-01
3.56288   0.4748E-02
3.56656   0.5977E-02
3.56814   0.6841E-02
3.57192   0.2293E-02
3.57303   0.1057E-02
3.57438   0.1010E-02
3.57850   0.3008E-02
3.57947   0.4223E-02
3.58250   0.5312E-02
3.58777   0.1415E-02
3.58813   0.5323E-03
3.58937   0.1687E-02
3.59479   0.2390E-02
3.59749   0.7026E-03
3.59952   0.3290E-02
3.60257   0.1933E-02
3.60570   0.1014E-01
3.61307   0.9747E-02
3.61528   0.5396E-02
3.61636   0.2155E-02
3.61777   0.5697E-02
3.62617   0.2218E-02
3.62690   0.4542E-02
3.62794   0.1680E-02
3.63434   0.6764E-02
3.63764   0.7462E-02
3.64108   0.1163E-01
3.64714   0.9037E-03
3.64785   0.1754E-02
3.65041   0.9976E-02
3.65782   0.5712E-02
3.66087   0.3251E-02
3.66550   0.1667E-02
3.66648   0.9093E-03
3.66794   0.1750E-02
3.66934   0.4260E-03
3.67284   0.2892E-02
3.67515   0.7946E-02
3.67920   0.5978E-02
3.68636   0.2700E-02
3.68947   0.1924E-02
3.69307   0.2507E-01
3.69375   0.3497E-02
3.69568   0.1565E-02
3.69802   0.5893E-02
3.70023   0.1535E-02
3.70188   0.6795E-02
3.70824   0.8879E-03
3.70944   0.7350E-02
3.70975   0.4053E-02
3.71955   0.6960E-03
3.72237   0.5723E-04
3.72487   0.3675E-02
3.72584   0.4331E-02
3.72643   0.3647E-02
3.72747   0.4892E-03
3.73091   0.3447E-02
3.73348   0.3699E-02
3.73770   0.6119E-02
3.73890   0.1160E-02
3.74108   0.2596E-02
3.74247   0.3005E-02
3.74654   0.2545E-02
3.74807   0.2441E-02
3.75282   0.8499E-02
3.75458   0.5397E-02
3.75768   0.4974E-02
3.76345   0.1365E-01
3.76432   0.1041E-01
3.76770   0.1426E-02
3.77123   0.5016E-02
3.77732   0.1507E-02
3.77893   0.1046E-01
3.78220   0.6078E-02
3.78578   0.1482E-02
3.78646   0.1628E-02
3.79043   0.8566E-02
3.79428   0.7674E-03
3.79539   0.6954E-02
3.79802   0.2992E-02
3.80107   0.3883E-02
3.80407   0.6386E-02
3.80464   0.1641E-02
3.81380   0.1050E-02
3.81544   0.2287E-02
3.81746   0.4250E-03
3.82028   0.3804E-02
3.82330   0.3102E-02
3.82492   0.1426E-02
3.82993   0.4048E-02
3.83020   0.1350E-02
3.83208   0.3232E-02
3.83321   0.1099E-02
3.83388   0.2446E-02
3.83727   0.2411E-02
3.84258   0.1627E-02
3.84263   0.6372E-02
3.84528   0.2394E-02
3.84912   0.1408E-01
3.85079   0.5217E-03
3.85455   0.2035E-02
3.85672   0.5721E-02
3.85786   0.6349E-03
3.86049   0.3188E-02
3.86241   0.2652E-02
3.86260   0.1532E-02
3.86362   0.3679E-02
3.86623   0.1437E-02
3.86656   0.1949E-02
3.87010   0.5596E-02
3.87187   0.2874E-02
3.87720   0.1395E-02