300 1
1.64050   0.8684E-02
1.67377   0.2449E-01
1.76980   0.1008E-02
1.96540   0.4187E-02
2.03935   0.3110E-03
2.10341   0.3138E-01
2.10739   0.3701E-02
2.14430   0.1274E-02
2.16705   0.5632E-01
2.17920   0.1965E-01
2.24918   0.9539E-02
2.26024   0.8113E-02
2.29997   0.2459E-02
2.31487   0.5303E-03
2.33948   0.1402E-01
2.38069   0.5385E-02
2.39820   0.1771E-02
2.40604   0.1523E-02
2.43464   0.8281E-02
2.44098   0.2317E-01
2.47968   0.1352E-01
2.48255   0.7797E-02
2.48784   0.6324E-02
2.51216   0.1513E-02
2.51397   0.1334E-01
2.53078   0.1904E-01
2.54597   0.2914E-02
2.58641   0.1254E-01
2.59377   0.4219E-03
2.60472   0.2718E-01
2.61575   0.3031E-01
2.64757   0.1991E-02
2.65030   0.1188E-01
2.66741   0.6164E-02
2.68876   0.3441E-02
2.69476   0.7866E-02
2.70200   0.1541E-01
2.71398   0.4670E-02
2.72571   0.6898E-02
2.75239   0.3372E-02
2.77193   0.2878E-02
2.77983   0.1863E-02
2.78689   0.7922E-02
2.79775   0.8571E-02
2.80503   0.1513E-01
2.81653   0.1078E-01
2.83480   0.3413E-03
2.84265   0.2173E-02
2.85305   0.5346E-03
2.85645   0.2722E-04
2.86161   0.7646E-02
2.87084   0.1373E-01
2.88573   0.5670E-02
2.89229   0.1021E-01
2.89572   0.7289E-03
2.90490   0.3666E-02
2.91002   0.1718E-01
2.92895   0.5500E-02
2.93307   0.2014E-01
2.94474   0.6128E-03
2.95183   0.8916E-03
2.95549   0.2354E-02
2.96136   0.4599E-02
2.97042   0.1463E-01
2.98006   0.3390E-02
2.98114   0.5147E-04
2.98285   0.5586E-02
2.98448   0.9723E-02
2.99591   0.3086E-02
3.00025   0.7414E-02
3.00271   0.6010E-02
3.01414   0.1987E-01
3.01796   0.2771E-02
3.03113   0.2459E-02
3.03354   0.9049E-03
3.03727   0.4424E-02
3.04308   0.1144E-01
3.04872   0.6094E-02
3.05802   0.5847E-04
3.06665   0.2860E-02
3.07001   0.1660E-02
3.07358   0.5722E-03
3.07615   0.1765E-02
3.08153   0.7992E-03
3.08590   0.6093E-02
3.08786   0.1017E-01
3.09686   0.1804E-01
3.09989   0.5395E-02
3.11114   0.1833E-01
3.13338   0.4921E-02
3.13988   0.1003E-02
3.14571   0.1713E-02
3.15276   0.3711E-03
3.15732   0.1950E-02
3.15811   0.1027E-02
3.16071   0.4407E-02
3.16288   0.3751E-02
3.16864   0.2149E-02
3.17034   0.1002E-02
3.17536   0.2789E-02
3.17625   0.6816E-02
3.18097   0.9953E-02
3.19042   0.5305E-03
3.19327   0.5933E-02
3.20077   0.1609E-02
3.20478   0.8228E-02
3.20892   0.3082E-02
3.21180   0.3286E-02
3.22006   0.4410E-02
3.22748   0.3549E-02
3.23543   0.1525E-02
3.23898   0.1889E-02
3.24027   0.2485E-02
3.24598   0.5826E-02
3.25115   0.6851E-02
3.25438   0.3757E-02
3.26034   0.4801E-02
3.26220   0.9699E-03
3.26570   0.7202E-02
3.27277   0.2410E-02
3.27890   0.1526E-02
3.28088   0.5574E-02
3.28717   0.3540E-02
3.29069   0.5366E-02
3.29718   0.7931E-02
3.30090   0.4939E-02
3.30251   0.1911E-02
3.30750   0.6942E-02
3.31738   0.5731E-02
3.32104   0.3340E-02
3.32699   0.3226E-02
3.32988   0.3445E-02
3.33469   0.6227E-03
3.33706   0.1897E-02
3.34224   0.7582E-02
3.34615   0.1072E-02
3.35003   0.3051E-02
3.35178   0.2438E-02
3.35542   0.1205E-02
3.36099   0.3875E-02
3.36427   0.6286E-02
3.36764   0.8005E-03
3.37049   0.1563E-03
3.37476   0.4885E-02
3.37799   0.6158E-02
3.38276   0.6803E-02
3.38404   0.3139E-02
3.38531   0.8256E-02
3.38933   0.3186E-02
3.39174   0.3421E-02
3.39830   0.1121E-01
3.40393   0.4977E-02
3.40471   0.3860E-02
3.40584   0.3119E-02
3.41734   0.1238E-01
3.42215   0.5434E-02
3.42582   0.1207E-01
3.43282   0.4487E-02
3.43685   0.1113E-02
3.44213   0.2306E-03
3.44332   0.5401E-02
3.44731   0.5883E-02
3.45189   0.3671E-02
3.45256   0.1768E-02
3.45726   0.6135E-02
3.46127   0.1041E-02
3.46896   0.3993E-02
3.47091   0.3824E-02
3.47456   0.2053E-02
3.47525   0.3295E-03
3.47666   0.1226E-02
3.48000   0.2960E-02
3.48415   0.1955E-01
3.48453   0.5895E-02
3.48781   0.4630E-02
3.49192   0.3748E-02
3.49248   0.6742E-03
3.49531   0.3177E-02
3.50396   0.4246E-02
3.51087   0.1161E-01
3.51637   0.1960E-01
3.51806   0.7447E-02
3.52182   0.1143E-01
3.52733   0.4553E-02
3.52977   0.6649E-02
3.53069   0.8129E-02
3.53640   0.2130E-01
3.54022   0.1264E-01
3.54276   0.7664E-02
3.54620   0.2220E-02
3.54903   0.1059E-02
3.54934   0.3677E-03
3.55170   0.2150E-02
3.55552   0.3391E-02
3.56076   0.6346E-02
3.56234   0.6015E-03
3.56428   0.5158E-03
3.56754   0.3990E-02
3.56853   0.4061E-02
3.57181   0.1075E-02
3.57527   0.6323E-03
3.57662   0.7112E-02
3.57856   0.1295E-02
3.58320   0.1788E-01
3.58502   0.3353E-03
3.58741   0.9880E-02
3.59126   0.1728E-02
3.59300   0.6442E-02
3.59551   0.9147E-02
3.60036   0.4966E-02
3.60723   0.3625E-02
3.60875   0.2091E-02
3.61146   0.1150E-02
3.61671   0.1761E-02
3.61775   0.6681E-02
3.62344   0.8207E-02
3.62729   0.1132E-01
3.63029   0.6270E-03
3.63643   0.3147E-03
3.63649   0.1591E-02
3.64178   0.3476E-02
3.64252   0.1152E-01
3.64559   0.1096E-02
3.64955   0.5220E-03
3.65120   0.5385E-02
3.65263   0.3703E-03
3.65570   0.2850E-02
3.65698   0.4211E-02
3.65753   0.9022E-03
3.65975   0.7017E-03
3.66099   0.1340E-02
3.66223   0.1113E-02
3.66528   0.6818E-02
3.66712   0.9443E-02
3.66993   0.6066E-02
3.67239   0.3157E-02
3.67940   0.2323E-02
3.68082   0.2755E-02
3.68281   0.1035E-02
3.68667   0.4115E-02
3.68924   0.5764E-02
3.69305   0.5565E-02
3.69429   0.7595E-04
3.69720   0.2726E-02
3.69875   0.6641E-03
3.70101   0.1685E-02
3.70329   0.2216E-02
3.70421   0.5433E-03
3.70581   0.3178E-02
3.70831   0.5481E-02
3.71962   0.4610E-02
3.72125   0.9609E-02
3.72436   0.6533E-02
3.72901   0.8038E-02
3.73049   0.2364E-02
3.73434   0.9640E-03
3.73614   0.1828E-02
3.73812   0.1116E-02
3.73920   0.5451E-02
3.74289   0.2115E-02
3.74604   0.6436E-02
3.74847   0.1092E-02
3.74918   0.1308E-01
3.75345   0.3072E-02
3.75560   0.1497E-02
3.75874   0.5795E-02
3.75905   0.1748E-02
3.76124   0.4801E-02
3.76478   0.1685E-02
3.76619   0.3797E-02
3.76910   0.2670E-02
3.77031   0.1308E-01
3.77320   0.1776E-02
3.77409   0.2009E-02
3.77491   0.1872E-02
3.77669   0.1363E-02
3.78002   0.7675E-02
3.78041   0.3121E-02
3.78303   0.8527E-02
3.78486   0.1104E-02
3.78832   0.2072E-03
3.78896   0.5296E-02
3.79126   0.4242E-02
3.79192   0.9211E-02
3.79529   0.5467E-02
3.79704   0.1629E-02
3.79881   0.1297E-01
3.80158   0.1562E-02
3.80547   0.5517E-02
3.80793   0.2648E-02
3.81178   0.1807E-02
3.81267   0.3373E-02
3.81800   0.1744E-02
3.82321   0.1363E-02
3.82727   0.2422E-02
3.82822   0.1681E-02
3.83011   0.4842E-02
3.83189   0.3177E-02
3.83487   0.2759E-03
3.83599   0.7738E-02