300 1
1.07226   0.1054E-01
1.17191   0.7173E-02
1.26774   0.5328E-03
1.29329   0.5834E-02
1.35975   0.5814E-02
1.48573   0.3249E-01
1.57987   0.1977E-02
1.65661   0.1139E-02
1.76676   0.9347E-03
1.79106   0.1603E-01
1.83990   0.7479E-02
1.89675   0.3371E-02
1.93366   0.4094E-02
1.94306   0.2080E-01
1.98209   0.7682E-03
2.00400   0.6214E-02
2.02186   0.1066E-02
2.04827   0.2634E-03
2.06465   0.5831E-02
2.10016   0.1469E-02
2.11756   0.1869E-01
2.12822   0.5268E-02
2.14874   0.6641E-03
2.15539   0.1724E-02
2.16567   0.2551E-01
2.17146   0.3933E-02
2.19261   0.1697E-02
2.20732   0.1687E-02
2.25460   0.3003E-02
2.28200   0.5024E-02
2.28995   0.8390E-03
2.29564   0.7696E-02
2.33568   0.8952E-03
2.34044   0.4573E-02
2.35663   0.1355E-02
2.36244   0.1840E-02
2.37588   0.7396E-02
2.40804   0.1824E-01
2.43134   0.1014E-01
2.44276   0.5833E-02
2.46823   0.7560E-02
2.47952   0.1206E-02
2.48674   0.2184E-02
2.49450   0.7359E-02
2.50834   0.7890E-02
2.51474   0.4553E-02
2.51917   0.1932E-01
2.56953   0.2954E-02
2.57734   0.1001E-02
2.58735   0.6913E-02
2.60903   0.1210E-02
2.62908   0.3388E-02
2.63300   0.6389E-02
2.63714   0.1097E-01
2.65635   0.7565E-03
2.66934   0.8362E-02
2.67559   0.2548E-02
2.67968   0.2430E-02
2.68419   0.2979E-02
2.68682   0.4165E-04
2.69745   0.1931E-02
2.70431   0.7916E-02
2.71878   0.7793E-02
2.72427   0.3598E-03
2.73310   0.1331E-02
2.74428   0.5283E-02
2.74813   0.2850E-02
2.76398   0.2161E-01
2.77585   0.1452E-01
2.79169   0.2948E-02
2.79602   0.1546E-02
2.79904   0.8435E-04
2.80789   0.1868E-02
2.80971   0.1436E-02
2.81711   0.5856E-02
2.82288   0.5733E-02
2.82830   0.8544E-02
2.84159   0.1031E-01
2.84654   0.9944E-02
2.84691   0.5537E-02
2.85084   0.7518E-02
2.86841   0.5681E-02
2.87034   0.5704E-03
2.87761   0.4221E-03
2.87853   0.5327E-03
2.88808   0.8546E-03
2.89772   0.1234E-02
2.90054   0.1478E-02
2.90989   0.1083E-02
2.91268   0.5350E-04
2.91550   0.1478E-03
2.91677   0.7857E-02
2.91963   0.5714E-02
2.93176   0.1226E-02
2.93327   0.6151E-02
2.93670   0.5803E-02
2.94274   0.2092E-01
2.95152   0.4744E-02
2.95807   0.7234E-03
2.96498   0.1627E-01
2.96900   0.1130E-01
2.98668   0.7729E-03
2.99213   0.1183E-01
2.99700   0.7912E-03
3.00744   0.5202E-02
3.01179   0.2841E-02
3.01385   0.3787E-02
3.01895   0.1143E-01
3.02183   0.9501E-03
3.02586   0.1643E-02
3.03065   0.2724E-02
3.03597   0.3445E-02
3.03707   0.1222E-01
3.03898   0.1149E-02
3.04498   0.3935E-02
3.04887   0.2239E-02
3.05313   0.3367E-02
3.06250   0.2152E-02
3.07007   0.3223E-02
3.07766   0.1099E-01
3.08356   0.5285E-02
3.08482   0.3278E-02
3.09504   0.1605E-01
3.09919   0.1851E-01
3.10794   0.9653E-02
3.11579   0.4807E-02
3.12523   0.5758E-03
3.12970   0.2626E-02
3.13498   0.1846E-01
3.13826   0.1079E-01
3.14493   0.1387E-02
3.14867   0.1098E-01
3.15077   0.5241E-02
3.15868   0.2335E-02
3.16031   0.2281E-02
3.16321   0.6631E-02
3.16427   0.1423E-01
3.17395   0.1246E-01
3.17706   0.5856E-02
3.18201   0.5171E-02
3.19038   0.1800E-02
3.19141   0.3090E-02
3.19391   0.8220E-03
3.19800   0.7545E-02
3.20247   0.5899E-02
3.21240   0.7197E-03
3.21783   0.1021E-01
3.21992   0.8773E-02
3.22648   0.1875E-02
3.22991   0.5189E-02
3.23403   0.9124E-02
3.23799   0.1143E-01
3.24136   0.1343E-01
3.24539   0.7253E-02
3.25216   0.3564E-03
3.25355   0.1369E-01
3.25702   0.2851E-02
3.26179   0.6414E-02
3.26573   0.1431E-01
3.26638   0.3437E-02
3.27276   0.3383E-02
3.27737   0.2347E-03
3.28282   0.4446E-02
3.28405   0.3853E-02
3.29042   0.7873E-03
3.29240   0.4358E-02
3.29692   0.3692E-02
3.29938   0.1605E-02
3.30608   0.5077E-02
3.31102   0.9595E-02
3.32289   0.5225E-03
3.32677   0.5848E-02
3.33344   0.1012E-02
3.33494   0.1141E-02
3.33705   0.5469E-02
3.33884   0.3066E-02
3.33945   0.4322E-02
3.34654   0.7637E-02
3.34921   0.7439E-03
3.35005   0.6093E-02
3.35503   0.6751E-02
3.36083   0.3577E-02
3.36443   0.3106E-02
3.36910   0.2857E-03
3.37257   0.5542E-02
3.37543   0.1460E-02
3.37795   0.3090E-02
3.38008   0.2030E-02
3.38058   0.7129E-03
3.38508   0.7084E-02
3.38570   0.4678E-02
3.38776   0.3440E-02
3.39454   0.4852E-02
3.39602   0.1687E-02
3.39839   0.1563E-02
3.40372   0.1697E-01
3.41034   0.1264E-01
3.41374   0.3158E-02
3.41571   0.2149E-02
3.41821   0.1319E-01
3.42999   0.2887E-02
3.43437   0.2242E-02
3.43710   0.1454E-02
3.43999   0.3895E-02
3.44550   0.1219E-02
3.44663   0.3176E-03
3.45672   0.3343E-02
3.45907   0.2326E-02
3.46126   0.1701E-03
3.46786   0.7491E-02
3.46949   0.5504E-02
3.47250   0.2483E-02
3.47390   0.3876E-03
3.47634   0.8642E-03
3.47796   0.2331E-02
3.48062   0.3920E-02
3.48456   0.2706E-02
3.48830   0.4160E-02
3.49065   0.1551E-01
3.49239   0.2203E-01
3.49497   0.1618E-01
3.49923   0.1108E-01
3.50927   0.1355E-02
3.51434   0.1472E-03
3.51514   0.4819E-02
3.51846   0.2170E-03
3.52381   0.1184E-02
3.52574   0.1955E-02
3.53142   0.2345E-02
3.53361   0.1460E-02
3.53420   0.9949E-03
3.53698   0.1516E-02
3.54268   0.3078E-02
3.54362   0.4435E-02
3.54616   0.1056E-01
3.54733   0.1640E-02
3.55273   0.1106E-01
3.55419   0.9150E-02
3.55487   0.2464E-02
3.55867   0.1428E-01
3.56332   0.1031E-01
3.56501   0.1513E-02
3.56799   0.3832E-02
3.57164   0.1904E-02
3.57578   0.4231E-02
3.57843   0.1933E-02
3.57893   0.8451E-02
3.58177   0.1907E-02
3.58346   0.1095E-02
3.58619   0.1272E-02
3.59314   0.2849E-03
3.59584   0.4296E-02
3.60130   0.1744E-01
3.60404   0.1422E-01
3.60648   0.9931E-02
3.61046   0.2671E-02
3.61463   0.3996E-02
3.61715   0.1056E-02
3.61940   0.1352E-03
3.62176   0.2255E-02
3.62353   0.1113E-01
3.62527   0.5185E-02
3.62737   0.3931E-03
3.63295   0.1431E-01
3.63308   0.5583E-02
3.63390   0.4138E-02
3.63740   0.1749E-02
3.63903   0.3349E-02
3.64197   0.2028E-01
3.65193   0.7024E-02
3.65552   0.1763E-01
3.65994   0.6799E-02
3.66243   0.4188E-03
3.66401   0.2370E-02
3.66514   0.2351E-01
3.66723   0.3274E-03
3.67069   0.1297E-02
3.67608   0.6636E-02
3.68051   0.2522E-02
3.68207   0.2572E-02
3.68739   0.3283E-02
3.68821   0.3620E-02
3.68894   0.2948E-02
3.69297   0.1143E-01
3.69620   0.1438E-02
3.70085   0.3488E-02
3.70180   0.1986E-02
3.70361   0.1883E-02
3.70651   0.6455E-02
3.70664   0.1108E-02
3.70815   0.2229E-02
3.71085   0.2354E-02
3.71359   0.2399E-02
3.71460   0.4778E-02
3.71813   0.1494E-02
3.72018   0.8598E-03
3.72090   0.8650E-03
3.72730   0.1475E-01
3.73207   0.5127E-02
3.73460   0.3892E-03