300 1
1.74559   0.3386E-02
1.76594   0.1666E-02
1.88864   0.7211E-02
1.94917   0.4620E-02
1.95817   0.7063E-02
1.99904   0.1327E-01
2.02590   0.4744E-02
2.06276   0.8607E-02
2.12802   0.5364E-03
2.15957   0.1288E-01
2.18321   0.4961E-02
2.20083   0.1265E-02
2.21505   0.7199E-02
2.24687   0.1962E-02
2.26000   0.7168E-02
2.33253   0.7889E-02
2.35474   0.7001E-03
2.36302   0.2772E-03
2.38948   0.1144E-02
2.39333   0.3954E-02
2.42048   0.4965E-02
2.43622   0.5318E-02
2.44759   0.4094E-02
2.45801   0.5582E-02
2.48537   0.1394E-02
2.49648   0.2359E-01
2.51919   0.7426E-03
2.52821   0.7082E-02
2.55155   0.1861E-02
2.55600   0.5017E-02
2.57135   0.1431E-01
2.59931   0.4102E-02
2.61250   0.2056E-02
2.62228   0.5824E-02
2.63357   0.5716E-02
2.65814   0.3090E-03
2.67662   0.3058E-02
2.68139   0.4355E-03
2.69232   0.1067E-01
2.69671   0.1414E-01
2.71826   0.1200E-01
2.72285   0.5476E-02
2.74500   0.1703E-03
2.74861   0.4073E-02
2.76535   0.1876E-02
2.76960   0.1218E-01
2.77223   0.4443E-02
2.77832   0.5715E-02
2.78660   0.3218E-02
2.79305   0.2707E-02
2.80342   0.1676E-01
2.81131   0.2880E-02
2.82203   0.2661E-01
2.83437   0.5688E-02
2.83983   0.5219E-02
2.84776   0.2787E-03
2.86915   0.9818E-02
2.87781   0.8561E-02
2.88237   0.5133E-02
2.89412   0.5257E-02
2.90027   0.1498E-02
2.90372   0.5897E-02
2.91277   0.1871E-02
2.91824   0.1193E-01
2.92687   0.3921E-02
2.93415   0.5550E-02
2.95391   0.2836E-02
2.95733   0.2350E-02
2.96611   0.7055E-02
2.97053   0.1169E-01
2.98317   0.7307E-02
2.99422   0.8220E-03
3.00652   0.6465E-02
3.01016   0.1376E-02
3.01794   0.3104E-02
3.02430   0.9268E-02
3.03236   0.1333E-01
3.03555   0.1431E-01
3.04145   0.9929E-02
3.04654   0.3683E-02
3.05477   0.3670E-02
3.05987   0.2783E-02
3.06238   0.4043E-02
3.06747   0.7260E-02
3.07090   0.4925E-02
3.09868   0.1908E-02
3.10032   0.4740E-02
3.10466   0.2140E-02
3.10915   0.1275E-02
3.11105   0.2678E-02
3.11542   0.3360E-03
3.12015   0.3933E-02
3.12479   0.2410E-02
3.13272   0.4463E-02
3.13624   0.5290E-02
3.13886   0.5211E-02
3.14947   0.4228E-02
3.15794   0.2397E-02
3.16066   0.1232E-01
3.16822   0.1080E-01
3.17601   0.1210E-01
3.18674   0.1877E-02
3.18887   0.2339E-01
3.19274   0.1813E-02
3.20511   0.7328E-02
3.20912   0.9395E-03
3.21412   0.1182E-02
3.21621   0.8563E-02
3.22232   0.2707E-02
3.22646   0.2557E-02
3.22668   0.1373E-02
3.23191   0.2115E-02
3.23861   0.8030E-02
3.24236   0.5757E-02
3.24865   0.1317E-02
3.25794   0.7364E-02
3.26318   0.1144E-02
3.26826   0.9184E-03
3.26934   0.7360E-02
3.27227   0.7169E-02
3.28169   0.7318E-02
3.29105   0.1626E-01
3.29377   0.3261E-02
3.29588   0.9906E-02
3.30424   0.2158E-02
3.30677   0.7110E-02
3.31078   0.1412E-01
3.32191   0.9571E-02
3.34090   0.5778E-02
3.34232   0.1629E-02
3.34693   0.1802E-02
3.35274   0.3924E-03
3.35404   0.1915E-02
3.35580   0.2521E-03
3.36152   0.4435E-02
3.36929   0.1158E-02
3.37245   0.4974E-03
3.37509   0.3915E-02
3.37524   0.3993E-03
3.38105   0.3868E-03
3.38609   0.2593E-02
3.39130   0.1633E-02
3.39470   0.4004E-03
3.39781   0.4318E-02
3.40465   0.1684E-03
3.40851   0.5038E-02
3.40955   0.1523E-02
3.41402   0.7959E-03
3.41960   0.1524E-02
3.42096   0.3395E-02
3.42816   0.2051E-01
3.43024   0.1520E-02
3.43299   0.1561E-01
3.43373   0.3304E-02
3.44005   0.1172E-01
3.44329   0.1452E-02
3.44988   0.7038E-02
3.45453   0.9539E-03
3.46454   0.7763E-02
3.46934   0.2746E-02
3.47135   0.4979E-02
3.47687   0.1394E-02
3.47750   0.3208E-02
3.47977   0.4706E-02
3.48224   0.1590E-02
3.48699   0.4734E-02
3.48981   0.2673E-03
3.49132   0.1017E-01
3.49432   0.1177E-02
3.49864   0.1589E-01
3.50163   0.8399E-03
3.50396   0.3885E-03
3.50614   0.2703E-02
3.50900   0.5634E-03
3.51240   0.3634E-02
3.51919   0.3934E-02
3.52288   0.7390E-02
3.52463   0.1004E-02
3.52528   0.5052E-02
3.52986   0.5261E-02
3.53075   0.1944E-02
3.53221   0.1753E-02
3.53705   0.3701E-02
3.53978   0.6712E-02
3.54061   0.1181E-02
3.54537   0.1196E-02
3.55071   0.3901E-02
3.55402   0.1550E-01
3.55456   0.5908E-02
3.55583   0.7067E-02
3.55817   0.7264E-03
3.55944   0.1404E-02
3.56607   0.1174E-02
3.57008   0.8688E-02
3.57097   0.2169E-02
3.57499   0.4362E-02
3.57626   0.1178E-02
3.58142   0.6043E-02
3.58245   0.2526E-02
3.58707   0.3184E-02
3.58791   0.3760E-02
3.58983   0.6781E-02
3.59459   0.1975E-02
3.59566   0.2080E-02
3.60315   0.5790E-02
3.60631   0.2622E-02
3.60881   0.1465E-02
3.61020   0.3338E-02
3.61119   0.1171E-02
3.61519   0.3660E-02
3.61907   0.1327E-01
3.62218   0.3402E-03
3.63014   0.5383E-02
3.63155   0.2055E-02
3.63597   0.7470E-03
3.63952   0.8309E-03
3.63961   0.2842E-02
3.64267   0.2916E-02
3.64532   0.3339E-03
3.64670   0.1889E-02
3.64792   0.1143E-02
3.65027   0.2760E-03
3.65336   0.3091E-02
3.65468   0.3250E-02
3.66057   0.1753E-02
3.66193   0.1413E-01
3.66644   0.1237E-02
3.66821   0.8386E-03
3.67011   0.8368E-03
3.67233   0.3392E-02
3.67285   0.4184E-02
3.67661   0.3379E-02
3.67832   0.2674E-02
3.68023   0.6558E-02
3.68285   0.3526E-03
3.68492   0.1483E-02
3.68597   0.5360E-02
3.68994   0.2594E-02
3.69289   0.2480E-02
3.69542   0.3241E-02
3.69835   0.3628E-02
3.70082   0.1135E-02
3.70370   0.5286E-03
3.70538   0.1635E-02
3.70746   0.4633E-02
3.70796   0.5527E-03
3.71041   0.1900E-02
3.71415   0.7214E-02
3.71858   0.2547E-02
3.72334   0.3024E-02
3.72393   0.5757E-02
3.72895   0.1355E-02
3.73022   0.4133E-02
3.73261   0.3997E-02
3.73308   0.1742E-01
3.73491   0.4096E-02
3.73697   0.5158E-02
3.74623   0.5009E-02
3.74711   0.1143E-01
3.75064   0.1210E-01
3.75329   0.1076E-01
3.75564   0.4761E-02
3.76047   0.5637E-02
3.76239   0.1915E-02
3.76764   0.2578E-02
3.76940   0.8050E-03
3.77117   0.1458E-02
3.77261   0.1555E-02
3.77417   0.6094E-03
3.77674   0.3712E-02
3.77999   0.5966E-02
3.78195   0.1565E-02
3.78442   0.4549E-02
3.78805   0.5291E-03
3.78874   0.1602E-02
3.79035   0.2378E-02
3.79376   0.3835E-03
3.79572   0.3181E-03
3.79597   0.3019E-02
3.79675   0.1394E-02
3.79717   0.4496E-03
3.79898   0.1276E-03
3.79951   0.8329E-03
3.80023   0.4738E-02
3.80213   0.2774E-03
3.80273   0.2946E-02
3.80503   0.2135E-02
3.80791   0.4911E-02
3.81166   0.4167E-02
3.81438   0.4541E-02
3.81494   0.2069E-02
3.81774   0.4171E-02
3.81838   0.4157E-02
3.82184   0.9322E-02
3.82406   0.3985E-02
3.82472   0.4157E-02
3.82625   0.9090E-02
3.83477   0.1071E-01
3.83961   0.4513E-02
3.84097   0.3844E-02