300 1
1.88272   0.7999E-04
1.95415   0.1589    
1.97276   0.1908E-01
1.98413   0.1847E-02
2.06059   0.2353E-02
2.09963   0.7388E-02
2.15260   0.2020E-03
2.16935   0.9271E-04
2.19251   0.1053E-03
2.21579   0.1023E-01
2.22481   0.1119E-01
2.23402   0.9156E-02
2.26447   0.1035E-03
2.30237   0.1480E-02
2.36313   0.3144E-03
2.38724   0.2741E-02
2.39990   0.6176E-02
2.40994   0.1391E-02
2.41696   0.4871E-03
2.41967   0.2816E-02
2.44118   0.2391E-02
2.44963   0.1049E-01
2.46194   0.4657E-02
2.47309   0.3341E-03
2.48102   0.2359E-02
2.51158   0.1641E-02
2.51373   0.1376E-02
2.53349   0.7244E-02
2.54381   0.1355E-01
2.55185   0.3210E-02
2.56409   0.4838E-02
2.57468   0.1813E-02
2.59397   0.7446E-02
2.59978   0.6820E-02
2.60417   0.1035E-01
2.62752   0.9990E-02
2.63316   0.4569E-03
2.64090   0.6983E-02
2.65239   0.3366E-02
2.65928   0.2316E-01
2.67499   0.2150E-01
2.70190   0.1321E-02
2.71044   0.6205E-03
2.71890   0.2585E-02
2.72147   0.1353E-02
2.73842   0.2962E-02
2.74213   0.1404E-02
2.74710   0.2924E-02
2.75989   0.4975E-02
2.76354   0.5091E-02
2.78006   0.1391E-01
2.78220   0.1769E-01
2.78502   0.1441E-03
2.79453   0.5447E-02
2.79870   0.1209E-02
2.81041   0.6943E-02
2.81299   0.7742E-03
2.81722   0.3287E-02
2.82976   0.9325E-03
2.83765   0.1495E-02
2.84245   0.1920E-02
2.85666   0.7613E-03
2.86396   0.4075E-02
2.87257   0.2691E-02
2.87449   0.1255E-02
2.88033   0.3389E-02
2.88186   0.4632E-02
2.88698   0.8757E-03
2.88980   0.5838E-03
2.89091   0.1841E-02
2.89418   0.1441E-02
2.90239   0.3442E-02
2.91164   0.1973E-02
2.92216   0.2633E-02
2.92860   0.1530E-03
2.92967   0.2549E-02
2.93247   0.3271E-03
2.93851   0.2070E-02
2.94761   0.2218E-02
2.94839   0.7051E-02
2.95213   0.6586E-03
2.96094   0.1184E-01
2.96678   0.1125E-01
2.97200   0.2038E-03
2.98376   0.5303E-02
2.99019   0.2542E-01
2.99552   0.7230E-02
3.00447   0.7148E-03
3.00914   0.1019E-01
3.01388   0.2253E-02
3.01898   0.3396E-01
3.02223   0.6037E-03
3.02388   0.6479E-02
3.03493   0.1702E-01
3.03560   0.5512E-02
3.04087   0.4362E-02
3.04538   0.4982E-02
3.04989   0.4469E-02
3.05676   0.8733E-02
3.06251   0.2722E-01
3.06862   0.5600E-02
3.08169   0.8537E-02
3.09080   0.3655E-01
3.09602   0.8298E-03
3.09967   0.1515E-02
3.10604   0.2735E-03
3.10798   0.1226E-02
3.11161   0.3626E-02
3.11537   0.3534E-02
3.11833   0.1328E-02
3.12207   0.3160E-02
3.12531   0.5913E-02
3.12757   0.1835E-02
3.13182   0.1771E-02
3.13493   0.3148E-02
3.13769   0.1705E-02
3.14319   0.4614E-03
3.14488   0.5506E-02
3.15069   0.6466E-02
3.15333   0.3321E-02
3.15801   0.1876E-02
3.16189   0.4875E-02
3.16813   0.2040E-01
3.17060   0.6393E-03
3.17277   0.3073E-03
3.17413   0.3580E-03
3.18077   0.1640E-02
3.18394   0.1888E-02
3.18927   0.2628E-02
3.19642   0.6815E-02
3.19755   0.5581E-02
3.19944   0.3379E-02
3.20529   0.7440E-03
3.20660   0.4431E-02
3.20992   0.1090E-01
3.21607   0.4672E-02
3.22117   0.4226E-02
3.22285   0.2281E-01
3.22984   0.4262E-03
3.23529   0.4475E-02
3.24449   0.1138E-02
3.25108   0.4987E-03
3.25371   0.3063E-02
3.26097   0.3074E-02
3.26375   0.2830E-02
3.26678   0.3939E-02
3.26887   0.6062E-02
3.27488   0.1536E-02
3.27644   0.2939E-02
3.27721   0.6493E-03
3.28240   0.5320E-02
3.28462   0.9534E-02
3.28540   0.1142E-01
3.29320   0.2251E-02
3.29701   0.1646E-01
3.29852   0.7168E-02
3.30298   0.5114E-03
3.30367   0.9247E-02
3.30571   0.1110E-01
3.31684   0.5553E-02
3.32067   0.7258E-02
3.32662   0.1609E-01
3.32921   0.4140E-02
3.32995   0.1154E-02
3.33587   0.9833E-02
3.34273   0.8120E-03
3.34718   0.1589E-02
3.34840   0.9096E-02
3.34989   0.6494E-02
3.35394   0.4149E-02
3.35447   0.1367E-02
3.35801   0.1383E-02
3.36252   0.2674E-02
3.36682   0.5348E-02
3.36971   0.5705E-03
3.37150   0.3217E-02
3.37389   0.6163E-02
3.37549   0.2529E-03
3.37630   0.1531E-02
3.38205   0.6599E-02
3.38572   0.4492E-02
3.38790   0.6380E-02
3.38994   0.1854E-01
3.39194   0.1222E-03
3.39513   0.7137E-02
3.40099   0.5172E-02
3.40302   0.6973E-02
3.40794   0.4112E-02
3.41102   0.4399E-03
3.41336   0.5444E-03
3.42137   0.6520E-02
3.42323   0.4313E-02
3.42761   0.2118E-02
3.43120   0.1821E-01
3.43493   0.9301E-02
3.44007   0.1085E-01
3.44447   0.2782E-02
3.44468   0.8234E-02
3.44809   0.3554E-02
3.45036   0.2466E-02
3.45542   0.3462E-02
3.45574   0.2996E-01
3.45887   0.4161E-02
3.46226   0.1949E-01
3.46763   0.4039E-02
3.47480   0.2013E-02
3.47779   0.3758E-02
3.48188   0.4702E-02
3.48328   0.1080E-02
3.48364   0.2358E-02
3.48557   0.2489E-02
3.48757   0.1200E-01
3.48918   0.1177E-02
3.49156   0.3445E-03
3.49619   0.1791E-02
3.49759   0.9573E-03
3.49951   0.1181E-02
3.50048   0.3992E-02
3.50411   0.2127E-02
3.50741   0.5401E-02
3.50817   0.6910E-03
3.50990   0.1304E-02
3.51259   0.2980E-02
3.51420   0.4259E-02
3.51599   0.6143E-03
3.51941   0.1955E-03
3.52214   0.1418E-02
3.52469   0.1004E-02
3.52663   0.3930E-02
3.52841   0.4144E-02
3.52927   0.7463E-02
3.53189   0.8011E-02
3.53274   0.9904E-02
3.53446   0.1100E-01
3.53565   0.1378E-02
3.53801   0.1360E-02
3.54143   0.2077E-02
3.54203   0.5389E-03
3.54446   0.2670E-02
3.54903   0.2701E-02
3.55044   0.6161E-02
3.55284   0.2435E-02
3.55644   0.3550E-02
3.55776   0.8254E-02
3.56060   0.1124E-02
3.56299   0.7047E-02
3.56585   0.2836E-02
3.56875   0.2883E-01
3.57281   0.1460E-02
3.57437   0.7148E-02
3.57492   0.5381E-02
3.57888   0.1480E-02
3.58030   0.1432E-02
3.58164   0.1178E-02
3.58467   0.2116E-02
3.58604   0.1124E-02
3.58732   0.6970E-02
3.59289   0.8136E-02
3.59569   0.7791E-03
3.59621   0.3651E-03
3.59902   0.5825E-02
3.60017   0.1258E-01
3.60247   0.3340E-03
3.60479   0.2411E-02
3.60654   0.1120E-02
3.60824   0.9294E-02
3.61278   0.1744E-02
3.61482   0.6085E-03
3.61684   0.1559E-02
3.62232   0.8564E-02
3.62314   0.5100E-02
3.62478   0.4425E-02
3.62879   0.1150E-01
3.63072   0.1931E-01
3.63237   0.1965E-01
3.63778   0.9702E-02
3.63792   0.6877E-02
3.64451   0.2988E-02
3.64805   0.4782E-02
3.65102   0.7037E-02
3.65236   0.9432E-02
3.65388   0.2442E-02
3.65670   0.1522E-01
3.65758   0.4356E-02
3.66176   0.6014E-02
3.66322   0.7416E-02
3.66634   0.4101E-02
3.66755   0.2677E-02
3.66986   0.3264E-02
3.67347   0.1688E-01
3.67436   0.1150E-01
3.67595   0.2611E-03
3.67752   0.2309E-02
3.68238   0.1397E-02
3.68378   0.4486E-02
3.68543   0.3579E-02
3.68571   0.1820E-02
3.68881   0.5802E-02
3.69035   0.6261E-02
3.69451   0.6074E-02