300 1
1.73369   0.1756E-01
1.82438   0.4797E-02
1.88413   0.1157E-02
1.89600   0.8891E-03
1.96199   0.1862E-02
2.02215   0.2144E-03
2.10137   0.4978E-03
2.10485   0.1676E-01
2.11091   0.1677E-01
2.16102   0.9807E-05
2.18970   0.1876E-04
2.20497   0.4714E-02
2.21704   0.3309E-04
2.24837   0.7986E-05
2.27092   0.1751E-02
2.29519   0.8246E-03
2.31283   0.4482E-03
2.32820   0.5363E-03
2.33313   0.9304E-02
2.33417   0.1978E-02
2.38619   0.2301E-02
2.39100   0.4800E-03
2.39993   0.3321E-03
2.40543   0.9180E-03
2.40769   0.9796E-02
2.41365   0.1521E-03
2.45423   0.1291E-03
2.45506   0.5219E-03
2.47977   0.7119E-02
2.48133   0.8580E-02
2.49805   0.2285E-03
2.50262   0.1225E-01
2.50873   0.2354E-02
2.51569   0.4650E-02
2.52341   0.7650E-02
2.53684   0.2522E-02
2.54682   0.1865E-02
2.55726   0.1213E-02
2.58283   0.1117E-02
2.58331   0.1170E-02
2.59711   0.1050E-02
2.60685   0.6379E-03
2.60886   0.5810E-03
2.61012   0.1092E-02
2.61898   0.5352E-02
2.64258   0.1073E-02
2.64877   0.1085E-02
2.65470   0.5397E-02
2.65998   0.9819E-03
2.66979   0.4229E-02
2.68562   0.3349E-02
2.68791   0.7698E-02
2.69391   0.2879E-02
2.71049   0.2420E-02
2.71231   0.2239E-01
2.71492   0.8204E-04
2.73252   0.7238E-03
2.73462   0.6367E-03
2.74148   0.1148E-03
2.75490   0.2499E-02
2.75559   0.5579E-03
2.75594   0.3150E-02
2.76143   0.3863E-02
2.77662   0.3340E-02
2.78410   0.4372E-02
2.79581   0.4613E-03
2.80769   0.4870E-02
2.80840   0.1567E-02
2.81338   0.3916E-02
2.82123   0.4558E-04
2.82904   0.5427E-02
2.83160   0.1617E-02
2.83229   0.1290E-02
2.84285   0.3738E-02
2.84455   0.8929E-06
2.86568   0.4385E-02
2.86654   0.7806E-03
2.87685   0.3694E-02
2.88690   0.4322E-03
2.89249   0.8825E-02
2.89779   0.1287E-02
2.90452   0.2386E-03
2.90773   0.5047E-02
2.92440   0.7160E-03
2.93049   0.3947E-03
2.93194   0.1576E-02
2.93342   0.4541E-02
2.94343   0.5557E-02
2.94579   0.2542E-02
2.95352   0.6607E-02
2.96455   0.3619E-02
2.96516   0.2282E-02
2.97142   0.4104E-04
2.97421   0.6474E-04
2.98357   0.4145E-02
2.98599   0.2973E-01
2.98672   0.1641E-02
2.99630   0.7695E-05
3.00029   0.1935E-02
3.00797   0.4041E-02
3.01323   0.9282E-03
3.01976   0.1114E-02
3.02091   0.6981E-03
3.02641   0.5347E-03
3.03002   0.1697E-01
3.03224   0.2910E-02
3.03432   0.2469E-03
3.03871   0.1657E-03
3.04373   0.3858E-02
3.04911   0.1856E-02
3.05232   0.1709E-02
3.05346   0.4914E-02
3.06269   0.1170E-01
3.06384   0.3077E-02
3.06967   0.6791E-02
3.07062   0.7853E-03
3.07654   0.3302E-04
3.08247   0.8325E-03
3.08387   0.6263E-02
3.08649   0.7505E-04
3.09689   0.1331E-01
3.10501   0.5673E-02
3.11248   0.1270E-01
3.12033   0.1831E-02
3.13010   0.8155E-02
3.13773   0.1798E-03
3.14462   0.1013E-02
3.14579   0.1767E-02
3.14930   0.1455E-02
3.15216   0.3543E-02
3.15567   0.6833E-02
3.15704   0.1294E-02
3.16674   0.1065E-02
3.16999   0.1320E-01
3.17415   0.3550E-02
3.17882   0.5450E-04
3.18095   0.5383E-03
3.18803   0.6756E-02
3.19149   0.2215E-01
3.19632   0.2459E-03
3.19734   0.1160E-01
3.20251   0.8104E-03
3.20281   0.2268E-02
3.20463   0.4241E-02
3.20761   0.5584E-03
3.21241   0.6313E-02
3.21420   0.4276E-03
3.21656   0.4886E-02
3.22259   0.1646E-01
3.22790   0.3024E-02
3.22815   0.5298E-02
3.23838   0.2272E-02
3.24205   0.1198E-02
3.24562   0.9856E-04
3.24611   0.3081E-02
3.25109   0.2446E-02
3.26067   0.3641E-02
3.26185   0.1630E-03
3.26582   0.1168E-01
3.27704   0.9851E-02
3.28218   0.1867E-01
3.28525   0.1009E-01
3.29083   0.1343E-02
3.29253   0.7531E-04
3.29550   0.1852E-02
3.30020   0.2169E-02
3.30122   0.1158E-02
3.31400   0.4331E-02
3.31468   0.1110E-02
3.32032   0.2495E-01
3.32096   0.2045E-02
3.32397   0.2733E-02
3.33082   0.1914E-01
3.33374   0.2220E-03
3.33934   0.2778E-02
3.34589   0.1088E-02
3.34829   0.2099E-04
3.35636   0.1852E-01
3.35717   0.8725E-02
3.35751   0.2296E-01
3.36220   0.5990E-03
3.36727   0.2256E-02
3.37144   0.1521E-01
3.37467   0.2738E-02
3.37893   0.2256E-02
3.38034   0.4181E-03
3.38161   0.2976E-03
3.38533   0.4317E-02
3.38769   0.8182E-02
3.39133   0.9046E-04
3.39618   0.1773E-02
3.40049   0.2332E-01
3.40187   0.2008E-02
3.40227   0.4161E-02
3.40533   0.7518E-02
3.41009   0.2313E-02
3.41129   0.3564E-03
3.41307   0.1284E-02
3.42286   0.4695E-02
3.42833   0.2131E-02
3.42963   0.6289E-02
3.43235   0.6342E-02
3.43529   0.4655E-04
3.43942   0.4685E-03
3.43994   0.1659E-03
3.44038   0.2932E-02
3.44154   0.2733E-02
3.44488   0.7618E-03
3.44917   0.3932E-03
3.44980   0.1181E-02
3.45153   0.4529E-03
3.45290   0.1003E-01
3.45749   0.8865E-03
3.45899   0.6643E-02
3.46150   0.6506E-02
3.46723   0.3959E-02
3.46996   0.8279E-03
3.47101   0.2645E-01
3.47425   0.2579E-01
3.47539   0.3867E-02
3.47792   0.4633E-03
3.48281   0.7225E-02
3.48555   0.1207E-02
3.48734   0.3055E-02
3.49118   0.4215E-02
3.49564   0.4667E-02
3.49736   0.4193E-03
3.49842   0.8278E-02
3.49887   0.7392E-02
3.50188   0.6228E-02
3.50251   0.1244E-01
3.50737   0.2908E-02
3.50957   0.1792E-02
3.51128   0.1306E-02
3.51399   0.1244E-02
3.51639   0.4667E-02
3.52115   0.3333E-02
3.52475   0.1263E-01
3.52641   0.3216E-01
3.52881   0.4264E-02
3.53840   0.1061E-02
3.54222   0.1112E-01
3.55077   0.1364E-02
3.55165   0.2383E-01
3.55432   0.2309E-02
3.55471   0.2931E-02
3.55725   0.5187E-04
3.56150   0.8746E-02
3.56226   0.2836E-03
3.56381   0.1679E-02
3.56614   0.1311E-02
3.56678   0.1365E-02
3.57030   0.3833E-04
3.57288   0.6302E-02
3.57354   0.7186E-04
3.57718   0.6990E-02
3.58061   0.2692E-02
3.58107   0.4793E-02
3.58298   0.2967E-03
3.58514   0.5392E-03
3.58790   0.1356E-02
3.59047   0.5792E-02
3.59162   0.4300E-02
3.59207   0.4273E-02
3.59298   0.5802E-02
3.59635   0.2206E-04
3.59909   0.2686E-03
3.60039   0.5945E-02
3.60230   0.2572E-02
3.60341   0.4196E-02
3.60793   0.3381E-02
3.60951   0.5144E-02
3.61378   0.5728E-02
3.61529   0.1675E-02
3.61860   0.5079E-03
3.61965   0.5387E-03
3.62117   0.3315E-02
3.62190   0.4409E-02
3.62682   0.1575E-01
3.62824   0.1316E-02
3.63046   0.1013E-02
3.63276   0.1547E-02
3.63629   0.1521E-01
3.63695   0.2443E-01
3.63827   0.2244E-01
3.64438   0.1725E-03
3.64609   0.1138E-02
3.65076   0.2106E-02
3.65445   0.4217E-02
3.65645   0.9629E-02
3.65917   0.5702E-03
3.66032   0.3891E-02
3.66200   0.1601E-01
3.66329   0.8305E-03
3.66715   0.3511E-02
3.66788   0.4821E-02
3.66993   0.4919E-02
3.67067   0.3674E-02
3.67244   0.6022E-02
3.67602   0.1445E-02