300 1
1.96880   0.4462E-02
1.99211   0.1725E-02
2.05588   0.4013E-01
2.09802   0.4561E-03
2.28152   0.1466E-02
2.33299   0.2737E-02
2.38835   0.5133E-01
2.39982   0.1128E-01
2.41779   0.1062E-02
2.44544   0.1309E-02
2.46324   0.3379E-01
2.47765   0.2068E-02
2.49642   0.4693E-03
2.52948   0.6479E-02
2.55897   0.9658E-02
2.58084   0.1116E-01
2.60388   0.9389E-02
2.61303   0.9496E-03
2.63702   0.2606E-02
2.65469   0.1863E-02
2.67180   0.6988E-02
2.69991   0.1074E-02
2.70307   0.5592E-03
2.72089   0.1237E-02
2.73627   0.1422E-02
2.74808   0.8684E-01
2.77161   0.5683E-02
2.77667   0.2713E-02
2.77822   0.4280E-02
2.80765   0.8071E-03
2.81015   0.1048E-01
2.82113   0.6350E-03
2.83370   0.6174E-02
2.83593   0.9027E-03
2.85177   0.4397E-03
2.86084   0.1168E-01
2.86861   0.1187E-01
2.87921   0.7225E-02
2.88935   0.3534E-02
2.90267   0.1130E-01
2.91216   0.4583E-01
2.91951   0.1602E-01
2.93581   0.3031E-02
2.93891   0.3242E-02
2.94276   0.1281E-01
2.96067   0.2699E-02
2.96648   0.2476E-02
2.97451   0.1256E-01
2.98997   0.1107E-02
3.00221   0.5107E-02
3.01109   0.4958E-02
3.01552   0.9811E-02
3.01999   0.2494E-02
3.02686   0.2497E-02
3.04648   0.2982E-02
3.05013   0.1542E-01
3.05547   0.5916E-02
3.05796   0.3670E-02
3.05982   0.8883E-02
3.07669   0.1420E-02
3.08038   0.1979E-02
3.09208   0.5295E-03
3.09630   0.3701E-03
3.10778   0.1142E-02
3.11174   0.4996E-02
3.12176   0.2522E-02
3.12291   0.1425E-02
3.12899   0.1669E-02
3.13000   0.1519E-02
3.14490   0.1961E-01
3.15032   0.2787E-01
3.15417   0.9265E-02
3.15801   0.5109E-02
3.15991   0.7225E-02
3.16433   0.5249E-02
3.16636   0.6400E-02
3.17615   0.5648E-03
3.18125   0.1831E-02
3.18790   0.3649E-02
3.19499   0.1628E-01
3.20112   0.7092E-03
3.20655   0.6279E-03
3.21216   0.1046E-01
3.21536   0.3769E-02
3.21831   0.1910E-02
3.22275   0.1153E-02
3.22789   0.3021E-02
3.23275   0.1233E-02
3.23734   0.2270E-02
3.24230   0.7521E-02
3.24364   0.2177E-02
3.24924   0.4132E-02
3.25614   0.5297E-02
3.26312   0.1148E-01
3.26400   0.5047E-02
3.26747   0.8371E-02
3.27188   0.5575E-02
3.28104   0.6496E-02
3.28718   0.1014E-01
3.29028   0.4392E-02
3.29208   0.9481E-03
3.29664   0.2327E-02
3.30121   0.5401E-02
3.30749   0.3911E-02
3.30925   0.1486E-02
3.31080   0.1898E-02
3.31384   0.1614E-02
3.31787   0.2035E-02
3.31916   0.4862E-02
3.32604   0.2485E-02
3.32921   0.5832E-02
3.33544   0.2747E-02
3.34020   0.8112E-03
3.34109   0.4053E-02
3.34369   0.8440E-02
3.34786   0.2701E-02
3.35036   0.5845E-02
3.35681   0.9523E-03
3.35823   0.1531E-01
3.36154   0.4951E-02
3.36266   0.1979E-02
3.36840   0.8634E-02
3.37269   0.1287E-01
3.37366   0.6576E-02
3.38448   0.5601E-02
3.38699   0.5206E-02
3.39099   0.4583E-02
3.39294   0.1221E-01
3.40034   0.3972E-02
3.40730   0.5261E-02
3.41078   0.2796E-02
3.41444   0.2907E-02
3.41876   0.6111E-02
3.41905   0.5735E-03
3.42057   0.9916E-02
3.42500   0.2625E-02
3.42645   0.1326E-02
3.42794   0.6770E-03
3.43255   0.1335E-02
3.43592   0.8824E-02
3.43770   0.6167E-03
3.44049   0.5115E-02
3.44172   0.2572E-02
3.44335   0.5356E-02
3.44994   0.1101E-01
3.45195   0.3608E-02
3.45460   0.8220E-02
3.45796   0.9750E-02
3.46564   0.6376E-02
3.46757   0.4780E-02
3.47173   0.1091E-01
3.47756   0.5286E-02
3.48007   0.4263E-02
3.48252   0.1516E-01
3.49055   0.2454E-03
3.49138   0.6171E-04
3.49533   0.1470E-01
3.49842   0.1689E-01
3.50228   0.7762E-02
3.50310   0.1384E-01
3.50609   0.2015E-01
3.50963   0.2767E-02
3.51179   0.1999E-02
3.51651   0.1306E-02
3.52630   0.7767E-03
3.52753   0.4536E-02
3.53057   0.2326E-02
3.53173   0.9560E-02
3.53455   0.6770E-03
3.53800   0.2400E-02
3.53876   0.3673E-02
3.54052   0.2181E-01
3.54474   0.2522E-03
3.54743   0.3594E-02
3.54885   0.1633E-02
3.55419   0.7576E-02
3.55501   0.1838E-01
3.55896   0.1187E-01
3.56586   0.2135E-02
3.56973   0.7039E-03
3.57095   0.1412E-01
3.57529   0.1587E-01
3.58123   0.4702E-02
3.58833   0.4329E-03
3.58903   0.8703E-03
3.59170   0.5981E-03
3.59273   0.8173E-03
3.59754   0.3412E-03
3.60166   0.3342E-01
3.60552   0.6391E-02
3.60624   0.3344E-01
3.60886   0.2194E-02
3.61320   0.5295E-02
3.61549   0.4383E-02
3.61884   0.4982E-02
3.62339   0.1259E-01
3.62493   0.1272E-01
3.62812   0.2005E-02
3.62926   0.2750E-02
3.63421   0.1182E-02
3.63778   0.4494E-03
3.63959   0.4191E-03
3.64234   0.6409E-03
3.64334   0.9779E-03
3.64543   0.8791E-02
3.64763   0.3130E-02
3.65029   0.1777E-01
3.65192   0.2174E-01
3.65518   0.1236E-01
3.65736   0.7532E-03
3.66118   0.8672E-02
3.66433   0.3687E-02
3.66818   0.1964E-02
3.66992   0.5450E-03
3.67169   0.2040E-02
3.67673   0.3229E-02
3.67703   0.1413E-01
3.67826   0.6591E-03
3.68008   0.4859E-02
3.68093   0.1597E-02
3.68319   0.1629E-02
3.68406   0.2132E-02
3.68719   0.6533E-02
3.68895   0.1014E-01
3.69028   0.1757E-01
3.69130   0.1271E-02
3.69311   0.9904E-04
3.69460   0.2013E-01
3.69576   0.8622E-02
3.69703   0.1446E-02
3.70050   0.1360E-02
3.70311   0.6281E-02
3.70631   0.5919E-02
3.70905   0.2981E-02
3.71122   0.4706E-02
3.71273   0.8165E-03
3.72148   0.3864E-02
3.72328   0.2214E-02
3.72420   0.7606E-02
3.72486   0.3747E-02
3.72616   0.4350E-02
3.72932   0.4842E-02
3.73113   0.1115E-03
3.73239   0.7564E-03
3.73490   0.1675E-02
3.73615   0.6944E-03
3.73878   0.2490E-04
3.73887   0.3066E-02
3.74142   0.1228E-02
3.74303   0.4533E-02
3.74488   0.6531E-03
3.74754   0.2429E-01
3.75065   0.1033E-01
3.75193   0.1642E-02
3.75493   0.1101E-02
3.75623   0.1432E-01
3.76187   0.2168E-01
3.76498   0.6748E-02
3.76647   0.1725E-02
3.76866   0.4375E-02
3.76994   0.1692E-02
3.77182   0.2389E-02
3.77430   0.1079E-02
3.77628   0.3620E-02
3.77828   0.8872E-03
3.77920   0.9300E-02
3.77939   0.1466E-01
3.78305   0.4744E-02
3.78535   0.2722E-02
3.78615   0.1712E-02
3.78734   0.1363E-03
3.78871   0.1824E-02
3.79204   0.1465E-02
3.79256   0.3426E-02
3.79426   0.6621E-02
3.79437   0.2638E-02
3.79707   0.9084E-02
3.79945   0.1054E-03
3.80064   0.2283E-01
3.80224   0.1446E-02
3.80783   0.1463E-02
3.81027   0.1101E-02
3.81100   0.3395E-02
3.81603   0.3332E-02
3.81648   0.1566E-02
3.81725   0.8368E-03
3.81865   0.2138E-02
3.82149   0.3218E-02
3.82325   0.8816E-02
3.82437   0.2657E-02
3.82555   0.9828E-03
3.82718   0.7872E-04
3.82973   0.2479E-02
3.83055   0.1649E-02
3.83273   0.1755E-02
3.83429   0.6730E-02
3.83703   0.5948E-02
3.83800   0.5130E-03
3.84129   0.1437E-02
3.84409   0.4227E-02