300 1
1.20447   0.1478E-02
1.21520   0.6442E-03
1.24972   0.1012E-02
1.29374   0.2359E-01
1.30331   0.2323E-01
1.32945   0.2376E-01
1.91827   0.4011E-05
1.94950   0.1187E-03
1.97662   0.1440E-02
1.97990   0.3896E-05
1.99549   0.2383E-02
1.99701   0.2539E-04
2.00126   0.6533E-03
2.01369   0.1626E-02
2.02310   0.2050E-04
2.03381   0.5888E-02
2.03580   0.9099E-03
2.05154   0.1920E-02
2.05803   0.1602E-04
2.06480   0.1098E-01
2.07428   0.3561E-02
2.08393   0.7220E-05
2.10910   0.6845E-04
2.12053   0.1341E-01
2.13479   0.1048E-01
2.13525   0.1196E-01
2.16910   0.1920E-04
2.18860   0.2238E-01
2.20383   0.9146E-05
2.23274   0.4195E-01
2.23715   0.1078E-02
2.24157   0.3220E-01
2.25016   0.1607E-03
2.25386   0.3687E-04
2.28850   0.1205E-04
2.29617   0.1592E-04
2.32102   0.2898E-04
2.34304   0.1792E-02
2.34510   0.1632E-01
2.35934   0.5491E-04
2.36285   0.2221E-01
2.37353   0.1619E-03
2.39764   0.4157E-05
2.41447   0.7053E-02
2.41734   0.6121E-03
2.41908   0.5268E-03
2.43430   0.1790E-01
2.45011   0.1444E-01
2.45824   0.3130E-04
2.47012   0.1693E-01
2.47516   0.1144E-02
2.47618   0.1186E-01
2.47649   0.2470E-01
2.49451   0.1717E-04
2.50222   0.6824E-05
2.50813   0.1857E-04
2.51762   0.3452E-03
2.52161   0.6910E-01
2.53710   0.6008E-04
2.54231   0.1117E-04
2.56525   0.4818E-05
2.57353   0.1732E-04
2.58105   0.2882E-05
2.58417   0.4185E-04
2.60187   0.3389E-05
2.61095   0.6128E-06
2.64886   0.5598E-02
2.67803   0.2738E-04
2.68551   0.3409E-02
2.69286   0.2540E-02
2.69890   0.2388E-02
2.70522   0.1629E-04
2.70706   0.3675E-02
2.71214   0.7611E-02
2.71532   0.6269E-04
2.71580   0.6012E-03
2.71727   0.7637E-02
2.72136   0.2495E-04
2.72636   0.2268E-04
2.73532   0.4475E-02
2.75222   0.3126E-06
2.75374   0.1165E-02
2.75676   0.1893E-04
2.77005   0.3339E-04
2.78129   0.3284E-02
2.78195   0.2340E-02
2.78383   0.7457E-04
2.78759   0.3765E-02
2.79343   0.4584E-04
2.79522   0.6555E-02
2.80773   0.4180E-02
2.81135   0.3890E-04
2.82222   0.1611E-02
2.83321   0.1067E-01
2.83351   0.1513E-02
2.84797   0.1087E-01
2.85137   0.1277E-06
2.86262   0.4024E-02
2.86361   0.4557E-05
2.86822   0.1954E-02
2.87538   0.8552E-05
2.87602   0.1413E-02
2.89091   0.1479E-01
2.89201   0.4182E-02
2.89518   0.1306E-01
2.89693   0.1455E-03
2.89856   0.4242E-04
2.90518   0.1293E-02
2.90881   0.1693E-02
2.92404   0.2210E-05
2.92687   0.9787E-05
2.93979   0.8076E-02
2.94137   0.2929E-04
2.94668   0.1463E-02
2.95176   0.2670E-02
2.95266   0.2778E-03
2.95571   0.1363E-04
2.95988   0.6096E-05
2.96949   0.1657E-04
2.97074   0.1251E-01
2.97425   0.7463E-02
2.97860   0.4259E-03
2.98238   0.7437E-03
2.98296   0.1132E-01
2.99028   0.1149E-01
2.99159   0.1640E-02
2.99401   0.1293E-01
2.99994   0.3402E-03
3.00261   0.7734E-04
3.00911   0.6914E-02
3.01070   0.2721E-02
3.01761   0.6500E-03
3.02062   0.2771E-01
3.02649   0.2835E-02
3.02731   0.2229E-01
3.03808   0.2184E-04
3.04206   0.1146E-01
3.05233   0.7196E-05
3.06332   0.1377E-04
3.06405   0.1810E-02
3.06504   0.2369E-02
3.06939   0.8031E-02
3.07505   0.1734E-05
3.07571   0.8507E-02
3.07827   0.2524E-02
3.07887   0.1811E-03
3.08134   0.1104E-03
3.08758   0.1493E-01
3.09888   0.3730E-04
3.10256   0.1657E-04
3.10688   0.1388E-01
3.10734   0.9819E-02
3.11202   0.2526E-04
3.11216   0.8048E-04
3.12029   0.1446E-02
3.12261   0.1215E-01
3.12610   0.3572E-03
3.13902   0.3270E-05
3.14299   0.4572E-03
3.14372   0.3075E-02
3.14541   0.4991E-04
3.15114   0.2995E-02
3.15432   0.2640E-03
3.15594   0.4711E-02
3.16119   0.1124E-02
3.16228   0.1038E-03
3.16410   0.1254E-02
3.16807   0.7240E-05
3.17346   0.1160E-02
3.17394   0.3406E-03
3.17882   0.5261E-05
3.18135   0.2855E-03
3.18198   0.5517E-02
3.18522   0.4561E-03
3.18574   0.5353E-04
3.18796   0.8351E-03
3.19133   0.3482E-03
3.19520   0.1952E-03
3.19885   0.3270E-02
3.20207   0.7890E-03
3.20444   0.4148E-02
3.20497   0.3888E-03
3.20797   0.3353E-02
3.20915   0.1959E-02
3.21089   0.1739E-02
3.21164   0.1247E-02
3.21357   0.4549E-03
3.21751   0.5205E-02
3.22779   0.5315E-03
3.23082   0.1004E-01
3.23399   0.1448E-02
3.23828   0.2790E-04
3.24331   0.6025E-03
3.24368   0.3796E-02
3.24703   0.1506E-02
3.24720   0.1344E-02
3.25912   0.2707E-02
3.26199   0.1125E-01
3.26963   0.1504E-01
3.27077   0.1559E-01
3.27136   0.6354E-02
3.27519   0.5198E-04
3.27909   0.1913E-04
3.28358   0.8865E-02
3.28484   0.2672E-03
3.28604   0.6062E-02
3.29189   0.1366E-01
3.29463   0.3180E-02
3.29506   0.1834E-01
3.30242   0.1090E-04
3.30274   0.1062E-02
3.30431   0.6991E-02
3.30969   0.1808E-03
3.31201   0.8647E-04
3.31594   0.2368E-03
3.32084   0.6165E-02
3.32185   0.1771E-02
3.32294   0.1660E-03
3.32521   0.9055E-02
3.32547   0.5633E-02
3.32986   0.1822E-03
3.33109   0.6282E-04
3.33798   0.4276E-02
3.33973   0.1201E-03
3.34161   0.4172E-03
3.34379   0.7429E-02
3.34559   0.1360E-01
3.34655   0.7852E-02
3.34960   0.3173E-02
3.35159   0.6738E-04
3.35365   0.9734E-03
3.35743   0.8062E-02
3.35784   0.9406E-04
3.35983   0.2443E-02
3.36038   0.5339E-02
3.36579   0.1203E-03
3.36964   0.1437E-03
3.36986   0.1094E-01
3.37402   0.3209E-02
3.37615   0.7763E-02
3.37783   0.1979E-01
3.38526   0.2955E-03
3.38800   0.1160E-01
3.39248   0.2277E-02
3.39389   0.9883E-02
3.39627   0.2477E-03
3.39956   0.8739E-05
3.40328   0.5157E-03
3.40435   0.6740E-04
3.41086   0.3298E-02
3.41181   0.1187E-01
3.41306   0.3322E-03
3.41663   0.1238E-03
3.41828   0.2022E-02
3.42227   0.6925E-05
3.42407   0.1007E-01
3.42727   0.3803E-02
3.42812   0.2058E-03
3.42871   0.5041E-02
3.42952   0.2632E-03
3.43223   0.8014E-03
3.43349   0.6052E-02
3.43649   0.1980E-01
3.44108   0.4832E-03
3.44232   0.7705E-02
3.44261   0.1551E-02
3.44753   0.4296E-02
3.44859   0.8719E-03
3.44950   0.2181E-04
3.45491   0.5222E-02
3.45709   0.7153E-04
3.45986   0.9357E-03
3.46404   0.3424E-03
3.46668   0.8007E-05
3.46927   0.1337E-01
3.47336   0.5459E-05
3.47789   0.6861E-02
3.47878   0.3071E-02
3.48206   0.1123E-03
3.48656   0.1930E-01
3.49043   0.5118E-02
3.49066   0.7766E-04
3.49332   0.4436E-01
3.49619   0.3388E-02
3.49643   0.5623E-03
3.50193   0.9248E-05
3.50462   0.2538E-04
3.50606   0.5565E-02
3.50636   0.2784E-02
3.51119   0.3405E-03
3.51177   0.7238E-02
3.51480   0.2116E-02
3.51957   0.1317E-02
3.52045   0.1160E-03
3.52135   0.2175E-04
3.52293   0.6063E-02
3.52554   0.6321E-02
3.52611   0.2454E-02
3.53056   0.1095E-05
3.53168   0.3188E-02