300 1
1.75345   0.9084E-01
1.77552   0.7039E-01
1.86357   0.5282E-01
1.93663   0.2639E-02
2.03694   0.1542E-02
2.05094   0.3395E-02
2.08396   0.7708E-02
2.14674   0.8339E-03
2.17655   0.1628E-01
2.20301   0.4531E-02
2.21507   0.3872E-02
2.22381   0.1626E-02
2.23438   0.1086E-01
2.25933   0.1149E-01
2.29454   0.6117E-02
2.30702   0.1330E-02
2.31652   0.5024E-02
2.32418   0.8370E-02
2.34392   0.5665E-01
2.34822   0.8855E-02
2.37750   0.2507E-01
2.41062   0.2793E-01
2.42768   0.8378E-02
2.43303   0.8288E-02
2.44909   0.5772E-02
2.45994   0.2591E-02
2.47067   0.1631E-02
2.49722   0.2089E-02
2.50908   0.6300E-02
2.51855   0.3592E-02
2.51959   0.9261E-02
2.52768   0.8011E-02
2.53309   0.4190E-02
2.55196   0.1027E-01
2.57298   0.1714E-02
2.57691   0.3156E-02
2.59550   0.1549E-02
2.59831   0.1768E-02
2.60053   0.4575E-02
2.60749   0.8154E-02
2.62027   0.2908E-02
2.63171   0.1966E-02
2.64306   0.7584E-03
2.65818   0.1140E-02
2.67415   0.3241E-02
2.67856   0.1409E-02
2.69132   0.9050E-02
2.69407   0.2656E-02
2.70266   0.6385E-03
2.70811   0.4328E-02
2.71240   0.1223E-02
2.72093   0.7946E-02
2.72667   0.2493E-01
2.73109   0.5184E-02
2.74167   0.2760E-03
2.74660   0.1152E-02
2.75963   0.1635E-02
2.77319   0.8733E-02
2.78929   0.1860E-02
2.79420   0.1293E-01
2.80242   0.1205E-01
2.80309   0.5336E-02
2.80648   0.3753E-02
2.81836   0.6846E-02
2.82039   0.8794E-02
2.82468   0.1763E-02
2.82914   0.3984E-02
2.83441   0.2650E-02
2.83807   0.3166E-02
2.85335   0.5722E-02
2.86634   0.1584E-02
2.87084   0.2109E-02
2.87400   0.3518E-02
2.87798   0.4048E-02
2.88011   0.4153E-02
2.88202   0.4262E-03
2.88598   0.1205E-02
2.88818   0.1194E-01
2.88996   0.8225E-02
2.89648   0.2821E-02
2.90229   0.2209E-01
2.91268   0.2047E-02
2.91932   0.1146E-01
2.92420   0.3862E-02
2.92555   0.5897E-02
2.93132   0.3180E-02
2.94032   0.6432E-03
2.94724   0.1060E-02
2.95009   0.5275E-03
2.95418   0.4190E-03
2.96058   0.1937E-02
2.96649   0.1329E-01
2.97025   0.1158E-01
2.97252   0.1777E-02
2.98215   0.5648E-02
2.99293   0.1681E-02
2.99575   0.1017E-02
3.00144   0.5826E-02
3.00810   0.1894E-02
3.01073   0.5816E-03
3.01194   0.1786E-02
3.01798   0.1901E-02
3.01848   0.8406E-02
3.02276   0.3452E-02
3.02509   0.1178E-02
3.02671   0.4572E-02
3.03113   0.9105E-03
3.03558   0.4278E-02
3.04106   0.5607E-03
3.04369   0.4576E-03
3.04501   0.2919E-02
3.04763   0.2645E-04
3.04979   0.1417E-02
3.05216   0.1624E-02
3.05656   0.7534E-02
3.06192   0.3447E-02
3.06620   0.2101E-02
3.07195   0.8430E-02
3.07412   0.1876E-02
3.08286   0.9928E-02
3.08721   0.2592E-02
3.09381   0.3372E-02
3.09661   0.1768E-02
3.09968   0.9158E-03
3.10264   0.2530E-03
3.10570   0.2331E-02
3.11033   0.2605E-02
3.11307   0.2198E-02
3.11479   0.4457E-02
3.11739   0.6611E-02
3.12149   0.8851E-02
3.12218   0.4042E-02
3.12494   0.2847E-02
3.12719   0.5724E-03
3.13091   0.7912E-03
3.13397   0.3108E-03
3.13559   0.2879E-03
3.13859   0.4346E-02
3.14000   0.3086E-02
3.14251   0.3744E-02
3.14951   0.1264E-02
3.15080   0.2656E-01
3.15604   0.3434E-02
3.15953   0.2034E-02
3.16113   0.2304E-01
3.16600   0.5853E-02
3.16825   0.1689E-01
3.17319   0.5577E-03
3.17587   0.4899E-03
3.17634   0.4596E-02
3.18355   0.5900E-02
3.18829   0.1682E-02
3.18971   0.1927E-02
3.19436   0.2606E-02
3.19769   0.1175E-01
3.20037   0.8826E-02
3.20521   0.1222E-01
3.20685   0.7036E-02
3.21321   0.1170E-01
3.21402   0.1082E-02
3.21851   0.3933E-02
3.22069   0.5839E-02
3.22170   0.6566E-03
3.22309   0.3933E-02
3.22814   0.1758E-01
3.22996   0.1189E-01
3.23208   0.3663E-02
3.23791   0.1806E-02
3.24035   0.1060E-01
3.24161   0.7350E-02
3.24329   0.8080E-02
3.24492   0.1439E-03
3.24793   0.2511E-02
3.25136   0.2510E-02
3.25398   0.3453E-02
3.25781   0.2047E-02
3.26026   0.4097E-02
3.26634   0.1916E-02
3.26683   0.5614E-02
3.27378   0.3944E-02
3.27456   0.2394E-02
3.27586   0.6529E-03
3.27976   0.1174E-01
3.28331   0.5465E-02
3.28775   0.8246E-02
3.29329   0.1113E-02
3.29668   0.3055E-02
3.29780   0.3811E-02
3.30071   0.9568E-02
3.30489   0.7466E-02
3.30912   0.7886E-03
3.31286   0.1451E-02
3.31507   0.1541E-01
3.31836   0.2976E-02
3.32186   0.2005E-01
3.32519   0.2367E-02
3.32570   0.3062E-02
3.32861   0.6454E-02
3.33343   0.9533E-02
3.33685   0.1968E-02
3.34078   0.4265E-02
3.34237   0.7223E-03
3.34442   0.7027E-03
3.34477   0.5897E-02
3.34589   0.6877E-02
3.34799   0.1104E-02
3.35006   0.9769E-02
3.35227   0.7979E-03
3.35632   0.8626E-03
3.35920   0.3215E-02
3.36091   0.1263E-02
3.36516   0.9539E-03
3.36843   0.1015E-01
3.37108   0.1984E-02
3.37310   0.1058E-02
3.37421   0.4092E-02
3.37713   0.8922E-03
3.37817   0.1992E-02
3.38288   0.6302E-03
3.38444   0.2546E-02
3.38684   0.3346E-02
3.38872   0.5634E-02
3.39023   0.4580E-02
3.39392   0.6474E-02
3.39623   0.1734E-02
3.39737   0.1287E-02
3.39862   0.4623E-02
3.40107   0.4195E-02
3.40326   0.1724E-02
3.40464   0.2345E-02
3.40658   0.2595E-02
3.40808   0.2567E-02
3.40867   0.8904E-02
3.41333   0.9648E-02
3.42055   0.8439E-02
3.42061   0.2003E-02
3.42509   0.2889E-02
3.42695   0.2741E-02
3.42849   0.4369E-02
3.43344   0.1825E-02
3.43451   0.1433E-03
3.43648   0.1281E-02
3.43922   0.5519E-02
3.44088   0.1830E-02
3.44370   0.2285E-02
3.44470   0.1312E-02
3.44747   0.5298E-02
3.44811   0.3843E-02
3.45033   0.4921E-03
3.45403   0.3495E-02
3.45550   0.4238E-02
3.45747   0.2480E-02
3.45956   0.5632E-03
3.46013   0.1624E-01
3.46023   0.3169E-02
3.46329   0.6646E-02
3.46753   0.1101E-01
3.46871   0.1181E-01
3.47180   0.2536E-02
3.47447   0.7525E-02
3.47659   0.3654E-02
3.47869   0.1045E-02
3.47954   0.9109E-02
3.48171   0.2755E-02
3.48222   0.1095E-02
3.48391   0.3795E-02
3.48649   0.3501E-02
3.48809   0.1343E-01
3.49015   0.6243E-03
3.49102   0.4547E-02
3.49170   0.1441E-02
3.49512   0.2634E-02
3.49751   0.2824E-02
3.50032   0.6913E-02
3.50249   0.4031E-03
3.50438   0.2747E-02
3.50588   0.2508E-02
3.50888   0.1350E-02
3.51063   0.1868E-02
3.51375   0.6182E-02
3.51466   0.2077E-02
3.51886   0.2499E-02
3.52319   0.3045E-02
3.52464   0.3983E-02
3.52556   0.2763E-02
3.52671   0.3822E-02
3.52829   0.4198E-02
3.52965   0.1289E-02
3.53088   0.2331E-02
3.53266   0.1264E-02
3.53371   0.1637E-02
3.53613   0.8514E-04
3.53659   0.3063E-02
3.53939   0.3202E-02
3.53987   0.5417E-02
3.54073   0.1371E-01
3.54464   0.5162E-02
3.54649   0.2654E-02
3.54901   0.1318E-03
3.55111   0.1547E-02