300 1
1.52769   0.1421E-03
1.59787   0.5078E-02
1.66247   0.3572E-03
1.66459   0.8612E-04
1.72701   0.3831E-02
1.75873   0.2012E-01
1.79232   0.3624E-04
1.86902   0.8535E-01
1.88192   0.2184E-04
1.99408   0.5031E-04
2.00877   0.9079E-04
2.01571   0.4536E-02
2.07828   0.4142E-02
2.08282   0.1954E-03
2.08878   0.3077E-02
2.09042   0.4940E-03
2.11950   0.1103E-04
2.16474   0.2573E-04
2.17474   0.2965E-04
2.19813   0.4645E-02
2.21978   0.7102E-01
2.22158   0.4852E-02
2.24179   0.3309E-03
2.26432   0.8939E-03
2.26858   0.1571E-04
2.27428   0.2535E-03
2.28005   0.1732E-02
2.30224   0.5723E-04
2.31470   0.2303E-03
2.31483   0.1424E-01
2.32155   0.1100E-02
2.36303   0.4900E-02
2.37338   0.5596E-01
2.39384   0.8756E-02
2.40434   0.7347E-02
2.40660   0.1001E-03
2.43732   0.5291E-02
2.44154   0.1431E-01
2.45489   0.7479E-04
2.45893   0.5196E-02
2.48409   0.3432E-02
2.48740   0.1952E-03
2.53457   0.3028E-03
2.53882   0.2380E-01
2.54151   0.3480E-03
2.54561   0.8308E-02
2.55754   0.8631E-04
2.55798   0.3466E-05
2.57462   0.3054E-02
2.58091   0.1044E-03
2.59598   0.2742E-01
2.60705   0.4175E-04
2.62086   0.1794E-03
2.62128   0.5922E-03
2.62326   0.4984E-02
2.63152   0.1460E-04
2.66571   0.1774E-04
2.66801   0.5288E-02
2.67632   0.2359E-02
2.67804   0.4235E-05
2.67824   0.2819E-04
2.67904   0.6619E-03
2.69170   0.2195E-01
2.69206   0.2996E-02
2.69592   0.6326E-02
2.69773   0.4371E-03
2.70854   0.9069E-03
2.71156   0.1370E-02
2.71665   0.1875E-02
2.71884   0.1211E-03
2.72567   0.4618E-02
2.73126   0.2555E-04
2.73522   0.1097E-02
2.74359   0.2042E-05
2.74772   0.4616E-02
2.75406   0.1999E-04
2.76114   0.2613E-02
2.76216   0.8157E-03
2.76488   0.3212E-02
2.76778   0.3494E-03
2.77048   0.7498E-03
2.77129   0.3541E-03
2.78307   0.1065E-03
2.78870   0.1136E-02
2.80039   0.2326E-02
2.80359   0.1174E-02
2.80399   0.3417E-03
2.80968   0.7691E-02
2.81355   0.1731E-03
2.82308   0.1264E-01
2.83075   0.3069E-05
2.83961   0.3416E-03
2.84312   0.6088E-03
2.84665   0.1817E-03
2.84803   0.3991E-05
2.86325   0.1359E-01
2.86630   0.6052E-03
2.87071   0.1675E-02
2.87284   0.1456E-01
2.87326   0.1101E-01
2.87648   0.5826E-03
2.87959   0.9671E-04
2.88112   0.9171E-03
2.88171   0.2053E-02
2.88256   0.1987E-02
2.88361   0.5184E-03
2.88738   0.1384E-02
2.88908   0.1529E-01
2.89571   0.3684E-03
2.90262   0.8825E-04
2.90431   0.3609E-04
2.92552   0.4095E-03
2.93179   0.1239E-01
2.94430   0.1226E-04
2.94765   0.1708E-02
2.95785   0.4766E-02
2.96334   0.1230E-03
2.96671   0.1927E-02
2.97029   0.1309E-01
2.97607   0.1884E-04
2.98397   0.3082E-02
2.98651   0.3872E-02
2.98730   0.2508E-03
2.98825   0.4907E-02
2.99720   0.2995E-02
3.00326   0.9118E-03
3.00644   0.1734E-01
3.01387   0.4233E-02
3.01614   0.7211E-01
3.01683   0.1598E-01
3.01814   0.2123E-02
3.01831   0.2534E-02
3.01943   0.1235E-01
3.02718   0.1055E-03
3.02813   0.2936E-02
3.02901   0.5374E-03
3.03543   0.6903E-03
3.03607   0.4036E-03
3.04190   0.2805E-04
3.05188   0.1766E-03
3.05590   0.9685E-03
3.06447   0.6805E-05
3.06797   0.9177E-02
3.07456   0.2092E-02
3.07657   0.2238E-02
3.07919   0.1974E-01
3.08388   0.6112E-02
3.08475   0.1510E-01
3.08730   0.1556E-02
3.08929   0.1767E-03
3.09948   0.3397E-04
3.10083   0.8267E-04
3.10376   0.2243E-02
3.10573   0.1047E-01
3.11286   0.1395E-02
3.11412   0.2509E-02
3.11615   0.2986E-02
3.11882   0.3237E-04
3.13804   0.1254E-04
3.14628   0.8424E-04
3.14752   0.8019E-03
3.14945   0.5346E-04
3.15038   0.3211E-03
3.15608   0.1103E-04
3.16354   0.6432E-03
3.16501   0.3708E-02
3.16846   0.2113E-02
3.16961   0.3262E-02
3.17166   0.4786E-04
3.17392   0.1005E-02
3.18199   0.2345E-03
3.18741   0.2144E-02
3.19060   0.2060E-02
3.20277   0.4123E-04
3.21061   0.7285E-02
3.21197   0.1153E-03
3.21441   0.8115E-03
3.21599   0.1408E-03
3.22180   0.4144E-02
3.22205   0.1145E-03
3.22443   0.4762E-01
3.22796   0.2717E-02
3.22987   0.2471E-02
3.23509   0.3435E-03
3.23635   0.1263E-02
3.23665   0.2806E-04
3.23754   0.1297E-02
3.23980   0.2612E-03
3.24395   0.4464E-02
3.25117   0.6463E-03
3.25195   0.1157E-01
3.25317   0.5964E-02
3.25912   0.2693E-02
3.26109   0.4529E-01
3.26290   0.5345E-04
3.26301   0.2320E-02
3.26785   0.3223E-03
3.26994   0.8868E-03
3.27016   0.7922E-04
3.27239   0.4697E-03
3.27653   0.8074E-03
3.27838   0.2190E-02
3.28799   0.6042E-01
3.28830   0.7713E-03
3.29435   0.7476E-02
3.29470   0.2252E-02
3.29487   0.3009E-02
3.30155   0.6836E-02
3.30370   0.9323E-02
3.30747   0.6802E-03
3.30778   0.8316E-03
3.30882   0.2050E-04
3.31431   0.4231E-02
3.31828   0.3750E-03
3.31930   0.7031E-03
3.32376   0.3325E-01
3.32390   0.7114E-04
3.32556   0.6112E-03
3.32744   0.1200E-01
3.32842   0.9125E-02
3.33118   0.3569E-02
3.33265   0.8470E-03
3.33457   0.1342E-02
3.33655   0.1289E-02
3.34135   0.1865E-01
3.34144   0.2096E-02
3.34828   0.1697E-02
3.35133   0.2187E-02
3.35279   0.1468E-01
3.35628   0.2393E-02
3.35697   0.9457E-02
3.35873   0.3182E-02
3.36344   0.2837E-03
3.36706   0.6891E-02
3.36918   0.9110E-03
3.37304   0.9527E-02
3.37368   0.4164E-03
3.37618   0.7989E-03
3.37841   0.2943E-04
3.38204   0.1263E-01
3.38337   0.2194E-03
3.38706   0.3334E-02
3.39109   0.3878E-02
3.39217   0.7325E-03
3.39379   0.2767E-02
3.39516   0.5721E-02
3.39920   0.2491E-04
3.40043   0.1594E-04
3.40284   0.1285E-02
3.40289   0.1764E-02
3.40577   0.4542E-04
3.41026   0.7675E-02
3.41244   0.1595E-03
3.41399   0.1402E-02
3.41540   0.1856E-03
3.41667   0.1044E-02
3.42083   0.1513E-02
3.42267   0.5445E-03
3.42404   0.1440E-02
3.42514   0.4277E-03
3.42788   0.2587E-01
3.43211   0.1405E-02
3.43399   0.2214E-01
3.43512   0.1850E-02
3.43586   0.1445E-01
3.43653   0.3827E-01
3.43975   0.1610E-04
3.44804   0.2583E-02
3.44908   0.5667E-02
3.45392   0.4536E-02
3.45532   0.5478E-03
3.45622   0.3639E-03
3.45779   0.1362E-01
3.46138   0.1591E-03
3.46186   0.2900E-03
3.46265   0.3870E-03
3.46439   0.2563E-03
3.46548   0.1341E-02
3.46579   0.9461E-03
3.46717   0.6456E-03
3.46754   0.1407E-02
3.46943   0.3313E-04
3.47098   0.6718E-01
3.47246   0.1336E-01
3.47439   0.5953E-03
3.47687   0.2790E-03
3.48058   0.4163E-03
3.48153   0.8978E-04
3.48598   0.1238E-02
3.48928   0.1124E-03
3.48977   0.3022E-02
3.49257   0.2535E-03
3.49276   0.3391E-04
3.49358   0.3665E-02
3.49477   0.1698E-03
3.49709   0.1081E-01
3.50140   0.8539E-04
3.50429   0.7759E-02
3.50641   0.3484E-02
3.50959   0.3531E-03