300 1
1.67569   0.5675E-03
1.69068   0.2290E-02
1.77100   0.8133E-03
1.80778   0.2093E-04
1.93750   0.2647E-02
1.95853   0.3431E-01
1.97994   0.5562E-03
1.98764   0.1859E-03
2.02712   0.4096E-03
2.09621   0.2481E-02
2.12457   0.4531E-02
2.19038   0.1880E-02
2.20726   0.3827E-02
2.21487   0.1991E-01
2.22485   0.4523E-03
2.24004   0.6920E-02
2.24324   0.3443E-04
2.25124   0.1919E-03
2.25595   0.1076E-02
2.26794   0.7947E-04
2.27885   0.1623E-03
2.29684   0.1131E-01
2.31571   0.1862E-03
2.32602   0.1277E-04
2.34040   0.3536E-02
2.35120   0.8763E-04
2.35925   0.1969E-03
2.38396   0.1155E-01
2.40039   0.3752E-04
2.40481   0.4715E-02
2.42838   0.1073E-03
2.42893   0.3787E-02
2.42974   0.1695E-02
2.43679   0.3425E-03
2.44306   0.1714E-03
2.45571   0.3857E-02
2.45953   0.2564E-03
2.46856   0.7651E-02
2.47300   0.4284E-02
2.47814   0.9031E-02
2.48402   0.3282E-02
2.48646   0.1215E-01
2.50646   0.8690E-03
2.53229   0.1629E-02
2.53330   0.1241E-01
2.53717   0.3966E-01
2.54736   0.1547E-03
2.55619   0.2391E-02
2.56065   0.4799E-02
2.56633   0.4195E-02
2.57288   0.1183E-02
2.57446   0.3800E-03
2.59266   0.2635E-03
2.61074   0.3171E-03
2.61737   0.9137E-03
2.62789   0.2132E-04
2.63728   0.1169E-03
2.64974   0.3354E-02
2.66228   0.4951E-02
2.66483   0.4167E-02
2.66761   0.2357E-03
2.67268   0.3646E-02
2.67482   0.1871E-02
2.68410   0.2414E-02
2.69844   0.9105E-03
2.70516   0.3542E-03
2.71678   0.4080E-03
2.71988   0.2080E-02
2.72960   0.1495E-02
2.73698   0.8515E-03
2.73767   0.4143E-03
2.74223   0.1048E-02
2.74756   0.5470E-02
2.75483   0.5062E-03
2.75530   0.2525E-03
2.76330   0.5237E-02
2.77006   0.2073E-01
2.79951   0.1593E-02
2.81267   0.6233E-04
2.81510   0.5352E-03
2.81517   0.8801E-02
2.82089   0.6972E-03
2.82511   0.5192E-02
2.83108   0.2011E-02
2.83232   0.6018E-04
2.83622   0.5464E-02
2.84678   0.9303E-05
2.84777   0.1679E-01
2.85322   0.1060E-01
2.85408   0.6368E-02
2.86287   0.7878E-03
2.87314   0.1344E-01
2.87514   0.1068E-02
2.87970   0.1707E-02
2.88164   0.6094E-02
2.89050   0.8444E-02
2.89302   0.6334E-02
2.89670   0.1329E-01
2.90054   0.1360E-03
2.90716   0.6121E-02
2.90926   0.2256E-03
2.91528   0.1172E-02
2.91544   0.2367E-02
2.91652   0.2148E-02
2.91966   0.3111E-03
2.92738   0.1841E-02
2.92955   0.2692E-02
2.93286   0.7856E-03
2.93547   0.5028E-02
2.93826   0.1695E-02
2.94053   0.4737E-02
2.94377   0.1658E-01
2.94592   0.1300E-01
2.94704   0.4175E-02
2.95048   0.8211E-02
2.95375   0.9232E-03
2.95572   0.6426E-03
2.96014   0.2725E-03
2.97192   0.8241E-03
2.97849   0.5514E-02
2.97964   0.4260E-02
2.98646   0.1216E-03
2.99078   0.1010E-03
2.99328   0.2975E-02
2.99565   0.3033E-01
3.00249   0.7992E-02
3.00922   0.1228E-02
3.01332   0.1865E-02
3.01625   0.3326E-03
3.01699   0.1471E-02
3.01972   0.2719E-02
3.02316   0.2406E-02
3.02720   0.4823E-02
3.03200   0.1049E-02
3.03422   0.1440E-01
3.03518   0.2766E-03
3.03868   0.9450E-02
3.04151   0.4241E-02
3.05448   0.3541E-01
3.05939   0.5562E-02
3.06434   0.2290E-02
3.07003   0.6777E-02
3.07189   0.2866E-02
3.07792   0.1247E-02
3.07979   0.6971E-02
3.08038   0.4946E-02
3.08490   0.1468E-01
3.09084   0.9277E-03
3.09139   0.1086E-02
3.09398   0.2369E-02
3.09715   0.2855E-03
3.10109   0.2598E-02
3.10516   0.4033E-03
3.10755   0.1332E-02
3.11300   0.1151E-02
3.11588   0.1314E-02
3.11678   0.1317E-02
3.11938   0.1909E-02
3.12012   0.6535E-02
3.12247   0.1004E-02
3.12312   0.4078E-02
3.12894   0.1112E-01
3.13471   0.5718E-02
3.13956   0.6551E-03
3.14455   0.1186E-01
3.14743   0.2754E-03
3.15038   0.8377E-02
3.15317   0.4551E-02
3.15506   0.3962E-02
3.15829   0.2551E-03
3.17098   0.1388E-02
3.17187   0.4045E-03
3.17241   0.1537E-01
3.18186   0.1117E-03
3.19047   0.2912E-04
3.19453   0.2159E-01
3.19640   0.1049E-02
3.20231   0.2362E-02
3.20452   0.5387E-02
3.20908   0.9920E-04
3.21926   0.1467E-01
3.22358   0.1161E-01
3.22521   0.1230E-01
3.22929   0.1724E-01
3.23084   0.5009E-02
3.23497   0.3465E-03
3.23659   0.1834E-03
3.24083   0.1333E-03
3.24847   0.2242E-03
3.25101   0.2188E-03
3.25647   0.4216E-03
3.25884   0.8897E-03
3.26922   0.1650E-03
3.27156   0.8872E-03
3.27613   0.2931E-02
3.27972   0.1019E-02
3.28051   0.4364E-02
3.28705   0.1781E-03
3.28771   0.1365E-02
3.28890   0.1656E-02
3.29023   0.1364E-02
3.29503   0.1447E-02
3.29808   0.6573E-04
3.29913   0.6346E-02
3.29996   0.3937E-02
3.30530   0.1001E-01
3.30644   0.3430E-03
3.30709   0.1080E-02
3.31232   0.1203E-01
3.31361   0.2393E-02
3.31990   0.2318E-03
3.32167   0.8087E-03
3.32468   0.1307E-01
3.32857   0.3683E-02
3.32911   0.4600E-02
3.33177   0.3705E-03
3.33513   0.7945E-02
3.33708   0.4897E-02
3.34165   0.1163E-01
3.34518   0.2835E-02
3.35085   0.5151E-02
3.35227   0.2316E-01
3.35909   0.3073E-02
3.35996   0.2491E-02
3.36211   0.1531E-01
3.36455   0.5525E-02
3.36555   0.5274E-02
3.37143   0.8958E-04
3.37210   0.1917E-02
3.37348   0.1445E-02
3.37845   0.3148E-04
3.38244   0.2003E-02
3.38578   0.1331E-01
3.38969   0.2264E-01
3.39102   0.4726E-02
3.39593   0.2190E-02
3.39721   0.3189E-02
3.39857   0.4150E-02
3.40043   0.6814E-02
3.40125   0.4329E-02
3.40173   0.2101E-02
3.40413   0.1063E-03
3.41204   0.1946E-02
3.41414   0.1207E-01
3.41559   0.5949E-02
3.42039   0.2074E-02
3.42186   0.2264E-02
3.42235   0.4534E-01
3.42364   0.1117E-01
3.42821   0.8876E-03
3.42990   0.7559E-04
3.43372   0.1706E-02
3.43540   0.1842E-02
3.43582   0.2380E-02
3.43940   0.2434E-02
3.44099   0.1392E-03
3.44587   0.9832E-02
3.44745   0.1855E-02
3.45139   0.2657E-02
3.45283   0.2361E-02
3.45326   0.4383E-02
3.46340   0.3807E-02
3.46765   0.3659E-03
3.46923   0.2568E-03
3.47192   0.2998E-03
3.47234   0.1269E-02
3.47459   0.5143E-02
3.47522   0.9348E-02
3.47757   0.1293E-02
3.48009   0.3222E-02
3.48071   0.1181E-02
3.48338   0.1686E-03
3.48440   0.9806E-03
3.48548   0.3096E-03
3.48598   0.5015E-03
3.48702   0.1326E-02
3.48904   0.2026E-02
3.49041   0.6682E-03
3.49234   0.1241E-02
3.49285   0.1798E-01
3.49414   0.1112E-02
3.49454   0.5733E-03
3.49566   0.9282E-02
3.49875   0.4402E-02
3.49960   0.1541E-02
3.50129   0.3558E-02
3.50211   0.2400E-02
3.50391   0.3506E-02
3.50402   0.1556E-02
3.50467   0.2054E-03
3.50611   0.2282E-02
3.50721   0.2209E-02
3.51022   0.2082E-03
3.51175   0.3339E-03
3.51351   0.2675E-03
3.51414   0.1924E-02
3.51544   0.2891E-03
3.51598   0.1071E-03
3.51903   0.4472E-02
3.52332   0.1945E-02