300 1
1.77634   0.1020E-01
1.88704   0.2709E-02
1.90530   0.2429E-02
1.96678   0.7189E-02
2.00043   0.3015E-02
2.02366   0.6486E-02
2.04412   0.2668E-02
2.10200   0.1099E-01
2.13247   0.2784E-02
2.13496   0.2371E-02
2.14785   0.2088E-01
2.17962   0.6648E-03
2.21831   0.2139E-01
2.24374   0.1236E-02
2.24656   0.5898E-02
2.25830   0.2221E-02
2.29889   0.1323E-03
2.32257   0.5829E-03
2.32972   0.4387E-02
2.33152   0.2703E-02
2.35280   0.2349E-02
2.38159   0.2415E-01
2.38653   0.2802E-02
2.41626   0.1145E-01
2.43788   0.1155E-01
2.46229   0.2787E-03
2.47303   0.3481E-02
2.47816   0.2557E-02
2.48989   0.2696E-02
2.49447   0.1133E-01
2.49984   0.2285E-02
2.51518   0.9950E-03
2.52191   0.7667E-02
2.54395   0.3381E-02
2.56963   0.1223E-01
2.57587   0.3587E-01
2.60596   0.2668E-02
2.61115   0.1236E-02
2.62024   0.5415E-02
2.62950   0.2635E-02
2.63449   0.2380E-01
2.64485   0.2664E-03
2.65439   0.1360E-02
2.66086   0.2913E-02
2.67142   0.1287E-01
2.68241   0.3497E-01
2.70517   0.2186E-01
2.71280   0.2107E-02
2.72160   0.4658E-02
2.72523   0.8866E-02
2.73293   0.2497E-02
2.73574   0.5546E-02
2.73931   0.7400E-02
2.75863   0.5468E-02
2.76823   0.3805E-02
2.77264   0.1143E-02
2.77825   0.1717E-03
2.78398   0.6113E-02
2.78413   0.1055E-02
2.79665   0.4414E-02
2.80392   0.2343E-02
2.80736   0.2188E-02
2.82171   0.1444E-01
2.82432   0.2694E-01
2.83390   0.8714E-02
2.83559   0.4564E-02
2.85102   0.2412E-02
2.85261   0.3000E-02
2.86149   0.2624E-03
2.86374   0.7526E-03
2.87008   0.2747E-02
2.87541   0.1497E-02
2.88190   0.7995E-02
2.88628   0.2100E-02
2.89031   0.3187E-02
2.89878   0.5824E-02
2.90177   0.1834E-01
2.90466   0.2576E-02
2.91267   0.1412E-02
2.91467   0.1406E-01
2.92262   0.4152E-02
2.92782   0.7469E-02
2.93463   0.6111E-02
2.93723   0.9407E-02
2.94558   0.8271E-02
2.94765   0.6580E-02
2.95403   0.2770E-02
2.95984   0.3478E-02
2.96633   0.3167E-02
2.96854   0.3195E-02
2.97387   0.1040E-01
2.98398   0.2669E-01
2.98572   0.5670E-03
2.98846   0.3514E-02
2.99340   0.6932E-02
2.99929   0.9343E-03
2.99995   0.1378E-01
3.00152   0.1606E-02
3.00537   0.7235E-03
3.01409   0.1298E-01
3.01757   0.1380E-01
3.02310   0.3946E-02
3.03028   0.1371E-02
3.03495   0.2314E-02
3.04153   0.5986E-02
3.04465   0.6004E-02
3.04733   0.2639E-03
3.05198   0.1569E-02
3.05744   0.5765E-02
3.06211   0.1451E-02
3.06768   0.6191E-02
3.07601   0.5104E-02
3.07805   0.3281E-02
3.08302   0.2687E-02
3.08629   0.1426E-01
3.09255   0.5316E-03
3.09311   0.4098E-02
3.09556   0.7545E-03
3.09817   0.5095E-02
3.10149   0.4635E-02
3.10398   0.7680E-03
3.10775   0.8361E-02
3.10942   0.1102E-01
3.11692   0.5486E-02
3.12017   0.7560E-02
3.12212   0.4080E-03
3.12476   0.4961E-02
3.12719   0.1134E-01
3.13119   0.1470E-02
3.14081   0.5256E-02
3.14532   0.8391E-02
3.14783   0.1656E-01
3.15431   0.2680E-02
3.15712   0.3035E-02
3.16098   0.1043E-01
3.16464   0.8081E-02
3.17175   0.1425E-01
3.17572   0.7729E-02
3.17776   0.4980E-03
3.18440   0.1694E-02
3.18913   0.5572E-02
3.19269   0.1642E-02
3.19597   0.1945E-02
3.19731   0.1677E-02
3.20092   0.4538E-02
3.20392   0.4551E-02
3.21220   0.2018E-02
3.21489   0.4570E-02
3.21631   0.6906E-03
3.22224   0.6035E-02
3.22362   0.3222E-02
3.22678   0.5030E-03
3.22891   0.1134E-02
3.23090   0.3014E-03
3.23365   0.8937E-03
3.23731   0.2813E-02
3.23928   0.5740E-02
3.24112   0.4422E-02
3.24532   0.6058E-02
3.24643   0.3065E-03
3.25053   0.8439E-02
3.25084   0.2043E-02
3.25422   0.6102E-02
3.25848   0.4179E-02
3.25908   0.8279E-03
3.26458   0.2600E-01
3.26818   0.1213E-01
3.27006   0.9585E-03
3.27291   0.1022E-02
3.27768   0.1250E-01
3.28036   0.8032E-02
3.28267   0.2405E-04
3.28377   0.7549E-02
3.28683   0.5030E-02
3.29007   0.3043E-02
3.29205   0.6775E-02
3.30017   0.6065E-02
3.30260   0.7990E-03
3.30629   0.3741E-02
3.30762   0.1811E-02
3.30965   0.4005E-02
3.31264   0.2627E-02
3.31328   0.1973E-02
3.31622   0.9176E-04
3.31983   0.4237E-02
3.32378   0.1196E-03
3.32533   0.5302E-03
3.32783   0.9121E-03
3.32878   0.6337E-02
3.33099   0.7742E-03
3.33324   0.1729E-02
3.33628   0.1394E-02
3.34066   0.8811E-02
3.34264   0.3505E-02
3.34314   0.2097E-03
3.35007   0.6464E-02
3.35322   0.1119E-02
3.35767   0.1876E-02
3.35985   0.3972E-03
3.36174   0.2067E-02
3.36316   0.3448E-02
3.36467   0.3347E-03
3.36587   0.5324E-02
3.36869   0.1742E-02
3.37023   0.4743E-02
3.37180   0.5322E-02
3.37405   0.1659E-01
3.37625   0.2614E-01
3.38057   0.7393E-02
3.38267   0.5251E-02
3.38557   0.2600E-02
3.38798   0.1271E-02
3.39071   0.5498E-02
3.39359   0.3726E-02
3.39536   0.1467E-03
3.39957   0.1979E-02
3.40246   0.1395E-02
3.40377   0.4693E-02
3.41011   0.1028E-02
3.41154   0.7228E-02
3.41391   0.2432E-02
3.41797   0.4444E-02
3.42036   0.9352E-02
3.42426   0.9762E-03
3.42781   0.5409E-03
3.43011   0.9327E-03
3.43128   0.6702E-02
3.43191   0.1593E-02
3.43385   0.1829E-02
3.43473   0.4169E-03
3.43599   0.1321E-02
3.43949   0.2181E-02
3.43979   0.1320E-02
3.44233   0.2026E-02
3.44259   0.7532E-03
3.44405   0.1388E-01
3.44607   0.1426E-02
3.44767   0.2394E-02
3.44869   0.6668E-03
3.45099   0.9979E-03
3.45234   0.1102E-02
3.45762   0.2727E-02
3.45831   0.1412E-02
3.45880   0.2147E-02
3.46190   0.5206E-02
3.46589   0.1540E-02
3.46709   0.1692E-03
3.46948   0.3930E-02
3.47043   0.6050E-03
3.47220   0.1121E-02
3.47481   0.7650E-02
3.47581   0.4903E-02
3.48019   0.2018E-01
3.48301   0.8442E-02
3.48476   0.1104E-02
3.48518   0.9345E-02
3.48724   0.3643E-03
3.48952   0.1033E-01
3.49112   0.3884E-02
3.49455   0.1783E-02
3.49607   0.7368E-04
3.49827   0.6918E-03
3.49993   0.6853E-02
3.50282   0.2327E-01
3.50664   0.2969E-02
3.51056   0.2170E-02
3.51155   0.3382E-02
3.51224   0.1068E-02
3.51375   0.1818E-02
3.51704   0.1846E-02
3.51980   0.1547E-02
3.52173   0.2599E-02
3.52298   0.8609E-02
3.52352   0.8095E-03
3.52601   0.7597E-03
3.52775   0.1112E-02
3.52874   0.2017E-02
3.53103   0.6888E-02
3.53330   0.6551E-03
3.53572   0.4781E-03
3.53704   0.2455E-02
3.53818   0.2328E-02
3.53913   0.5968E-02
3.54114   0.6649E-02
3.54274   0.8497E-03
3.54524   0.1244E-02
3.54769   0.1489E-02
3.54812   0.4645E-02
3.55049   0.5012E-02
3.55290   0.8347E-02
3.55489   0.5381E-03
3.55639   0.6991E-03
3.55796   0.2895E-02
3.56190   0.4946E-03
3.56383   0.1379E-01
3.56526   0.2219E-02
3.56661   0.1414E-02
3.56769   0.1111E-01
3.57168   0.1177E-02
3.57398   0.2210E-02