300 1
1.42511   0.2655E-01
1.59137   0.5768E-02
1.66256   0.2757E-03
1.71773   0.3152E-01
1.73706   0.6096E-02
1.79592   0.7523E-02
1.80400   0.2867E-03
1.84507   0.7994E-02
1.86969   0.4794E-02
1.87496   0.2213E-01
1.91301   0.4611E-02
1.91394   0.1953E-02
1.92437   0.1163E-02
1.94284   0.8279E-03
1.97401   0.3694E-02
1.98430   0.1064E-01
2.02918   0.1060E-02
2.04107   0.7358E-02
2.04362   0.8044E-02
2.07000   0.3437E-02
2.08409   0.1128E-01
2.08971   0.1753E-02
2.09513   0.2720E-01
2.11883   0.1117E-02
2.13958   0.1766E-01
2.14314   0.1472E-01
2.14713   0.4646E-02
2.15954   0.6951E-02
2.17648   0.6033E-02
2.21721   0.3142E-02
2.23183   0.1117E-02
2.25666   0.1896E-02
2.25920   0.7818E-02
2.28451   0.8540E-03
2.28647   0.2029E-02
2.29595   0.4335E-02
2.30675   0.4225E-02
2.31192   0.4888E-02
2.31894   0.1034E-01
2.32282   0.5578E-02
2.33432   0.5497E-02
2.34904   0.4023E-02
2.35888   0.1111E-01
2.36718   0.6529E-02
2.37500   0.5562E-02
2.39356   0.1176E-01
2.39644   0.5981E-02
2.40235   0.1674E-02
2.40648   0.1617E-02
2.41883   0.2129E-02
2.42708   0.5731E-03
2.43675   0.5083E-03
2.45260   0.7646E-03
2.46166   0.6429E-03
2.46714   0.1186E-02
2.48086   0.4486E-02
2.48152   0.7342E-03
2.49573   0.3540E-02
2.49784   0.2140E-02
2.50588   0.1615E-02
2.51152   0.2437E-01
2.51980   0.5685E-02
2.54181   0.3645E-02
2.55079   0.4209E-02
2.55890   0.3788E-02
2.56664   0.2092E-03
2.57059   0.4383E-02
2.57098   0.5747E-02
2.58080   0.2110E-02
2.58263   0.7927E-03
2.58857   0.5381E-02
2.58998   0.4727E-02
2.60042   0.2532E-02
2.60408   0.1513E-02
2.61183   0.4274E-02
2.62034   0.1114E-01
2.62561   0.1770E-01
2.63099   0.1036E-02
2.64507   0.8768E-02
2.65039   0.1003E-02
2.65465   0.3385E-02
2.66126   0.6118E-02
2.66617   0.1482E-02
2.66897   0.6594E-02
2.67741   0.3017E-02
2.68316   0.1112E-01
2.68737   0.1155E-01
2.69034   0.6693E-03
2.70083   0.1283E-02
2.70971   0.1411E-01
2.71476   0.7430E-02
2.71844   0.7562E-02
2.72110   0.1730E-02
2.72803   0.5536E-02
2.73243   0.1425E-02
2.73848   0.3667E-02
2.74136   0.2300E-01
2.74760   0.1095E-01
2.75721   0.9189E-03
2.76040   0.1436E-02
2.76805   0.6288E-03
2.76977   0.4467E-03
2.77215   0.3014E-03
2.77887   0.7311E-03
2.77921   0.1176E-02
2.78117   0.3706E-03
2.78441   0.1424E-01
2.78662   0.2321E-02
2.78953   0.1787E-02
2.79416   0.2017E-01
2.79761   0.1677E-03
2.80178   0.1106E-01
2.80828   0.1972E-02
2.81260   0.1878E-02
2.81292   0.1250E-01
2.81460   0.3703E-02
2.82020   0.6958E-03
2.82240   0.4024E-02
2.83014   0.3588E-02
2.83076   0.5983E-02
2.83655   0.1931E-02
2.83909   0.4580E-02
2.84266   0.1431E-01
2.84502   0.1714E-02
2.85379   0.2831E-02
2.85602   0.3563E-02
2.86599   0.1188E-02
2.87227   0.2469E-02
2.87735   0.1134E-02
2.88168   0.3020E-02
2.88652   0.4987E-02
2.88893   0.2403E-01
2.88990   0.6484E-02
2.89284   0.9752E-02
2.89363   0.4498E-02
2.90125   0.6634E-03
2.90811   0.1102E-01
2.91027   0.5731E-02
2.91214   0.2714E-02
2.91802   0.3081E-02
2.91927   0.5714E-02
2.92390   0.1084E-01
2.93203   0.1084E-01
2.93333   0.6876E-02
2.93679   0.3843E-03
2.94441   0.1348E-02
2.95409   0.2113E-02
2.95446   0.7506E-02
2.96642   0.6466E-02
2.97399   0.1149E-02
2.97556   0.6857E-02
2.98008   0.2526E-02
2.98262   0.2069E-02
2.98485   0.3604E-02
2.98600   0.6248E-02
2.99076   0.2673E-02
2.99243   0.3265E-02
2.99288   0.9373E-02
2.99796   0.5466E-02
3.00012   0.5329E-02
3.00117   0.1091E-02
3.00489   0.3615E-02
3.00609   0.1861E-02
3.00735   0.9757E-02
3.01052   0.2205E-02
3.01584   0.1270E-01
3.01827   0.1152E-02
3.02185   0.3826E-03
3.02731   0.1667E-02
3.02945   0.1324E-01
3.03059   0.1595E-01
3.03349   0.5502E-02
3.03673   0.1359E-01
3.04030   0.4726E-02
3.04319   0.1608E-01
3.04854   0.2462E-02
3.05218   0.1347E-02
3.05404   0.2962E-02
3.05563   0.3696E-02
3.06647   0.2609E-02
3.06701   0.2216E-02
3.06864   0.1193E-02
3.07327   0.3411E-02
3.07542   0.5390E-02
3.07713   0.8766E-02
3.07951   0.2662E-03
3.08027   0.9155E-02
3.08655   0.2798E-02
3.08825   0.1690E-02
3.09063   0.3747E-02
3.09590   0.1899E-01
3.09791   0.3888E-02
3.10116   0.4426E-04
3.10452   0.7779E-02
3.10712   0.1640E-02
3.10902   0.2793E-01
3.11511   0.4133E-02
3.11708   0.4461E-02
3.12317   0.2276E-02
3.12604   0.2050E-02
3.12811   0.2729E-02
3.12889   0.5888E-02
3.12998   0.1755E-02
3.13239   0.4753E-02
3.13797   0.3311E-02
3.14237   0.3442E-02
3.14297   0.1626E-03
3.14827   0.1092E-02
3.15072   0.5924E-03
3.15251   0.3181E-02
3.15550   0.9280E-03
3.15875   0.4424E-03
3.16111   0.2659E-02
3.16361   0.6564E-02
3.16560   0.1725E-01
3.16757   0.4169E-02
3.17452   0.1402E-02
3.17763   0.2484E-02
3.18335   0.6472E-02
3.18415   0.2000E-02
3.18651   0.8692E-02
3.18851   0.4508E-02
3.19012   0.1986E-01
3.19323   0.8455E-03
3.19455   0.4905E-02
3.19821   0.9620E-02
3.20138   0.3429E-03
3.20386   0.1193E-02
3.20564   0.2510E-03
3.20669   0.7028E-02
3.21088   0.2381E-02
3.21448   0.6474E-03
3.21574   0.5453E-02
3.21939   0.7649E-03
3.22005   0.7592E-02
3.22227   0.2916E-02
3.22401   0.4055E-03
3.22729   0.9722E-02
3.23189   0.3914E-03
3.23323   0.1342E-02
3.23367   0.1527E-03
3.23896   0.9697E-04
3.24038   0.9624E-03
3.24070   0.2965E-02
3.24398   0.6725E-03
3.24583   0.2543E-02
3.24702   0.3451E-02
3.24957   0.2880E-02
3.25040   0.5459E-02
3.25207   0.6410E-03
3.25379   0.1566E-02
3.25716   0.1610E-01
3.25918   0.5307E-02
3.26019   0.2037E-02
3.26143   0.2331E-02
3.26619   0.6616E-02
3.26967   0.1657E-02
3.27334   0.1352E-03
3.27441   0.9547E-02
3.27811   0.2538E-02
3.28087   0.1380E-02
3.28238   0.8591E-02
3.28533   0.2486E-01
3.28806   0.2281E-02
3.29147   0.2244E-02
3.29389   0.5471E-03
3.29505   0.5174E-02
3.30040   0.2444E-02
3.30136   0.2243E-02
3.30151   0.8824E-03
3.30417   0.1225E-02
3.30973   0.1034E-01
3.31151   0.2158E-02
3.31360   0.1523E-02
3.31401   0.5604E-03
3.31700   0.1280E-02
3.31870   0.1507E-02
3.32204   0.8083E-02
3.32394   0.2109E-02
3.32682   0.6423E-02
3.32986   0.2222E-02
3.33056   0.5956E-02
3.33187   0.1966E-02
3.33545   0.5555E-02
3.33903   0.1198E-03
3.33941   0.5005E-02
3.34030   0.1922E-02
3.34244   0.6728E-02
3.34329   0.3186E-02
3.34563   0.3150E-02
3.34848   0.1388E-02
3.35026   0.2835E-02
3.35145   0.4110E-02
3.35403   0.5979E-02
3.35713   0.1023E-01
3.36087   0.8658E-02
3.36320   0.7766E-02
3.36699   0.2460E-02
3.36898   0.3115E-02
3.37523   0.4546E-02