300 1
2.55193   0.4762E-02
2.66671   0.1460E-01
2.68158   0.1958E-01
2.71885   0.3653E-01
2.77241   0.2470E-01
2.79900   0.1753E-01
2.83778   0.2482E-01
2.85040   0.4678E-01
2.94132   0.1285E-01
2.96829   0.1669E-02
3.01913   0.2953E-02
3.02078   0.1626E-01
3.05511   0.1654E-01
3.08187   0.1013E-01
3.10785   0.1754E-02
3.12097   0.2515E-01
3.13373   0.1470E-01
3.13881   0.3273E-02
3.15354   0.5515E-02
3.17504   0.8109E-02
3.17921   0.7094E-03
3.19375   0.4364E-02
3.20103   0.2208E-01
3.22245   0.1183E-01
3.23464   0.7265E-02
3.24828   0.7197E-02
3.27307   0.1340E-02
3.27750   0.1213E-02
3.29488   0.2118E-01
3.30127   0.8681E-03
3.31742   0.4635E-02
3.32668   0.4633E-02
3.33988   0.7327E-03
3.34863   0.2583E-02
3.35928   0.2282E-02
3.36774   0.1410E-02
3.37287   0.3161E-02
3.38669   0.7162E-02
3.40458   0.7945E-02
3.41181   0.5391E-03
3.42360   0.1032E-01
3.43020   0.9156E-02
3.43440   0.6386E-03
3.44606   0.3797E-02
3.45184   0.1114E-01
3.45976   0.2126E-02
3.47881   0.5828E-02
3.48385   0.5810E-02
3.49348   0.3782E-02
3.50033   0.6263E-02
3.51079   0.3970E-02
3.51339   0.2533E-02
3.52545   0.7398E-03
3.53135   0.1387E-01
3.53539   0.4372E-02
3.54042   0.6813E-03
3.54250   0.2452E-02
3.55238   0.8486E-02
3.55842   0.9542E-02
3.56853   0.9526E-02
3.58046   0.5914E-02
3.58433   0.3021E-02
3.59029   0.1417E-02
3.59408   0.4817E-02
3.60105   0.5211E-02
3.60304   0.1691E-02
3.60484   0.7182E-02
3.60971   0.5647E-02
3.61283   0.2334E-01
3.62417   0.3601E-02
3.63079   0.2501E-02
3.63919   0.1338E-01
3.64352   0.1330E-02
3.64500   0.1101E-01
3.65380   0.5686E-02
3.65579   0.6862E-03
3.65863   0.3242E-02
3.66297   0.3291E-02
3.66703   0.1398E-02
3.67814   0.4206E-03
3.68681   0.1347E-02
3.68992   0.7494E-02
3.69327   0.1129E-02
3.70137   0.3264E-02
3.70333   0.2962E-02
3.70448   0.1210E-01
3.70756   0.1833E-02
3.71993   0.9967E-03
3.72132   0.1248E-01
3.72596   0.1578E-02
3.73770   0.5703E-02
3.73937   0.1063E-01
3.74132   0.3502E-02
3.74260   0.6398E-02
3.74808   0.1324E-01
3.76185   0.5838E-03
3.76625   0.4907E-03
3.77099   0.8180E-03
3.78081   0.1500E-02
3.78410   0.4644E-03
3.78618   0.2069E-02
3.79156   0.2418E-02
3.79447   0.1343E-02
3.80012   0.1595E-01
3.80364   0.1924E-02
3.80755   0.6808E-02
3.80926   0.3973E-02
3.81359   0.1582E-02
3.81448   0.2643E-02
3.81742   0.3983E-02
3.82693   0.5879E-02
3.83006   0.6544E-02
3.83568   0.3408E-01
3.84378   0.9056E-04
3.84688   0.3457E-02
3.84833   0.1009E-02
3.85167   0.5573E-04
3.85796   0.1176E-01
3.86216   0.3247E-03
3.86274   0.1087E-02
3.86536   0.5868E-03
3.86650   0.6175E-03
3.87115   0.1355E-02
3.87746   0.2830E-01
3.87788   0.6818E-02
3.88156   0.1575E-02
3.88463   0.1461E-02
3.88754   0.2743E-02
3.89056   0.2700E-02
3.89222   0.1171E-01
3.89338   0.9359E-02
3.90176   0.4770E-02
3.90824   0.1248E-02
3.91163   0.9572E-02
3.91590   0.2212E-02
3.92348   0.8009E-02
3.92712   0.1202E-02
3.93176   0.3827E-02
3.93440   0.3850E-02
3.93593   0.6449E-03
3.94078   0.1996E-02
3.94276   0.2537E-02
3.94596   0.1324E-01
3.95132   0.8321E-03
3.95636   0.8512E-02
3.95841   0.1352E-02
3.96263   0.1624E-02
3.96875   0.1960E-02
3.97371   0.9835E-03
3.97703   0.9177E-02
3.97887   0.2317E-02
3.98078   0.8832E-02
3.98443   0.2944E-03
3.98547   0.3452E-03
3.98659   0.2270E-02
3.99175   0.2535E-02
3.99414   0.6305E-03
3.99564   0.7298E-02
3.99694   0.4945E-03
3.99829   0.2618E-02
4.00166   0.3793E-02
4.00308   0.1948E-02
4.00558   0.1024E-02
4.00888   0.1117E-01
4.01095   0.4081E-02
4.01370   0.1064E-04
4.02332   0.2907E-02
4.02469   0.7458E-02
4.02668   0.2537E-03
4.03181   0.1261E-02
4.03632   0.6252E-02
4.03742   0.3361E-03
4.04143   0.9068E-02
4.04348   0.1304E-02
4.04379   0.8503E-03
4.04882   0.4083E-02
4.04908   0.5687E-03
4.05026   0.4102E-02
4.05094   0.3415E-02
4.05619   0.7876E-02
4.05823   0.1771E-02
4.06021   0.1138E-01
4.06342   0.3511E-02
4.06637   0.5016E-04
4.07224   0.3635E-02
4.07395   0.9537E-03
4.07852   0.9868E-02
4.08118   0.5275E-02
4.08615   0.4499E-02
4.09160   0.1609E-02
4.09244   0.6435E-03
4.09433   0.9197E-03
4.09599   0.1413E-02
4.09949   0.1486E-02
4.10229   0.3411E-02
4.10472   0.8606E-03
4.10592   0.4455E-02
4.10729   0.2042E-02
4.11014   0.7171E-02
4.11403   0.2101E-01
4.11448   0.4486E-02
4.11787   0.5086E-03
4.12079   0.4424E-03
4.12319   0.3213E-02
4.12758   0.5201E-02
4.13156   0.2221E-02
4.13315   0.2338E-02
4.13579   0.8310E-03
4.14009   0.1472E-02
4.14652   0.4430E-03
4.14838   0.2605E-03
4.14941   0.2289E-02
4.15322   0.3695E-02
4.15563   0.2314E-02
4.15843   0.1432E-02
4.15884   0.1046E-02
4.16132   0.1364E-02
4.16310   0.3180E-03
4.16559   0.1931E-02
4.16672   0.2904E-02
4.16798   0.1572E-02
4.17223   0.1137E-02
4.17428   0.5424E-03
4.17535   0.6485E-03
4.17823   0.2914E-02
4.18110   0.8853E-02
4.18239   0.7619E-02
4.18386   0.9272E-02
4.19052   0.1485E-02
4.19631   0.4097E-02
4.19910   0.5057E-02
4.20433   0.6978E-02
4.20485   0.3515E-02
4.20658   0.3203E-02
4.20816   0.2031E-02
4.21195   0.2662E-02
4.21256   0.6943E-02
4.21640   0.1680E-01
4.21910   0.2023E-02
4.21984   0.1533E-01
4.22169   0.3480E-02
4.22317   0.7842E-03
4.22527   0.4868E-02
4.22803   0.1824E-03
4.23251   0.2161E-02
4.23330   0.1582E-02
4.23460   0.8053E-02
4.23552   0.1599E-02
4.23840   0.3214E-02
4.24232   0.7958E-02
4.24667   0.3734E-02
4.24772   0.1979E-01
4.25006   0.3049E-02
4.25570   0.2061E-01
4.25724   0.5679E-02
4.26111   0.3806E-02
4.26311   0.5211E-03
4.26422   0.4215E-02
4.26943   0.2410E-02
4.27090   0.2548E-02
4.27396   0.7885E-03
4.27437   0.1618E-02
4.27637   0.9986E-02
4.27855   0.8212E-02
4.28131   0.3302E-03
4.28250   0.3326E-02
4.28572   0.3030E-02
4.28889   0.1746E-01
4.29041   0.1044E-02
4.29491   0.3984E-02
4.29585   0.3294E-02
4.30060   0.1632E-02
4.30178   0.4518E-03
4.30334   0.1812E-02
4.30460   0.8475E-03
4.30706   0.3563E-02
4.30793   0.2424E-02
4.30933   0.6104E-02
4.31155   0.4086E-02
4.31395   0.3437E-03
4.31654   0.5241E-02
4.31987   0.2619E-02
4.32231   0.3764E-02
4.32268   0.1437E-01
4.32503   0.1074E-01
4.32700   0.1251E-02
4.33040   0.4674E-03
4.33279   0.2204E-02
4.33527   0.3847E-02
4.33638   0.7106E-02
4.33849   0.1851E-02
4.34041   0.3052E-02
4.34243   0.3898E-02
4.34442   0.3702E-02
4.34967   0.5543E-02
4.35140   0.1587E-02
4.35179   0.6079E-03
4.35582   0.7399E-02
4.35905   0.2815E-02
4.36193   0.1046E-01