300 1
2.37880   0.5352E-02
2.44813   0.2058E-01
2.45376   0.4348E-02
2.53572   0.6382E-02
2.59045   0.1174E-02
2.63526   0.1163E-02
2.70357   0.1459E-02
2.71964   0.2522E-02
2.72838   0.2176E-02
2.80526   0.1250E-01
2.82252   0.2617E-02
2.85649   0.2436E-02
2.86893   0.1672E-02
2.90549   0.3558E-01
2.93609   0.1441E-01
2.94853   0.7637E-03
2.97730   0.1742E-02
2.99256   0.2317E-03
2.99942   0.9421E-02
3.01369   0.3041E-02
3.03090   0.4840E-02
3.03460   0.9277E-02
3.04329   0.8162E-02
3.06419   0.1790E-01
3.07100   0.1781E-01
3.09205   0.1432E-02
3.09769   0.6755E-02
3.10598   0.4354E-03
3.11284   0.1432E-01
3.13224   0.6286E-02
3.13990   0.3741E-03
3.15387   0.4646E-02
3.16041   0.1450E-01
3.16317   0.1234E-01
3.17482   0.1626E-02
3.18339   0.3082E-02
3.18556   0.4809E-02
3.19943   0.7132E-03
3.20852   0.1782E-02
3.22459   0.6876E-02
3.23188   0.1619E-01
3.23577   0.8641E-02
3.25017   0.5198E-02
3.25273   0.1864E-02
3.26111   0.9260E-02
3.26197   0.1458E-02
3.26636   0.1179E-02
3.27221   0.1532E-02
3.28037   0.7754E-02
3.29453   0.1386E-02
3.30143   0.1457E-01
3.31244   0.1297E-01
3.31593   0.4298E-02
3.32257   0.7904E-02
3.32768   0.2080E-02
3.34064   0.1411E-01
3.34215   0.4975E-02
3.35047   0.3479E-02
3.35819   0.4693E-02
3.36225   0.1450E-01
3.36858   0.9392E-03
3.37100   0.4133E-02
3.38180   0.5485E-02
3.38584   0.7577E-02
3.39241   0.3412E-02
3.39482   0.7169E-02
3.40150   0.9712E-02
3.40298   0.9683E-02
3.41270   0.1471E-01
3.42271   0.2638E-01
3.43315   0.6737E-02
3.44208   0.1255E-01
3.44309   0.2305E-02
3.44737   0.1264E-02
3.45440   0.3516E-02
3.45870   0.2400E-02
3.46502   0.3669E-02
3.47105   0.1685E-01
3.47813   0.2298E-02
3.48173   0.6223E-03
3.48574   0.1118E-02
3.48691   0.2259E-03
3.48898   0.3503E-02
3.49212   0.6340E-02
3.49503   0.8140E-02
3.50221   0.2067E-01
3.51090   0.2557E-02
3.52103   0.1107E-01
3.52403   0.7238E-02
3.52770   0.1016E-01
3.53911   0.1219E-02
3.54447   0.4615E-03
3.55357   0.2050E-02
3.55679   0.7097E-02
3.56188   0.1560E-02
3.56363   0.1389E-02
3.56837   0.9695E-03
3.56996   0.5272E-03
3.57480   0.2311E-02
3.57726   0.1871E-02
3.58046   0.9222E-02
3.58642   0.1214E-01
3.58856   0.1337E-01
3.59209   0.4459E-02
3.59357   0.2496E-01
3.59816   0.2330E-01
3.60236   0.1217E-01
3.60641   0.9188E-02
3.61789   0.7334E-02
3.62627   0.4064E-02
3.62917   0.1202E-01
3.63512   0.1116E-01
3.63898   0.3333E-02
3.64478   0.1142E-02
3.65262   0.3097E-03
3.66056   0.8182E-03
3.66148   0.2351E-02
3.66402   0.5104E-03
3.66540   0.1273E-01
3.66889   0.8110E-03
3.67238   0.1265E-01
3.67566   0.4994E-02
3.67649   0.2505E-03
3.67984   0.2347E-02
3.68474   0.4131E-02
3.68864   0.1180E-01
3.69140   0.3238E-02
3.69698   0.1433E-02
3.70588   0.1020E-01
3.71030   0.2855E-02
3.71517   0.8738E-02
3.71825   0.1395E-01
3.72300   0.2942E-02
3.73195   0.4411E-02
3.73715   0.5791E-02
3.74004   0.7232E-02
3.74164   0.8661E-02
3.74327   0.3994E-02
3.74790   0.9241E-02
3.75215   0.2651E-02
3.75696   0.2719E-02
3.76189   0.8585E-02
3.76287   0.2663E-02
3.76512   0.1992E-02
3.76671   0.2962E-02
3.77265   0.3998E-03
3.77550   0.3239E-02
3.77823   0.3523E-02
3.78093   0.7730E-03
3.78567   0.1389E-02
3.79003   0.9107E-02
3.79154   0.2762E-02
3.79550   0.2080E-02
3.79895   0.3163E-02
3.80140   0.4154E-02
3.80336   0.7574E-02
3.80629   0.1373E-01
3.80839   0.7667E-02
3.81815   0.3122E-02
3.82161   0.2252E-02
3.82352   0.1671E-02
3.82728   0.3698E-02
3.82990   0.1216E-02
3.83663   0.5300E-02
3.84072   0.1906E-02
3.84253   0.5130E-02
3.84768   0.1116E-01
3.85071   0.3105E-02
3.85109   0.4087E-03
3.85315   0.1730E-02
3.85456   0.1409E-02
3.85673   0.1961E-02
3.85943   0.4283E-02
3.86405   0.1655E-02
3.86886   0.4285E-02
3.87258   0.3215E-02
3.87386   0.2257E-02
3.87670   0.1392E-01
3.87699   0.4866E-02
3.88145   0.1719E-02
3.88375   0.9796E-03
3.88507   0.2562E-02
3.88715   0.1874E-02
3.88779   0.2278E-02
3.89084   0.8332E-03
3.89421   0.8195E-02
3.89684   0.1851E-02
3.90144   0.1197E-02
3.90213   0.1756E-02
3.90418   0.4165E-02
3.90923   0.6566E-03
3.91266   0.7427E-02
3.91400   0.1146E-01
3.91734   0.5276E-02
3.91983   0.1708E-02
3.92582   0.4180E-02
3.92903   0.1915E-02
3.93143   0.6718E-02
3.93501   0.1464E-02
3.93619   0.3844E-02
3.93908   0.2517E-02
3.94134   0.4162E-02
3.94205   0.1232E-02
3.94319   0.8633E-03
3.94731   0.4590E-02
3.94875   0.3702E-02
3.94997   0.2650E-02
3.95391   0.3061E-02
3.95646   0.1575E-02
3.96339   0.3460E-02
3.96472   0.3634E-02
3.96638   0.5636E-02
3.96878   0.2442E-02
3.97734   0.1407E-01
3.97771   0.1226E-01
3.98166   0.1271E-01
3.98397   0.1993E-02
3.98453   0.3944E-02
3.98776   0.3635E-02
3.98973   0.4648E-03
3.99245   0.6790E-03
3.99355   0.5473E-02
3.99660   0.7149E-02
3.99845   0.1405E-01
4.00284   0.1484E-01
4.00467   0.4702E-02
4.00676   0.1692E-01
4.00847   0.1691E-02
4.01198   0.3130E-02
4.01392   0.3410E-02
4.01523   0.1386E-01
4.01899   0.6627E-03
4.02039   0.2542E-02
4.02152   0.5998E-02
4.02389   0.6317E-02
4.02620   0.1497E-02
4.02736   0.1838E-02
4.02909   0.1835E-02
4.03184   0.2937E-02
4.03387   0.1126E-01
4.03524   0.2893E-02
4.03833   0.8186E-03
4.04087   0.2645E-02
4.04130   0.1025E-02
4.04329   0.1637E-02
4.04729   0.4216E-02
4.04887   0.2729E-02
4.04944   0.1998E-02
4.05053   0.8445E-03
4.05406   0.3757E-02
4.05685   0.1665E-02
4.05885   0.3628E-03
4.06106   0.8437E-03
4.06226   0.1307E-02
4.06349   0.2535E-02
4.06466   0.5968E-03
4.07029   0.6702E-03
4.07149   0.9406E-02
4.07301   0.1020E-01
4.07437   0.2516E-02
4.07779   0.2050E-02
4.07913   0.3798E-02
4.08037   0.5783E-02
4.08345   0.4494E-02
4.08626   0.5376E-03
4.08957   0.1069E-02
4.09240   0.1898E-02
4.09361   0.2412E-02
4.09537   0.6388E-02
4.09736   0.1338E-01
4.10016   0.8075E-02
4.10141   0.2407E-02
4.10290   0.1115E-01
4.10706   0.1813E-02
4.10835   0.3655E-02
4.11030   0.5652E-02
4.11254   0.9083E-02
4.11582   0.9454E-03
4.11622   0.1778E-02
4.11847   0.1615E-02
4.11892   0.1701E-02
4.11969   0.2096E-02
4.12286   0.3738E-02
4.12682   0.4595E-03
4.13080   0.4006E-02
4.13303   0.2907E-02
4.13471   0.2209E-03
4.13565   0.1096E-02
4.13756   0.1835E-02
4.13831   0.2412E-02
4.14058   0.7016E-04
4.14185   0.4788E-02
4.14506   0.7928E-02
4.14716   0.1222E-01
4.15112   0.5473E-02
4.15288   0.3743E-02
4.15604   0.6224E-02
4.15853   0.1501E-02
4.16038   0.2583E-02
4.16077   0.4697E-02