300 1
1.25288   0.5950E-03
1.44784   0.1662E-04
1.48796   0.4346E-02
1.57631   0.4794E-02
1.66079   0.4397E-03
1.70909   0.4424E-02
1.72692   0.8391E-01
1.75493   0.2838E-01
1.76967   0.3463E-02
1.78189   0.3417E-02
1.78838   0.2507E-01
1.82465   0.1601E-01
1.86422   0.2087E-02
1.90689   0.2349E-03
1.91086   0.4019E-02
1.92276   0.6327E-02
1.95980   0.3842E-02
1.97481   0.1365E-01
1.98969   0.3186E-02
1.99195   0.3318E-02
2.00300   0.6654E-02
2.00734   0.6092E-02
2.03364   0.3897E-02
2.05504   0.6712E-02
2.06406   0.2243E-02
2.06748   0.2950E-02
2.08045   0.2699E-02
2.09420   0.9450E-03
2.10963   0.2414E-03
2.11285   0.9589E-03
2.11815   0.1071E-02
2.12802   0.5273E-03
2.13407   0.2698E-02
2.14069   0.6355E-02
2.15049   0.2599E-02
2.15454   0.6920E-02
2.16353   0.3755E-02
2.19574   0.1344E-02
2.19684   0.4345E-03
2.20271   0.1328E-02
2.21518   0.3262E-02
2.22207   0.4359E-02
2.24218   0.1130E-02
2.24376   0.7196E-02
2.24667   0.7642E-02
2.26474   0.6337E-02
2.27181   0.1512E-02
2.27799   0.1009E-01
2.28242   0.2994E-02
2.30043   0.4815E-02
2.31289   0.3216E-02
2.31602   0.1228E-01
2.32270   0.5298E-02
2.33015   0.1083E-01
2.33489   0.5370E-02
2.33804   0.2933E-02
2.34260   0.4885E-02
2.34405   0.2598E-02
2.35892   0.1002E-01
2.36664   0.9348E-03
2.36839   0.1570E-02
2.37800   0.1138E-02
2.38272   0.6339E-02
2.40215   0.3806E-02
2.40893   0.2952E-02
2.41094   0.5314E-02
2.42023   0.1539E-02
2.42371   0.8094E-03
2.43857   0.1199E-02
2.44800   0.1258E-01
2.45325   0.9498E-03
2.45896   0.5591E-02
2.46361   0.2448E-02
2.46394   0.3210E-03
2.47192   0.3578E-02
2.47457   0.1110E-02
2.47959   0.8928E-02
2.48434   0.1809E-02
2.49502   0.1147E-02
2.50212   0.8864E-02
2.51223   0.4400E-02
2.51721   0.1432E-01
2.52340   0.1406E-01
2.53238   0.2558E-02
2.53614   0.1450E-02
2.54258   0.8632E-03
2.54472   0.1616E-02
2.54793   0.5212E-02
2.55933   0.7114E-03
2.56196   0.1258E-01
2.56306   0.8014E-03
2.56629   0.5157E-02
2.56819   0.2685E-02
2.57546   0.2131E-02
2.58631   0.2639E-02
2.59107   0.1370E-02
2.59795   0.4515E-03
2.60326   0.1967E-03
2.60760   0.2044E-02
2.61398   0.2102E-02
2.61788   0.3506E-02
2.62076   0.4712E-02
2.62546   0.4948E-02
2.62952   0.1604E-01
2.63688   0.8968E-02
2.64048   0.5798E-02
2.64791   0.4556E-02
2.65463   0.1398E-01
2.65645   0.1538E-02
2.65863   0.7249E-02
2.66326   0.6803E-02
2.66903   0.7835E-02
2.67297   0.6076E-03
2.67584   0.1471E-01
2.68085   0.3133E-02
2.68778   0.2970E-02
2.68865   0.1884E-02
2.68913   0.3116E-02
2.69261   0.7536E-03
2.69912   0.4082E-02
2.70088   0.2096E-02
2.70744   0.3935E-03
2.71390   0.9640E-03
2.72201   0.8205E-03
2.72643   0.1242E-01
2.73278   0.7349E-03
2.73511   0.7409E-02
2.73990   0.1311E-01
2.74134   0.3729E-02
2.74465   0.2942E-02
2.74631   0.1765E-02
2.74998   0.6784E-02
2.75548   0.5954E-02
2.75699   0.3438E-02
2.75791   0.5979E-02
2.76632   0.1678E-02
2.76845   0.1669E-01
2.76971   0.6194E-03
2.77185   0.3783E-02
2.77947   0.2406E-02
2.78176   0.6963E-02
2.78655   0.2849E-02
2.78796   0.1697E-02
2.79030   0.3095E-02
2.79632   0.1386E-02
2.79997   0.7382E-02
2.80136   0.3003E-02
2.80457   0.5281E-02
2.80656   0.4592E-02
2.81308   0.3075E-02
2.81647   0.5348E-03
2.81768   0.8249E-03
2.82103   0.9512E-03
2.82509   0.3413E-02
2.82799   0.2389E-01
2.83089   0.8838E-02
2.83536   0.6497E-02
2.84053   0.1639E-01
2.84508   0.2308E-02
2.84754   0.2889E-02
2.84913   0.1057E-01
2.85093   0.2272E-01
2.86075   0.7302E-02
2.86493   0.2145E-01
2.86772   0.1659E-02
2.87177   0.9045E-02
2.87444   0.3189E-02
2.87823   0.1128E-01
2.88298   0.4486E-02
2.88591   0.6724E-02
2.89063   0.5528E-02
2.90094   0.4452E-02
2.90359   0.1328E-01
2.90772   0.7522E-02
2.91045   0.1361E-02
2.91391   0.8611E-03
2.91512   0.1019E-01
2.91662   0.1686E-03
2.91761   0.3762E-02
2.92355   0.4035E-02
2.92583   0.1260E-01
2.92695   0.2938E-02
2.93451   0.1667E-02
2.93589   0.3727E-02
2.94088   0.2696E-02
2.94175   0.3959E-02
2.94472   0.2559E-02
2.94951   0.1344E-01
2.95139   0.4328E-02
2.95909   0.5934E-02
2.95952   0.2175E-02
2.96394   0.1404E-01
2.96785   0.1397E-01
2.96987   0.1733E-02
2.97202   0.4681E-02
2.97304   0.5057E-03
2.97830   0.5107E-02
2.98311   0.2193E-02
2.98331   0.9193E-02
2.98791   0.1892E-03
2.99070   0.2110E-02
2.99563   0.4678E-02
2.99839   0.3050E-02
2.99947   0.6974E-03
3.00264   0.9415E-03
3.00587   0.2352E-02
3.01060   0.2674E-02
3.01278   0.9121E-03
3.01482   0.5974E-02
3.01859   0.1358E-02
3.02076   0.3472E-02
3.02216   0.2356E-02
3.02505   0.1451E-01
3.02693   0.5070E-02
3.03321   0.4567E-02
3.03343   0.9464E-03
3.03653   0.1720E-02
3.03992   0.3801E-02
3.04294   0.7842E-02
3.04841   0.4985E-03
3.05048   0.9311E-02
3.05523   0.9831E-03
3.05749   0.6874E-02
3.06050   0.2339E-02
3.06109   0.2974E-02
3.06465   0.4363E-02
3.06761   0.4567E-02
3.07035   0.1161E-02
3.07154   0.1080E-02
3.07266   0.4119E-02
3.07470   0.2199E-02
3.07651   0.1878E-02
3.07890   0.4749E-02
3.08035   0.3276E-02
3.08080   0.1178E-02
3.08427   0.2969E-02
3.08553   0.5705E-02
3.08701   0.3016E-02
3.09244   0.1161E-02
3.09535   0.5908E-02
3.09850   0.6227E-02
3.09936   0.8217E-02
3.10603   0.4645E-02
3.10694   0.3129E-02
3.10906   0.1000E-02
3.11046   0.1800E-01
3.11294   0.1125E-01
3.11764   0.3535E-02
3.11836   0.1471E-01
3.12090   0.2958E-02
3.12613   0.6334E-02
3.12688   0.9193E-02
3.12751   0.1019E-02
3.13078   0.1339E-02
3.13201   0.7751E-02
3.13511   0.3562E-02
3.13814   0.6176E-03
3.14196   0.2108E-02
3.14307   0.2479E-02
3.14591   0.3208E-02
3.14640   0.4302E-02
3.14973   0.6334E-02
3.15151   0.1705E-02
3.15386   0.2189E-01
3.15543   0.5225E-03
3.15926   0.2910E-02
3.16641   0.1250E-02
3.16725   0.1990E-02
3.17047   0.3666E-02
3.17365   0.1427E-01
3.17566   0.4642E-02
3.17886   0.4226E-02
3.18125   0.5317E-02
3.18194   0.7293E-03
3.18484   0.5043E-02
3.18761   0.3295E-02
3.18963   0.9235E-02
3.19204   0.1326E-02
3.19429   0.1561E-02
3.20166   0.1315E-01
3.20357   0.1106E-02
3.20513   0.1941E-02
3.20672   0.9691E-03
3.20896   0.5825E-02
3.21205   0.3500E-03
3.21583   0.3368E-02
3.21844   0.1715E-02
3.22003   0.1448E-03
3.22163   0.4126E-02
3.22488   0.2769E-02
3.22696   0.7889E-03
3.22947   0.1438E-02
3.23081   0.5115E-03
3.23212   0.8861E-03
3.23485   0.8316E-03
3.23585   0.4532E-03
3.23728   0.1891E-02
3.24027   0.1752E-02
3.24193   0.1558E-02
3.24535   0.7958E-03