300 1
0.79580   0.2377E-05 
0.79942   0.3161E-05 
1.21240   0.1803E-05 
1.23766   0.2125E-05 
1.23813   0.3670E-05 
1.27989   0.6433E-05 
1.31684   0.3668E-02 
1.32170   0.3728E-02 
1.47341   0.1539E-02 
1.47907   0.3173E-02 
1.48005   0.3258E-02 
1.50887   0.1661E-01 
1.59887   0.6095E-02 
1.60396   0.6073E-02 
1.64259   0.2348E-03 
1.64944   0.9197E-04 
1.70902   0.2646E-02 
1.73022   0.9133E-02 
1.75083   0.5931E-02 
1.81054   0.2352E-01 
1.81256   0.2541E-01 
1.81657   0.3000E-03 
1.81949   0.5027E-04 
1.82935   0.1360E-02 
1.90207   0.1901E-04 
1.90561   0.8205E-05 
1.96805   0.1238E-01 
1.99140   0.6897E-04 
1.99856   0.1896E-01 
2.00258   0.6225E-03 
2.00453   0.2031E-04 
2.00546   0.8377E-03 
2.04406   0.9494E-03 
2.04610   0.1342E-02 
2.04999   0.1315E-02 
2.05031   0.4966E-02 
2.05368   0.2625E-02 
2.06152   0.1366E-03 
2.07606   0.2143E-01 
2.09016   0.7554E-04 
2.09665   0.1363E-04 
2.12037   0.2994E-02 
2.12368   0.3010E-02 
2.12956   0.2904E-04 
2.13355   0.1761E-04 
2.14692   0.6332E-04 
2.14729   0.1878E-04 
2.15628   0.6617E-03 
2.15675   0.7647E-03 
2.17663   0.9655E-04 
2.17851   0.1171E-03 
2.19562   0.3940E-04 
2.20341   0.2096E-02 
2.20988   0.1843E-02 
2.21636   0.2249E-02 
2.25150   0.5746E-04 
2.26433   0.1148E-04 
2.26502   0.4092E-05 
2.27172   0.2071E-03 
2.27763   0.1285E-04 
2.28726   0.1638E-04 
2.29953   0.2654E-05 
2.30239   0.2503E-05 
2.31011   0.2604E-05 
2.34751   0.1474E-04 
2.35272   0.2370E-04 
2.38763   0.2450E-03 
2.38997   0.4571E-03 
2.39749   0.6309E-03 
2.40040   0.2175E-03 
2.40506   0.3902E-03 
2.40685   0.2035E-03 
2.40844   0.4283E-04 
2.41384   0.8108E-04 
2.41493   0.8259E-04 
2.42149   0.2771E-03 
2.42526   0.6628E-03 
2.42805   0.4155E-03 
2.42846   0.9032E-03 
2.43050   0.9478E-03 
2.44053   0.3062E-04 
2.44157   0.1275E-04 
2.45635   0.1169E-02 
2.45776   0.1245E-02 
2.47703   0.5389E-02 
2.47855   0.5188E-02 
2.48168   0.2346E-02 
2.49896   0.2953E-03 
2.50362   0.9701E-04 
2.50445   0.4332E-04 
2.51096   0.8780E-03 
2.51203   0.4580E-03 
2.51254   0.1528E-02 
2.51742   0.8675E-03 
2.52295   0.8794E-04 
2.52731   0.6940E-03 
2.52784   0.3269E-02 
2.52828   0.3615E-02 
2.53358   0.1910E-04 
2.54161   0.8543E-05 
2.54637   0.2187E-04 
2.54804   0.5973E-04 
2.56791   0.7543E-02 
2.58239   0.6122E-02 
2.58741   0.2380E-01 
2.58829   0.2431E-01 
2.60452   0.2849E-03 
2.60811   0.7427E-04 
2.60878   0.3575E-05 
2.61482   0.3648E-04 
2.63363   0.6105E-03 
2.63654   0.1886E-03 
2.63871   0.1192E-02 
2.64669   0.7083E-03 
2.64830   0.4505E-01 
2.65093   0.7462E-03 
2.65196   0.1184E-01 
2.65577   0.1191E-01 
2.66122   0.5324E-02 
2.66134   0.8577E-05 
2.66404   0.2581E-02 
2.66626   0.5459E-02 
2.66641   0.8943E-01 
2.66753   0.6726E-02 
2.67027   0.3157E-02 
2.67529   0.2224E-02 
2.68287   0.1399E-01 
2.68648   0.1996E-01 
2.69434   0.4316E-04 
2.69611   0.1062E-03 
2.70580   0.1314E-01 
2.70928   0.6490E-02 
2.71501   0.7706E-03 
2.71846   0.2070E-02 
2.72237   0.1414E-02 
2.72550   0.3236E-03 
2.72976   0.1578E-02 
2.73064   0.2100E-02 
2.73891   0.8991E-03 
2.74419   0.1079E-01 
2.74648   0.6664E-02 
2.74774   0.4442E-02 
2.75006   0.7269E-02 
2.75442   0.4430E-02 
2.75558   0.3424E-01 
2.75653   0.3253E-01 
2.75861   0.3536E-02 
2.76836   0.2499E-02 
2.77296   0.5607E-03 
2.77401   0.1593E-02 
2.77598   0.2130E-02 
2.78146   0.7341E-03 
2.78268   0.1576E-02 
2.78473   0.1800E-02 
2.78549   0.2775E-02 
2.78707   0.8055E-03 
2.79077   0.2399E-02 
2.79202   0.1316E-02 
2.79351   0.1900E-02 
2.79694   0.2155E-02 
2.80229   0.1016E-01 
2.80444   0.2508E-01 
2.80463   0.1775E-01 
2.80591   0.2296E-02 
2.80669   0.4370E-01 
2.81109   0.3580E-02 
2.81418   0.1170E-02 
2.81481   0.1469E-02 
2.81634   0.3631E-02 
2.84335   0.1768E-03 
2.84443   0.1504E-02 
2.84810   0.1786E-02 
2.85341   0.1218E-02 
2.85548   0.1470E-02 
2.85667   0.3201E-02 
2.85899   0.2431E-02 
2.86367   0.3228E-03 
2.86533   0.3319E-02 
2.86705   0.1473E-02 
2.86901   0.1380E-02 
2.87114   0.8801E-03 
2.87325   0.2871E-02 
2.87358   0.3804E-03 
2.87525   0.7027E-02 
2.88321   0.7268E-02 
2.88658   0.4365E-02 
2.88784   0.1187E-02 
2.89116   0.1756E-02 
2.89455   0.2336E-02 
2.89551   0.4423E-04 
2.89778   0.1129E-03 
2.89905   0.1178E-02 
2.90366   0.5246E-01 
2.90577   0.7203E-02 
2.90800   0.5679E-03 
2.90904   0.1380E-02 
2.91141   0.1563E-02 
2.91251   0.1004E-02 
2.91359   0.1555E-02 
2.91654   0.1409E-02 
2.91713   0.3160E-02 
2.92077   0.2675E-02 
2.92509   0.7266E-02 
2.92695   0.1548E-01 
2.92870   0.3087E-01 
2.92989   0.2102E-01 
2.93327   0.1280E-02 
2.93475   0.1170E-03 
2.94576   0.1379E-03 
2.95111   0.7378E-04 
2.95305   0.6324E-04 
2.95559   0.3375E-04 
2.96006   0.4891E-04 
2.96491   0.4118E-05 
2.96610   0.3147E-04 
2.97218   0.1645E-04 
2.97323   0.3661E-05 
2.98058   0.5230E-04 
2.98343   0.1746E-03 
2.98564   0.1178E-02 
2.99298   0.3459E-03 
2.99325   0.4355E-03 
2.99738   0.6029E-03 
2.99930   0.9080E-03 
3.00042   0.6713E-03 
3.00518   0.2396E-01 
3.01088   0.5758E-01 
3.01144   0.5682E-01 
3.01251   0.7236E-02 
3.01975   0.7631E-04 
3.02052   0.1001E-02 
3.03036   0.1738E-01 
3.03716   0.4153E-02 
3.03818   0.4796E-02 
3.04147   0.7792E-03 
3.04287   0.6785E-04 
3.04347   0.3105E-02 
3.04754   0.1768E-03 
3.04952   0.2964E-03 
3.05382   0.4353E-02 
3.05527   0.4254E-02 
3.05795   0.8327E-03 
3.06116   0.1661E-02 
3.06254   0.8799E-03 
3.06649   0.2260E-02 
3.07038   0.1244E-02 
3.08069   0.1714E-01 
3.08513   0.6104E-03 
3.08839   0.7570E-04 
3.09151   0.4068E-03 
3.09931   0.2156E-04 
3.09985   0.1535E-03 
3.10082   0.1082E-03 
3.10680   0.1011E-02 
3.11173   0.4957E-03 
3.11330   0.3117E-03 
3.11580   0.8930E-03 
3.12061   0.1967E-02 
3.12173   0.3949E-03 
3.12362   0.1913E-02 
3.12480   0.2750E-02 
3.12514   0.1479E-02 
3.12948   0.9851E-02 
3.13455   0.7865E-02 
3.13503   0.1410E-01 
3.13671   0.1831E-01 
3.14124   0.2108E-02 
3.14137   0.1680E-02 
3.14653   0.1664E-03 
3.14659   0.3344E-03 
3.14679   0.1019E-02 
3.14827   0.8821E-02 
3.15243   0.6291E-04 
3.15475   0.1989E-03 
3.15545   0.2701E-02 
3.15649   0.1079E-01 
3.15761   0.3365E-02 
3.16038   0.6726E-02 
3.16230   0.3741E-03 
3.16360   0.1852E-03 
3.17058   0.1576E-01 
3.17146   0.1310E-02 
3.17358   0.4373E-02 
3.17488   0.1584E-02 
3.17746   0.6584E-02 
3.17922   0.4835E-02 
3.18291   0.2046E-02 
3.18535   0.3990E-02 
3.18666   0.3196E-03 
3.19223   0.4590E-02 
3.19539   0.6724E-02 
3.19887   0.4127E-02 
3.19922   0.3509E-01 
3.19949   0.2757E-01 
3.20152   0.6541E-03 
3.20194   0.3537E-02 
3.20605   0.1972E-02 
3.21199   0.1061E-02 
3.21480   0.4487E-03 
3.22183   0.2069E-01 