300 1
1.35256   0.1745E-01
1.48893   0.3664E-02
1.64550   0.9152E-02
1.66090   0.4062E-01
1.72588   0.7599E-03
1.74041   0.1201E-01
1.76323   0.1245E-02
1.82130   0.6469E-02
1.83419   0.7700E-03
1.85794   0.4435E-02
1.88917   0.4969E-02
1.91096   0.1289E-02
1.92857   0.9259E-02
1.94619   0.6387E-02
1.97084   0.2511E-02
1.98805   0.1491E-02
2.00022   0.1516E-02
2.01305   0.9556E-03
2.01494   0.3755E-02
2.02121   0.5252E-02
2.03215   0.1808E-01
2.05487   0.1156E-02
2.06975   0.4364E-02
2.07547   0.8240E-02
2.10590   0.2728E-02
2.11052   0.6364E-02
2.11882   0.7784E-02
2.13375   0.2147E-02
2.14789   0.5028E-03
2.15536   0.5120E-02
2.16491   0.6026E-02
2.17679   0.7328E-02
2.18294   0.2048E-02
2.19434   0.6886E-02
2.22283   0.4432E-02
2.23216   0.3262E-02
2.23748   0.2185E-02
2.25201   0.9189E-02
2.27514   0.3041E-02
2.27947   0.3680E-02
2.28356   0.3515E-02
2.29232   0.1573E-01
2.30493   0.5245E-02
2.31675   0.7236E-02
2.32472   0.4866E-02
2.33301   0.3713E-02
2.34136   0.2845E-02
2.34985   0.1838E-02
2.36657   0.7636E-02
2.37869   0.1894E-02
2.38803   0.2449E-02
2.40268   0.1570E-02
2.40455   0.2761E-02
2.41765   0.2284E-01
2.42430   0.1668E-01
2.43103   0.7398E-02
2.44112   0.1680E-02
2.44241   0.1726E-02
2.45032   0.4559E-02
2.45199   0.3018E-02
2.45701   0.1424E-01
2.46983   0.5527E-02
2.47673   0.5672E-02
2.48067   0.1700E-01
2.48556   0.1534E-02
2.48930   0.2775E-02
2.49772   0.1788E-02
2.51195   0.7137E-02
2.51682   0.1807E-02
2.52635   0.1444E-02
2.53185   0.7522E-03
2.53811   0.2037E-02
2.54108   0.9275E-02
2.54196   0.4662E-02
2.54941   0.2652E-02
2.55128   0.1402E-03
2.55971   0.1877E-02
2.56951   0.7615E-03
2.58650   0.1363E-01
2.59257   0.1168E-01
2.59633   0.7161E-02
2.60131   0.1973E-02
2.60853   0.1771E-02
2.61528   0.5357E-03
2.62073   0.2215E-02
2.62597   0.7996E-02
2.63824   0.1639E-02
2.64405   0.4012E-02
2.64919   0.5478E-03
2.65552   0.2627E-02
2.65875   0.1416E-02
2.66557   0.7400E-02
2.66955   0.3273E-02
2.67550   0.3242E-02
2.68200   0.3180E-02
2.68387   0.6626E-04
2.68952   0.8193E-02
2.69519   0.1149E-02
2.69739   0.9847E-02
2.70047   0.1025E-02
2.70415   0.2780E-02
2.70631   0.1459E-02
2.71742   0.1136E-01
2.72291   0.2126E-01
2.72507   0.5980E-02
2.72896   0.4412E-02
2.73281   0.2450E-01
2.73956   0.1027E-01
2.74215   0.5030E-02
2.74480   0.3218E-02
2.74628   0.2755E-02
2.75255   0.3063E-02
2.75400   0.2032E-02
2.75870   0.9072E-02
2.76312   0.6200E-02
2.76840   0.2419E-02
2.77614   0.1068E-02
2.77695   0.2005E-02
2.78329   0.5216E-02
2.78693   0.7410E-02
2.79570   0.3713E-02
2.80128   0.1845E-02
2.80244   0.4838E-02
2.80742   0.5336E-02
2.81032   0.1293E-01
2.81817   0.3387E-02
2.81960   0.1283E-02
2.82401   0.5143E-02
2.82598   0.6471E-02
2.82760   0.9776E-02
2.83273   0.2544E-02
2.84211   0.1211E-01
2.84617   0.1618E-03
2.85101   0.3480E-02
2.85544   0.1596E-02
2.86147   0.1273E-01
2.86315   0.4990E-03
2.86460   0.5908E-02
2.86757   0.1082E-02
2.87246   0.1046E-02
2.87662   0.1532E-02
2.88120   0.2137E-01
2.88241   0.7553E-02
2.88490   0.3737E-02
2.88814   0.4396E-02
2.89341   0.2970E-03
2.89846   0.4003E-02
2.90399   0.3828E-02
2.91152   0.2655E-02
2.91236   0.8184E-03
2.91635   0.3232E-02
2.91864   0.5505E-02
2.91950   0.1525E-02
2.92588   0.5085E-03
2.92760   0.2347E-02
2.93198   0.1442E-02
2.93441   0.3410E-03
2.93710   0.1351E-01
2.94403   0.1468E-02
2.94565   0.1985E-02
2.94968   0.6231E-02
2.95142   0.2880E-02
2.95657   0.1133E-01
2.96079   0.6174E-02
2.96311   0.5349E-02
2.96765   0.4109E-02
2.97087   0.7256E-02
2.97155   0.2642E-02
2.97768   0.9018E-02
2.98168   0.6642E-02
2.98200   0.2161E-02
2.98370   0.1174E-02
2.98597   0.9889E-03
2.98772   0.4879E-02
2.99032   0.1577E-02
2.99243   0.1157E-01
2.99633   0.2241E-02
3.00071   0.2538E-02
3.00216   0.5095E-02
3.00276   0.6726E-03
3.00898   0.6139E-02
3.01269   0.1764E-02
3.01423   0.4389E-02
3.01710   0.8118E-03
3.01802   0.4629E-02
3.02449   0.3116E-02
3.02723   0.1227E-02
3.03005   0.1183E-01
3.03356   0.5329E-02
3.03648   0.2417E-02
3.04082   0.3225E-02
3.04205   0.9633E-03
3.04417   0.3167E-02
3.04801   0.1255E-02
3.04863   0.8053E-02
3.05828   0.7766E-02
3.06003   0.9908E-03
3.06125   0.2385E-02
3.06478   0.9019E-02
3.06719   0.1566E-01
3.07040   0.2239E-02
3.07331   0.3266E-02
3.07522   0.1445E-02
3.07696   0.1457E-02
3.07844   0.2399E-02
3.08012   0.1824E-02
3.08475   0.3161E-02
3.08962   0.1738E-02
3.09037   0.4285E-02
3.09351   0.6058E-02
3.09609   0.1092E-01
3.10072   0.1351E-01
3.10231   0.3404E-02
3.10324   0.1441E-02
3.11011   0.2379E-02
3.11234   0.1097E-01
3.11613   0.3219E-02
3.12014   0.1456E-02
3.12120   0.2872E-02
3.12698   0.2311E-02
3.12856   0.5615E-02
3.13089   0.2194E-02
3.13671   0.1012E-02
3.13937   0.1353E-02
3.13974   0.2470E-02
3.14261   0.1988E-02
3.14526   0.5621E-03
3.14686   0.1037E-01
3.14846   0.2908E-03
3.14937   0.6625E-02
3.15053   0.1857E-02
3.15321   0.3893E-02
3.15548   0.2008E-02
3.15943   0.5717E-02
3.16065   0.1822E-02
3.16350   0.6468E-02
3.16529   0.7056E-03
3.16710   0.8214E-02
3.17317   0.1461E-01
3.17390   0.3452E-02
3.18468   0.6507E-02
3.18580   0.3254E-02
3.19228   0.2918E-02
3.19351   0.3146E-02
3.19708   0.7756E-02
3.19866   0.7998E-02
3.19923   0.1642E-02
3.20321   0.4525E-02
3.20551   0.5167E-04
3.20981   0.1144E-02
3.21047   0.1310E-02
3.21449   0.6336E-02
3.21973   0.3830E-02
3.22296   0.3155E-03
3.22380   0.2521E-02
3.22658   0.9699E-02
3.22813   0.1746E-02
3.22964   0.9486E-03
3.23229   0.6475E-03
3.23316   0.2751E-02
3.23443   0.7323E-02
3.23823   0.5371E-02
3.24112   0.7238E-02
3.24532   0.1221E-01
3.24691   0.8751E-02
3.25348   0.1003E-02
3.25357   0.3508E-02
3.25640   0.1990E-02
3.25700   0.4657E-03
3.25903   0.6609E-03
3.25991   0.1611E-02
3.26112   0.7730E-02
3.26182   0.6439E-02
3.26475   0.3314E-02
3.26877   0.1585E-02
3.27051   0.1927E-02
3.27316   0.2353E-02
3.27441   0.4463E-02
3.27519   0.1000E-02
3.27758   0.9970E-02
3.28005   0.9318E-02
3.28078   0.4237E-02
3.28706   0.4560E-02
3.29127   0.3962E-02
3.29394   0.1191E-02
3.29694   0.4567E-02
3.29793   0.1007E-02
3.29951   0.7447E-02
3.30133   0.4572E-02
3.30690   0.1109E-01
3.31011   0.8773E-02
3.31458   0.3094E-02
3.31505   0.2822E-02
3.31845   0.2156E-02
3.32024   0.8378E-03
3.32095   0.1198E-02
3.32354   0.4456E-02
3.32506   0.3229E-02
3.32605   0.1017E-02
3.33122   0.2385E-02