300 1
1.69101   0.3063E-02
1.77739   0.1030E-01
1.79657   0.5869E-02
1.91319   0.6907E-02
1.94880   0.2348E-01
1.98422   0.1287E-01
2.00181   0.5569E-02
2.03095   0.2664E-02
2.05920   0.1653E-01
2.09001   0.7838E-02
2.09841   0.2007E-02
2.11177   0.5672E-02
2.11234   0.8497E-02
2.12735   0.2910E-02
2.15663   0.2871E-02
2.16190   0.1426E-02
2.18820   0.2840E-02
2.19489   0.1360E-02
2.20844   0.5255E-02
2.21941   0.9564E-03
2.23208   0.2114E-02
2.23449   0.1889E-02
2.24175   0.4127E-02
2.24686   0.7916E-02
2.25779   0.7236E-02
2.26774   0.2963E-03
2.28712   0.2555E-02
2.29471   0.1521E-02
2.30370   0.1727E-03
2.30978   0.1316E-01
2.31259   0.6574E-03
2.31795   0.6903E-02
2.35732   0.2852E-02
2.36477   0.9255E-02
2.38111   0.4602E-02
2.39149   0.1081E-01
2.39513   0.7679E-02
2.40179   0.1373E-02
2.40518   0.1651E-02
2.40900   0.9116E-02
2.43848   0.6450E-02
2.43998   0.7160E-02
2.45558   0.2820E-02
2.46699   0.5065E-02
2.47473   0.2386E-02
2.48434   0.3432E-01
2.49094   0.2321E-02
2.50387   0.1851E-02
2.51035   0.1108E-02
2.51685   0.2338E-02
2.52330   0.1120E-01
2.53327   0.1744E-02
2.53874   0.1183E-01
2.55200   0.3361E-02
2.56097   0.3291E-02
2.56300   0.3948E-02
2.56805   0.1765E-02
2.57654   0.6201E-02
2.58248   0.1203E-01
2.58621   0.7539E-02
2.59420   0.2403E-02
2.60147   0.1299E-02
2.60824   0.1052E-02
2.61257   0.3647E-03
2.61892   0.7659E-02
2.62293   0.2844E-02
2.62722   0.4368E-02
2.63215   0.7333E-02
2.64237   0.5304E-02
2.65416   0.2872E-02
2.65593   0.1671E-01
2.66064   0.3156E-02
2.66762   0.8238E-03
2.67017   0.4432E-02
2.67245   0.8072E-02
2.68058   0.8990E-03
2.68902   0.2877E-02
2.69162   0.3543E-02
2.69771   0.2020E-02
2.70098   0.3987E-02
2.70748   0.5944E-02
2.71142   0.3605E-02
2.71249   0.1979E-02
2.71847   0.1979E-02
2.72411   0.4976E-02
2.72972   0.2420E-02
2.73147   0.1077E-01
2.73453   0.7833E-02
2.74106   0.3498E-02
2.75060   0.2316E-02
2.75476   0.3431E-02
2.75753   0.1686E-01
2.76619   0.6066E-02
2.76898   0.4816E-02
2.77334   0.1149E-01
2.78431   0.2392E-02
2.78694   0.4668E-02
2.78937   0.7436E-03
2.79477   0.6503E-03
2.80123   0.2602E-02
2.80638   0.4335E-02
2.80773   0.1819E-01
2.81261   0.4528E-02
2.82013   0.1284E-02
2.82403   0.3201E-02
2.82676   0.4296E-02
2.83532   0.8383E-02
2.84561   0.1456E-01
2.85071   0.9199E-02
2.85587   0.6441E-03
2.85779   0.1237E-01
2.86001   0.2594E-02
2.86343   0.7722E-02
2.86945   0.2037E-02
2.87281   0.9170E-03
2.87607   0.1014E-02
2.88091   0.2175E-02
2.88568   0.2052E-02
2.88957   0.6385E-03
2.89420   0.2521E-02
2.90142   0.4631E-02
2.90954   0.2253E-02
2.91073   0.2177E-02
2.91377   0.8956E-02
2.91675   0.6360E-02
2.92295   0.4494E-02
2.92312   0.5401E-02
2.93031   0.5308E-02
2.93507   0.9667E-02
2.94271   0.1577E-01
2.94733   0.7459E-02
2.94823   0.1777E-03
2.95085   0.1024E-01
2.95421   0.2045E-02
2.95693   0.2161E-02
2.96028   0.3637E-02
2.96794   0.6756E-02
2.97314   0.5067E-02
2.97547   0.1532E-01
2.98152   0.8189E-02
2.98694   0.1643E-02
2.99013   0.3324E-03
2.99181   0.3963E-02
2.99429   0.1666E-02
2.99787   0.6472E-02
3.00037   0.1592E-02
3.00198   0.9149E-03
3.00632   0.3672E-02
3.00833   0.5530E-02
3.01384   0.1238E-01
3.01663   0.6639E-02
3.01965   0.3846E-02
3.02347   0.2855E-02
3.02718   0.2110E-01
3.03926   0.3280E-02
3.04050   0.7090E-03
3.04277   0.8819E-02
3.04714   0.4338E-02
3.04917   0.1521E-02
3.05089   0.1925E-02
3.05483   0.4172E-02
3.05894   0.1545E-03
3.05968   0.5469E-03
3.06188   0.6680E-02
3.06496   0.2170E-02
3.06736   0.2075E-02
3.06878   0.4045E-02
3.07163   0.1006E-01
3.07319   0.1078E-02
3.07639   0.6383E-02
3.08339   0.2373E-02
3.08417   0.4222E-02
3.08712   0.2898E-03
3.08902   0.4311E-03
3.09225   0.1562E-02
3.09917   0.2903E-02
3.10073   0.3511E-02
3.10174   0.4077E-03
3.10356   0.9588E-02
3.10633   0.4493E-02
3.10806   0.8330E-03
3.11346   0.1415E-01
3.11657   0.1582E-02
3.11915   0.7231E-02
3.12331   0.6047E-02
3.12577   0.4820E-02
3.12839   0.7114E-02
3.13268   0.1246E-01
3.13568   0.1929E-02
3.13771   0.1315E-02
3.13798   0.3920E-02
3.13919   0.1695E-02
3.14433   0.2095E-02
3.14677   0.3978E-03
3.14868   0.3429E-03
3.15026   0.7053E-02
3.15127   0.1338E-02
3.15539   0.8785E-03
3.15790   0.8411E-03
3.15825   0.1081E-01
3.15951   0.7191E-02
3.16544   0.1285E-02
3.16783   0.9939E-02
3.17244   0.4695E-02
3.17369   0.3923E-02
3.17632   0.1312E-02
3.17943   0.6425E-02
3.18600   0.4163E-02
3.18858   0.6623E-02
3.18946   0.7485E-03
3.19199   0.2196E-02
3.19413   0.5367E-02
3.19888   0.7047E-03
3.19983   0.1882E-02
3.20037   0.7095E-04
3.20230   0.8622E-03
3.20317   0.2673E-02
3.20451   0.2937E-02
3.20612   0.2776E-02
3.20791   0.7835E-02
3.21154   0.3291E-02
3.21230   0.5686E-02
3.21328   0.3462E-02
3.21529   0.7568E-02
3.21892   0.4778E-02
3.22100   0.5036E-02
3.22303   0.5598E-03
3.22623   0.1469E-02
3.22895   0.1748E-02
3.23057   0.2587E-02
3.23293   0.7092E-02
3.23405   0.5848E-03
3.23822   0.5879E-02
3.23866   0.9056E-03
3.24131   0.1062E-02
3.24190   0.4184E-02
3.24383   0.1776E-02
3.24604   0.1836E-02
3.24778   0.9213E-02
3.24893   0.2625E-03
3.25081   0.1229E-01
3.25467   0.1449E-01
3.25534   0.4006E-03
3.25797   0.6069E-02
3.26215   0.3403E-02
3.26963   0.2619E-02
3.27024   0.1527E-03
3.27218   0.7169E-02
3.27397   0.3133E-02
3.27908   0.4802E-02
3.28081   0.1012E-02
3.28189   0.2663E-02
3.28476   0.3467E-02
3.28573   0.4031E-02
3.28787   0.9090E-02
3.28860   0.6547E-02
3.29080   0.3372E-02
3.29750   0.1268E-02
3.29784   0.4475E-02
3.30060   0.2485E-02
3.30082   0.1426E-02
3.30478   0.1832E-02
3.30679   0.2741E-02
3.30880   0.4013E-02
3.31110   0.2359E-02
3.31352   0.3036E-03
3.31530   0.6116E-04
3.31586   0.8626E-03
3.31957   0.4453E-03
3.32136   0.8122E-03
3.32324   0.1349E-01
3.32536   0.5690E-03
3.32563   0.6118E-03
3.32886   0.3563E-03
3.32904   0.6324E-03
3.33090   0.9695E-02
3.33245   0.1651E-03
3.33563   0.1744E-02
3.33966   0.1199E-02
3.34062   0.1245E-02
3.34250   0.1216E-03
3.34484   0.4911E-02
3.34612   0.5628E-02
3.35168   0.6149E-03
3.35234   0.1056E-01
3.35455   0.3832E-03
3.35612   0.1235E-01
3.36024   0.6994E-02
3.36210   0.3033E-02
3.36386   0.1589E-02
3.36573   0.1321E-01
3.36682   0.9756E-02
3.36824   0.2529E-02
3.37343   0.2493E-02
3.37509   0.7781E-03
3.37600   0.5393E-03
3.37683   0.7197E-03
3.37977   0.2266E-02
3.38101   0.1355E-02
3.38323   0.1432E-02