300 1
1.42763   0.4497E-02
1.44708   0.2668E-02
1.48120   0.8074E-02
1.63832   0.7399E-02
1.70053   0.4355E-03
1.72427   0.3491E-03
1.73147   0.4589E-03
1.75138   0.6059E-02
1.77424   0.2887E-02
1.78202   0.9219E-02
1.79719   0.6621E-03
1.84400   0.1129E-01
1.89160   0.1543E-01
1.91099   0.7107E-02
1.92719   0.1475E-01
1.93242   0.2515E-02
1.94550   0.7350E-02
1.99597   0.3687E-02
2.01037   0.1746E-02
2.02404   0.6272E-03
2.07045   0.3015E-02
2.08363   0.1046E-01
2.10461   0.2964E-02
2.11144   0.3816E-02
2.13343   0.6035E-02
2.15909   0.4698E-02
2.16516   0.4360E-03
2.16684   0.9878E-03
2.17981   0.5144E-02
2.18182   0.1051E-02
2.19010   0.2126E-02
2.19156   0.5966E-02
2.21919   0.6304E-02
2.22511   0.5026E-03
2.22993   0.3657E-02
2.24085   0.8796E-02
2.24645   0.2041E-02
2.25093   0.6152E-03
2.25862   0.1377E-02
2.26032   0.7713E-02
2.26967   0.1626E-02
2.28525   0.1051E-02
2.31118   0.2331E-02
2.33428   0.3425E-02
2.34700   0.4588E-02
2.34873   0.1979E-02
2.35605   0.4401E-03
2.36627   0.3508E-02
2.38057   0.4563E-03
2.38840   0.4530E-03
2.38924   0.2409E-02
2.41250   0.3668E-02
2.41979   0.1935E-02
2.42621   0.7117E-04
2.43184   0.4092E-02
2.44033   0.4572E-02
2.44056   0.1074E-02
2.44733   0.9026E-03
2.45215   0.3299E-03
2.46090   0.6201E-02
2.46303   0.2132E-02
2.46499   0.2171E-02
2.47313   0.1194E-02
2.47542   0.3796E-02
2.48456   0.3306E-02
2.48947   0.8950E-02
2.49088   0.3942E-02
2.49596   0.2466E-02
2.49772   0.6599E-02
2.50560   0.4239E-02
2.51246   0.8080E-02
2.51890   0.1938E-02
2.52144   0.5429E-02
2.52727   0.2139E-02
2.53510   0.9533E-02
2.54473   0.4810E-02
2.55832   0.4859E-02
2.56159   0.1365E-02
2.56739   0.3478E-02
2.57032   0.7820E-02
2.57722   0.4979E-02
2.59222   0.1227E-02
2.59685   0.1366E-02
2.60115   0.2429E-02
2.61324   0.2987E-02
2.61959   0.4165E-03
2.63179   0.6898E-03
2.63679   0.2900E-02
2.63977   0.1475E-02
2.64402   0.2911E-02
2.65159   0.9994E-03
2.65276   0.1459E-03
2.65577   0.1899E-02
2.66002   0.4111E-03
2.66296   0.9915E-03
2.66856   0.2474E-02
2.67134   0.1779E-02
2.67463   0.3844E-02
2.67734   0.1525E-02
2.68287   0.1368E-02
2.69110   0.2079E-02
2.69439   0.1668E-02
2.70116   0.6932E-02
2.70587   0.2586E-03
2.71043   0.4590E-02
2.71076   0.5653E-02
2.71991   0.1122E-01
2.72265   0.2374E-02
2.73368   0.1517E-01
2.73794   0.3025E-02
2.74539   0.4010E-02
2.75231   0.8428E-02
2.75520   0.2414E-02
2.76381   0.6962E-02
2.77005   0.5765E-02
2.77506   0.5793E-02
2.77692   0.5956E-03
2.78344   0.3280E-03
2.78654   0.1640E-02
2.79143   0.3949E-02
2.79635   0.1917E-02
2.79790   0.1473E-02
2.80183   0.2926E-02
2.80601   0.1493E-02
2.81240   0.3477E-02
2.81339   0.9254E-03
2.81928   0.1048E-03
2.81975   0.8357E-03
2.82176   0.1040E-02
2.83369   0.1379E-02
2.83976   0.3262E-02
2.84235   0.5455E-02
2.84882   0.2948E-02
2.85550   0.6850E-02
2.85829   0.2212E-02
2.85990   0.7886E-03
2.86318   0.4218E-03
2.86608   0.5761E-03
2.87095   0.9676E-02
2.87372   0.4445E-03
2.87829   0.4243E-02
2.88440   0.9876E-03
2.88449   0.2107E-02
2.89160   0.2217E-03
2.89222   0.4541E-02
2.89458   0.2774E-02
2.89885   0.6655E-03
2.90887   0.5150E-03
2.91015   0.5923E-02
2.91373   0.7235E-03
2.91464   0.6901E-02
2.91915   0.7801E-02
2.92512   0.2826E-02
2.92535   0.5645E-02
2.93219   0.3743E-02
2.93362   0.7128E-03
2.93613   0.5928E-02
2.93874   0.1183E-01
2.94142   0.3410E-03
2.94683   0.2951E-02
2.94805   0.4716E-02
2.95691   0.7516E-03
2.95921   0.1768E-02
2.96268   0.2549E-02
2.96528   0.9829E-03
2.96957   0.2959E-02
2.97304   0.5845E-02
2.97702   0.2489E-02
2.97732   0.1081E-02
2.98081   0.1750E-02
2.98976   0.7327E-02
2.99023   0.1603E-02
2.99445   0.2820E-02
2.99509   0.3879E-02
2.99894   0.3192E-02
3.00219   0.3540E-02
3.00604   0.5866E-02
3.00933   0.3019E-02
3.01279   0.2613E-02
3.01437   0.2091E-02
3.01952   0.2035E-02
3.02291   0.1555E-02
3.02777   0.3063E-02
3.03132   0.1855E-02
3.03589   0.2545E-02
3.03916   0.5519E-02
3.04265   0.1807E-02
3.04496   0.5101E-02
3.04792   0.1813E-01
3.04913   0.6671E-02
3.05187   0.5645E-02
3.05538   0.6817E-03
3.05752   0.1251E-01
3.06453   0.9606E-02
3.06977   0.3588E-02
3.07389   0.9146E-02
3.07629   0.3546E-02
3.08148   0.2931E-02
3.08395   0.4703E-02
3.09149   0.1002E-01
3.09548   0.3365E-02
3.09665   0.7169E-02
3.09855   0.1772E-02
3.09923   0.3153E-02
3.09956   0.4547E-02
3.10345   0.3030E-03
3.10746   0.3235E-02
3.10877   0.1597E-01
3.11058   0.2077E-02
3.11665   0.3962E-02
3.11779   0.2456E-03
3.11850   0.5646E-02
3.12114   0.6296E-03
3.12296   0.4276E-02
3.12580   0.3713E-02
3.12848   0.2890E-02
3.13214   0.4890E-02
3.13463   0.5718E-03
3.13522   0.4070E-02
3.13702   0.9579E-03
3.14276   0.1132E-02
3.14321   0.2953E-02
3.14532   0.2327E-02
3.14908   0.5070E-02
3.15158   0.2261E-02
3.15353   0.6462E-02
3.15476   0.2726E-01
3.15818   0.1596E-02
3.15929   0.1469E-02
3.16072   0.2643E-02
3.16482   0.7741E-02
3.16595   0.1265E-01
3.16933   0.5880E-02
3.17074   0.5582E-02
3.17174   0.4222E-02
3.17563   0.1425E-01
3.17887   0.9439E-02
3.18596   0.1954E-01
3.18987   0.2232E-02
3.19079   0.3528E-02
3.19296   0.4189E-02
3.19652   0.6239E-02
3.20023   0.2275E-02
3.20343   0.3882E-02
3.20507   0.7625E-02
3.20706   0.3972E-02
3.20934   0.4658E-02
3.21130   0.5342E-03
3.21891   0.4740E-02
3.22419   0.2961E-02
3.22532   0.5327E-02
3.22865   0.1499E-02
3.23000   0.1057E-01
3.23367   0.6149E-02
3.23509   0.3260E-02
3.23644   0.3697E-02
3.24237   0.7966E-02
3.24411   0.7293E-02
3.24663   0.8402E-04
3.25033   0.1224E-01
3.25140   0.2995E-02
3.25300   0.5587E-02
3.25573   0.1981E-02
3.25972   0.7407E-02
3.26065   0.9934E-02
3.26247   0.6506E-02
3.26350   0.6221E-02
3.26714   0.6946E-02
3.26784   0.2306E-02
3.27226   0.3143E-02
3.27591   0.4248E-02
3.27799   0.1354E-02
3.27962   0.7665E-02
3.28137   0.5968E-03
3.28388   0.1519E-03
3.28694   0.5665E-02
3.28922   0.5149E-02
3.28954   0.2208E-02
3.29345   0.4905E-02
3.29815   0.3630E-02
3.30132   0.4645E-02
3.30329   0.7424E-02
3.30431   0.5370E-02
3.30648   0.3396E-02
3.30974   0.9014E-03
3.31185   0.1622E-02
3.31309   0.2512E-02
3.31440   0.9212E-03
3.31709   0.1084E-02
3.32139   0.5101E-02
3.32244   0.2961E-02
3.32342   0.3941E-02
3.32438   0.1322E-02
3.32830   0.1303E-02
3.32913   0.1998E-02
3.33042   0.5751E-02
3.33229   0.5092E-02
3.33259   0.9916E-02
3.33676   0.1669E-02
3.33944   0.7103E-03