300 1
1.48255   0.1613E-03
1.53433   0.1620E-02
1.57272   0.4595E-02
1.68237   0.8590E-02
1.71251   0.2320E-02
1.74049   0.2844E-03
1.81585   0.2402E-02
1.84967   0.3082E-02
1.86877   0.2200E-02
1.88433   0.1033E-03
1.92204   0.4924E-03
1.96986   0.5761E-02
1.97597   0.7519E-02
1.99007   0.4856E-03
2.01542   0.1276E-02
2.02779   0.3578E-03
2.03392   0.1121E-01
2.06016   0.6831E-02
2.06692   0.1426E-01
2.08186   0.1578E-02
2.09361   0.2111E-02
2.16717   0.2170E-02
2.18597   0.7192E-02
2.20013   0.1666E-01
2.20857   0.6648E-02
2.22296   0.6573E-02
2.24451   0.1857E-02
2.25382   0.3770E-02
2.26326   0.1801E-02
2.28913   0.9608E-02
2.30795   0.9301E-02
2.31384   0.3264E-02
2.32735   0.8394E-02
2.33228   0.3443E-02
2.33661   0.4493E-02
2.34831   0.1893E-01
2.37015   0.8617E-03
2.38461   0.1077E-02
2.39282   0.1464E-01
2.40483   0.3948E-02
2.41139   0.3995E-02
2.42896   0.9807E-02
2.43488   0.1910E-02
2.44513   0.5472E-01
2.45238   0.5951E-02
2.46062   0.4122E-02
2.47825   0.1092E-01
2.48177   0.2443E-01
2.51049   0.6474E-02
2.51620   0.3547E-02
2.52696   0.1039E-01
2.54495   0.4995E-02
2.55129   0.1709E-02
2.55728   0.8040E-03
2.56548   0.4435E-02
2.56857   0.1200E-01
2.57694   0.1220E-02
2.58155   0.9602E-02
2.58888   0.1755E-02
2.59659   0.6430E-02
2.60221   0.3044E-02
2.60836   0.2548E-02
2.61011   0.1485E-02
2.62187   0.1604E-02
2.62524   0.1705E-02
2.63432   0.7145E-03
2.64099   0.8946E-03
2.65447   0.5131E-02
2.65749   0.4168E-03
2.66222   0.9427E-03
2.66372   0.1151E-02
2.66796   0.1191E-02
2.66969   0.2349E-02
2.68400   0.4151E-02
2.69593   0.6596E-03
2.69788   0.1578E-02
2.70542   0.5550E-02
2.71190   0.1733E-02
2.71406   0.2765E-02
2.71682   0.6613E-03
2.71981   0.2725E-02
2.72371   0.9121E-03
2.72815   0.4749E-03
2.73267   0.2084E-02
2.73963   0.3588E-02
2.74107   0.2845E-02
2.74869   0.1239E-01
2.75329   0.1520E-02
2.75816   0.2670E-02
2.76508   0.3605E-03
2.76891   0.1006E-02
2.76959   0.3191E-02
2.77785   0.6902E-02
2.77923   0.2300E-02
2.78582   0.8859E-02
2.79104   0.3022E-02
2.79366   0.6601E-02
2.79746   0.6845E-02
2.80049   0.7809E-02
2.80163   0.5300E-02
2.80955   0.1523E-01
2.81663   0.2745E-02
2.82610   0.4349E-02
2.83145   0.1251E-02
2.84348   0.2911E-03
2.84733   0.2055E-02
2.85185   0.7464E-02
2.85873   0.3172E-01
2.86136   0.2567E-01
2.86674   0.7724E-02
2.87189   0.3895E-01
2.88296   0.9777E-03
2.88652   0.2747E-02
2.89381   0.1194E-02
2.89672   0.7839E-02
2.89862   0.4590E-02
2.90296   0.1871E-02
2.90571   0.2085E-02
2.90676   0.2032E-02
2.91150   0.4932E-02
2.91337   0.1481E-01
2.91638   0.2049E-02
2.92150   0.2854E-02
2.92480   0.9218E-03
2.92646   0.5654E-02
2.92807   0.8721E-02
2.93094   0.2510E-02
2.93688   0.3064E-02
2.94115   0.1145E-01
2.94471   0.3866E-02
2.94752   0.4581E-02
2.95184   0.2455E-02
2.95590   0.8155E-02
2.95959   0.3369E-02
2.96063   0.4176E-02
2.96875   0.2448E-02
2.97367   0.3277E-02
2.97624   0.5852E-02
2.98012   0.1385E-01
2.98354   0.9254E-02
2.98692   0.5088E-02
2.98923   0.1362E-01
2.99726   0.9868E-03
3.00009   0.2075E-01
3.00569   0.1718E-02
3.01262   0.3077E-03
3.01643   0.4615E-02
3.02346   0.4937E-02
3.03107   0.7809E-03
3.03431   0.4324E-01
3.03502   0.1990E-03
3.04128   0.2094E-03
3.04529   0.2916E-02
3.04869   0.3389E-02
3.05043   0.2021E-02
3.05137   0.1168E-02
3.05632   0.4473E-02
3.05850   0.2423E-01
3.06088   0.8697E-02
3.06315   0.2395E-02
3.06801   0.5865E-02
3.07337   0.8008E-02
3.07457   0.7442E-02
3.07750   0.5089E-02
3.08242   0.2700E-02
3.08542   0.9559E-02
3.08806   0.3382E-02
3.09168   0.6067E-02
3.09230   0.5890E-03
3.09743   0.2099E-02
3.09868   0.1478E-02
3.10156   0.2319E-02
3.10360   0.7843E-02
3.10501   0.1669E-02
3.10986   0.2929E-02
3.11270   0.6376E-02
3.11515   0.6435E-03
3.11898   0.2765E-02
3.12040   0.3272E-02
3.12331   0.2257E-02
3.12572   0.9293E-03
3.12918   0.4276E-02
3.13258   0.3268E-03
3.13516   0.1481E-02
3.14007   0.2763E-03
3.14297   0.4773E-03
3.14505   0.1573E-02
3.14847   0.4737E-02
3.15179   0.4713E-02
3.15430   0.8347E-03
3.15766   0.9541E-03
3.15855   0.2233E-02
3.15961   0.5643E-03
3.16247   0.4154E-02
3.16697   0.1111E-01
3.17589   0.2727E-02
3.17598   0.1078E-02
3.17691   0.1815E-02
3.17811   0.5036E-02
3.18235   0.1340E-02
3.18501   0.5483E-02
3.18767   0.7253E-03
3.18961   0.4547E-03
3.19251   0.1273E-02
3.19440   0.8515E-03
3.19595   0.1982E-03
3.19895   0.3247E-02
3.20160   0.1229E-02
3.20473   0.1634E-02
3.20661   0.3476E-02
3.20818   0.2082E-02
3.20864   0.6727E-03
3.21132   0.1547E-02
3.21183   0.2094E-02
3.21362   0.8062E-03
3.21705   0.4291E-02
3.22043   0.3042E-02
3.22247   0.3151E-02
3.22550   0.1168E-02
3.22908   0.2662E-02
3.23225   0.5520E-02
3.23499   0.8072E-02
3.23843   0.2544E-02
3.24141   0.6975E-02
3.24469   0.2513E-02
3.24569   0.3747E-03
3.24750   0.4171E-02
3.24968   0.7544E-02
3.25266   0.5683E-02
3.25270   0.8808E-03
3.25539   0.5236E-02
3.25650   0.3622E-03
3.25747   0.1867E-01
3.25803   0.9719E-02
3.26084   0.9446E-02
3.26370   0.5418E-02
3.26636   0.3780E-02
3.26919   0.1005E-02
3.27139   0.9761E-02
3.27228   0.2997E-01
3.27610   0.2185E-02
3.28047   0.2523E-02
3.28155   0.5218E-02
3.28376   0.1137E-01
3.28635   0.3067E-02
3.28835   0.3285E-02
3.29006   0.6939E-02
3.29133   0.2398E-02
3.29377   0.3102E-02
3.29549   0.1143E-01
3.29706   0.4266E-02
3.30152   0.6585E-02
3.30452   0.5392E-02
3.30558   0.1674E-02
3.30686   0.8899E-03
3.31204   0.9784E-02
3.31709   0.1526E-01
3.31857   0.1853E-02
3.31977   0.7060E-02
3.32372   0.4179E-02
3.32590   0.1253E-02
3.32825   0.1109E-01
3.33193   0.1485E-02
3.33361   0.7960E-03
3.33617   0.1449E-02
3.33952   0.4339E-02
3.34053   0.3558E-02
3.34348   0.3683E-02
3.34511   0.4056E-02
3.34657   0.5689E-02
3.34986   0.1511E-02
3.35129   0.1833E-03
3.35393   0.7619E-02
3.35676   0.9380E-03
3.36173   0.3052E-02
3.36442   0.1244E-02
3.36875   0.1826E-02
3.36931   0.2336E-02
3.37067   0.3966E-02
3.37226   0.2223E-02
3.37330   0.1868E-02
3.37368   0.4737E-02
3.37755   0.1121E-01
3.37899   0.2493E-02
3.38171   0.8484E-02
3.38247   0.7378E-02
3.38377   0.1142E-01
3.38553   0.1407E-01
3.38827   0.5689E-02
3.38859   0.7203E-02
3.39315   0.1093E-02
3.39562   0.2554E-02
3.39935   0.7132E-02
3.39945   0.1997E-02
3.40338   0.6794E-02
3.40478   0.3165E-02
3.40668   0.2449E-02
3.40851   0.3807E-02
3.41158   0.1639E-02
3.41539   0.6661E-02