300 1
1.40227   0.1258E-01
1.51376   0.6131E-02
1.52646   0.6522E-02
1.53701   0.2322E-02
1.60015   0.2672E-02
1.61130   0.2651E-03
1.64188   0.2661E-03
1.67112   0.8497E-02
1.67858   0.1775E-01
1.69398   0.8478E-03
1.70673   0.4490E-04
1.71023   0.1201E-02
1.73859   0.3225E-02
1.76833   0.2708E-03
1.78545   0.1119E-02
1.80249   0.2082E-02
1.80636   0.1159E-02
1.82053   0.7374E-02
1.84254   0.1939E-03
1.85236   0.2483E-02
1.85588   0.3986E-04
1.86768   0.3079E-03
1.88166   0.5810E-02
1.90989   0.9652E-03
1.91463   0.3265E-02
1.92039   0.1700E-02
1.93395   0.1546E-01
1.94236   0.2747E-02
1.95028   0.1192E-02
1.95577   0.2361E-02
1.96916   0.2825E-02
1.97200   0.2693E-02
2.00633   0.7013E-03
2.00666   0.1645E-02
2.01517   0.1222E-01
2.02613   0.1780E-02
2.02900   0.4056E-03
2.03847   0.8348E-03
2.04793   0.2093E-02
2.05011   0.1077E-01
2.07061   0.4008E-02
2.07679   0.6071E-02
2.08712   0.1145E-01
2.09342   0.1558E-01
2.10483   0.1091E-01
2.11395   0.6085E-02
2.12572   0.7012E-03
2.12908   0.1669E-02
2.14058   0.1538E-02
2.14269   0.1691E-02
2.14977   0.4431E-02
2.15041   0.2269E-02
2.15930   0.1463E-01
2.16818   0.4682E-02
2.17244   0.5380E-02
2.17459   0.4595E-02
2.18437   0.5511E-02
2.19317   0.2199E-01
2.20120   0.3105E-02
2.21009   0.3280E-02
2.21709   0.8767E-02
2.22260   0.5238E-02
2.22696   0.6870E-02
2.23066   0.7933E-02
2.23730   0.3576E-02
2.23973   0.5237E-02
2.25108   0.6048E-02
2.26990   0.3333E-02
2.27885   0.4021E-02
2.28277   0.3461E-03
2.28522   0.1718E-02
2.29251   0.2802E-02
2.29328   0.3990E-02
2.29950   0.2138E-02
2.30240   0.1065E-01
2.30891   0.1225E-02
2.32411   0.1666E-02
2.33008   0.1087E-02
2.33146   0.2785E-02
2.33727   0.1056E-02
2.34286   0.6026E-02
2.34305   0.4426E-03
2.34595   0.5959E-02
2.35883   0.7781E-02
2.37225   0.8648E-02
2.37402   0.1983E-02
2.37883   0.3131E-02
2.40033   0.5798E-02
2.40557   0.1323E-02
2.41434   0.1718E-02
2.42252   0.4483E-02
2.42634   0.5013E-02
2.43540   0.1397E-02
2.43789   0.1193E-02
2.43989   0.5348E-02
2.44273   0.2083E-02
2.45112   0.6483E-03
2.45376   0.4393E-02
2.45541   0.1218E-01
2.46305   0.5560E-02
2.47051   0.2229E-03
2.47455   0.6577E-02
2.48197   0.6488E-02
2.48578   0.2483E-01
2.48982   0.2513E-02
2.49247   0.4886E-03
2.50189   0.8878E-02
2.50665   0.3418E-02
2.51033   0.1142E-02
2.51560   0.2384E-02
2.52075   0.4594E-02
2.52119   0.1348E-02
2.52606   0.7300E-02
2.54160   0.3115E-02
2.54309   0.4775E-02
2.54667   0.3299E-02
2.55230   0.4490E-02
2.55418   0.1083E-01
2.55932   0.6680E-02
2.56229   0.2683E-02
2.56438   0.9136E-02
2.56767   0.6757E-02
2.57641   0.8294E-02
2.57895   0.1112E-01
2.58450   0.2056E-02
2.59484   0.7350E-02
2.59820   0.5711E-03
2.60582   0.6908E-03
2.60760   0.3582E-02
2.61012   0.3576E-02
2.61221   0.2577E-02
2.61728   0.1477E-02
2.62584   0.3366E-03
2.62775   0.1802E-02
2.63025   0.4615E-02
2.63514   0.1176E-01
2.64078   0.5690E-03
2.64202   0.8907E-03
2.64739   0.3416E-02
2.65131   0.1013E-02
2.65402   0.8176E-03
2.65801   0.1844E-02
2.65970   0.3344E-02
2.66747   0.5019E-02
2.66839   0.8418E-02
2.67354   0.4022E-02
2.67916   0.2743E-02
2.68281   0.5099E-03
2.68786   0.5895E-02
2.69255   0.2708E-02
2.69892   0.5200E-03
2.70114   0.5551E-02
2.70299   0.2547E-03
2.70697   0.7781E-03
2.70973   0.4691E-02
2.71232   0.1984E-02
2.71532   0.4793E-03
2.71809   0.5112E-02
2.72119   0.2461E-03
2.72486   0.1493E-02
2.72751   0.7925E-02
2.73217   0.5937E-02
2.73510   0.2713E-02
2.74153   0.2569E-02
2.74514   0.1232E-02
2.74700   0.7431E-02
2.74911   0.9947E-02
2.75494   0.3552E-02
2.76141   0.2550E-02
2.76346   0.2633E-02
2.76598   0.6089E-02
2.76830   0.9124E-03
2.77465   0.6653E-02
2.78003   0.8393E-03
2.78043   0.1915E-02
2.78619   0.2565E-02
2.79051   0.8078E-02
2.79427   0.7634E-04
2.79607   0.1742E-02
2.80046   0.6634E-03
2.80294   0.6725E-03
2.80342   0.1006E-02
2.80430   0.1714E-02
2.80867   0.1458E-02
2.81359   0.1715E-02
2.81791   0.3532E-02
2.82597   0.3538E-02
2.82653   0.8518E-03
2.82984   0.1013E-02
2.83069   0.1703E-02
2.83258   0.4680E-02
2.83532   0.3292E-02
2.83801   0.3408E-02
2.84032   0.9474E-03
2.84198   0.1466E-02
2.84416   0.4644E-02
2.84913   0.9317E-03
2.85429   0.1292E-01
2.85798   0.1334E-02
2.86158   0.1992E-02
2.86231   0.1573E-02
2.86412   0.1618E-02
2.86579   0.2570E-02
2.86904   0.1844E-02
2.87080   0.5208E-02
2.87513   0.5326E-02
2.87728   0.7772E-02
2.87919   0.2078E-03
2.88168   0.2443E-02
2.88397   0.6283E-02
2.88716   0.6684E-02
2.88865   0.5493E-02
2.89184   0.2630E-02
2.89699   0.8815E-04
2.90076   0.5721E-02
2.90454   0.1293E-01
2.90764   0.3466E-02
2.90957   0.1701E-03
2.91353   0.7585E-02
2.91623   0.9629E-02
2.91939   0.2255E-03
2.92228   0.7246E-03
2.92378   0.1367E-01
2.92575   0.1731E-02
2.92933   0.3584E-02
2.93195   0.2223E-02
2.93324   0.2676E-02
2.93540   0.2710E-02
2.93711   0.3530E-03
2.94129   0.5309E-02
2.94327   0.9126E-03
2.94690   0.1757E-02
2.95044   0.2157E-02
2.95271   0.2870E-02
2.95543   0.3631E-02
2.95710   0.8321E-03
2.95768   0.3768E-02
2.95926   0.1986E-02
2.96023   0.4802E-02
2.96509   0.1269E-02
2.96688   0.6899E-02
2.96943   0.3654E-02
2.97375   0.5658E-02
2.97481   0.3359E-02
2.97804   0.3116E-03
2.98011   0.7929E-03
2.98269   0.1518E-02
2.98406   0.5085E-02
2.98817   0.1843E-02
2.99076   0.9161E-02
2.99426   0.8988E-02
2.99782   0.2139E-02
3.00182   0.2644E-02
3.00665   0.1012E-01
3.00884   0.3470E-02
3.01018   0.4391E-02
3.01415   0.8743E-02
3.01572   0.2028E-02
3.01666   0.7714E-02
3.02030   0.3193E-02
3.02256   0.2039E-01
3.02381   0.2647E-02
3.02619   0.7859E-02
3.02880   0.4174E-03
3.03099   0.2839E-02
3.03390   0.1688E-02
3.03564   0.1473E-02
3.03682   0.4532E-03
3.04097   0.5757E-02
3.04247   0.1764E-02
3.04378   0.6456E-02
3.04772   0.4848E-02
3.04847   0.4640E-03
3.05065   0.2099E-02
3.05316   0.3130E-02
3.05628   0.1144E-02
3.05758   0.7625E-03
3.05904   0.6723E-03
3.06224   0.9441E-02
3.06439   0.5925E-02
3.06539   0.4445E-02
3.06805   0.3448E-02
3.07000   0.2383E-02
3.07128   0.1757E-02
3.07322   0.1471E-02
3.07506   0.3076E-03
3.07813   0.2467E-02
3.08006   0.1503E-02
3.08186   0.5410E-02
3.08471   0.2549E-02
3.08638   0.3122E-03
3.08740   0.1426E-02
3.08940   0.1065E-02
3.09329   0.1317E-01
3.09614   0.1228E-01
3.09886   0.9507E-03
3.10386   0.3765E-02
3.10643   0.1569E-02
3.10765   0.4138E-02
3.11082   0.7622E-03