300 1
1.61972   0.3046E-03
1.66181   0.1741E-03
1.68038   0.7343E-03
1.68425   0.3363E-02
1.71905   0.1476E-02
1.73086   0.3924E-02
1.75895   0.3923E-03
1.77260   0.2455E-02
1.80712   0.2919E-02
1.81467   0.1462E-02
1.81909   0.2088E-02
1.83371   0.8937E-03
1.84135   0.9685E-03
1.85248   0.4543E-02
1.85636   0.7153E-02
1.86504   0.1138E-02
1.87547   0.1801E-02
1.88576   0.9947E-02
1.88967   0.6205E-02
1.90065   0.4868E-02
1.90738   0.9763E-03
1.91470   0.4461E-02
1.93028   0.4717E-02
1.93368   0.1409E-02
1.93991   0.6174E-03
1.94039   0.3802E-02
1.95984   0.2096E-02
1.96689   0.4430E-02
1.98084   0.2394E-02
1.99138   0.4941E-02
2.00096   0.7053E-02
2.02055   0.1275E-02
2.02950   0.7045E-02
2.04252   0.2341E-02
2.04766   0.2275E-02
2.05829   0.2242E-02
2.07943   0.3031E-02
2.10119   0.8497E-02
2.10633   0.4278E-03
2.11397   0.1640E-03
2.12119   0.1028E-01
2.14073   0.4325E-02
2.15410   0.6755E-02
2.15910   0.9849E-03
2.16884   0.1572E-02
2.18180   0.6953E-02
2.18858   0.6004E-02
2.18949   0.5895E-03
2.20293   0.9272E-03
2.20768   0.2042E-02
2.21865   0.1405E-02
2.24374   0.1343E-02
2.26112   0.7817E-03
2.26675   0.6449E-03
2.27557   0.7093E-03
2.28372   0.1666E-02
2.29027   0.2213E-03
2.29489   0.8417E-03
2.29857   0.1371E-02
2.30225   0.9534E-03
2.30882   0.4026E-02
2.31993   0.3441E-03
2.32141   0.5749E-03
2.32233   0.2298E-03
2.32975   0.3885E-02
2.33471   0.5305E-03
2.34004   0.6957E-03
2.34159   0.1143E-03
2.34534   0.4089E-02
2.34719   0.6957E-03
2.35338   0.1477E-02
2.36464   0.1219E-02
2.36598   0.1325E-02
2.36887   0.2724E-02
2.37685   0.2664E-02
2.37787   0.1166E-03
2.38138   0.5222E-02
2.38533   0.4583E-02
2.38711   0.5067E-02
2.39255   0.9867E-02
2.39615   0.4624E-02
2.40380   0.8481E-02
2.41077   0.6169E-03
2.41739   0.2616E-02
2.41768   0.9787E-03
2.42404   0.3846E-02
2.42721   0.8892E-03
2.43134   0.1757E-02
2.43543   0.2202E-03
2.44138   0.7630E-04
2.44675   0.3843E-02
2.45297   0.6948E-03
2.45763   0.1124E-02
2.46103   0.1035E-03
2.46570   0.4555E-03
2.46707   0.1683E-02
2.47118   0.7765E-03
2.47541   0.2840E-02
2.47629   0.3795E-02
2.48192   0.1175E-02
2.48562   0.4584E-02
2.48857   0.1930E-02
2.49150   0.6316E-02
2.49335   0.4532E-02
2.49986   0.6762E-02
2.50653   0.3698E-02
2.50804   0.1812E-02
2.51328   0.1555E-04
2.51943   0.4447E-03
2.52201   0.2606E-02
2.52428   0.7380E-03
2.53076   0.2054E-02
2.53342   0.7999E-03
2.53447   0.3344E-03
2.53458   0.6739E-03
2.54116   0.2112E-03
2.54350   0.1090E-03
2.54824   0.1534E-02
2.54875   0.9466E-03
2.55215   0.6025E-03
2.56235   0.7074E-02
2.56502   0.9390E-03
2.56850   0.7465E-03
2.56996   0.3893E-03
2.57045   0.1360E-02
2.57516   0.2512E-02
2.57907   0.9663E-03
2.58523   0.2506E-02
2.58865   0.1906E-03
2.59201   0.4985E-02
2.59267   0.2223E-02
2.60277   0.4592E-03
2.61063   0.1002E-01
2.61222   0.2243E-02
2.61470   0.1551E-02
2.61887   0.7275E-03
2.62329   0.6351E-03
2.62575   0.1935E-02
2.62781   0.5267E-03
2.63026   0.1153E-02
2.63267   0.2357E-02
2.63578   0.2883E-03
2.63856   0.1460E-02
2.64273   0.3467E-02
2.65090   0.1987E-02
2.65250   0.9679E-02
2.65759   0.5880E-02
2.66153   0.2746E-02
2.66279   0.2134E-02
2.66627   0.9548E-03
2.66981   0.6411E-02
2.67107   0.1460E-02
2.67367   0.2916E-02
2.67953   0.3517E-02
2.68437   0.2829E-02
2.68607   0.2180E-01
2.68975   0.3017E-02
2.69492   0.5769E-03
2.69637   0.4656E-02
2.69870   0.5645E-02
2.70219   0.5072E-02
2.70424   0.1787E-03
2.70662   0.1022E-02
2.70901   0.2484E-01
2.71468   0.3910E-02
2.71837   0.1163E-01
2.72414   0.3786E-02
2.72651   0.1074E-02
2.72880   0.1388E-02
2.73080   0.1294E-03
2.73345   0.2225E-03
2.73811   0.2119E-02
2.74028   0.2466E-02
2.74307   0.5779E-02
2.74672   0.5102E-02
2.75002   0.9934E-02
2.75177   0.6054E-02
2.75766   0.7096E-02
2.76146   0.8076E-03
2.76365   0.5405E-03
2.76638   0.3223E-02
2.77032   0.5175E-02
2.77371   0.3257E-02
2.77581   0.2976E-04
2.77978   0.7949E-03
2.78434   0.1307E-02
2.78692   0.2639E-03
2.79076   0.5023E-03
2.79283   0.3979E-03
2.79499   0.2430E-02
2.79885   0.5997E-04
2.80008   0.6506E-03
2.80304   0.1206E-02
2.80388   0.5195E-03
2.80821   0.5168E-03
2.81289   0.1156E-02
2.81889   0.4104E-02
2.82431   0.1030E-02
2.82753   0.4688E-02
2.82983   0.7287E-02
2.83262   0.5507E-02
2.83481   0.3951E-03
2.83568   0.1333E-02
2.83984   0.4577E-02
2.84082   0.5908E-02
2.84210   0.5546E-02
2.84744   0.2494E-02
2.85101   0.8623E-02
2.85580   0.1214E-01
2.86321   0.4603E-02
2.86408   0.4959E-02
2.86737   0.1018E-02
2.87105   0.7944E-02
2.87541   0.7029E-03
2.87569   0.9987E-03
2.87834   0.2709E-02
2.87943   0.2058E-02
2.88132   0.1360E-02
2.88717   0.6049E-02
2.89017   0.1968E-02
2.89164   0.4223E-02
2.89621   0.1560E-01
2.89943   0.2733E-03
2.90320   0.1049E-01
2.90804   0.5897E-03
2.90923   0.2028E-02
2.91209   0.1119E-01
2.91592   0.3749E-02
2.91858   0.2833E-02
2.92215   0.3635E-03
2.92499   0.5764E-04
2.92823   0.2563E-01
2.93082   0.3005E-02
2.93401   0.4922E-02
2.93727   0.3172E-02
2.93869   0.1347E-01
2.94206   0.3493E-02
2.94529   0.1610E-02
2.94793   0.1784E-02
2.95018   0.3584E-02
2.95329   0.5156E-02
2.95565   0.1158E-01
2.95883   0.1003E-01
2.96421   0.7405E-02
2.96854   0.2067E-02
2.96990   0.1345E-01
2.97177   0.2940E-02
2.97575   0.1580E-02
2.97745   0.9332E-02
2.98200   0.3527E-02
2.98411   0.6395E-02
2.98647   0.6396E-02
2.98745   0.1409E-02
2.99216   0.5992E-02
2.99432   0.3030E-02
2.99496   0.6027E-02
2.99571   0.1338E-02
3.00272   0.1361E-02
3.00348   0.2520E-02
3.00470   0.3931E-02
3.00517   0.5107E-02
3.00715   0.5197E-02
3.01041   0.2794E-02
3.01080   0.1513E-02
3.01499   0.1373E-02
3.01829   0.3905E-02
3.02140   0.6645E-02
3.02186   0.9031E-02
3.02390   0.3377E-02
3.02650   0.4211E-03
3.03113   0.4531E-03
3.03298   0.3214E-02
3.03593   0.8185E-02
3.03905   0.3440E-03
3.04044   0.3289E-02
3.04343   0.6262E-02
3.04555   0.2000E-02
3.04676   0.1887E-02
3.04835   0.2512E-02
3.05136   0.8087E-02
3.05371   0.7302E-02
3.05517   0.3096E-03
3.05786   0.9774E-03
3.05932   0.7459E-03
3.05991   0.2684E-02
3.06188   0.2927E-02
3.06282   0.1559E-02
3.06362   0.4939E-02
3.06726   0.1081E-01
3.06799   0.2665E-02
3.06950   0.7091E-02
3.07122   0.1118E-02
3.07220   0.3001E-02
3.07476   0.1765E-02
3.07529   0.4446E-02
3.07699   0.3718E-02
3.07901   0.4596E-02
3.08082   0.1855E-02
3.08278   0.4558E-02
3.08619   0.7333E-03