300 1
1.45806   0.5578E-02
1.56417   0.3691E-03
1.60397   0.5635E-02
1.61259   0.4716E-02
1.67148   0.7169E-03
1.68904   0.9486E-02
1.72194   0.1118E-02
1.75458   0.3146E-02
1.75939   0.6241E-02
1.77852   0.2056E-02
1.78664   0.4048E-02
1.80615   0.7202E-02
1.81244   0.1456E-02
1.81934   0.1915E-02
1.84080   0.7659E-03
1.85259   0.1192E-02
1.86762   0.5800E-02
1.89060   0.9537E-02
1.90215   0.1416E-01
1.92046   0.5045E-02
1.92885   0.7468E-02
1.93652   0.1113E-02
1.95935   0.1327E-02
1.96165   0.4187E-03
1.96602   0.3748E-02
1.97227   0.7494E-02
1.98327   0.1251E-02
1.98928   0.9372E-03
2.00615   0.1790E-02
2.01085   0.3565E-02
2.02475   0.1178E-02
2.03255   0.1441E-02
2.03668   0.1674E-03
2.04296   0.1554E-02
2.05797   0.2786E-02
2.06696   0.8222E-04
2.06958   0.2227E-01
2.08414   0.3654E-02
2.08455   0.3491E-03
2.08911   0.8799E-02
2.10719   0.2974E-02
2.11805   0.1023E-02
2.12399   0.1473E-02
2.12877   0.2440E-02
2.13486   0.3050E-02
2.15971   0.1828E-02
2.17310   0.2076E-02
2.17394   0.3340E-02
2.18138   0.3503E-02
2.18572   0.1341E-02
2.18909   0.4373E-02
2.19825   0.5944E-03
2.20122   0.1717E-03
2.21141   0.3927E-02
2.21917   0.2583E-02
2.22239   0.5530E-02
2.22988   0.2779E-02
2.23196   0.2941E-03
2.23663   0.5060E-02
2.24025   0.5002E-03
2.24158   0.2744E-02
2.25499   0.5590E-02
2.25864   0.3975E-02
2.26679   0.8357E-02
2.27007   0.1919E-02
2.27893   0.5617E-02
2.29147   0.1042E-01
2.29507   0.1143E-02
2.30226   0.6890E-02
2.30680   0.4855E-02
2.30887   0.1852E-02
2.32014   0.4769E-02
2.32505   0.1251E-01
2.33033   0.1197E-01
2.33809   0.6981E-02
2.33915   0.2435E-02
2.35400   0.1601E-02
2.36023   0.1185E-02
2.36621   0.1900E-02
2.36672   0.5553E-02
2.37183   0.4658E-02
2.37736   0.3456E-03
2.38667   0.4811E-02
2.38836   0.4040E-03
2.39767   0.1497E-02
2.40207   0.3552E-02
2.40406   0.4665E-02
2.40798   0.1460E-02
2.41227   0.9086E-02
2.41658   0.8654E-02
2.41801   0.4179E-02
2.42491   0.2086E-02
2.42932   0.1143E-01
2.43152   0.1035E-02
2.44124   0.5570E-02
2.44632   0.2085E-02
2.44945   0.2628E-02
2.45336   0.5540E-02
2.45474   0.4178E-02
2.46084   0.8574E-03
2.47133   0.8703E-03
2.47640   0.5345E-02
2.48042   0.6750E-02
2.48671   0.8201E-02
2.48898   0.2989E-02
2.49686   0.9317E-02
2.50001   0.4080E-02
2.50863   0.1339E-02
2.51148   0.7293E-03
2.51322   0.8998E-02
2.51606   0.4488E-03
2.52227   0.3119E-02
2.52488   0.1046E-02
2.52964   0.1490E-01
2.53705   0.1006E-01
2.53885   0.8469E-02
2.54455   0.1195E-02
2.55522   0.4371E-02
2.56319   0.1461E-02
2.56537   0.8815E-03
2.56772   0.3403E-03
2.56957   0.5966E-02
2.57169   0.1606E-02
2.57612   0.2254E-03
2.57784   0.1712E-02
2.58983   0.1462E-02
2.59479   0.9215E-03
2.59588   0.1600E-02
2.59819   0.5388E-02
2.60361   0.2869E-02
2.60493   0.1718E-02
2.60937   0.1621E-02
2.61092   0.7120E-03
2.61281   0.4030E-02
2.61725   0.1844E-02
2.61903   0.5464E-03
2.62419   0.4321E-02
2.62475   0.4476E-02
2.62950   0.4029E-02
2.63436   0.5597E-02
2.63495   0.3448E-02
2.64342   0.2572E-02
2.64626   0.9674E-03
2.65083   0.1185E-02
2.65194   0.1174E-02
2.65613   0.7196E-02
2.66300   0.5014E-03
2.66454   0.1713E-02
2.66579   0.3923E-03
2.67046   0.1069E-02
2.67640   0.5013E-02
2.67823   0.4433E-02
2.68092   0.1707E-02
2.68240   0.2321E-02
2.68606   0.4242E-02
2.68775   0.2274E-02
2.68944   0.1168E-02
2.69430   0.1680E-03
2.69850   0.4066E-02
2.70715   0.1388E-02
2.70941   0.1090E-02
2.71086   0.3866E-02
2.71419   0.1810E-02
2.72140   0.1980E-02
2.72729   0.3024E-02
2.72908   0.1102E-01
2.73067   0.6811E-02
2.73730   0.3814E-02
2.73778   0.2551E-02
2.74292   0.6388E-02
2.74838   0.1300E-02
2.75118   0.8498E-02
2.75347   0.4164E-01
2.76034   0.2109E-02
2.76377   0.4798E-02
2.76994   0.7106E-03
2.77090   0.9515E-03
2.77368   0.9620E-02
2.77660   0.1346E-02
2.78053   0.1777E-02
2.78321   0.7085E-02
2.78575   0.1690E-02
2.78922   0.1289E-02
2.79309   0.1543E-02
2.79543   0.4165E-02
2.80116   0.6043E-02
2.80435   0.2187E-02
2.80604   0.6068E-02
2.80719   0.3408E-02
2.80843   0.4098E-02
2.81433   0.3714E-02
2.81620   0.3311E-02
2.81921   0.3415E-02
2.82276   0.4200E-02
2.82612   0.8574E-02
2.82752   0.1162E-01
2.83233   0.2555E-02
2.83387   0.9411E-03
2.83536   0.1940E-02
2.83734   0.4242E-03
2.84118   0.1751E-02
2.84421   0.1166E-02
2.84702   0.2019E-02
2.84911   0.5350E-02
2.85496   0.6104E-02
2.85637   0.5542E-04
2.85828   0.9914E-02
2.86096   0.1033E-01
2.86155   0.4959E-02
2.86426   0.1863E-02
2.86783   0.5383E-03
2.86822   0.2496E-02
2.87151   0.2470E-02
2.87288   0.2345E-02
2.87609   0.1632E-02
2.87900   0.9502E-03
2.88080   0.1909E-02
2.88374   0.1557E-02
2.88650   0.9422E-03
2.88711   0.8581E-02
2.89040   0.2635E-02
2.89315   0.8882E-02
2.89712   0.1759E-02
2.89963   0.9028E-02
2.90375   0.1332E-02
2.90460   0.4329E-02
2.90767   0.1998E-02
2.90919   0.2023E-03
2.91130   0.5501E-02
2.91218   0.1695E-02
2.91456   0.9254E-02
2.92117   0.3277E-02
2.92353   0.2133E-01
2.92556   0.1255E-02
2.92783   0.7173E-02
2.93058   0.3295E-02
2.93358   0.2463E-02
2.93854   0.5384E-02
2.94169   0.2709E-02
2.94836   0.1438E-02
2.95045   0.5346E-02
2.95348   0.8266E-02
2.95607   0.6433E-02
2.95953   0.1365E-02
2.96117   0.1380E-02
2.96162   0.2118E-02
2.96416   0.6683E-03
2.96701   0.1741E-02
2.96730   0.1862E-02
2.96887   0.1153E-02
2.97064   0.1263E-02
2.97243   0.4257E-02
2.97413   0.1149E-02
2.97637   0.3277E-03
2.97699   0.2570E-02
2.97878   0.2868E-02
2.98019   0.2623E-03
2.98291   0.3601E-02
2.98693   0.2295E-02
2.98828   0.3735E-02
2.99049   0.2910E-03
2.99544   0.1989E-02
2.99826   0.7845E-03
2.99853   0.8708E-04
3.00133   0.5719E-02
3.00272   0.2311E-02
3.00831   0.4612E-02
3.01156   0.1183E-02
3.01388   0.4244E-02
3.01480   0.3868E-02
3.02030   0.1183E-01
3.02262   0.3599E-02
3.02607   0.3151E-02
3.02642   0.9418E-02
3.02813   0.6936E-02
3.02996   0.1959E-02
3.03180   0.1056E-02
3.03537   0.1337E-02
3.03601   0.7610E-03
3.03761   0.1702E-03
3.03897   0.2447E-02
3.04021   0.1126E-02
3.04254   0.2791E-02
3.04363   0.1528E-02
3.04474   0.1725E-02
3.04738   0.6780E-02
3.04856   0.3148E-02
3.05294   0.9877E-03
3.05383   0.1048E-02
3.05540   0.6967E-03
3.05597   0.2445E-02
3.05801   0.7920E-03
3.06006   0.2883E-02
3.06057   0.1876E-02
3.06132   0.1901E-02
3.06436   0.2436E-02
3.06757   0.1246E-02
3.06933   0.1185E-02
3.07256   0.7262E-04
3.07501   0.1077E-02