300 1
1.41128   0.3838E-02
1.43331   0.1953E-02
1.50571   0.3809E-02
1.60410   0.1314E-02
1.62957   0.2207E-02
1.63364   0.4132E-02
1.65545   0.4945E-02
1.66826   0.2868E-02
1.68996   0.6770E-02
1.70196   0.2577E-02
1.71030   0.7886E-03
1.71914   0.2061E-02
1.73737   0.3481E-02
1.74468   0.5279E-02
1.76663   0.8971E-03
1.77068   0.6368E-02
1.77760   0.4711E-02
1.79548   0.8352E-02
1.81893   0.3727E-02
1.82084   0.3586E-02
1.82691   0.1061E-02
1.83171   0.1087E-02
1.84176   0.9592E-03
1.85148   0.3179E-02
1.85241   0.2355E-02
1.86479   0.4198E-02
1.87391   0.3918E-02
1.90046   0.7797E-03
1.91419   0.1395E-04
1.92059   0.1427E-02
1.93547   0.7710E-02
1.94131   0.1083E-01
1.94757   0.5193E-02
1.95451   0.1208E-02
1.96510   0.2752E-02
1.97200   0.2199E-02
1.97640   0.3157E-02
1.98405   0.2974E-02
1.99583   0.5957E-02
2.00003   0.2973E-02
2.01041   0.9667E-02
2.01194   0.6613E-02
2.02841   0.3670E-02
2.03477   0.3752E-02
2.03615   0.2324E-02
2.04282   0.1111E-02
2.04856   0.1783E-02
2.05948   0.5229E-03
2.06499   0.1003E-01
2.06869   0.3955E-02
2.08619   0.2005E-02
2.08749   0.7399E-03
2.11565   0.1459E-02
2.12152   0.1260E-02
2.12398   0.9088E-03
2.13302   0.5468E-02
2.13797   0.1025E-01
2.14368   0.8847E-03
2.15205   0.6937E-04
2.15923   0.6921E-02
2.16187   0.4591E-02
2.16359   0.4753E-02
2.17578   0.2297E-03
2.19053   0.2790E-02
2.19107   0.9761E-03
2.19438   0.4246E-02
2.19888   0.5818E-02
2.20644   0.3636E-02
2.21845   0.8365E-03
2.22286   0.7022E-02
2.23375   0.1591E-02
2.23470   0.7741E-02
2.25245   0.3710E-03
2.25788   0.2602E-02
2.26067   0.1013E-01
2.26843   0.1043E-02
2.27029   0.3439E-02
2.27597   0.2884E-02
2.28453   0.1029E-01
2.28946   0.2809E-02
2.29331   0.7260E-03
2.29614   0.6315E-02
2.29925   0.3547E-02
2.30447   0.8811E-02
2.30900   0.4317E-02
2.31152   0.5053E-02
2.31922   0.1033E-01
2.32458   0.3580E-02
2.32845   0.1089E-02
2.33062   0.7353E-02
2.34809   0.4412E-02
2.35926   0.2260E-02
2.36295   0.2134E-02
2.36887   0.1531E-02
2.37531   0.7083E-03
2.37957   0.8702E-04
2.38153   0.2856E-03
2.38895   0.1191E-02
2.39315   0.1375E-02
2.39646   0.3276E-02
2.39829   0.1127E-03
2.40043   0.5230E-02
2.40828   0.9605E-03
2.41675   0.3880E-02
2.41876   0.1948E-02
2.42413   0.4400E-02
2.42969   0.8268E-02
2.43673   0.1973E-01
2.44553   0.3376E-02
2.45343   0.1717E-03
2.45635   0.1372E-02
2.46211   0.2178E-02
2.46984   0.3575E-02
2.47189   0.7472E-02
2.47621   0.2397E-02
2.47853   0.1098E-02
2.48084   0.2298E-02
2.48855   0.1816E-02
2.49167   0.2453E-02
2.49792   0.2760E-02
2.49888   0.4967E-02
2.50015   0.9857E-03
2.50406   0.5410E-02
2.51184   0.3508E-02
2.51272   0.1783E-02
2.51557   0.9781E-03
2.51997   0.9924E-02
2.52461   0.3620E-02
2.52842   0.1558E-02
2.52961   0.1260E-01
2.53188   0.3661E-02
2.54060   0.6893E-03
2.54403   0.3187E-02
2.54770   0.1686E-02
2.55059   0.1054E-01
2.55666   0.1283E-03
2.55947   0.1040E-02
2.56104   0.9846E-03
2.56889   0.1984E-02
2.57781   0.5073E-03
2.57877   0.2089E-02
2.58435   0.1811E-02
2.59078   0.9963E-03
2.59282   0.6852E-03
2.59533   0.1420E-02
2.59795   0.1543E-02
2.60143   0.2330E-02
2.60352   0.1840E-03
2.60491   0.6841E-03
2.60940   0.5094E-02
2.61390   0.7660E-02
2.61928   0.2292E-02
2.62045   0.4920E-03
2.62624   0.8249E-02
2.62951   0.1730E-02
2.63169   0.1414E-02
2.63407   0.1080E-01
2.64030   0.5729E-02
2.64466   0.3013E-02
2.64787   0.2174E-02
2.65132   0.1357E-02
2.65493   0.6698E-03
2.65716   0.1907E-02
2.65849   0.3072E-02
2.66567   0.2481E-02
2.67177   0.3181E-02
2.67402   0.2362E-02
2.68053   0.1765E-02
2.68649   0.9811E-03
2.68710   0.2676E-02
2.69256   0.1107E-03
2.69399   0.2251E-02
2.69670   0.7235E-03
2.69762   0.4903E-02
2.70161   0.2134E-02
2.70536   0.1315E-02
2.70606   0.4106E-02
2.70790   0.6756E-03
2.71064   0.1821E-02
2.71438   0.3179E-02
2.71538   0.8412E-03
2.71901   0.3938E-02
2.72279   0.4300E-02
2.72696   0.2683E-02
2.73235   0.3403E-02
2.73283   0.3760E-03
2.73564   0.4910E-03
2.73892   0.9659E-03
2.74237   0.7163E-02
2.74344   0.5333E-02
2.74633   0.2402E-02
2.74716   0.1287E-02
2.75153   0.5650E-02
2.75307   0.5209E-02
2.75795   0.8670E-03
2.76077   0.8398E-02
2.76634   0.2902E-02
2.76745   0.1764E-02
2.77135   0.3427E-03
2.77440   0.1445E-01
2.77546   0.2505E-02
2.77861   0.1568E-01
2.78065   0.6584E-02
2.78465   0.3205E-02
2.78610   0.1367E-01
2.78838   0.2952E-02
2.78946   0.1000E-02
2.79222   0.4110E-03
2.79757   0.7503E-03
2.79882   0.6494E-02
2.80194   0.4046E-02
2.80260   0.2718E-02
2.80761   0.2564E-02
2.80930   0.3741E-02
2.81067   0.7364E-02
2.81394   0.1983E-01
2.81644   0.1504E-02
2.81963   0.3014E-02
2.82121   0.2688E-02
2.82408   0.1555E-02
2.82871   0.3666E-02
2.83312   0.5365E-02
2.83403   0.3142E-02
2.83766   0.2050E-02
2.83963   0.1054E-02
2.84010   0.7061E-03
2.84137   0.2076E-02
2.84570   0.2011E-02
2.84760   0.6642E-02
2.85102   0.1619E-02
2.85151   0.1646E-02
2.85869   0.2822E-02
2.85988   0.6872E-02
2.86061   0.6500E-02
2.86492   0.2275E-02
2.86615   0.4246E-02
2.86773   0.8113E-02
2.87030   0.4388E-03
2.87170   0.5544E-02
2.87465   0.8745E-02
2.88289   0.1862E-01
2.88571   0.1551E-02
2.89088   0.2228E-02
2.89310   0.5767E-03
2.89523   0.6907E-02
2.89756   0.1195E-02
2.90200   0.1882E-02
2.90414   0.7643E-03
2.90467   0.5952E-02
2.90821   0.4865E-02
2.91083   0.7984E-03
2.91209   0.4483E-02
2.91423   0.5749E-02
2.91732   0.1632E-02
2.92077   0.5392E-02
2.92208   0.7786E-02
2.92329   0.3718E-02
2.92784   0.2814E-02
2.92831   0.4321E-02
2.93107   0.1547E-02
2.93391   0.3494E-03
2.93552   0.1099E-02
2.93712   0.2262E-02
2.93857   0.7369E-02
2.94026   0.6916E-02
2.94211   0.6552E-02
2.94433   0.6130E-03
2.94862   0.1603E-02
2.95182   0.9124E-02
2.95434   0.1604E-01
2.95621   0.2130E-02
2.95783   0.9263E-02
2.95963   0.2677E-02
2.96213   0.2059E-02
2.96671   0.2740E-02
2.97146   0.4193E-02
2.97213   0.1498E-02
2.97303   0.2790E-02
2.97535   0.9161E-03
2.97790   0.5444E-02
2.98276   0.3760E-02
2.98392   0.7466E-02
2.98525   0.1545E-03
2.98761   0.5325E-02
2.99061   0.1818E-02
2.99145   0.9994E-03
2.99240   0.1703E-02
2.99481   0.1265E-01
2.99584   0.1188E-01
2.99827   0.1667E-03
2.99852   0.2118E-02
3.00003   0.3167E-02
3.00136   0.4019E-03
3.00439   0.4468E-03
3.00599   0.2853E-02
3.00874   0.8610E-03
3.00934   0.3550E-02
3.01375   0.1156E-02
3.01452   0.3826E-02
3.01883   0.1098E-02