300 1
0.90903   0.1655E-04
0.94250   0.1475E-03
0.95486   0.1044E-03
1.01600   0.2680E-01
1.12651   0.1020E-02
1.14520   0.5585E-03
1.23528   0.1443E-04
1.26263   0.7359E-03
1.27946   0.1877E-03
1.28797   0.1413E-02
1.29104   0.5456E-03
1.29432   0.1291E-03
1.31126   0.1721E-02
1.32238   0.8743E-03
1.34064   0.1002E-01
1.35109   0.8883E-02
1.47635   0.3240E-03
1.49551   0.5487E-03
1.58676   0.5081E-03
1.59424   0.1590E-01
1.59543   0.3521E-02
1.60221   0.3935E-03
1.62288   0.1382E-02
1.62473   0.1002E-02
1.63228   0.2742E-02
1.64318   0.2748E-02
1.64815   0.6439E-01
1.66320   0.1526E-01
1.67131   0.9414E-02
1.68772   0.1257E-01
1.70019   0.4354E-02
1.78034   0.1284E-02
1.79450   0.2694E-03
1.80402   0.9770E-03
1.80935   0.2103E-02
1.82712   0.6531E-03
1.84477   0.2522E-03
1.85034   0.1246E-02
1.85642   0.1873E-02
1.85916   0.1621E-02
1.86653   0.3442E-03
1.87499   0.2385E-02
1.89485   0.6525E-02
1.89975   0.8715E-02
1.90614   0.4530E-02
1.91199   0.2225E-01
1.91546   0.5276E-02
1.92476   0.1191E-01
1.93481   0.1259E-01
1.93936   0.1491E-01
1.95240   0.4203E-02
1.96167   0.1554E-01
1.97581   0.6032E-02
1.99526   0.2278E-01
1.99969   0.1449E-01
2.01648   0.1567E-02
2.02229   0.8617E-02
2.02943   0.1396E-02
2.03314   0.1721E-02
2.04304   0.7420E-02
2.05317   0.1319E-02
2.05816   0.1606E-01
2.06219   0.2883E-02
2.06578   0.4797E-02
2.06996   0.1052E-02
2.07717   0.5722E-03
2.07869   0.1365E-01
2.08587   0.2160E-02
2.09115   0.5098E-02
2.09813   0.6582E-02
2.10176   0.1061E-02
2.10506   0.9902E-03
2.10885   0.1365E-01
2.11271   0.6928E-03
2.11652   0.4902E-02
2.12003   0.3789E-02
2.12544   0.8287E-03
2.13103   0.7855E-03
2.13765   0.3082E-02
2.14322   0.1558E-02
2.14881   0.5116E-02
2.15155   0.6063E-02
2.15986   0.3439E-02
2.16208   0.3056E-02
2.16681   0.3318E-02
2.17278   0.5542E-02
2.18665   0.1274E-01
2.18839   0.8511E-02
2.19880   0.7449E-04
2.21313   0.1061E-01
2.21497   0.2637E-01
2.22135   0.4251E-01
2.22515   0.2473E-01
2.23062   0.4366E-02
2.23836   0.8582E-02
2.23915   0.3804E-02
2.24362   0.2376E-02
2.24933   0.9450E-02
2.25378   0.4873E-02
2.25443   0.1525E-01
2.25693   0.1656E-02
2.26710   0.1110E-01
2.27908   0.5609E-02
2.28261   0.2640E-02
2.28467   0.2581E-02
2.29145   0.3192E-02
2.29502   0.3889E-02
2.30244   0.5796E-02
2.31111   0.7057E-02
2.31496   0.1040E-01
2.32042   0.6195E-02
2.33559   0.6154E-03
2.34468   0.1075E-02
2.35057   0.8921E-04
2.35388   0.3750E-02
2.35738   0.1144E-02
2.35893   0.2514E-02
2.36263   0.2609E-02
2.36681   0.1259E-02
2.37540   0.2765E-02
2.37757   0.1388E-01
2.37914   0.6326E-02
2.38725   0.3915E-02
2.39504   0.1806E-02
2.39717   0.6294E-02
2.40114   0.7989E-02
2.40492   0.8553E-02
2.40610   0.3678E-02
2.41480   0.2241E-02
2.41724   0.1197E-02
2.42564   0.7704E-02
2.42735   0.2228E-02
2.43087   0.8233E-03
2.43387   0.2890E-03
2.43533   0.5676E-03
2.43974   0.2046E-03
2.43984   0.6565E-04
2.44443   0.3770E-02
2.44511   0.8921E-03
2.44743   0.3161E-02
2.44944   0.5336E-02
2.45500   0.1314E-02
2.45656   0.8615E-03
2.46333   0.3598E-02
2.46828   0.5805E-03
2.47231   0.1573E-03
2.47464   0.1763E-02
2.47771   0.2008E-03
2.47925   0.6091E-03
2.48336   0.9874E-04
2.48667   0.2939E-02
2.48724   0.1114E-02
2.48897   0.3464E-03
2.49284   0.2443E-02
2.49651   0.3673E-02
2.49998   0.1750E-02
2.50334   0.2841E-03
2.50521   0.5000E-03
2.51070   0.7731E-03
2.51327   0.2122E-03
2.51583   0.2058E-03
2.51718   0.4208E-02
2.52666   0.4008E-02
2.52937   0.2945E-03
2.53011   0.7149E-02
2.53577   0.5379E-02
2.53768   0.9393E-02
2.54047   0.7227E-02
2.54202   0.4285E-02
2.54749   0.3183E-02
2.54914   0.5251E-02
2.55439   0.2186E-02
2.56129   0.3029E-01
2.56365   0.4636E-02
2.56682   0.2591E-01
2.57221   0.7974E-02
2.57787   0.1194E-01
2.58293   0.9646E-04
2.58999   0.5870E-02
2.59133   0.3674E-02
2.59391   0.1235E-01
2.59762   0.1651E-02
2.59888   0.1695E-02
2.60994   0.4227E-02
2.61270   0.1353E-02
2.61530   0.2284E-02
2.61859   0.2250E-02
2.62225   0.1349E-02
2.62518   0.5081E-03
2.63046   0.7398E-02
2.63232   0.1166E-03
2.63466   0.1192E-03
2.63667   0.3544E-02
2.64189   0.4102E-02
2.64862   0.9962E-03
2.65429   0.3460E-02
2.66035   0.5347E-02
2.66173   0.6445E-03
2.66721   0.3424E-03
2.66785   0.8903E-04
2.67091   0.1839E-02
2.67580   0.4582E-03
2.67693   0.6827E-03
2.68025   0.1489E-02
2.68711   0.4408E-04
2.68901   0.2752E-02
2.69274   0.5884E-02
2.69734   0.4012E-03
2.69972   0.2002E-02
2.70189   0.4915E-02
2.70330   0.2001E-02
2.70875   0.1075E-02
2.71123   0.3494E-02
2.71457   0.1765E-02
2.71615   0.3322E-02
2.72375   0.1338E-01
2.72426   0.1175E-01
2.72799   0.6345E-02
2.73433   0.1040E-02
2.73461   0.4721E-03
2.73592   0.6366E-02
2.73993   0.6438E-02
2.74075   0.2512E-02
2.74247   0.2089E-02
2.74447   0.8581E-02
2.74503   0.4515E-02
2.74826   0.5622E-03
2.75032   0.6470E-03
2.75085   0.3753E-02
2.75366   0.1507E-02
2.75495   0.3184E-02
2.75560   0.1446E-02
2.75653   0.2272E-02
2.76060   0.2353E-03
2.76214   0.1088E-02
2.76459   0.1230E-02
2.76828   0.9400E-02
2.76912   0.1068E-02
2.77081   0.1197E-02
2.77153   0.2526E-02
2.77240   0.3348E-02
2.77446   0.5157E-03
2.77624   0.1119E-03
2.77789   0.1497E-02
2.77811   0.2084E-02
2.78113   0.8497E-03
2.78374   0.1050E-02
2.78462   0.5357E-02
2.78636   0.6362E-03
2.78775   0.8617E-03
2.79321   0.1778E-02
2.79418   0.2238E-02
2.79654   0.2680E-02
2.79800   0.4739E-02
2.80036   0.1097E-02
2.80202   0.7495E-02
2.80295   0.3828E-02
2.80504   0.1557E-02
2.80725   0.3736E-02
2.80762   0.5203E-02
2.80893   0.1796E-02
2.81207   0.2787E-02
2.81360   0.2650E-02
2.81556   0.2560E-02
2.82015   0.4083E-02
2.82109   0.3175E-02
2.82545   0.3664E-02
2.82672   0.1174E-02
2.82889   0.6871E-03
2.82989   0.4621E-03
2.83171   0.3217E-02
2.83206   0.3712E-02
2.83332   0.5895E-02
2.83530   0.1030E-02
2.83755   0.2878E-02
2.84049   0.3692E-02
2.84147   0.4366E-02
2.84356   0.5757E-03
2.84495   0.4113E-02
2.84853   0.8997E-02
2.85028   0.1918E-02
2.85358   0.2034E-02
2.85457   0.3142E-02
2.85784   0.2421E-02
2.86155   0.2107E-02
2.86635   0.7787E-02
2.86867   0.3536E-02
2.87167   0.1885E-02
2.87548   0.2393E-02
2.87785   0.1153E-02
2.87957   0.4389E-02
2.88129   0.3919E-02
2.88459   0.1277E-02
2.88656   0.2142E-03
2.88916   0.2729E-03
2.89000   0.1180E-02
2.89117   0.3964E-02
2.89296   0.6273E-03
2.89368   0.1239E-02
2.89619   0.2056E-02