300 1
0.92873   0.6662E-02
0.94242   0.5477E-02
1.04992   0.1474E-02
1.11197   0.1614E-01
1.15770   0.1081E-01
1.29428   0.7188E-02
1.33074   0.2240E-02
1.39962   0.1343E-02
1.42980   0.8544E-02
1.47077   0.1938E-02
1.47654   0.6174E-03
1.54236   0.4751E-02
1.54389   0.3426E-02
1.55954   0.7064E-03
1.57443   0.1456E-01
1.59560   0.1264E-02
1.61228   0.7919E-02
1.62544   0.2947E-03
1.64357   0.8622E-02
1.65284   0.3726E-02
1.67121   0.1942E-02
1.68062   0.2972E-02
1.69058   0.3674E-03
1.70970   0.2838E-02
1.74216   0.2559E-01
1.74829   0.2466E-02
1.75855   0.1505E-02
1.78841   0.4195E-02
1.79416   0.1417E-02
1.81394   0.1877E-01
1.81742   0.1002E-01
1.83930   0.1976E-02
1.86806   0.3554E-02
1.87328   0.7105E-02
1.88298   0.8860E-03
1.90522   0.4562E-02
1.90913   0.1182E-02
1.91693   0.1243E-02
1.92765   0.4942E-03
1.94798   0.2540E-02
1.95717   0.7378E-02
1.97551   0.1460E-01
1.98027   0.1110E-02
1.99070   0.2328E-01
2.01175   0.1187E-02
2.01319   0.3807E-02
2.02142   0.4043E-02
2.02616   0.1188E-02
2.02916   0.1447E-02
2.03691   0.2273E-02
2.04400   0.4914E-03
2.05197   0.8463E-02
2.06002   0.2099E-02
2.06606   0.1358E-02
2.06842   0.1790E-01
2.07913   0.1238E-03
2.10161   0.3598E-02
2.11271   0.5470E-02
2.12161   0.1412E-02
2.12825   0.1477E-02
2.13030   0.3392E-02
2.13896   0.1079E-02
2.14775   0.2761E-02
2.15422   0.8516E-02
2.15858   0.7448E-02
2.16074   0.1390E-02
2.16700   0.4497E-02
2.16939   0.1674E-01
2.17705   0.1521E-03
2.17901   0.6950E-02
2.18556   0.1196E-01
2.19640   0.2115E-02
2.20101   0.9607E-03
2.20222   0.7769E-02
2.20459   0.3463E-03
2.21039   0.3246E-02
2.22046   0.2890E-02
2.22395   0.2363E-02
2.23162   0.1513E-02
2.23501   0.1212E-02
2.24667   0.1530E-01
2.25455   0.6548E-02
2.26420   0.6037E-02
2.26859   0.1287E-02
2.27290   0.1135E-01
2.27448   0.9323E-02
2.27858   0.5223E-02
2.28678   0.3235E-02
2.29051   0.1483E-02
2.29556   0.1019E-02
2.30561   0.1072E-02
2.31497   0.3128E-02
2.31725   0.1495E-02
2.31908   0.6047E-03
2.32154   0.2064E-02
2.33119   0.7096E-02
2.33610   0.3634E-02
2.33699   0.8542E-02
2.34319   0.1267E-01
2.34641   0.2717E-02
2.34827   0.2053E-02
2.35533   0.3895E-02
2.35671   0.7401E-02
2.36198   0.2821E-01
2.36708   0.1335E-02
2.37611   0.1811E-02
2.37751   0.1642E-01
2.38894   0.2020E-01
2.39683   0.6716E-02
2.40093   0.1932E-02
2.40466   0.7152E-03
2.40794   0.2574E-02
2.41128   0.4637E-02
2.41391   0.4073E-02
2.42348   0.1389E-02
2.42748   0.3013E-02
2.43012   0.1497E-02
2.43423   0.1696E-02
2.43778   0.4202E-02
2.44292   0.3932E-02
2.44528   0.6648E-02
2.45245   0.5498E-02
2.45560   0.5963E-02
2.46025   0.1777E-02
2.46217   0.3439E-02
2.46556   0.3000E-02
2.46669   0.1253E-02
2.47074   0.1472E-02
2.47689   0.6962E-03
2.47851   0.6505E-03
2.48359   0.1557E-02
2.48598   0.2011E-02
2.48804   0.2434E-02
2.49375   0.7159E-03
2.49711   0.2120E-02
2.49798   0.1471E-02
2.50145   0.3822E-02
2.50663   0.6116E-02
2.50742   0.9137E-02
2.51012   0.1063E-01
2.51741   0.6123E-02
2.51892   0.4262E-02
2.51998   0.3911E-02
2.52381   0.4840E-03
2.52571   0.6452E-03
2.52860   0.2905E-02
2.53132   0.1079E-02
2.53341   0.2075E-02
2.54033   0.7412E-02
2.54317   0.1098E-01
2.54560   0.7385E-02
2.54998   0.8607E-02
2.55742   0.7754E-04
2.56113   0.1667E-02
2.56666   0.9165E-02
2.57216   0.2005E-02
2.57475   0.1422E-01
2.58705   0.1005E-02
2.59014   0.4936E-03
2.59140   0.1217E-02
2.59422   0.1039E-02
2.59547   0.4049E-02
2.59750   0.3743E-03
2.59811   0.1557E-02
2.59866   0.7641E-03
2.60086   0.1286E-02
2.60835   0.1992E-01
2.61152   0.4342E-02
2.61546   0.5426E-02
2.61787   0.2547E-02
2.61938   0.6856E-02
2.62443   0.5618E-02
2.62859   0.2672E-02
2.63530   0.1006E-02
2.63727   0.1937E-02
2.63943   0.5113E-02
2.64387   0.1997E-02
2.64859   0.4396E-02
2.65220   0.2236E-02
2.65456   0.1495E-02
2.65725   0.1197E-02
2.65995   0.3239E-02
2.66059   0.1649E-02
2.66399   0.6851E-02
2.66646   0.5900E-02
2.66813   0.1246E-02
2.66988   0.1758E-02
2.67322   0.4032E-03
2.67400   0.6336E-02
2.67920   0.2765E-02
2.68173   0.9966E-02
2.68466   0.7577E-03
2.68607   0.2386E-02
2.68866   0.4230E-02
2.69136   0.6536E-03
2.69493   0.1313E-02
2.69874   0.2369E-02
2.70212   0.1242E-02
2.70282   0.1296E-01
2.70464   0.4071E-03
2.70649   0.1266E-02
2.71041   0.8308E-02
2.71363   0.5309E-02
2.71676   0.2467E-02
2.71903   0.4085E-02
2.72151   0.1093E-02
2.72535   0.8958E-03
2.72757   0.4235E-03
2.73112   0.5352E-02
2.73258   0.1633E-02
2.73689   0.2253E-02
2.73721   0.4414E-02
2.73948   0.5640E-02
2.74366   0.2499E-02
2.74428   0.1001E-01
2.74557   0.6099E-02
2.74819   0.1124E-01
2.75031   0.3370E-02
2.75294   0.1039E-01
2.75423   0.4957E-03
2.75723   0.1374E-01
2.76275   0.8772E-03
2.76622   0.2226E-02
2.76944   0.7847E-02
2.77074   0.1226E-02
2.77248   0.8137E-02
2.77498   0.3726E-02
2.77793   0.8699E-02
2.78047   0.2243E-03
2.78239   0.1452E-01
2.78604   0.8853E-03
2.78775   0.1695E-02
2.78964   0.2955E-02
2.79174   0.3539E-02
2.79386   0.3581E-02
2.79739   0.1268E-01
2.79836   0.6877E-02
2.80037   0.5610E-02
2.80519   0.1909E-02
2.80558   0.2381E-02
2.80834   0.1481E-02
2.81149   0.9143E-03
2.81165   0.3687E-02
2.81335   0.2216E-02
2.81778   0.3883E-02
2.81873   0.6325E-02
2.81994   0.2917E-02
2.82199   0.4903E-02
2.82567   0.3989E-02
2.82618   0.4031E-02
2.82819   0.1556E-02
2.83061   0.7235E-02
2.83521   0.1119E-01
2.83600   0.4151E-02
2.83812   0.7129E-02
2.83996   0.2928E-02
2.84227   0.1696E-02
2.84469   0.5002E-02
2.84781   0.7865E-02
2.84905   0.4321E-02
2.85125   0.2670E-02
2.85281   0.1925E-02
2.85520   0.8221E-02
2.85698   0.1098E-01
2.86053   0.8365E-03
2.86091   0.3009E-02
2.86670   0.1167E-02
2.86925   0.1686E-02
2.87076   0.1306E-02
2.87268   0.5128E-02
2.87440   0.9799E-02
2.87724   0.3428E-02
2.88049   0.1144E-02
2.88352   0.3398E-02
2.88387   0.1452E-02
2.88571   0.1579E-02
2.88778   0.1504E-02
2.88991   0.7581E-02
2.89168   0.2657E-02
2.89316   0.5602E-02
2.89693   0.3308E-02
2.90319   0.4448E-03
2.90392   0.9780E-03
2.90851   0.4621E-02
2.90908   0.3126E-02
2.91302   0.5599E-02
2.91443   0.5107E-02
2.91548   0.3196E-02
2.91648   0.2192E-02
2.91893   0.1144E-02
2.91991   0.1098E-01
2.92153   0.1913E-02
2.92409   0.2426E-02
2.92702   0.3158E-02
2.93030   0.1365E-02
2.93143   0.1597E-02
2.93260   0.7172E-03
2.93395   0.8561E-03
2.93851   0.1430E-02
2.94115   0.3689E-02