300 1
1.39005   0.1189E-02
1.40004   0.1070E-02
1.59259   0.1616E-02
1.59676   0.2390E-03
1.59915   0.5423E-03
1.60043   0.1860E-02
1.61219   0.1103E-02
1.63425   0.9506E-02
1.64205   0.1097E-01
1.66013   0.8700E-03
1.67064   0.2221E-04
1.68034   0.3623E-04
1.68256   0.5233E-03
1.68674   0.1233E-03
1.71178   0.2743E-02
1.72284   0.1336E-02
1.73887   0.7917E-02
1.74463   0.1120E-01
1.75404   0.4140E-02
1.75748   0.2539E-02
1.76041   0.3112E-02
1.77458   0.1397E-01
1.77916   0.1217E-01
1.78405   0.5094E-03
1.78837   0.1243E-02
1.79856   0.7963E-03
1.84482   0.8348E-02
1.84855   0.8011E-02
1.85505   0.8615E-04
1.86989   0.9219E-03
1.87742   0.1792E-02
1.88356   0.1463E-02
1.88780   0.1900E-04
1.89485   0.7154E-02
1.89853   0.5548E-02
1.90109   0.2363E-02
1.90669   0.4805E-02
1.90861   0.5686E-03
1.91198   0.3845E-02
1.91380   0.9807E-03
1.92465   0.1597E-04
1.93617   0.3063E-03
1.93829   0.2654E-03
1.95969   0.4042E-02
1.96230   0.1235E-02
1.96475   0.4517E-02
1.97771   0.3551E-03
1.97897   0.2222E-03
1.98438   0.3178E-03
1.99278   0.2767E-03
1.99492   0.2721E-03
1.99753   0.2054E-02
1.99947   0.1724E-02
2.00331   0.1866E-02
2.00944   0.2964E-02
2.01807   0.2298E-02
2.01868   0.5309E-03
2.02177   0.8412E-02
2.02338   0.1272E-02
2.02825   0.1654E-02
2.02851   0.2369E-02
2.03108   0.5069E-02
2.03625   0.2167E-01
2.03966   0.2275E-01
2.04468   0.1164E-02
2.05915   0.2944E-02
2.06177   0.2126E-02
2.07823   0.2896E-03
2.08033   0.6393E-04
2.08609   0.1936E-04
2.10043   0.4655E-03
2.10399   0.6699E-04
2.10529   0.2847E-04
2.11826   0.4989E-02
2.11982   0.4875E-02
2.12266   0.1692E-03
2.13188   0.7686E-05
2.17581   0.5771E-02
2.17746   0.3118E-02
2.17826   0.5737E-02
2.18250   0.1045E-01
2.18630   0.1313E-01
2.19525   0.3994E-02
2.19721   0.2028E-02
2.20263   0.1894E-02
2.20578   0.1622E-02
2.21133   0.2662E-03
2.21346   0.2249E-02
2.21669   0.1456E-02
2.21922   0.5953E-03
2.22156   0.2065E-02
2.22312   0.1762E-01
2.22569   0.1317E-01
2.22702   0.1490E-01
2.23120   0.5375E-02
2.23533   0.6300E-02
2.24009   0.8299E-02
2.24367   0.1232E-02
2.24458   0.3462E-02
2.24956   0.1094E-01
2.25098   0.3006E-02
2.25687   0.7031E-02
2.25924   0.1795E-02
2.26236   0.1460E-01
2.26818   0.2819E-02
2.26863   0.9690E-02
2.29454   0.2592E-02
2.29739   0.5647E-02
2.30196   0.3095E-02
2.30423   0.1341E-01
2.30815   0.1921E-01
2.31487   0.1390E-02
2.31859   0.9161E-03
2.31988   0.7118E-03
2.32202   0.2079E-04
2.33217   0.8503E-03
2.33310   0.1401E-02
2.34418   0.6375E-02
2.35624   0.4307E-02
2.35923   0.1039E-02
2.36114   0.3401E-02
2.36194   0.2051E-03
2.36479   0.1046E-02
2.37025   0.1205E-02
2.37280   0.1774E-02
2.37631   0.2092E-03
2.37980   0.1942E-03
2.38199   0.4359E-03
2.38624   0.1987E-03
2.40104   0.5644E-02
2.40599   0.1667E-02
2.40799   0.4778E-02
2.41196   0.6047E-02
2.41476   0.3853E-02
2.42132   0.2260E-02
2.42629   0.6790E-03
2.42853   0.1612E-03
2.43578   0.1335E-01
2.43828   0.1177E-02
2.43975   0.9914E-03
2.44234   0.3757E-02
2.44287   0.3591E-02
2.44596   0.7110E-04
2.45110   0.2473E-02
2.45332   0.1923E-02
2.45966   0.1589E-03
2.46146   0.1168E-03
2.46589   0.3893E-03
2.46970   0.2861E-04
2.47202   0.4192E-03
2.47713   0.1588E-03
2.47849   0.2605E-03
2.48000   0.3633E-03
2.48336   0.8580E-03
2.48749   0.1408E-02
2.48953   0.5897E-03
2.49132   0.1374E-02
2.49377   0.1899E-03
2.49449   0.3896E-03
2.49777   0.1622E-02
2.49929   0.1845E-02
2.49959   0.1832E-02
2.50390   0.5526E-03
2.51343   0.7577E-03
2.52192   0.1295E-02
2.52252   0.7271E-03
2.52414   0.8212E-03
2.52650   0.7042E-02
2.53097   0.1229E-01
2.53542   0.1573E-02
2.53620   0.4330E-03
2.53780   0.5364E-02
2.54044   0.7570E-04
2.54217   0.7657E-03
2.54799   0.1874E-02
2.54974   0.6996E-03
2.55234   0.8077E-03
2.55444   0.2028E-03
2.55527   0.4279E-03
2.55740   0.1375E-02
2.56085   0.8699E-03
2.56343   0.9213E-03
2.57004   0.2882E-03
2.57245   0.9925E-04
2.57657   0.1651E-03
2.58408   0.1883E-02
2.58560   0.7954E-03
2.59022   0.1394E-02
2.59702   0.3074E-03
2.59776   0.5943E-03
2.59942   0.5696E-03
2.60926   0.1277E-02
2.61019   0.4853E-03
2.61318   0.1444E-02
2.61443   0.1024E-02
2.61515   0.4056E-03
2.61931   0.7260E-03
2.62332   0.1051E-02
2.62595   0.3789E-03
2.62803   0.9907E-03
2.64053   0.2830E-01
2.64256   0.2530E-01
2.64614   0.4225E-02
2.64849   0.7988E-04
2.65436   0.3554E-03
2.65626   0.1053E-03
2.65685   0.3529E-03
2.66602   0.3721E-04
2.67169   0.6940E-04
2.67624   0.6272E-03
2.67649   0.2927E-03
2.67845   0.7986E-03
2.68311   0.8251E-02
2.68394   0.8638E-02
2.68463   0.4223E-02
2.68692   0.7320E-02
2.68812   0.2836E-02
2.69657   0.2475E-02
2.70166   0.5408E-02
2.70401   0.5703E-02
2.70719   0.3992E-02
2.70913   0.7513E-03
2.71309   0.2992E-02
2.71619   0.3219E-02
2.71819   0.9801E-03
2.71891   0.1286E-02
2.72195   0.6728E-03
2.72324   0.2047E-02
2.72442   0.8207E-03
2.72467   0.6346E-03
2.72564   0.3675E-03
2.72615   0.1528E-02
2.72710   0.1291E-02
2.72933   0.6750E-03
2.73020   0.5957E-03
2.73160   0.2442E-03
2.73318   0.6914E-04
2.73486   0.2090E-02
2.73798   0.2382E-02
2.73902   0.6331E-02
2.74013   0.9253E-02
2.74132   0.1455E-01
2.74275   0.8641E-02
2.74517   0.2479E-03
2.74690   0.2219E-02
2.74736   0.3157E-03
2.74876   0.3072E-02
2.75539   0.1973E-02
2.76014   0.4233E-03
2.76068   0.2474E-04
2.76230   0.1227E-03
2.76417   0.6991E-03
2.76832   0.2721E-02
2.76905   0.2626E-02
2.77070   0.1618E-02
2.77232   0.9683E-04
2.77294   0.1461E-03
2.77540   0.2372E-03
2.77684   0.1974E-03
2.77811   0.6521E-03
2.78168   0.1114E-02
2.78244   0.4773E-03
2.78294   0.7226E-03
2.78463   0.3244E-03
2.78543   0.2385E-03
2.78848   0.8343E-03
2.78905   0.1698E-03
2.79104   0.5814E-03
2.79437   0.7420E-02
2.79594   0.6291E-02
2.79922   0.2387E-02
2.80109   0.2429E-02
2.80220   0.1656E-02
2.80583   0.1839E-02
2.80777   0.4322E-03
2.81113   0.1163E-02
2.81192   0.9079E-03
2.81518   0.5992E-03
2.81545   0.2846E-02
2.81625   0.3148E-02
2.82006   0.1586E-02
2.82207   0.5563E-03
2.82230   0.1932E-02
2.82346   0.7526E-03
2.82540   0.3764E-04
2.82584   0.2088E-02
2.82933   0.3293E-02
2.82993   0.4445E-03
2.83068   0.3105E-02
2.83361   0.1967E-02
2.83381   0.1288E-02
2.83494   0.1265E-02
2.83536   0.4910E-03
2.83546   0.1306E-02
2.83652   0.4980E-02
2.83810   0.8699E-02
2.83966   0.6819E-03
2.84080   0.1290E-04
2.84503   0.6924E-03
2.84580   0.1079E-02