300 1
0.99346   0.9766E-02
1.08442   0.8445E-03
1.08976   0.4229E-02
1.16921   0.1629E-02
1.20214   0.1669E-01
1.21488   0.1437E-02
1.21929   0.1419E-01
1.30135   0.1534E-01
1.31562   0.2175E-01
1.38529   0.1395E-04
1.42074   0.6113E-03
1.49265   0.1234E-02
1.52016   0.2562E-02
1.56051   0.5504E-03
1.56368   0.2851E-04
1.59832   0.2504E-02
1.60380   0.5874E-04
1.64163   0.3729E-02
1.64266   0.1268E-01
1.65594   0.3814E-02
1.65986   0.5695E-05
1.66971   0.2281E-03
1.67834   0.3831E-02
1.68586   0.2237E-02
1.69448   0.2469E-03
1.70152   0.2460E-02
1.70493   0.6259E-04
1.71963   0.3419E-02
1.72727   0.2363E-02
1.73600   0.1062E-02
1.74431   0.3044E-03
1.74903   0.6877E-03
1.76765   0.4593E-03
1.77860   0.1579E-01
1.78908   0.7053E-02
1.81283   0.4000E-01
1.81806   0.1231E-01
1.82675   0.4794E-03
1.84090   0.9606E-04
1.84838   0.3506E-02
1.85138   0.7970E-04
1.85815   0.3152E-03
1.86397   0.3170E-03
1.86510   0.9078E-03
1.86637   0.6879E-03
1.87942   0.1871E-02
1.89070   0.1443E-03
1.89613   0.1934E-02
1.90090   0.1153E-05
1.91144   0.3378E-03
1.91739   0.1046E-02
1.92594   0.1520E-02
1.93021   0.1493E-03
1.93522   0.1086E-02
1.93555   0.1328E-02
1.94864   0.1238E-01
1.95458   0.4654E-02
1.96552   0.1748E-02
1.96957   0.8770E-02
1.97710   0.2918E-04
1.98406   0.2582E-04
1.98766   0.1003E-02
2.00214   0.1419E-01
2.00571   0.6834E-02
2.00779   0.2811E-03
2.01529   0.2515E-03
2.02452   0.1298E-03
2.03626   0.1476E-03
2.04182   0.6643E-03
2.05061   0.4668E-03
2.06859   0.3587E-03
2.07189   0.1979E-02
2.08264   0.2050E-02
2.08298   0.8088E-03
2.08971   0.2477E-03
2.09232   0.2638E-02
2.09332   0.5855E-03
2.09555   0.3193E-03
2.09833   0.4712E-03
2.10161   0.4076E-02
2.11081   0.6673E-02
2.11268   0.5753E-02
2.11388   0.3035E-03
2.13257   0.1826E-03
2.13282   0.1377E-03
2.14287   0.9557E-03
2.14296   0.6938E-03
2.14488   0.3877E-04
2.15282   0.7636E-03
2.16074   0.3099E-01
2.17041   0.3861E-03
2.17691   0.4812E-03
2.17833   0.1382E-02
2.18407   0.4662E-02
2.19077   0.1410E-01
2.19510   0.7103E-02
2.19875   0.8567E-02
2.21356   0.9794E-03
2.21632   0.4866E-02
2.21650   0.3117E-02
2.22094   0.1525E-03
2.22457   0.2294E-02
2.22870   0.2307E-04
2.24016   0.5250E-02
2.24549   0.1549E-03
2.24981   0.4234E-02
2.25379   0.2540E-02
2.25653   0.5897E-02
2.26362   0.2745E-03
2.26513   0.1291E-02
2.26898   0.2984E-02
2.27298   0.4081E-02
2.27692   0.1668E-04
2.27971   0.6885E-04
2.28838   0.4472E-03
2.29536   0.2275E-01
2.29546   0.7236E-02
2.30502   0.1550E-02
2.31062   0.3883E-03
2.31915   0.3944E-02
2.32242   0.1647E-01
2.32703   0.1880E-01
2.32993   0.7676E-02
2.33800   0.1133E-02
2.33829   0.2295E-02
2.34252   0.4529E-02
2.34758   0.2722E-01
2.34979   0.2850E-02
2.35307   0.1162E-01
2.35449   0.2444E-03
2.36372   0.7976E-03
2.37126   0.2485E-03
2.37626   0.2160E-02
2.37689   0.2480E-03
2.37926   0.6772E-02
2.38631   0.4765E-02
2.38675   0.5486E-03
2.38778   0.1534E-01
2.38870   0.6004E-04
2.39426   0.3005E-03
2.39971   0.4054E-02
2.40264   0.2611E-02
2.41138   0.3932E-02
2.41315   0.6512E-02
2.41490   0.7519E-03
2.41872   0.1486E-02
2.42323   0.1422E-04
2.42842   0.5896E-03
2.43056   0.6530E-03
2.43219   0.2250E-03
2.43370   0.3438E-02
2.43472   0.4340E-02
2.43548   0.1183E-01
2.43906   0.1387E-03
2.44047   0.4071E-04
2.44482   0.9058E-03
2.45013   0.1416E-02
2.45690   0.1530E-02
2.45923   0.1824E-02
2.46074   0.4658E-03
2.46202   0.8175E-03
2.46544   0.3303E-02
2.47052   0.3519E-03
2.47356   0.2260E-03
2.47502   0.5238E-02
2.48108   0.4813E-02
2.48483   0.4195E-03
2.49232   0.6607E-03
2.49368   0.4182E-03
2.49608   0.6878E-02
2.50252   0.3203E-03
2.50374   0.8454E-03
2.50649   0.3443E-03
2.50901   0.1315E-03
2.50963   0.2191E-03
2.51402   0.8910E-03
2.51575   0.2702E-03
2.51629   0.5872E-05
2.52571   0.4600E-04
2.52894   0.8655E-03
2.53167   0.1922E-03
2.53463   0.6126E-02
2.53594   0.1659E-03
2.53920   0.2181E-02
2.54948   0.3266E-03
2.55100   0.1243E-03
2.55160   0.6984E-02
2.55421   0.4909E-03
2.55469   0.8241E-02
2.55722   0.3938E-04
2.55771   0.7749E-04
2.56401   0.9524E-03
2.56709   0.1157E-02
2.56777   0.5890E-03
2.56836   0.7516E-02
2.57312   0.3023E-02
2.57523   0.1242E-03
2.57846   0.7654E-03
2.58001   0.5015E-02
2.58112   0.2221E-02
2.58160   0.8174E-03
2.58449   0.1726E-02
2.58826   0.2641E-03
2.58927   0.7415E-03
2.59765   0.1230E-01
2.60211   0.6074E-02
2.60596   0.5675E-02
2.61140   0.3543E-02
2.61155   0.2997E-02
2.61220   0.1505E-02
2.61269   0.5081E-03
2.61687   0.2717E-02
2.61741   0.1935E-02
2.62079   0.2620E-02
2.62106   0.2161E-02
2.62342   0.7789E-04
2.62383   0.2697E-02
2.63092   0.1335E-01
2.63197   0.2584E-02
2.63314   0.4760E-02
2.63488   0.9364E-04
2.63878   0.9787E-04
2.64118   0.3997E-02
2.64271   0.5286E-02
2.64395   0.7082E-05
2.64910   0.1012E-03
2.64940   0.1018E-01
2.65249   0.2714E-02
2.65341   0.2938E-02
2.65590   0.4696E-02
2.65850   0.4531E-02
2.65864   0.6269E-02
2.66116   0.2516E-01
2.66373   0.5065E-03
2.66416   0.8980E-03
2.66671   0.5252E-03
2.66752   0.6432E-02
2.67267   0.1412E-02
2.67273   0.8765E-03
2.67558   0.5594E-03
2.67608   0.7783E-03
2.67981   0.3088E-01
2.68107   0.3301E-02
2.68419   0.3641E-02
2.68535   0.2589E-03
2.68608   0.6345E-02
2.68774   0.9066E-03
2.69059   0.3381E-01
2.69303   0.1128E-03
2.70043   0.5472E-02
2.70545   0.7852E-03
2.70715   0.4715E-03
2.70954   0.1483E-01
2.71300   0.1567E-03
2.71439   0.1887E-03
2.71632   0.4011E-03
2.72052   0.6670E-02
2.72074   0.7858E-02
2.72424   0.3926E-03
2.72556   0.6990E-03
2.72596   0.9682E-02
2.72812   0.1007E-03
2.73018   0.2866E-03
2.73416   0.1228E-02
2.73508   0.1885E-02
2.73528   0.2894E-01
2.73781   0.2207E-02
2.74109   0.6267E-02
2.74265   0.1943E-02
2.74351   0.4480E-01
2.74849   0.1518E-03
2.75218   0.6721E-03
2.75387   0.2303E-02
2.75687   0.7434E-03
2.75927   0.1482E-01
2.76498   0.4152E-03
2.76553   0.3354E-03
2.76586   0.6720E-02
2.76776   0.3883E-03
2.77323   0.5590E-02
2.77374   0.7118E-02
2.77545   0.2938E-02
2.77673   0.9484E-02
2.77963   0.1803E-03
2.78075   0.7502E-03
2.78140   0.9426E-05
2.78481   0.5175E-02
2.78633   0.4790E-02
2.78767   0.6356E-03
2.79040   0.1659E-03
2.79092   0.1712E-03
2.79548   0.4967E-02
2.79691   0.9835E-04
2.79880   0.3554E-03
2.79935   0.1925E-02
2.80181   0.3055E-02
2.80271   0.4773E-05
2.80546   0.1687E-02
2.80575   0.4423E-02
2.81369   0.7620E-02