300 1
1.29304   0.1678E-03
1.35472   0.5577E-02
1.37116   0.7677E-03
1.38484   0.2250E-02
1.41164   0.6512E-04
1.44145   0.2052E-03
1.44647   0.2612E-02
1.46178   0.1638E-02
1.49513   0.4243E-03
1.51961   0.3003E-03
1.52384   0.4651E-03
1.54888   0.3662E-02
1.54982   0.4679E-02
1.55464   0.3420E-03
1.60806   0.4871E-02
1.61506   0.1064E-01
1.63057   0.3459E-02
1.64148   0.4000E-02
1.64829   0.6931E-03
1.66340   0.8142E-03
1.67091   0.4180E-04
1.67637   0.5075E-02
1.67832   0.2918E-01
1.68686   0.1032E-02
1.70197   0.3997E-03
1.70891   0.1327E-03
1.71398   0.1173E-03
1.71554   0.4586E-03
1.72408   0.5752E-03
1.72597   0.7702E-03
1.73581   0.9936E-02
1.74838   0.7305E-03
1.75052   0.7738E-03
1.75695   0.6156E-02
1.76582   0.1749E-03
1.77317   0.1169E-02
1.77794   0.2049E-03
1.79092   0.1614E-02
1.79378   0.2484E-03
1.79895   0.1283E-03
1.80775   0.6687E-02
1.81555   0.4198E-03
1.81852   0.4055E-02
1.82819   0.1145E-03
1.83862   0.4234E-02
1.84508   0.1212E-03
1.85672   0.3609E-02
1.86528   0.1267E-02
1.87070   0.2472E-02
1.87858   0.1288E-02
1.88207   0.1363E-02
1.88803   0.5349E-03
1.89159   0.5382E-02
1.89427   0.1395E-02
1.89649   0.4756E-02
1.90229   0.1765E-03
1.90569   0.3077E-02
1.90840   0.3765E-02
1.93250   0.5046E-04
1.93912   0.2665E-02
1.94540   0.9666E-03
1.96336   0.2067E-03
1.96962   0.5617E-02
1.97332   0.8050E-04
1.97682   0.1900E-02
1.98162   0.1333E-02
1.98290   0.3361E-03
1.99323   0.4384E-03
1.99642   0.1049E-02
2.00134   0.2072E-02
2.00382   0.1387E-04
2.00762   0.2071E-02
2.00951   0.1397E-03
2.02445   0.9972E-02
2.03266   0.8241E-03
2.04482   0.3740E-03
2.04689   0.3519E-03
2.05070   0.6479E-04
2.05961   0.5913E-03
2.06896   0.1506E-04
2.07094   0.2462E-03
2.07566   0.1825E-02
2.08152   0.1278E-01
2.08473   0.1940E-02
2.08604   0.4985E-02
2.09123   0.1220E-02
2.10677   0.2912E-02
2.11074   0.1546E-01
2.11466   0.3582E-02
2.12241   0.2678E-01
2.12884   0.1054E-03
2.12991   0.4004E-03
2.13492   0.8426E-03
2.13616   0.2130E-02
2.13880   0.9229E-03
2.14159   0.9177E-03
2.14380   0.4043E-02
2.14695   0.3057E-03
2.14873   0.7860E-03
2.16141   0.2126E-03
2.17133   0.3740E-02
2.17577   0.5900E-02
2.17748   0.1249E-02
2.17971   0.7087E-02
2.18015   0.2272E-01
2.18609   0.6432E-02
2.18849   0.1153E-02
2.19651   0.1753E-02
2.20233   0.6136E-03
2.20566   0.7237E-02
2.21328   0.1790E-02
2.21874   0.1145E-01
2.21989   0.7424E-02
2.22468   0.4865E-02
2.22996   0.1830E-01
2.23169   0.2199E-01
2.23651   0.5822E-02
2.23803   0.5775E-02
2.24317   0.2576E-03
2.24899   0.1864E-02
2.25274   0.1826E-03
2.25502   0.1971E-04
2.26542   0.2230E-03
2.26799   0.2492E-04
2.27442   0.2213E-02
2.27651   0.7178E-03
2.27963   0.1504E-03
2.28214   0.2688E-02
2.28287   0.2284E-03
2.28758   0.1667E-02
2.29152   0.8358E-02
2.29227   0.1517E-03
2.29510   0.2292E-03
2.29736   0.1262E-02
2.30446   0.1546E-02
2.31545   0.1193E-02
2.31718   0.5648E-01
2.32794   0.5474E-02
2.33034   0.2837E-02
2.33594   0.2268E-04
2.33768   0.5031E-03
2.33893   0.5715E-03
2.34019   0.3355E-03
2.34634   0.2505E-03
2.34974   0.1617E-02
2.35081   0.1224E-01
2.35327   0.1142E-01
2.35515   0.9884E-02
2.35872   0.9644E-02
2.36589   0.2230E-03
2.36792   0.1172E-03
2.37103   0.2998E-02
2.37667   0.9716E-03
2.37955   0.5344E-04
2.38473   0.1073E-02
2.38811   0.7706E-02
2.38950   0.1142E-01
2.39214   0.3937E-03
2.40388   0.1364E-04
2.41075   0.4371E-02
2.41357   0.1044E-03
2.42003   0.1175E-03
2.42349   0.3271E-03
2.42524   0.2014E-02
2.42605   0.4462E-04
2.42970   0.5146E-02
2.43072   0.8188E-03
2.43177   0.3971E-02
2.43506   0.6701E-03
2.43585   0.1167E-02
2.43656   0.1489E-03
2.43779   0.1904E-02
2.44133   0.6527E-02
2.44231   0.2276E-02
2.44473   0.3330E-02
2.45169   0.1177E-01
2.45300   0.8057E-03
2.45513   0.3009E-02
2.46556   0.2173E-03
2.47039   0.7414E-03
2.47342   0.4621E-02
2.47774   0.2092E-02
2.47982   0.6357E-03
2.48317   0.1023E-02
2.48634   0.3917E-02
2.49107   0.8349E-03
2.49424   0.4202E-03
2.49620   0.3286E-03
2.49999   0.1836E-03
2.50323   0.2638E-02
2.50506   0.5424E-04
2.50811   0.1285E-02
2.51005   0.1204E-02
2.51313   0.1538E-02
2.51668   0.1558E-02
2.51738   0.2995E-04
2.51813   0.4750E-03
2.52133   0.1065E-01
2.52347   0.4546E-02
2.52595   0.2133E-02
2.52711   0.1501E-02
2.52753   0.2274E-02
2.53012   0.1195E-02
2.53200   0.7714E-03
2.53598   0.3195E-02
2.54200   0.1153E-02
2.54715   0.1008E-01
2.55311   0.4859E-03
2.55921   0.3661E-02
2.56188   0.7973E-04
2.56370   0.2712E-03
2.56638   0.1904E-02
2.57275   0.4588E-03
2.57519   0.6809E-03
2.57800   0.3437E-02
2.57905   0.1528E-02
2.58146   0.4717E-04
2.58302   0.3264E-02
2.58610   0.1753E-02
2.58697   0.3224E-03
2.58830   0.7542E-03
2.59237   0.6824E-02
2.59339   0.1976E-01
2.59922   0.4367E-02
2.60299   0.3576E-03
2.60683   0.8666E-03
2.60765   0.7657E-03
2.61149   0.1899E-02
2.61353   0.6074E-02
2.61611   0.6785E-03
2.61798   0.8376E-02
2.61849   0.4997E-02
2.62283   0.2370E-03
2.62471   0.2279E-02
2.62644   0.1894E-02
2.62762   0.8206E-02
2.63187   0.2790E-02
2.63322   0.1268E-01
2.63596   0.1563E-02
2.63911   0.6854E-02
2.64108   0.1049E-02
2.64160   0.1582E-02
2.64472   0.3727E-02
2.64587   0.1670E-02
2.64869   0.4444E-02
2.64949   0.1822E-02
2.65269   0.5636E-02
2.65334   0.1390E-02
2.65523   0.1860E-03
2.66202   0.3810E-03
2.66457   0.5825E-04
2.67091   0.9413E-03
2.67153   0.1759E-02
2.67219   0.7843E-03
2.67378   0.2414E-02
2.67518   0.4503E-03
2.67924   0.1554E-03
2.68245   0.2148E-01
2.68635   0.1222E-01
2.68702   0.1219E-02
2.69269   0.2875E-04
2.69321   0.9804E-03
2.69990   0.4079E-03
2.70259   0.1879E-02
2.70489   0.3666E-02
2.70630   0.8428E-03
2.70789   0.4076E-03
2.70915   0.2784E-04
2.71152   0.8296E-03
2.71295   0.1787E-02
2.72025   0.3219E-03
2.72154   0.2635E-02
2.72452   0.8847E-03
2.72700   0.1921E-03
2.72752   0.3284E-02
2.72901   0.3524E-03
2.72966   0.1828E-02
2.73134   0.1283E-02
2.73181   0.4602E-03
2.73583   0.2418E-02
2.73675   0.1741E-02
2.73760   0.4328E-02
2.74525   0.2773E-04
2.75046   0.5584E-04
2.75416   0.7303E-04
2.75823   0.1828E-03
2.75895   0.2086E-04
2.76263   0.1191E-03
2.76380   0.7156E-04
2.76453   0.1488E-02
2.76680   0.6142E-02
2.76722   0.3801E-03
2.76904   0.1091E-03
2.77499   0.1106E-03
2.77931   0.2511E-03
2.78167   0.4438E-04
2.78326   0.3072E-04
2.78558   0.8865E-04
2.78594   0.1985E-03
2.78727   0.8795E-04