300 1
1.18728   0.2931E-02
1.20940   0.3386E-02
1.29833   0.2135E-02
1.38395   0.1202E-01
1.39745   0.4830E-02
1.47947   0.2615E-02
1.50067   0.6846E-03
1.52164   0.7420E-02
1.54611   0.1328E-01
1.55760   0.4377E-02
1.57121   0.2214E-02
1.58677   0.9915E-03
1.59948   0.5472E-03
1.60387   0.6736E-03
1.61303   0.2767E-02
1.61975   0.1467E-02
1.63408   0.1609E-02
1.64654   0.1101E-02
1.64981   0.7707E-03
1.66318   0.1968E-02
1.66645   0.6018E-02
1.67045   0.1179E-02
1.67763   0.5634E-02
1.68729   0.4136E-03
1.69230   0.7647E-03
1.69868   0.2426E-02
1.71283   0.1541E-02
1.72581   0.6578E-02
1.73530   0.9862E-03
1.74078   0.5235E-02
1.74899   0.1667E-02
1.76947   0.3495E-01
1.79230   0.4045E-03
1.80238   0.5205E-02
1.80798   0.5294E-03
1.81856   0.3575E-04
1.82528   0.2986E-02
1.82889   0.4237E-02
1.83816   0.5511E-02
1.84551   0.1035E-02
1.84920   0.2160E-01
1.86829   0.1530E-02
1.87338   0.7341E-03
1.88145   0.4655E-02
1.88841   0.4923E-03
1.89279   0.2102E-02
1.90059   0.2672E-02
1.90974   0.3947E-03
1.91886   0.4922E-03
1.92884   0.1928E-02
1.93425   0.2982E-03
1.93642   0.1922E-02
1.94705   0.2157E-02
1.96036   0.6838E-02
1.96168   0.6705E-02
1.96823   0.1535E-02
1.96871   0.3251E-02
1.97681   0.1339E-02
1.98086   0.1790E-01
1.99257   0.6984E-02
2.00349   0.1470E-02
2.00808   0.1835E-02
2.01086   0.1694E-02
2.01820   0.5927E-03
2.02237   0.2424E-02
2.02421   0.1647E-01
2.03509   0.4608E-02
2.03896   0.9342E-03
2.04028   0.3640E-03
2.04607   0.4561E-03
2.05020   0.3102E-02
2.05617   0.5245E-03
2.06360   0.4084E-03
2.07240   0.8281E-02
2.07770   0.1949E-02
2.08570   0.2130E-02
2.09491   0.6856E-03
2.09874   0.6463E-03
2.10440   0.3738E-03
2.10624   0.1461E-02
2.10887   0.1027E-02
2.11013   0.2383E-02
2.11154   0.1529E-02
2.11372   0.1431E-02
2.11663   0.8556E-03
2.12078   0.6255E-02
2.13429   0.6018E-02
2.13884   0.4332E-02
2.14595   0.9789E-02
2.15135   0.6259E-02
2.15524   0.1210E-02
2.16681   0.1322E-02
2.17211   0.8456E-03
2.17369   0.3898E-02
2.17633   0.3189E-02
2.18158   0.3798E-03
2.18345   0.8804E-03
2.18651   0.3112E-02
2.18753   0.1184E-02
2.19035   0.5345E-03
2.19148   0.2800E-02
2.19986   0.1093E-02
2.20212   0.4448E-02
2.20853   0.5222E-02
2.21202   0.1760E-02
2.21712   0.3703E-02
2.22040   0.3865E-03
2.22509   0.2619E-03
2.22632   0.6027E-02
2.23085   0.2176E-01
2.23215   0.4327E-02
2.23909   0.6487E-02
2.24049   0.9098E-03
2.24668   0.5995E-02
2.25036   0.1267E-02
2.25332   0.1049E-02
2.26412   0.1062E-02
2.26626   0.5821E-03
2.27077   0.3888E-02
2.27871   0.1149E-02
2.27984   0.4192E-02
2.28871   0.7364E-03
2.29067   0.1054E-03
2.29236   0.1236E-02
2.29424   0.1230E-02
2.29904   0.8048E-03
2.30580   0.8773E-03
2.30984   0.4698E-02
2.31359   0.1804E-03
2.31518   0.8074E-03
2.31772   0.2329E-02
2.31907   0.1403E-02
2.32144   0.7542E-04
2.32418   0.1512E-02
2.32651   0.5105E-03
2.32928   0.2162E-02
2.33176   0.1288E-02
2.33541   0.2637E-02
2.33846   0.1692E-03
2.34242   0.9239E-02
2.34408   0.5890E-02
2.34517   0.2121E-02
2.34974   0.1256E-02
2.35150   0.1516E-02
2.35356   0.9274E-03
2.35786   0.8377E-03
2.35896   0.8652E-02
2.36310   0.1172E-02
2.36443   0.1094E-02
2.36906   0.5057E-02
2.37629   0.5323E-02
2.37818   0.2741E-02
2.38054   0.9508E-03
2.38541   0.5316E-03
2.38852   0.1546E-01
2.39218   0.4385E-02
2.39413   0.9968E-03
2.39552   0.7383E-02
2.39697   0.3319E-02
2.40297   0.1281E-02
2.40632   0.1373E-02
2.40739   0.3802E-02
2.41224   0.1934E-02
2.41362   0.7978E-02
2.42216   0.9988E-03
2.42373   0.9357E-03
2.42817   0.8317E-03
2.43048   0.1612E-02
2.43300   0.1170E-02
2.43467   0.7430E-03
2.43638   0.6760E-03
2.44097   0.4916E-04
2.44302   0.6119E-02
2.44553   0.2597E-02
2.44762   0.1698E-02
2.44938   0.1853E-02
2.45186   0.9845E-03
2.45401   0.3786E-03
2.45554   0.2680E-02
2.46011   0.5739E-02
2.46720   0.6830E-02
2.46941   0.8332E-03
2.47217   0.2578E-02
2.47303   0.3096E-03
2.47485   0.9568E-03
2.47931   0.3777E-02
2.48086   0.2084E-03
2.48409   0.3938E-02
2.48652   0.1301E-02
2.48715   0.2924E-02
2.48943   0.2140E-02
2.49217   0.1248E-02
2.49420   0.1201E-02
2.49813   0.3953E-02
2.49999   0.1433E-02
2.50343   0.5308E-02
2.50684   0.2858E-02
2.50972   0.1030E-01
2.51342   0.7740E-02
2.51580   0.1827E-02
2.51676   0.7957E-02
2.52054   0.5584E-02
2.52091   0.2759E-02
2.52524   0.1059E-01
2.53094   0.3294E-02
2.53316   0.1235E-01
2.53472   0.1789E-02
2.53812   0.7690E-02
2.54334   0.4140E-03
2.54512   0.1483E-02
2.54648   0.1614E-02
2.55086   0.3220E-02
2.55301   0.4224E-04
2.55440   0.1057E-03
2.55572   0.1111E-02
2.55716   0.1077E-02
2.55929   0.1472E-03
2.56070   0.1281E-02
2.56210   0.5051E-03
2.56502   0.3140E-02
2.56875   0.1309E-02
2.56959   0.6301E-02
2.57124   0.7144E-02
2.57278   0.1257E-02
2.57571   0.5632E-02
2.57818   0.8773E-03
2.58020   0.3538E-02
2.58300   0.1133E-02
2.58498   0.1929E-02
2.58865   0.3529E-02
2.59180   0.1702E-02
2.59594   0.1115E-01
2.59830   0.2222E-02
2.60053   0.2176E-02
2.60145   0.1381E-01
2.60433   0.1451E-01
2.60530   0.1277E-02
2.60894   0.2477E-02
2.61321   0.4750E-02
2.61715   0.1559E-02
2.61805   0.1242E-01
2.62282   0.4274E-03
2.62606   0.8562E-03
2.62689   0.4350E-03
2.63101   0.2825E-03
2.63300   0.9208E-03
2.63523   0.5684E-02
2.63620   0.4622E-02
2.64000   0.3838E-02
2.64207   0.1291E-02
2.64301   0.6639E-03
2.64403   0.6634E-02
2.64770   0.1431E-02
2.64915   0.2431E-02
2.65137   0.2535E-02
2.65371   0.4384E-02
2.65579   0.3044E-02
2.65706   0.5297E-03
2.65924   0.2310E-02
2.66021   0.5600E-03
2.66299   0.4076E-02
2.66460   0.5682E-03
2.66785   0.2168E-03
2.66799   0.2214E-02
2.67295   0.3375E-02
2.67429   0.3649E-02
2.67528   0.3758E-03
2.67757   0.7311E-02
2.68260   0.4470E-03
2.68509   0.2344E-02
2.68802   0.1687E-02
2.68949   0.7194E-03
2.69060   0.2047E-02
2.69347   0.1977E-02
2.69639   0.4385E-02
2.69998   0.4872E-02
2.70082   0.7352E-02
2.70292   0.7761E-03
2.70663   0.6058E-02
2.70739   0.5189E-02
2.70908   0.3723E-02
2.71045   0.8224E-02
2.71252   0.3520E-02
2.71513   0.3544E-02
2.71716   0.1076E-03
2.72060   0.5496E-02
2.72199   0.3838E-02
2.72437   0.6871E-02
2.72655   0.6748E-02
2.72734   0.2352E-02
2.72892   0.6909E-03
2.73213   0.3312E-02
2.73405   0.5482E-02
2.73564   0.1050E-02
2.74096   0.5276E-02
2.74392   0.1660E-02
2.74606   0.3127E-02
2.74920   0.6808E-02
2.75128   0.4353E-02
2.75769   0.4445E-03