300 1
0.99345   0.9758E-02
1.08446   0.9074E-03
1.08985   0.4176E-02
1.17030   0.1754E-02
1.20208   0.1718E-01
1.21484   0.1484E-02
1.21814   0.1403E-01
1.30081   0.1511E-01
1.31559   0.2188E-01
1.38530   0.1787E-04
1.42075   0.5958E-03
1.49265   0.1244E-02
1.52013   0.2552E-02
1.56050   0.5544E-03
1.56368   0.3423E-04
1.59831   0.2422E-02
1.60379   0.6289E-04
1.64099   0.1651E-02
1.64184   0.1480E-01
1.65590   0.3730E-02
1.65985   0.3718E-05
1.66971   0.2199E-03
1.67834   0.4045E-02
1.68579   0.2206E-02
1.69444   0.2527E-03
1.70128   0.2396E-02
1.70499   0.5892E-04
1.71964   0.3310E-02
1.72673   0.2468E-02
1.73601   0.1081E-02
1.74477   0.3059E-03
1.74855   0.5990E-03
1.76766   0.4779E-03
1.77864   0.1603E-01
1.78891   0.7052E-02
1.81273   0.3993E-01
1.81795   0.1184E-01
1.82675   0.4870E-03
1.84089   0.8706E-04
1.84838   0.3586E-02
1.85205   0.9211E-04
1.85816   0.3248E-03
1.86396   0.3235E-03
1.86458   0.8067E-03
1.86670   0.6995E-03
1.87942   0.1905E-02
1.89066   0.1632E-03
1.89609   0.2006E-02
1.90097   0.1505E-05
1.91141   0.3167E-03
1.91720   0.1076E-02
1.92551   0.1439E-02
1.92992   0.1196E-03
1.93520   0.1125E-02
1.93551   0.1279E-02
1.94847   0.1251E-01
1.95450   0.4784E-02
1.96550   0.1767E-02
1.96957   0.9044E-02
1.97706   0.1925E-04
1.98405   0.2654E-04
1.98761   0.1000E-02
2.00184   0.1472E-01
2.00565   0.6145E-02
2.00776   0.2784E-03
2.01546   0.2198E-03
2.02458   0.1558E-03
2.03624   0.1460E-03
2.04183   0.6426E-03
2.04996   0.4507E-03
2.06846   0.3587E-03
2.07184   0.2154E-02
2.08261   0.2130E-02
2.08297   0.7990E-03
2.08965   0.2665E-03
2.09252   0.2515E-02
2.09329   0.6925E-03
2.09649   0.3622E-03
2.09832   0.4642E-03
2.10154   0.4165E-02
2.10985   0.6966E-02
2.11273   0.5688E-02
2.11394   0.2918E-03
2.13257   0.1891E-03
2.13274   0.1584E-03
2.14286   0.7737E-03
2.14317   0.8998E-03
2.14493   0.4388E-04
2.15287   0.7926E-03
2.16060   0.3128E-01
2.17050   0.4060E-03
2.17692   0.4849E-03
2.17856   0.1290E-02
2.18398   0.4628E-02
2.19108   0.1405E-01
2.19489   0.6889E-02
2.19872   0.8329E-02
2.21359   0.1010E-02
2.21637   0.5308E-02
2.21655   0.2776E-02
2.22088   0.1455E-03
2.22470   0.2298E-02
2.22797   0.3054E-04
2.24023   0.5316E-02
2.24526   0.1853E-03
2.25008   0.4013E-02
2.25373   0.2635E-02
2.25661   0.5679E-02
2.26310   0.2766E-03
2.26523   0.1321E-02
2.26885   0.2932E-02
2.27298   0.4018E-02
2.27691   0.1907E-04
2.27969   0.7429E-04
2.28832   0.4631E-03
2.29540   0.2447E-01
2.29558   0.5738E-02
2.30502   0.1559E-02
2.31051   0.3050E-03
2.31926   0.3883E-02
2.32190   0.1676E-01
2.32700   0.1896E-01
2.32992   0.7709E-02
2.33818   0.2036E-03
2.33831   0.3302E-02
2.34251   0.4474E-02
2.34772   0.2733E-01
2.34991   0.2791E-02
2.35272   0.1137E-01
2.35460   0.2437E-03
2.36373   0.8218E-03
2.37052   0.3439E-03
2.37665   0.2288E-02
2.37714   0.2313E-03
2.37830   0.6462E-02
2.38612   0.4657E-02
2.38679   0.3973E-03
2.38799   0.1549E-01
2.38875   0.6051E-04
2.39430   0.3185E-03
2.39960   0.4094E-02
2.40247   0.2457E-02
2.41141   0.3889E-02
2.41366   0.6636E-02
2.41480   0.9215E-03
2.41856   0.1471E-02
2.42328   0.1207E-04
2.42827   0.6564E-03
2.43059   0.6401E-03
2.43219   0.2326E-03
2.43372   0.3558E-02
2.43531   0.4548E-02
2.43565   0.1180E-01
2.43913   0.1585E-03
2.44039   0.3612E-04
2.44483   0.8974E-03
2.45011   0.1320E-02
2.45703   0.1701E-02
2.45926   0.1460E-02
2.46075   0.4426E-03
2.46194   0.8552E-03
2.46547   0.3352E-02
2.47035   0.3564E-03
2.47355   0.1704E-03
2.47483   0.5059E-02
2.48142   0.4730E-02
2.48449   0.3515E-03
2.49224   0.5845E-03
2.49343   0.4048E-03
2.49603   0.6759E-02
2.50243   0.2948E-03
2.50383   0.8888E-03
2.50650   0.3684E-03
2.50921   0.1348E-03
2.50953   0.2183E-03
2.51393   0.9360E-03
2.51572   0.2751E-03
2.51622   0.1302E-04
2.52546   0.5716E-04
2.52893   0.8182E-03
2.53173   0.2230E-03
2.53455   0.5775E-02
2.53597   0.1967E-03
2.53913   0.2144E-02
2.54939   0.4727E-03
2.55086   0.1569E-03
2.55136   0.6932E-02
2.55414   0.5072E-03
2.55468   0.8278E-02
2.55710   0.3630E-04
2.55770   0.7549E-04
2.56442   0.1071E-02
2.56704   0.9374E-03
2.56793   0.9330E-03
2.56838   0.7694E-02
2.57336   0.3041E-02
2.57572   0.1085E-03
2.57845   0.7495E-03
2.58001   0.4995E-02
2.58110   0.2237E-02
2.58160   0.7917E-03
2.58457   0.1761E-02
2.58772   0.2607E-03
2.58896   0.7930E-03
2.59786   0.1178E-01
2.60203   0.6043E-02
2.60617   0.5384E-02
2.61145   0.3357E-02
2.61175   0.3614E-02
2.61234   0.7798E-03
2.61275   0.6835E-03
2.61694   0.2800E-02
2.61753   0.1993E-02
2.62106   0.4017E-02
2.62130   0.6992E-03
2.62343   0.6618E-04
2.62386   0.3003E-02
2.63078   0.1349E-01
2.63193   0.2177E-02
2.63292   0.4924E-02
2.63502   0.1068E-03
2.63915   0.9727E-04
2.64104   0.3980E-02
2.64274   0.5393E-02
2.64407   0.1423E-04
2.64879   0.4445E-03
2.64935   0.9923E-02
2.65241   0.2923E-02
2.65309   0.2657E-02
2.65601   0.4717E-02
2.65850   0.3839E-02
2.65863   0.6826E-02
2.66121   0.2516E-01
2.66368   0.8175E-03
2.66404   0.5536E-03
2.66673   0.4978E-03
2.66753   0.6350E-02
2.67267   0.1499E-02
2.67275   0.7540E-03
2.67558   0.5467E-03
2.67609   0.7964E-03
2.67980   0.3106E-01
2.68105   0.3271E-02
2.68420   0.3771E-02
2.68525   0.2985E-03
2.68607   0.6291E-02
2.68773   0.9152E-03
2.69046   0.3350E-01
2.69289   0.8978E-04
2.70041   0.5374E-02
2.70524   0.8039E-03
2.70718   0.4384E-03
2.70960   0.1527E-01
2.71327   0.1759E-03
2.71442   0.2071E-03
2.71629   0.4311E-03
2.72054   0.5460E-02
2.72074   0.9070E-02
2.72428   0.3717E-03
2.72556   0.6633E-03
2.72598   0.9674E-02
2.72811   0.9229E-04
2.73017   0.2836E-03
2.73408   0.1162E-02
2.73510   0.3320E-02
2.73530   0.2763E-01
2.73787   0.2180E-02
2.74108   0.6304E-02
2.74266   0.2056E-02
2.74350   0.4479E-01
2.74846   0.1255E-03
2.75214   0.6396E-03
2.75386   0.2306E-02
2.75692   0.7701E-03
2.75927   0.1471E-01
2.76492   0.4436E-03
2.76555   0.2683E-03
2.76578   0.6998E-02
2.76775   0.2253E-03
2.77324   0.5512E-02
2.77375   0.7140E-02
2.77546   0.3037E-02
2.77673   0.9546E-02
2.77963   0.1872E-03
2.78075   0.7163E-03
2.78139   0.1016E-04
2.78477   0.5144E-02
2.78631   0.4811E-02
2.78774   0.6159E-03
2.79037   0.1314E-03
2.79086   0.1019E-03
2.79536   0.5331E-02
2.79690   0.9467E-04
2.79879   0.3563E-03
2.79935   0.1894E-02
2.80193   0.3249E-02
2.80255   0.4605E-05
2.80480   0.4507E-03
2.80553   0.6280E-02
2.81346   0.7985E-02