300 1
1.18775   0.3146E-02
1.20951   0.3428E-02
1.29834   0.2125E-02
1.38443   0.1237E-01
1.39781   0.5133E-02
1.47981   0.2716E-02
1.50074   0.7120E-03
1.52164   0.7484E-02
1.54638   0.1340E-01
1.55782   0.4656E-02
1.57128   0.2266E-02
1.58681   0.1071E-02
1.59970   0.5825E-03
1.60386   0.7004E-03
1.61365   0.2820E-02
1.61997   0.1587E-02
1.63409   0.1556E-02
1.64711   0.1012E-02
1.64996   0.8374E-03
1.66320   0.1917E-02
1.66645   0.5980E-02
1.67078   0.1363E-02
1.67768   0.5528E-02
1.68741   0.4497E-03
1.69239   0.7687E-03
1.69874   0.2351E-02
1.71298   0.1570E-02
1.72581   0.6540E-02
1.73566   0.1013E-02
1.74125   0.5506E-02
1.74901   0.1683E-02
1.76950   0.3481E-01
1.79233   0.3995E-03
1.80236   0.5175E-02
1.80797   0.5379E-03
1.81868   0.3250E-04
1.82564   0.3027E-02
1.82883   0.4284E-02
1.83814   0.5560E-02
1.84552   0.1069E-02
1.84923   0.2160E-01
1.86829   0.1558E-02
1.87340   0.7289E-03
1.88141   0.4604E-02
1.88809   0.4856E-03
1.89280   0.2049E-02
1.90057   0.2712E-02
1.90981   0.4172E-03
1.91886   0.5085E-03
1.92909   0.1972E-02
1.93421   0.2816E-03
1.93644   0.1922E-02
1.94693   0.2218E-02
1.96042   0.6324E-02
1.96201   0.7309E-02
1.96802   0.1439E-02
1.96871   0.3247E-02
1.97695   0.1338E-02
1.98097   0.1789E-01
1.99256   0.7070E-02
2.00352   0.1440E-02
2.00813   0.1766E-02
2.01078   0.1816E-02
2.01836   0.5429E-03
2.02254   0.2527E-02
2.02428   0.1633E-01
2.03511   0.4499E-02
2.03884   0.8930E-03
2.04039   0.4120E-03
2.04605   0.4564E-03
2.05020   0.3109E-02
2.05615   0.5165E-03
2.06366   0.3970E-03
2.07208   0.8300E-02
2.07769   0.1993E-02
2.08554   0.2166E-02
2.09505   0.7469E-03
2.09876   0.6495E-03
2.10440   0.3587E-03
2.10625   0.1447E-02
2.10941   0.9603E-03
2.11030   0.2368E-02
2.11158   0.1614E-02
2.11385   0.1425E-02
2.11662   0.8017E-03
2.12078   0.6264E-02
2.13427   0.5926E-02
2.13881   0.4424E-02
2.14611   0.9633E-02
2.15139   0.6286E-02
2.15526   0.1366E-02
2.16687   0.1377E-02
2.17248   0.1021E-02
2.17422   0.3769E-02
2.17628   0.3232E-02
2.18169   0.3745E-03
2.18342   0.8829E-03
2.18661   0.3196E-02
2.18766   0.1105E-02
2.19036   0.5646E-03
2.19170   0.2911E-02
2.20011   0.1119E-02
2.20210   0.4459E-02
2.20863   0.5118E-02
2.21196   0.1744E-02
2.21701   0.3780E-02
2.22049   0.4086E-03
2.22512   0.2829E-03
2.22635   0.5961E-02
2.23086   0.2178E-01
2.23207   0.4365E-02
2.23912   0.6490E-02
2.24048   0.9225E-03
2.24670   0.5934E-02
2.25033   0.1261E-02
2.25373   0.1060E-02
2.26430   0.1092E-02
2.26620   0.5671E-03
2.27084   0.3940E-02
2.27876   0.1183E-02
2.28001   0.4197E-02
2.28873   0.7321E-03
2.29065   0.1082E-03
2.29249   0.1185E-02
2.29433   0.1323E-02
2.29913   0.7510E-03
2.30583   0.7841E-03
2.30975   0.4752E-02
2.31363   0.1853E-03
2.31519   0.8531E-03
2.31780   0.2517E-02
2.31931   0.1283E-02
2.32154   0.7722E-04
2.32409   0.1459E-02
2.32652   0.4906E-03
2.32930   0.2162E-02
2.33168   0.1358E-02
2.33532   0.2718E-02
2.33847   0.1835E-03
2.34243   0.9168E-02
2.34410   0.5974E-02
2.34529   0.2140E-02
2.34967   0.1230E-02
2.35148   0.1482E-02
2.35357   0.9226E-03
2.35778   0.8467E-03
2.35920   0.8584E-02
2.36311   0.1251E-02
2.36444   0.1078E-02
2.36913   0.4942E-02
2.37629   0.5221E-02
2.37815   0.2670E-02
2.38055   0.9754E-03
2.38545   0.5324E-03
2.38851   0.1543E-01
2.39220   0.4392E-02
2.39415   0.1024E-02
2.39555   0.7408E-02
2.39697   0.3323E-02
2.40292   0.1182E-02
2.40636   0.1527E-02
2.40751   0.3484E-02
2.41242   0.1756E-02
2.41363   0.7996E-02
2.42228   0.1062E-02
2.42371   0.9699E-03
2.42828   0.8194E-03
2.43048   0.1572E-02
2.43291   0.1087E-02
2.43471   0.7894E-03
2.43639   0.6937E-03
2.44099   0.4517E-04
2.44301   0.6184E-02
2.44552   0.2525E-02
2.44767   0.1731E-02
2.44936   0.1813E-02
2.45205   0.9650E-03
2.45409   0.3500E-03
2.45558   0.2564E-02
2.46009   0.5784E-02
2.46714   0.6797E-02
2.46949   0.8022E-03
2.47216   0.2506E-02
2.47326   0.3634E-03
2.47495   0.8959E-03
2.47934   0.3867E-02
2.48087   0.2090E-03
2.48403   0.4025E-02
2.48659   0.1210E-02
2.48717   0.2963E-02
2.48935   0.2140E-02
2.49215   0.1191E-02
2.49434   0.1166E-02
2.49798   0.3860E-02
2.50000   0.1344E-02
2.50343   0.5269E-02
2.50687   0.2913E-02
2.50975   0.1031E-01
2.51344   0.7765E-02
2.51570   0.1751E-02
2.51671   0.7483E-02
2.52054   0.6035E-02
2.52092   0.2631E-02
2.52536   0.1051E-01
2.53124   0.3336E-02
2.53318   0.1231E-01
2.53468   0.1744E-02
2.53827   0.7555E-02
2.54366   0.4128E-03
2.54529   0.1524E-02
2.54635   0.1541E-02
2.55087   0.3272E-02
2.55303   0.4173E-04
2.55438   0.1040E-03
2.55586   0.1109E-02
2.55719   0.1119E-02
2.55955   0.1668E-03
2.56073   0.1295E-02
2.56223   0.5137E-03
2.56525   0.3197E-02
2.56872   0.1380E-02
2.56961   0.6265E-02
2.57127   0.7036E-02
2.57272   0.1336E-02
2.57566   0.5647E-02
2.57831   0.8517E-03
2.58026   0.3614E-02
2.58319   0.1182E-02
2.58500   0.1887E-02
2.58866   0.3605E-02
2.59180   0.1733E-02
2.59596   0.1143E-01
2.59835   0.2270E-02
2.60049   0.2216E-02
2.60158   0.1414E-01
2.60434   0.1459E-01
2.60527   0.1049E-02
2.60909   0.2461E-02
2.61321   0.4806E-02
2.61719   0.1569E-02
2.61806   0.1262E-01
2.62283   0.4410E-03
2.62619   0.8324E-03
2.62713   0.4877E-03
2.63102   0.2746E-03
2.63305   0.9399E-03
2.63532   0.5749E-02
2.63622   0.4811E-02
2.64007   0.3752E-02
2.64207   0.1456E-02
2.64292   0.6249E-03
2.64408   0.6698E-02
2.64771   0.1442E-02
2.64924   0.2467E-02
2.65150   0.2506E-02
2.65372   0.4359E-02
2.65579   0.3050E-02
2.65712   0.5138E-03
2.65925   0.2291E-02
2.66018   0.5676E-03
2.66315   0.4110E-02
2.66466   0.5800E-03
2.66785   0.2188E-03
2.66802   0.2204E-02
2.67300   0.3407E-02
2.67441   0.3600E-02
2.67557   0.3780E-03
2.67767   0.7170E-02
2.68263   0.4778E-03
2.68509   0.2449E-02
2.68808   0.1708E-02
2.68948   0.7516E-03
2.69062   0.2020E-02
2.69347   0.2078E-02
2.69640   0.4348E-02
2.69998   0.4965E-02
2.70082   0.7381E-02
2.70299   0.7945E-03
2.70664   0.5947E-02
2.70742   0.5220E-02
2.70910   0.3698E-02
2.71048   0.8221E-02
2.71253   0.3523E-02
2.71514   0.3484E-02
2.71717   0.1250E-03
2.72060   0.5508E-02
2.72199   0.3829E-02
2.72438   0.6710E-02
2.72656   0.6662E-02
2.72735   0.2279E-02
2.72894   0.6691E-03
2.73213   0.3303E-02
2.73405   0.5379E-02
2.73565   0.9853E-03
2.74095   0.5193E-02
2.74448   0.7826E-03
2.74623   0.2815E-02
2.74941   0.6256E-02
2.75173   0.4556E-02
2.75790   0.4420E-03