300 1
1.22858   0.2016E-02
1.24345   0.1033E-02
1.33032   0.8958E-03
1.37000   0.8177E-02
1.37185   0.3435E-02
1.38431   0.3192E-02
1.43167   0.8539E-03
1.49342   0.6775E-03
1.52027   0.7076E-03
1.52495   0.1560E-02
1.53792   0.4848E-02
1.54518   0.2362E-02
1.55852   0.9108E-02
1.57936   0.2079E-02
1.58507   0.2505E-03
1.60338   0.1376E-02
1.61869   0.2132E-02
1.62750   0.2183E-02
1.63187   0.7674E-03
1.64001   0.1062E-02
1.65496   0.3188E-02
1.66126   0.5259E-03
1.66899   0.3298E-02
1.67124   0.7045E-03
1.68968   0.1009E-02
1.69225   0.1121E-02
1.70966   0.6652E-02
1.71013   0.5537E-02
1.72726   0.1207E-02
1.72872   0.4260E-03
1.74070   0.3104E-02
1.74280   0.4534E-02
1.75760   0.1946E-01
1.78637   0.4333E-02
1.79238   0.4919E-02
1.79793   0.1853E-02
1.80456   0.5928E-02
1.80976   0.2933E-02
1.81380   0.3023E-02
1.82274   0.9072E-02
1.83295   0.1845E-02
1.83580   0.8826E-03
1.84092   0.1521E-02
1.85267   0.9748E-02
1.85712   0.5975E-02
1.85992   0.4650E-02
1.87112   0.5281E-03
1.88095   0.2202E-02
1.88689   0.9426E-03
1.88917   0.4012E-02
1.89183   0.4261E-02
1.89560   0.1717E-02
1.89992   0.1370E-02
1.90693   0.1031E-02
1.91523   0.3061E-02
1.92213   0.9714E-02
1.92450   0.1745E-02
1.93709   0.4693E-02
1.94324   0.1380E-02
1.94758   0.2327E-02
1.95239   0.3135E-02
1.95591   0.3749E-03
1.96963   0.6737E-03
1.97539   0.2186E-02
1.97691   0.3001E-02
1.98027   0.4262E-02
1.98445   0.1343E-02
1.99549   0.1414E-02
2.00060   0.4442E-03
2.00458   0.1525E-02
2.00555   0.1614E-02
2.01023   0.2860E-02
2.01542   0.1606E-02
2.01964   0.1030E-02
2.02435   0.3271E-02
2.03155   0.1021E-02
2.03574   0.5773E-02
2.03918   0.8469E-03
2.04050   0.5159E-02
2.04681   0.3060E-02
2.04849   0.1923E-02
2.05515   0.5847E-02
2.06252   0.1533E-04
2.06547   0.6016E-02
2.06950   0.5198E-02
2.08112   0.2478E-02
2.08552   0.3437E-02
2.08884   0.9020E-02
2.09427   0.8966E-03
2.10539   0.4992E-02
2.10940   0.1410E-01
2.11301   0.3291E-02
2.11696   0.1387E-02
2.12277   0.4563E-03
2.13737   0.3483E-03
2.13943   0.1514E-02
2.14476   0.1763E-02
2.14855   0.5924E-02
2.15060   0.1872E-02
2.15442   0.1550E-02
2.15995   0.4984E-02
2.16147   0.1476E-02
2.16660   0.1560E-02
2.17293   0.8048E-03
2.17436   0.9521E-03
2.17971   0.1594E-02
2.18188   0.6221E-02
2.18632   0.3907E-02
2.19131   0.3029E-02
2.19842   0.2453E-02
2.20542   0.3179E-02
2.21020   0.2191E-02
2.21494   0.5791E-03
2.21889   0.4048E-03
2.21932   0.2816E-02
2.22275   0.2297E-02
2.22571   0.3633E-03
2.22684   0.1480E-02
2.23058   0.4729E-02
2.23093   0.6446E-02
2.23688   0.3968E-02
2.24047   0.4035E-02
2.24220   0.8860E-03
2.24612   0.1797E-02
2.24853   0.8764E-03
2.25505   0.3614E-02
2.25693   0.4167E-02
2.25797   0.2899E-02
2.26973   0.6291E-02
2.27206   0.5535E-02
2.27306   0.5135E-03
2.27506   0.9989E-03
2.27947   0.1252E-02
2.28517   0.3448E-02
2.28670   0.1205E-02
2.29002   0.5506E-03
2.29448   0.5676E-02
2.29632   0.9686E-03
2.30141   0.6326E-03
2.30311   0.2048E-02
2.30523   0.1629E-02
2.30808   0.4997E-03
2.30835   0.2630E-02
2.31015   0.1417E-03
2.31443   0.4819E-02
2.31994   0.1966E-02
2.32047   0.3005E-02
2.32339   0.5720E-02
2.32855   0.9843E-03
2.33049   0.2112E-02
2.33433   0.1445E-02
2.33568   0.1664E-02
2.33612   0.1510E-02
2.33939   0.1411E-02
2.34239   0.1972E-02
2.34434   0.1169E-01
2.34810   0.6293E-02
2.35344   0.6924E-03
2.36099   0.1023E-02
2.36442   0.1209E-02
2.36633   0.3110E-03
2.36899   0.1378E-02
2.37066   0.3521E-02
2.37089   0.1776E-03
2.37731   0.6703E-03
2.38125   0.5657E-03
2.38304   0.8840E-03
2.38448   0.3568E-02
2.38580   0.6451E-02
2.38697   0.2407E-02
2.39106   0.1200E-02
2.39234   0.3750E-02
2.39930   0.7245E-03
2.40367   0.1416E-02
2.40416   0.3228E-02
2.40895   0.3658E-02
2.41181   0.1141E-02
2.41530   0.5025E-03
2.41715   0.3799E-02
2.41794   0.2477E-02
2.42222   0.1986E-02
2.42501   0.9794E-03
2.42702   0.3683E-02
2.42962   0.2909E-02
2.43142   0.4126E-02
2.43476   0.1550E-02
2.43603   0.1486E-02
2.44311   0.1848E-02
2.44506   0.6640E-03
2.44729   0.4408E-03
2.45278   0.8996E-03
2.45356   0.6574E-02
2.45691   0.9459E-02
2.45902   0.1174E-02
2.46062   0.6457E-04
2.46345   0.1154E-02
2.46577   0.3266E-02
2.47177   0.9071E-02
2.47417   0.2945E-03
2.47957   0.4525E-02
2.48305   0.3025E-03
2.48421   0.1412E-02
2.48786   0.1655E-03
2.48923   0.3151E-03
2.49264   0.1863E-02
2.49465   0.6225E-02
2.49683   0.9739E-02
2.50057   0.1985E-02
2.50299   0.1154E-02
2.50467   0.1270E-02
2.50734   0.2374E-02
2.51065   0.1744E-02
2.51258   0.2047E-02
2.51351   0.1049E-02
2.51507   0.2620E-03
2.51598   0.4250E-03
2.51936   0.4360E-02
2.52108   0.6362E-02
2.52562   0.1111E-02
2.52915   0.3514E-03
2.53160   0.5233E-02
2.53563   0.1519E-02
2.53622   0.1437E-02
2.53894   0.3565E-03
2.54247   0.2704E-02
2.54349   0.4556E-02
2.54454   0.1180E-02
2.54639   0.1352E-02
2.54887   0.6582E-03
2.54976   0.1169E-02
2.55210   0.8711E-02
2.55317   0.1543E-02
2.55757   0.2360E-02
2.55883   0.5650E-03
2.56082   0.2377E-02
2.56370   0.7036E-03
2.56670   0.3752E-02
2.56850   0.1484E-02
2.57238   0.3395E-03
2.57634   0.1450E-02
2.57702   0.4935E-03
2.57818   0.1132E-02
2.58260   0.6993E-03
2.58386   0.1422E-02
2.58419   0.2336E-03
2.58522   0.2484E-02
2.58755   0.2548E-02
2.59013   0.4119E-02
2.59144   0.1647E-02
2.59418   0.1286E-02
2.59514   0.4647E-03
2.59640   0.2947E-02
2.59967   0.1927E-02
2.60021   0.4790E-03
2.60139   0.8454E-03
2.60373   0.7509E-03
2.60598   0.3129E-02
2.61015   0.5614E-02
2.61304   0.8669E-03
2.61649   0.2069E-02
2.62045   0.1083E-02
2.62278   0.4613E-02
2.62628   0.1010E-01
2.62717   0.3488E-02
2.62892   0.8097E-02
2.63007   0.2012E-02
2.63104   0.8718E-02
2.63475   0.2022E-02
2.63600   0.4166E-02
2.63773   0.2720E-02
2.64007   0.6065E-02
2.64242   0.4096E-02
2.64310   0.2258E-02
2.64541   0.3095E-02
2.64606   0.3340E-02
2.64706   0.2043E-02
2.64806   0.2958E-03
2.64985   0.3638E-02
2.65350   0.4896E-02
2.65573   0.8640E-03
2.66084   0.3970E-02
2.66215   0.4114E-02
2.66506   0.7635E-03
2.66656   0.5793E-03
2.66663   0.2859E-02
2.67028   0.4552E-02
2.67045   0.5985E-03
2.67233   0.2473E-02
2.67427   0.1095E-03
2.67511   0.1078E-03
2.67778   0.1344E-03
2.67814   0.3792E-03
2.68135   0.1477E-02
2.68269   0.1136E-02
2.68343   0.9878E-03
2.68541   0.1545E-02
2.68658   0.4917E-02
2.68737   0.1298E-02
2.69144   0.3977E-03
2.69472   0.1008E-02