300 1
1.19192   0.2808E-02
1.19676   0.4523E-03
1.24615   0.1817E-02
1.28137   0.8961E-02
1.31632   0.3289E-02
1.33829   0.3962E-02
1.37851   0.2691E-02
1.42861   0.1555E-02
1.43415   0.2713E-03
1.44924   0.7557E-03
1.45320   0.4226E-02
1.46731   0.2019E-02
1.47839   0.5417E-03
1.49409   0.1245E-02
1.52722   0.2041E-02
1.54401   0.3127E-02
1.55940   0.1930E-02
1.56958   0.9743E-03
1.60080   0.1371E-02
1.60949   0.2589E-03
1.61971   0.5277E-03
1.62839   0.1227E-03
1.63270   0.1359E-02
1.64297   0.4026E-03
1.65031   0.2713E-02
1.65633   0.4940E-02
1.66924   0.2159E-02
1.66985   0.5978E-02
1.67561   0.3039E-03
1.68395   0.7816E-02
1.69012   0.9642E-02
1.69780   0.4209E-02
1.70125   0.1184E-02
1.71063   0.1220E-02
1.71518   0.4160E-02
1.71822   0.1572E-02
1.72091   0.2855E-02
1.72427   0.2818E-02
1.73481   0.7184E-02
1.73998   0.3542E-02
1.75493   0.1465E-01
1.77779   0.2623E-01
1.78603   0.1628E-02
1.78953   0.2044E-02
1.80148   0.3216E-02
1.80582   0.4894E-03
1.80758   0.6973E-03
1.81938   0.6225E-03
1.82304   0.9404E-03
1.83002   0.5479E-03
1.83419   0.2232E-03
1.83805   0.2645E-03
1.84190   0.1343E-03
1.84557   0.4315E-02
1.85121   0.4553E-03
1.85865   0.9374E-03
1.86699   0.4803E-02
1.87156   0.4112E-02
1.87618   0.4064E-02
1.88072   0.3961E-02
1.88532   0.2368E-02
1.88675   0.3570E-02
1.90142   0.8215E-03
1.90170   0.1219E-02
1.90555   0.8834E-03
1.90996   0.5395E-02
1.91513   0.9784E-02
1.91582   0.3100E-02
1.92258   0.4362E-02
1.92905   0.1303E-01
1.93222   0.2356E-02
1.93380   0.9271E-03
1.94003   0.8644E-03
1.94496   0.6025E-03
1.95209   0.4010E-02
1.95680   0.1011E-02
1.96341   0.1796E-03
1.97467   0.3255E-03
1.97851   0.3603E-02
1.98512   0.2254E-02
1.99069   0.6119E-03
1.99564   0.2122E-02
2.00335   0.1739E-03
2.00689   0.1904E-02
2.01115   0.5559E-02
2.01368   0.3058E-02
2.01930   0.9149E-02
2.02430   0.2501E-02
2.02761   0.7952E-03
2.02864   0.1649E-02
2.03570   0.7129E-03
2.03982   0.8939E-03
2.04012   0.3021E-02
2.04498   0.9340E-04
2.04866   0.1737E-01
2.05447   0.6232E-02
2.05798   0.5891E-03
2.06057   0.5050E-02
2.06920   0.1047E-02
2.07374   0.6088E-03
2.08062   0.7216E-02
2.08162   0.3174E-02
2.08708   0.1167E-02
2.09173   0.1965E-02
2.09397   0.8774E-02
2.09682   0.1579E-02
2.10016   0.1319E-02
2.10327   0.1012E-02
2.10759   0.2673E-02
2.10913   0.6714E-04
2.11230   0.4008E-03
2.11595   0.4673E-02
2.11771   0.3017E-02
2.12476   0.6538E-03
2.12891   0.4923E-03
2.13146   0.4987E-03
2.13595   0.5787E-03
2.14201   0.3881E-02
2.14426   0.2261E-02
2.14792   0.8918E-02
2.15122   0.1445E-02
2.15551   0.1103E-02
2.16410   0.2327E-03
2.16608   0.2817E-03
2.16844   0.1031E-02
2.17002   0.3083E-02
2.17187   0.3130E-02
2.17835   0.2737E-02
2.18050   0.2574E-03
2.18508   0.1257E-02
2.18789   0.2212E-02
2.19195   0.3529E-02
2.19434   0.8251E-03
2.20231   0.1293E-02
2.20915   0.7768E-03
2.21006   0.5741E-03
2.21770   0.3016E-02
2.21949   0.1985E-02
2.22211   0.1833E-02
2.22516   0.1742E-02
2.22694   0.2919E-03
2.22844   0.8464E-04
2.22970   0.1398E-02
2.23372   0.2350E-02
2.23439   0.1565E-02
2.23648   0.2362E-02
2.24409   0.6881E-02
2.24561   0.2840E-02
2.25072   0.5977E-02
2.25853   0.5641E-03
2.26254   0.2249E-02
2.26586   0.1102E-02
2.26745   0.4474E-03
2.26951   0.3335E-03
2.27197   0.1693E-02
2.27466   0.1388E-02
2.27612   0.1095E-02
2.27746   0.1966E-02
2.28099   0.1074E-02
2.28289   0.4834E-03
2.28414   0.7719E-03
2.28921   0.1378E-02
2.29067   0.8932E-03
2.29357   0.6828E-02
2.29436   0.7186E-03
2.29671   0.2773E-02
2.29753   0.1416E-03
2.30224   0.2377E-02
2.30297   0.3286E-03
2.30667   0.1028E-02
2.31480   0.1036E-02
2.31686   0.5778E-03
2.32151   0.6261E-02
2.32439   0.4563E-02
2.33029   0.3249E-02
2.33322   0.1631E-02
2.33649   0.5411E-03
2.33731   0.2288E-03
2.34124   0.3453E-03
2.34257   0.1742E-03
2.34880   0.3674E-02
2.35023   0.1104E-03
2.35340   0.1741E-03
2.35568   0.5785E-03
2.35715   0.2703E-02
2.35818   0.1361E-02
2.36143   0.6149E-03
2.36466   0.4490E-03
2.36545   0.9734E-03
2.36777   0.1620E-02
2.37067   0.1782E-02
2.37124   0.2258E-02
2.37480   0.2825E-03
2.37667   0.1474E-02
2.37950   0.3291E-02
2.38527   0.1195E-02
2.38732   0.1066E-02
2.38991   0.7981E-03
2.39230   0.6085E-02
2.39498   0.2905E-02
2.39574   0.5556E-03
2.39915   0.5236E-02
2.40523   0.4396E-03
2.40574   0.1049E-02
2.40704   0.1487E-02
2.40838   0.3715E-02
2.41243   0.2551E-02
2.41391   0.3729E-03
2.41559   0.6397E-02
2.41694   0.7236E-03
2.41978   0.1187E-02
2.42080   0.8134E-03
2.42375   0.1584E-02
2.42538   0.3476E-02
2.43144   0.2005E-02
2.43577   0.3283E-03
2.43701   0.2253E-02
2.43866   0.2392E-02
2.44020   0.5336E-02
2.44340   0.3014E-02
2.44530   0.3369E-02
2.44730   0.6037E-02
2.44794   0.5833E-03
2.45429   0.3788E-02
2.45440   0.3654E-02
2.46080   0.1073E-03
2.46180   0.6304E-02
2.46375   0.1172E-02
2.46851   0.2246E-02
2.46953   0.2439E-02
2.47129   0.1576E-01
2.47299   0.1408E-02
2.47404   0.2355E-02
2.47594   0.2728E-02
2.47922   0.1122E-02
2.48276   0.2903E-03
2.48738   0.3812E-02
2.48806   0.3770E-03
2.48891   0.2222E-02
2.49058   0.2517E-03
2.49407   0.7601E-03
2.49525   0.2088E-02
2.49597   0.1339E-02
2.49764   0.9119E-03
2.50058   0.1014E-03
2.50219   0.2443E-02
2.50517   0.4529E-02
2.50768   0.2118E-02
2.50876   0.4049E-02
2.51072   0.4114E-02
2.51145   0.1938E-02
2.51168   0.1208E-02
2.51399   0.7057E-03
2.51483   0.1278E-01
2.52020   0.5089E-02
2.52284   0.5895E-03
2.52467   0.2309E-02
2.52739   0.6734E-03
2.52893   0.3681E-02
2.53101   0.6616E-03
2.53608   0.2115E-02
2.53949   0.6539E-02
2.54311   0.5389E-03
2.54312   0.9363E-03
2.54616   0.1171E-02
2.54634   0.1635E-02
2.54754   0.2351E-02
2.54952   0.1715E-02
2.55039   0.1238E-01
2.55382   0.6733E-03
2.55444   0.4432E-02
2.55733   0.7610E-03
2.55955   0.4831E-02
2.56108   0.1132E-02
2.56141   0.1143E-02
2.56324   0.7487E-03
2.56355   0.1505E-02
2.56556   0.4298E-02
2.56846   0.3875E-02
2.56949   0.1011E-02
2.57207   0.2926E-02
2.57342   0.3742E-02
2.57411   0.4490E-02
2.57705   0.1027E-02
2.57863   0.9026E-02
2.57951   0.7977E-02
2.58335   0.1495E-02
2.58425   0.9456E-03
2.58466   0.1087E-02
2.58719   0.7373E-03
2.59319   0.3577E-03
2.59485   0.3885E-03
2.59758   0.3066E-02
2.59831   0.1264E-02
2.60006   0.7610E-03
2.60228   0.8105E-04
2.60369   0.2735E-03
2.60551   0.8120E-03
2.60631   0.7644E-03
2.61030   0.8014E-03