300 1
1.13690   0.1295E-02
1.16231   0.1093E-02
1.25224   0.2491E-02
1.28280   0.4794E-02
1.29970   0.3265E-02
1.31292   0.4008E-02
1.33495   0.5143E-02
1.40193   0.3259E-02
1.40595   0.5572E-03
1.42886   0.1796E-03
1.43782   0.6818E-02
1.46469   0.2929E-02
1.48209   0.1580E-02
1.49065   0.2983E-02
1.51750   0.7004E-03
1.53639   0.3586E-02
1.55765   0.9495E-03
1.56659   0.9673E-03
1.56979   0.4199E-02
1.58061   0.1395E-02
1.61069   0.1343E-01
1.61812   0.5679E-02
1.62904   0.1348E-02
1.64113   0.6312E-03
1.64543   0.1150E-02
1.64881   0.1211E-02
1.66619   0.1392E-02
1.67199   0.1738E-02
1.67572   0.3408E-02
1.68602   0.5531E-02
1.69648   0.2667E-02
1.69931   0.8095E-02
1.70833   0.2331E-02
1.71467   0.3873E-02
1.72039   0.8118E-02
1.72636   0.4734E-02
1.72909   0.3294E-02
1.73267   0.2713E-02
1.74172   0.1470E-01
1.74657   0.4100E-02
1.75698   0.3060E-02
1.77285   0.7212E-02
1.78199   0.3231E-03
1.78790   0.1950E-02
1.79819   0.4328E-03
1.80183   0.1305E-02
1.80559   0.2546E-02
1.80976   0.3537E-02
1.81656   0.3050E-02
1.82774   0.4416E-03
1.83033   0.7591E-03
1.84457   0.1638E-02
1.84719   0.9651E-03
1.85319   0.6696E-02
1.86474   0.1848E-02
1.87019   0.1848E-02
1.87355   0.2141E-02
1.88132   0.9496E-02
1.88317   0.9927E-03
1.88716   0.2605E-02
1.89046   0.7075E-03
1.89381   0.4400E-02
1.90302   0.8118E-02
1.90654   0.6727E-02
1.91090   0.1108E-02
1.91566   0.3787E-02
1.91909   0.2706E-03
1.92611   0.5003E-02
1.92909   0.1956E-02
1.93753   0.2490E-03
1.93804   0.3201E-03
1.94534   0.1852E-02
1.94933   0.6487E-03
1.95308   0.2540E-02
1.95930   0.2933E-02
1.96415   0.2303E-02
1.96563   0.9872E-03
1.97412   0.3528E-03
1.97597   0.7362E-02
1.97815   0.1281E-01
1.98802   0.4686E-02
1.99655   0.1771E-02
2.00436   0.1499E-02
2.01062   0.1767E-02
2.01397   0.4074E-02
2.01450   0.1360E-02
2.02146   0.1042E-01
2.02918   0.1039E-02
2.03417   0.7973E-03
2.03817   0.3119E-02
2.04103   0.4815E-03
2.04429   0.1325E-02
2.04830   0.7304E-03
2.05079   0.2641E-02
2.05374   0.1445E-01
2.05512   0.3869E-02
2.06055   0.6264E-02
2.06646   0.1912E-02
2.06825   0.9656E-03
2.07098   0.2242E-02
2.08036   0.4103E-03
2.08358   0.8178E-04
2.08502   0.4474E-02
2.09617   0.6489E-03
2.10517   0.2793E-02
2.10789   0.1426E-02
2.11120   0.9201E-03
2.11483   0.2566E-02
2.11625   0.2785E-02
2.11794   0.5073E-02
2.12340   0.3741E-02
2.12654   0.3100E-02
2.12919   0.3099E-02
2.13249   0.2093E-02
2.13481   0.1677E-02
2.13598   0.9889E-03
2.13839   0.4014E-03
2.14131   0.2038E-02
2.14643   0.1096E-02
2.15259   0.1105E-02
2.15616   0.1268E-02
2.15776   0.1201E-02
2.16144   0.4714E-03
2.16812   0.3073E-03
2.17479   0.5122E-03
2.17706   0.1847E-02
2.17927   0.6126E-03
2.18100   0.2616E-02
2.18876   0.4281E-02
2.19164   0.7542E-02
2.19380   0.7656E-03
2.19713   0.4760E-03
2.20156   0.1141E-02
2.20272   0.2687E-02
2.20808   0.5338E-02
2.20883   0.2563E-02
2.21252   0.2113E-02
2.21926   0.2055E-02
2.22861   0.2852E-03
2.23145   0.1011E-02
2.23484   0.3656E-02
2.23693   0.2877E-03
2.23762   0.6220E-03
2.24320   0.4999E-02
2.24684   0.1697E-02
2.25016   0.1023E-02
2.25995   0.1462E-02
2.26147   0.2449E-03
2.26598   0.1595E-02
2.26754   0.2405E-02
2.26989   0.9091E-03
2.27481   0.2552E-03
2.27587   0.1496E-02
2.27759   0.5316E-03
2.28042   0.2269E-03
2.28107   0.3160E-03
2.28217   0.1201E-02
2.28368   0.3462E-03
2.28638   0.1309E-02
2.28923   0.1253E-02
2.29225   0.2937E-02
2.29318   0.1665E-02
2.29484   0.1354E-02
2.29808   0.2048E-02
2.29958   0.8043E-03
2.30006   0.2525E-03
2.30513   0.2839E-02
2.30797   0.7202E-03
2.31257   0.6775E-02
2.31556   0.5249E-02
2.31693   0.7677E-03
2.32238   0.3223E-02
2.32291   0.5234E-02
2.32602   0.5455E-02
2.33099   0.4077E-03
2.33317   0.1837E-03
2.33531   0.8398E-03
2.33944   0.2187E-02
2.34228   0.1271E-02
2.34410   0.3397E-03
2.34610   0.4415E-03
2.34655   0.2154E-03
2.35307   0.1098E-02
2.35726   0.2784E-02
2.35880   0.7850E-02
2.36157   0.1595E-02
2.36551   0.1200E-02
2.36686   0.3550E-02
2.36762   0.3516E-02
2.37172   0.1839E-02
2.37467   0.1328E-02
2.37515   0.3265E-02
2.37755   0.1115E-02
2.37917   0.3120E-02
2.38229   0.1006E-02
2.38472   0.1925E-02
2.38754   0.3332E-03
2.39201   0.6702E-02
2.39416   0.1266E-02
2.39489   0.2138E-02
2.40082   0.1104E-02
2.40708   0.7992E-03
2.40821   0.2609E-02
2.40958   0.1809E-02
2.41390   0.6643E-02
2.41507   0.1558E-02
2.41820   0.5346E-03
2.42040   0.3043E-02
2.42122   0.9179E-03
2.42339   0.1085E-02
2.42594   0.8402E-03
2.43105   0.2451E-02
2.43337   0.9954E-02
2.43573   0.2431E-02
2.43709   0.2748E-02
2.43920   0.1188E-02
2.44284   0.3218E-02
2.44416   0.1014E-02
2.44824   0.7505E-02
2.44905   0.8129E-02
2.45130   0.3598E-02
2.45350   0.3954E-03
2.45683   0.3694E-02
2.45787   0.1277E-03
2.46362   0.6079E-03
2.46385   0.3232E-03
2.46546   0.1925E-02
2.46637   0.5661E-03
2.46810   0.2828E-02
2.47053   0.8278E-03
2.47298   0.8274E-02
2.47334   0.3121E-02
2.47480   0.4879E-03
2.47866   0.3480E-02
2.47932   0.1748E-02
2.48383   0.2777E-02
2.48723   0.1967E-02
2.48965   0.2735E-02
2.49181   0.1735E-02
2.49454   0.7504E-03
2.49648   0.3060E-02
2.50245   0.2453E-02
2.50526   0.2057E-02
2.50561   0.1572E-02
2.50955   0.3830E-02
2.51080   0.3032E-02
2.51282   0.2827E-03
2.51428   0.2007E-03
2.51479   0.2786E-03
2.51554   0.1510E-02
2.52061   0.7012E-03
2.52164   0.7360E-03
2.52345   0.9984E-02
2.52424   0.2770E-02
2.52756   0.8002E-03
2.52806   0.9096E-03
2.53018   0.1644E-02
2.53345   0.4406E-02
2.53407   0.1315E-02
2.53448   0.6951E-03
2.53840   0.2405E-02
2.53915   0.4639E-02
2.54067   0.1264E-02
2.54093   0.1884E-02
2.54220   0.1381E-02
2.54437   0.6245E-03
2.54798   0.1148E-01
2.54975   0.2342E-03
2.55109   0.1000E-02
2.55335   0.2371E-02
2.55593   0.6427E-03
2.55728   0.4233E-02
2.56163   0.7283E-02
2.56326   0.1136E-02
2.56561   0.3076E-02
2.56671   0.1697E-01
2.56868   0.2560E-02
2.57052   0.1668E-02
2.57312   0.2549E-03
2.57462   0.4164E-02
2.57768   0.1183E-02
2.58028   0.5320E-03
2.58138   0.3262E-02
2.58281   0.9845E-03
2.58603   0.1103E-02
2.58745   0.9536E-03
2.58905   0.1304E-02
2.59075   0.2033E-02
2.59330   0.8632E-04
2.59582   0.2468E-03
2.59769   0.9593E-03
2.59866   0.4127E-04
2.60044   0.1254E-02
2.60311   0.4856E-03
2.60522   0.2081E-03
2.60903   0.1094E-02
2.61111   0.7836E-03
2.61407   0.2058E-02
2.61429   0.3848E-03
2.61903   0.5208E-02