300 1
1.14381   0.1036E-01
1.35383   0.1084E-01
1.49814   0.5705E-03
1.59425   0.4374E-02
1.72824   0.3023E-02
1.86366   0.1179E-01
2.02697   0.3216E-01
2.03783   0.2488E-02
2.13148   0.7887E-02
2.17487   0.2778E-02
2.19580   0.1885E-01
2.22990   0.2894E-01
2.25660   0.7765E-02
2.32601   0.4937E-03
2.34937   0.1745E-02
2.36404   0.5599E-02
2.38653   0.1287E-01
2.39404   0.9661E-03
2.42022   0.1601E-01
2.46518   0.1450E-02
2.46911   0.6207E-02
2.50710   0.7795E-02
2.53574   0.3809E-03
2.56521   0.3628E-02
2.56874   0.1106E-02
2.58203   0.6676E-03
2.58639   0.1897E-02
2.59427   0.9666E-02
2.62927   0.1460E-02
2.63937   0.3825E-02
2.65959   0.1690E-01
2.67806   0.1908E-01
2.71239   0.2160E-01
2.74120   0.1821E-01
2.75018   0.1291E-01
2.75509   0.6574E-01
2.75900   0.1654E-01
2.76803   0.9634E-02
2.80247   0.1290E-02
2.80547   0.5305E-02
2.80944   0.8007E-03
2.81005   0.4424E-02
2.82707   0.3029E-02
2.83680   0.1156E-01
2.86332   0.3917E-02
2.86981   0.6286E-02
2.87861   0.6325E-02
2.89400   0.2017E-01
2.89881   0.1527E-01
2.93356   0.5308E-04
2.95267   0.1893E-01
2.95742   0.6732E-03
2.95995   0.8006E-03
2.97493   0.1084E-03
2.98692   0.5819E-02
3.01087   0.1031E-01
3.02526   0.1340E-02
3.02723   0.1785E-02
3.03749   0.7134E-02
3.03782   0.1187E-02
3.04535   0.8531E-02
3.05468   0.1398E-01
3.05969   0.1050E-01
3.08885   0.2960E-02
3.09125   0.4530E-02
3.09757   0.2280E-02
3.10733   0.7542E-02
3.12193   0.6450E-02
3.12864   0.6844E-02
3.13460   0.8639E-02
3.14637   0.2777E-02
3.14975   0.8159E-03
3.15446   0.6232E-03
3.16345   0.2169E-02
3.17020   0.2298E-02
3.19214   0.1690E-02
3.20017   0.4374E-03
3.20714   0.1657E-02
3.21386   0.4296E-02
3.21693   0.1802E-02
3.22174   0.5161E-02
3.22887   0.6927E-02
3.24334   0.1321E-02
3.25063   0.2736E-02
3.25420   0.4072E-02
3.25982   0.8831E-03
3.27069   0.1842E-02
3.28608   0.1259E-02
3.28936   0.4604E-03
3.30854   0.2131E-02
3.31171   0.4339E-02
3.31903   0.7601E-03
3.32202   0.1982E-02
3.32352   0.2841E-03
3.33217   0.6979E-02
3.34062   0.8048E-02
3.34462   0.4900E-03
3.34836   0.1661E-02
3.35626   0.4017E-02
3.36094   0.5944E-03
3.37068   0.2963E-02
3.37140   0.5920E-02
3.38148   0.7156E-02
3.39366   0.5787E-02
3.40155   0.1538E-01
3.40592   0.8781E-03
3.41191   0.1348E-01
3.42598   0.1335E-02
3.42982   0.8472E-03
3.43458   0.9601E-03
3.43647   0.3443E-03
3.44153   0.8220E-02
3.44460   0.1345E-02
3.44922   0.5059E-02
3.45554   0.4374E-02
3.45771   0.2636E-02
3.46139   0.7178E-03
3.46796   0.7922E-02
3.47030   0.2390E-01
3.47716   0.5278E-02
3.49143   0.3229E-02
3.49188   0.5338E-02
3.49721   0.1432E-01
3.50916   0.4598E-02
3.51055   0.2610E-03
3.52045   0.3752E-02
3.52277   0.4847E-02
3.52617   0.6128E-04
3.53848   0.1667E-02
3.53982   0.2892E-03
3.54400   0.2773E-02
3.54656   0.3454E-02
3.55200   0.1107E-02
3.55323   0.1838E-01
3.55808   0.9981E-03
3.56101   0.3035E-02
3.57171   0.2061E-02
3.57533   0.3636E-02
3.57882   0.2523E-02
3.58170   0.2938E-02
3.58421   0.5593E-02
3.58777   0.1170E-02
3.59132   0.3302E-02
3.59651   0.3016E-02
3.59858   0.5107E-02
3.60277   0.1734E-01
3.60542   0.1270E-01
3.61161   0.2827E-02
3.61978   0.2391E-01
3.62966   0.7821E-02
3.63282   0.4922E-03
3.63808   0.1835E-02
3.63976   0.9799E-02
3.65252   0.3695E-02
3.65663   0.3381E-02
3.65876   0.1328E-02
3.66438   0.7691E-03
3.66793   0.1741E-02
3.66967   0.4488E-02
3.67483   0.7629E-02
3.67843   0.1309E-02
3.68143   0.1022E-01
3.68321   0.5765E-03
3.69006   0.2522E-01
3.69191   0.2302E-02
3.70135   0.2317E-01
3.71084   0.7978E-03
3.71234   0.4070E-03
3.71392   0.1895E-02
3.71573   0.5632E-02
3.71833   0.2524E-02
3.72322   0.2724E-02
3.72890   0.1462E-02
3.73110   0.1079E-02
3.73463   0.1320E-02
3.73654   0.1888E-02
3.74289   0.3445E-02
3.74811   0.2502E-02
3.75488   0.4148E-02
3.75823   0.6289E-02
3.76269   0.1445E-02
3.76624   0.8916E-02
3.76637   0.6220E-02
3.77410   0.3927E-02
3.77622   0.6932E-03
3.77970   0.5046E-02
3.78515   0.5356E-03
3.78678   0.3888E-02
3.79127   0.1991E-02
3.79648   0.4172E-02
3.80150   0.1613E-02
3.80649   0.9409E-02
3.81032   0.6291E-02
3.81241   0.6621E-02
3.81443   0.5272E-03
3.81798   0.1983E-02
3.82052   0.5148E-02
3.82521   0.1195E-01
3.82678   0.1226E-01
3.83011   0.8302E-02
3.83692   0.6028E-02
3.83988   0.4177E-02
3.84591   0.1715E-01
3.85247   0.3970E-02
3.85303   0.1083E-01
3.85961   0.3922E-03
3.86550   0.9274E-02
3.86748   0.1600E-02
3.87086   0.3629E-02
3.87154   0.4146E-02
3.87917   0.3522E-02
3.88246   0.2309E-02
3.88647   0.4881E-03
3.88988   0.1137E-02
3.89473   0.7767E-03
3.89537   0.2472E-02
3.89793   0.3367E-02
3.90376   0.5001E-02
3.91129   0.6825E-02
3.91459   0.6612E-02
3.92003   0.4993E-02
3.92229   0.1598E-02
3.92565   0.4046E-02
3.93016   0.1550E-02
3.93492   0.2358E-02
3.93703   0.3075E-02
3.93860   0.1494E-01
3.94152   0.1728E-02
3.94700   0.7653E-02
3.95173   0.1121E-01
3.95383   0.2411E-02
3.95765   0.4624E-02
3.95951   0.8129E-03
3.96423   0.2527E-02
3.96619   0.3591E-02
3.96840   0.9888E-02
3.97056   0.6878E-02
3.97238   0.1821E-02
3.98304   0.1937E-02
3.98451   0.1514E-01
3.99244   0.1951E-02
3.99335   0.6977E-03
3.99695   0.2703E-02
3.99863   0.1679E-02
4.00541   0.2212E-02
4.00710   0.7247E-02
4.01063   0.4382E-02
4.01188   0.2011E-02
4.01600   0.2115E-03
4.01906   0.1064E-01
4.02332   0.1187E-03
4.02836   0.1159E-01
4.03222   0.2058E-02
4.03510   0.4548E-02
4.03806   0.1122E-02
4.04053   0.5241E-02
4.04546   0.5111E-02
4.05032   0.6172E-02
4.05072   0.1226E-02
4.05222   0.9235E-02
4.05252   0.2766E-02
4.05928   0.8340E-02
4.06592   0.2154E-02
4.06817   0.1236E-02
4.07063   0.6813E-02
4.07421   0.3973E-02
4.07481   0.4270E-03
4.07816   0.2725E-02
4.08211   0.1823E-02
4.08599   0.1228E-01
4.08812   0.8826E-03
4.09340   0.3987E-02
4.09462   0.3291E-02
4.09603   0.2118E-02
4.09702   0.2330E-02
4.10103   0.1210E-02
4.10353   0.8923E-03
4.10607   0.6727E-02
4.10868   0.2520E-02
4.11386   0.1588E-02
4.11590   0.1745E-02
4.11784   0.9942E-02
4.12172   0.5543E-02
4.12500   0.3779E-02
4.12631   0.2520E-02
4.13051   0.6878E-02
4.13576   0.3774E-02
4.13670   0.1208E-01
4.13749   0.1742E-02
4.13820   0.4128E-02
4.14390   0.3423E-02
4.14737   0.7629E-02
4.15212   0.1638E-02
4.15283   0.3299E-02
4.15454   0.6471E-03
4.15518   0.8178E-02
4.15866   0.3211E-02
4.16230   0.1029E-03
4.16320   0.7191E-02
4.16580   0.3792E-02