300 1
1.93853   0.1299E-02
1.96525   0.3485E-02
1.99920   0.5773E-02
2.05974   0.3836E-02
2.09415   0.2500E-02
2.16245   0.3401E-02
2.19319   0.3132E-02
2.26434   0.3068E-02
2.28875   0.2710E-02
2.32216   0.1496E-01
2.35609   0.1276E-02
2.37485   0.1567E-02
2.38625   0.2184E-02
2.39834   0.2820E-02
2.43398   0.1478E-02
2.44255   0.3316E-02
2.46306   0.8092E-03
2.47237   0.7999E-03
2.50244   0.1336E-02
2.51719   0.2124E-02
2.54179   0.5817E-02
2.56932   0.7346E-02
2.58219   0.4872E-02
2.58709   0.1617E-02
2.59733   0.9076E-02
2.60634   0.2544E-02
2.61314   0.2468E-02
2.62341   0.3683E-02
2.64337   0.9156E-03
2.64804   0.1654E-02
2.67527   0.4882E-02
2.68768   0.8520E-02
2.70062   0.2956E-02
2.70201   0.3051E-02
2.71488   0.4219E-02
2.73254   0.6446E-03
2.74694   0.5820E-02
2.76932   0.2020E-02
2.77413   0.1860E-02
2.77581   0.1455E-02
2.78492   0.4739E-02
2.80640   0.2533E-02
2.81755   0.3590E-02
2.82418   0.4289E-02
2.82966   0.3526E-02
2.85400   0.3597E-02
2.85569   0.4402E-03
2.85960   0.3095E-02
2.87047   0.3345E-03
2.87981   0.3361E-02
2.88188   0.3508E-02
2.89369   0.2496E-02
2.89708   0.1376E-01
2.89837   0.7271E-02
2.91354   0.6078E-02
2.92060   0.8090E-02
2.92565   0.2114E-02
2.93631   0.4310E-02
2.94973   0.4521E-02
2.95692   0.1226E-01
2.95916   0.6023E-02
2.96747   0.4809E-02
2.98083   0.5106E-02
2.98427   0.1646E-02
2.98737   0.1335E-03
2.99202   0.3893E-03
3.00024   0.1835E-02
3.00184   0.1362E-01
3.00888   0.5753E-02
3.01466   0.7067E-03
3.02252   0.4424E-02
3.03079   0.2352E-02
3.04262   0.2046E-03
3.04713   0.5727E-03
3.05960   0.1365E-01
3.06738   0.5683E-02
3.07034   0.1134E-01
3.07909   0.4621E-03
3.08445   0.8925E-02
3.09009   0.8446E-03
3.09265   0.5519E-03
3.09838   0.6080E-02
3.10459   0.1889E-02
3.12112   0.1379E-02
3.12380   0.4836E-02
3.13118   0.1768E-02
3.13509   0.1460E-01
3.14609   0.9599E-02
3.14986   0.3178E-02
3.15289   0.3127E-01
3.16475   0.1863E-01
3.16984   0.1905E-03
3.17339   0.5690E-02
3.17830   0.1223E-01
3.18421   0.2495E-02
3.19006   0.6007E-02
3.19355   0.2240E-02
3.20138   0.1164E-01
3.20674   0.5389E-02
3.21097   0.1247E-01
3.21277   0.1943E-02
3.22237   0.2364E-02
3.22986   0.7629E-02
3.24011   0.1250E-02
3.24264   0.4010E-01
3.24616   0.9632E-02
3.25252   0.2721E-02
3.26339   0.3469E-02
3.26507   0.8457E-02
3.27490   0.9763E-03
3.27818   0.6695E-03
3.27885   0.1502E-02
3.28332   0.5141E-03
3.28821   0.7205E-03
3.29309   0.2672E-02
3.29361   0.1950E-01
3.30011   0.1129E-01
3.30491   0.4608E-02
3.30929   0.2455E-02
3.31163   0.6829E-03
3.31248   0.4485E-02
3.31581   0.3204E-03
3.31861   0.5841E-03
3.32739   0.1071E-01
3.33222   0.4524E-02
3.33658   0.1149E-01
3.34177   0.1048E-01
3.34363   0.1483E-01
3.35099   0.4667E-02
3.35797   0.1950E-01
3.35965   0.7033E-02
3.36485   0.1831E-01
3.37126   0.2176E-02
3.37554   0.1233E-02
3.37918   0.1414E-01
3.38265   0.8903E-02
3.38985   0.1439E-01
3.39941   0.5398E-02
3.40032   0.6500E-03
3.40946   0.2887E-02
3.41768   0.9594E-03
3.42029   0.3626E-02
3.42503   0.1027E-02
3.42783   0.9892E-03
3.43280   0.1177E-01
3.43588   0.1197E-01
3.43741   0.1810E-02
3.44018   0.5318E-02
3.44440   0.4550E-02
3.44774   0.6273E-02
3.44947   0.1583E-01
3.45305   0.1438E-01
3.46085   0.9259E-03
3.46349   0.9574E-03
3.46624   0.5285E-02
3.46767   0.4137E-02
3.47509   0.1225E-02
3.47901   0.1163E-02
3.48511   0.1590E-02
3.48619   0.3872E-02
3.49087   0.2673E-03
3.49349   0.3405E-02
3.49890   0.6481E-02
3.50208   0.1109E-02
3.50624   0.2817E-02
3.51206   0.3139E-02
3.51362   0.1959E-02
3.51761   0.4805E-02
3.51956   0.1413E-02
3.52174   0.1512E-02
3.52552   0.6907E-02
3.53111   0.1123E-01
3.53389   0.9703E-02
3.53689   0.5699E-03
3.54269   0.2418E-02
3.54574   0.7591E-02
3.54783   0.1511E-02
3.55091   0.4247E-02
3.55359   0.4314E-02
3.55544   0.3293E-02
3.55923   0.2258E-02
3.56246   0.1079E-01
3.56539   0.1367E-01
3.56842   0.1778E-02
3.57218   0.2216E-02
3.57524   0.5672E-02
3.58216   0.7965E-02
3.58472   0.6919E-02
3.58729   0.1549E-02
3.58859   0.3493E-02
3.59375   0.3122E-02
3.59651   0.1307E-01
3.59930   0.3867E-02
3.60052   0.2548E-02
3.60432   0.2016E-02
3.60583   0.2182E-02
3.60977   0.2898E-02
3.61032   0.2944E-02
3.61380   0.6317E-03
3.61520   0.5434E-02
3.61755   0.5577E-02
3.61993   0.6501E-02
3.62562   0.2082E-02
3.62825   0.7726E-02
3.62866   0.6333E-02
3.63193   0.1955E-02
3.63383   0.1443E-01
3.63648   0.5994E-02
3.64020   0.1156E-02
3.64228   0.7594E-02
3.64866   0.3175E-01
3.65021   0.7232E-03
3.65511   0.5450E-02
3.65989   0.5488E-02
3.66297   0.3874E-02
3.66593   0.1433E-01
3.66754   0.3592E-02
3.66896   0.2478E-02
3.66957   0.7360E-03
3.67185   0.2562E-02
3.67710   0.1725E-02
3.67837   0.6728E-02
3.67929   0.5442E-03
3.68106   0.1663E-02
3.68366   0.2156E-02
3.68860   0.7821E-02
3.69039   0.1773E-01
3.69164   0.1334E-02
3.69588   0.3735E-02
3.69814   0.3454E-02
3.69904   0.4046E-02
3.70190   0.2140E-01
3.70531   0.3290E-02
3.70753   0.9373E-03
3.71271   0.8563E-02
3.71537   0.8066E-03
3.71762   0.2125E-02
3.72076   0.2218E-03
3.72212   0.1147E-02
3.72530   0.3277E-02
3.72829   0.4016E-02
3.73154   0.2093E-02
3.73317   0.4228E-02
3.73743   0.6634E-02
3.74033   0.7228E-02
3.74266   0.1638E-02
3.74536   0.4836E-02
3.74563   0.2491E-02
3.74954   0.6927E-02
3.74973   0.3878E-02
3.75535   0.9713E-02
3.75779   0.8987E-04
3.76266   0.7797E-02
3.76507   0.2151E-02
3.76719   0.8096E-02
3.76939   0.3950E-02
3.77586   0.4152E-02
3.78427   0.5285E-03
3.78636   0.2849E-02
3.78784   0.3507E-02
3.79017   0.4674E-02
3.79238   0.4775E-02
3.79378   0.1897E-02
3.79430   0.2129E-01
3.79668   0.8476E-02
3.80125   0.3905E-02
3.80460   0.1156E-02
3.80968   0.3608E-02
3.81055   0.1285E-01
3.81402   0.4076E-03
3.81470   0.3835E-02
3.81617   0.6590E-02
3.81971   0.1092E-02
3.82469   0.1296E-02
3.82619   0.1591E-02
3.82864   0.6771E-02
3.83045   0.7446E-03
3.83186   0.2448E-02
3.83318   0.1720E-02
3.83593   0.3545E-03
3.83873   0.3775E-03
3.83947   0.5122E-02
3.84059   0.3175E-04
3.84176   0.4534E-02
3.84310   0.1287E-02
3.84811   0.4985E-02
3.84895   0.5500E-03
3.85108   0.1752E-02
3.85395   0.9381E-02
3.85657   0.3471E-02
3.85771   0.1189E-02
3.86789   0.8545E-05
3.86915   0.3642E-02
3.87037   0.5345E-03
3.87168   0.1147E-02
3.87470   0.1497E-03
3.87611   0.1150E-02
3.87801   0.8362E-03
3.87898   0.5772E-04
3.87921   0.5223E-03