300 1
1.48825   0.9602E-02
1.73584   0.1543E-04
1.80488   0.5387E-02
1.85899   0.3684E-02
2.06565   0.2575E-02
2.07741   0.8653E-02
2.10690   0.2058E-02
2.11621   0.2446E-02
2.13331   0.9888E-02
2.16245   0.5568E-02
2.22597   0.3769E-01
2.27681   0.2093E-02
2.31674   0.3885E-02
2.33050   0.6655E-02
2.35613   0.8680E-02
2.35872   0.7751E-02
2.38795   0.5299E-02
2.40677   0.1364E-01
2.41067   0.2934E-02
2.43456   0.4051E-02
2.44398   0.6911E-02
2.46117   0.3321E-02
2.47012   0.1849E-03
2.50585   0.4565E-01
2.54560   0.5013E-01
2.57381   0.4447E-02
2.58571   0.2503E-01
2.59950   0.8050E-02
2.61049   0.1540E-01
2.63932   0.7695E-03
2.64924   0.4107E-02
2.65551   0.1452E-02
2.65933   0.2476E-03
2.66136   0.6797E-02
2.66557   0.9089E-02
2.67087   0.1901E-01
2.68774   0.2514E-01
2.69242   0.1875E-02
2.70591   0.8663E-02
2.71440   0.8050E-02
2.71743   0.2540E-01
2.72505   0.4978E-02
2.74210   0.2887E-01
2.75271   0.3861E-02
2.76486   0.6415E-03
2.78010   0.2282E-02
2.78486   0.4062E-02
2.79376   0.5989E-02
2.80910   0.1434E-02
2.81730   0.2456E-02
2.83273   0.1422E-01
2.85430   0.1622E-02
2.86019   0.7301E-03
2.86267   0.1024E-01
2.86950   0.4679E-03
2.88002   0.4031E-02
2.88683   0.4294E-02
2.90087   0.2881E-02
2.91070   0.5338E-03
2.91430   0.1422E-02
2.91802   0.1669E-02
2.92556   0.1184E-02
2.92847   0.1229E-02
2.93330   0.1179E-02
2.93610   0.1103E-01
2.94972   0.1648E-02
2.95600   0.2417E-02
2.95811   0.4766E-02
2.96324   0.7767E-03
2.96664   0.3259E-02
2.97869   0.2023E-01
2.98429   0.3366E-01
2.98737   0.4790E-02
3.00129   0.5060E-02
3.00192   0.2745E-02
3.00927   0.1445E-02
3.01571   0.5732E-02
3.01690   0.1553E-02
3.02090   0.1079E-02
3.02347   0.2239E-02
3.03589   0.4502E-02
3.03809   0.6781E-03
3.05038   0.7722E-02
3.05291   0.8665E-03
3.05981   0.3232E-01
3.07370   0.8212E-02
3.07761   0.1923E-02
3.08580   0.1752E-01
3.08968   0.3750E-02
3.09623   0.3578E-02
3.10401   0.3535E-02
3.10857   0.7863E-03
3.12471   0.8687E-03
3.12977   0.6786E-03
3.13516   0.1755E-01
3.13897   0.8540E-02
3.14586   0.1043E-02
3.15335   0.2085E-02
3.15614   0.5135E-03
3.15855   0.9005E-03
3.17702   0.1010E-01
3.17929   0.3214E-02
3.18514   0.8896E-03
3.18538   0.3399E-02
3.19388   0.1693E-01
3.20030   0.2546E-01
3.20596   0.4725E-02
3.21132   0.6341E-03
3.21349   0.1950E-02
3.21576   0.4318E-02
3.22009   0.4114E-02
3.22243   0.9785E-03
3.22752   0.6338E-03
3.22924   0.2129E-02
3.23329   0.6455E-02
3.23335   0.1136E-02
3.23867   0.1611E-01
3.24170   0.5512E-02
3.24729   0.1150E-01
3.25612   0.2923E-02
3.26059   0.2331E-02
3.26594   0.1725E-02
3.26983   0.1483E-02
3.27193   0.1178E-01
3.27713   0.3138E-02
3.27786   0.1753E-02
3.28287   0.3519E-02
3.28903   0.2589E-02
3.29081   0.1291E-02
3.29370   0.3932E-03
3.29709   0.6382E-02
3.30255   0.3028E-03
3.30737   0.7584E-02
3.30853   0.7680E-03
3.31343   0.2868E-02
3.32164   0.1325E-02
3.32473   0.2742E-02
3.32642   0.7616E-02
3.33337   0.7267E-02
3.33607   0.1137E-01
3.33873   0.1056E-01
3.34374   0.9847E-02
3.34915   0.1878E-02
3.35774   0.2677E-02
3.36038   0.4664E-02
3.36217   0.5520E-02
3.36276   0.8591E-03
3.36923   0.1629E-01
3.37132   0.6390E-02
3.37294   0.4572E-02
3.38246   0.9361E-03
3.38579   0.1590E-01
3.38871   0.2833E-01
3.39298   0.5638E-02
3.40271   0.7509E-02
3.40443   0.1410E-02
3.41090   0.7448E-02
3.41958   0.3085E-02
3.41997   0.1211E-02
3.42617   0.9883E-02
3.42905   0.5612E-02
3.43520   0.3288E-02
3.43920   0.4154E-02
3.43995   0.3561E-02
3.44619   0.2628E-02
3.44682   0.1327E-02
3.45541   0.2409E-02
3.46100   0.1114E-01
3.46506   0.1419E-01
3.46945   0.1651E-02
3.47111   0.5080E-02
3.47385   0.3818E-02
3.47489   0.4663E-03
3.47978   0.2077E-02
3.48140   0.4834E-02
3.48418   0.3602E-02
3.48749   0.6291E-02
3.49067   0.1666E-02
3.49309   0.1435E-01
3.49539   0.5836E-02
3.49931   0.2980E-02
3.50163   0.6584E-02
3.50405   0.1773E-02
3.50796   0.4018E-02
3.51538   0.5049E-02
3.51681   0.3027E-03
3.51792   0.2764E-02
3.52109   0.4740E-02
3.52394   0.2010E-02
3.52519   0.3516E-03
3.52746   0.2672E-02
3.52914   0.4777E-02
3.53321   0.5303E-03
3.53710   0.8353E-02
3.53810   0.7998E-02
3.54205   0.1749E-02
3.54461   0.2908E-02
3.54518   0.1171E-01
3.54776   0.2223E-02
3.55106   0.3940E-02
3.55124   0.8436E-02
3.55444   0.1875E-02
3.55763   0.8830E-03
3.55948   0.5132E-02
3.56287   0.2454E-02
3.56401   0.6285E-02
3.56689   0.7154E-02
3.56956   0.3480E-02
3.57181   0.5356E-02
3.57573   0.8670E-02
3.57768   0.2761E-02
3.58089   0.3668E-02
3.58132   0.1245E-02
3.58667   0.8677E-02
3.58916   0.1133E-02
3.59543   0.1243E-01
3.60085   0.1022E-02
3.60454   0.3302E-03
3.60612   0.8404E-03
3.60961   0.1243E-01
3.61022   0.8741E-02
3.61431   0.4403E-02
3.61816   0.2690E-02
3.61949   0.1226E-01
3.62430   0.2578E-02
3.62472   0.5428E-03
3.62801   0.7854E-02
3.62935   0.3847E-02
3.63382   0.9219E-02
3.63678   0.8417E-02
3.64099   0.2212E-02
3.64526   0.4450E-02
3.64601   0.2208E-02
3.64967   0.4450E-02
3.65228   0.2016E-02
3.65772   0.8274E-02
3.65908   0.4514E-02
3.66091   0.2120E-02
3.66359   0.1931E-02
3.66688   0.2544E-02
3.67231   0.5912E-03
3.67351   0.8368E-02
3.67708   0.1511E-02
3.67941   0.2033E-02
3.68082   0.1409E-02
3.68194   0.5757E-02
3.68665   0.1123E-01
3.68798   0.1103E-01
3.69083   0.1859E-02
3.69777   0.4120E-02
3.69914   0.6440E-02
3.69995   0.6869E-02
3.70553   0.9495E-03
3.70827   0.2567E-02
3.71061   0.1585E-02
3.71327   0.6149E-03
3.71575   0.2864E-02
3.71869   0.2505E-02
3.72074   0.5205E-03
3.72312   0.2558E-02
3.72451   0.3724E-02
3.72907   0.6071E-02
3.73204   0.6274E-02
3.73405   0.1604E-02
3.73579   0.2122E-03
3.73935   0.2504E-02
3.74135   0.5031E-02
3.74238   0.2753E-02
3.74537   0.1831E-01
3.74722   0.6555E-02
3.74968   0.1541E-02
3.75458   0.4430E-02
3.75723   0.2900E-02
3.76061   0.1668E-02
3.76259   0.9124E-02
3.76371   0.3701E-03
3.76657   0.2993E-02
3.76952   0.3063E-02
3.77054   0.6119E-02
3.77221   0.8354E-02
3.77348   0.9176E-02
3.77660   0.2798E-03
3.78068   0.6551E-03
3.78167   0.8718E-03
3.78346   0.1455E-02
3.78474   0.1367E-02
3.78656   0.1297E-01
3.78887   0.3906E-02
3.79292   0.1834E-01
3.79665   0.1272E-01
3.80021   0.6543E-03
3.80087   0.2553E-02
3.80367   0.6501E-03
3.80613   0.4652E-02
3.80828   0.3642E-02
3.81024   0.1263E-01
3.81288   0.6611E-02
3.81446   0.2757E-02
3.81646   0.1651E-02
3.82086   0.2379E-02