300 1
1.75814   0.8655E-03
1.81099   0.1032E-02
1.88654   0.1997E-02
1.91917   0.4046E-03
1.97291   0.1770E-01
2.03408   0.3144E-02
2.07534   0.1602E-01
2.12169   0.1239E-01
2.15649   0.9653E-02
2.21552   0.2781E-02
2.29688   0.1590E-03
2.31346   0.3173E-02
2.31551   0.6547E-02
2.32872   0.2885E-02
2.35494   0.7938E-03
2.36677   0.4118E-03
2.38218   0.1272E-02
2.40651   0.1997E-02
2.42811   0.9168E-03
2.44223   0.2316E-02
2.44846   0.8457E-02
2.46577   0.7165E-03
2.47130   0.8399E-03
2.49843   0.2589E-01
2.51375   0.9700E-03
2.53095   0.3449E-02
2.53680   0.2573E-02
2.53991   0.1137E-01
2.55315   0.9243E-02
2.56449   0.2210E-01
2.57497   0.1230E-01
2.58801   0.5636E-02
2.60572   0.5020E-02
2.62504   0.4348E-02
2.62785   0.1101E-02
2.63340   0.1343E-02
2.64096   0.2084E-02
2.64956   0.5613E-02
2.65388   0.7815E-02
2.66405   0.9192E-02
2.67689   0.3535E-02
2.68837   0.1561E-02
2.69406   0.5001E-02
2.70713   0.7235E-02
2.72666   0.1135E-01
2.73459   0.1588E-01
2.74123   0.2357E-02
2.74868   0.6678E-03
2.76443   0.4191E-02
2.78194   0.1999E-02
2.79409   0.2795E-02
2.79723   0.7681E-02
2.80906   0.2484E-02
2.81336   0.3800E-03
2.82206   0.1110E-01
2.83359   0.6909E-02
2.84750   0.5817E-02
2.85193   0.6765E-02
2.86737   0.2255E-02
2.87732   0.5131E-02
2.88454   0.2793E-02
2.88687   0.2850E-02
2.89003   0.3944E-02
2.89437   0.4800E-02
2.90707   0.1094E-01
2.91578   0.1570E-01
2.91671   0.1146E-02
2.92262   0.7172E-02
2.94571   0.7304E-02
2.94850   0.1588E-02
2.95105   0.3277E-02
2.95483   0.1317E-02
2.95787   0.2341E-02
2.96211   0.8912E-02
2.97873   0.1101E-01
2.98386   0.2125E-02
2.98820   0.1084E-02
3.00064   0.1815E-02
3.00739   0.9386E-02
3.01451   0.1001E-01
3.02178   0.3464E-03
3.02564   0.3316E-02
3.03295   0.3887E-02
3.03833   0.2815E-02
3.04351   0.4859E-02
3.05270   0.5819E-02
3.05654   0.3653E-02
3.05782   0.1820E-02
3.06657   0.1837E-02
3.07001   0.2513E-02
3.07155   0.6241E-03
3.07934   0.6770E-02
3.08130   0.4725E-02
3.08671   0.3492E-02
3.09116   0.3238E-02
3.10282   0.9298E-03
3.10746   0.1541E-02
3.12245   0.1067E-02
3.12355   0.1516E-02
3.12697   0.4460E-02
3.13343   0.3153E-02
3.13921   0.2088E-02
3.14489   0.8525E-03
3.14578   0.3673E-03
3.15563   0.8086E-03
3.15974   0.3084E-02
3.16179   0.3321E-03
3.17646   0.1200E-02
3.18485   0.1918E-01
3.18722   0.5869E-02
3.19601   0.2797E-02
3.19794   0.9672E-03
3.20577   0.8175E-04
3.20849   0.4282E-02
3.21306   0.1509E-02
3.21609   0.2577E-02
3.21853   0.6621E-02
3.22296   0.2456E-02
3.23292   0.1280E-01
3.23511   0.1259E-01
3.23804   0.6207E-02
3.24140   0.2784E-02
3.24424   0.8338E-02
3.24570   0.2911E-02
3.24967   0.3607E-02
3.25482   0.8758E-03
3.25861   0.3272E-02
3.26098   0.3236E-02
3.26806   0.7908E-02
3.27986   0.1399E-02
3.28265   0.3922E-02
3.28420   0.1289E-01
3.29005   0.2396E-01
3.29359   0.3436E-02
3.29600   0.1005E-03
3.30043   0.8472E-03
3.30349   0.2378E-02
3.30703   0.3294E-02
3.31535   0.2230E-02
3.31691   0.6929E-02
3.31958   0.1343E-02
3.32101   0.3453E-02
3.32330   0.5832E-02
3.33001   0.9370E-02
3.33039   0.1211E-02
3.34126   0.7493E-02
3.34237   0.2107E-02
3.34724   0.2749E-02
3.35198   0.1062E-02
3.35654   0.8996E-02
3.36324   0.3550E-02
3.36452   0.3951E-02
3.36855   0.4268E-02
3.37107   0.2582E-02
3.37773   0.9400E-03
3.38057   0.3569E-02
3.38326   0.2276E-02
3.38544   0.5750E-03
3.38947   0.1776E-02
3.39528   0.6471E-02
3.40118   0.6372E-02
3.40297   0.3196E-02
3.40573   0.2740E-02
3.40779   0.4777E-02
3.40966   0.7646E-02
3.41043   0.1303E-01
3.41778   0.7289E-02
3.41946   0.1516E-04
3.41986   0.6330E-03
3.42425   0.3728E-02
3.42645   0.3839E-02
3.42923   0.4963E-02
3.43459   0.6482E-03
3.43698   0.8311E-02
3.44388   0.2810E-02
3.44604   0.5861E-02
3.44841   0.1692E-02
3.44943   0.5135E-02
3.45172   0.5150E-02
3.45591   0.2846E-02
3.46293   0.2166E-02
3.46358   0.1209E-01
3.46653   0.1947E-01
3.46869   0.8593E-02
3.47074   0.2789E-03
3.47297   0.2228E-02
3.47914   0.4639E-02
3.48070   0.4531E-02
3.48240   0.4572E-02
3.48397   0.4717E-02
3.48762   0.7884E-02
3.49052   0.5934E-02
3.49563   0.3055E-01
3.49762   0.6233E-02
3.50052   0.1355E-01
3.50663   0.1625E-02
3.50908   0.4418E-02
3.51152   0.4798E-02
3.51806   0.2339E-02
3.51971   0.2905E-02
3.52196   0.8043E-02
3.52636   0.1909E-01
3.52939   0.3001E-02
3.53095   0.6040E-02
3.53174   0.3383E-02
3.53682   0.2884E-02
3.54159   0.1015E-02
3.54448   0.1755E-01
3.54602   0.4805E-02
3.55041   0.2100E-01
3.55191   0.1778E-02
3.55402   0.6573E-02
3.55914   0.7679E-02
3.56129   0.1035E-01
3.56438   0.4262E-02
3.56508   0.6434E-03
3.56697   0.4733E-02
3.56875   0.1357E-02
3.57049   0.4141E-02
3.57268   0.7204E-02
3.57763   0.9454E-02
3.58031   0.3186E-02
3.58363   0.3301E-02
3.58804   0.1943E-02
3.59414   0.8518E-02
3.59523   0.5794E-03
3.59562   0.4522E-02
3.59852   0.3809E-02
3.60133   0.7318E-02
3.60358   0.1336E-01
3.60769   0.3653E-02
3.60790   0.5033E-02
3.61331   0.2279E-02
3.61608   0.1436E-03
3.61836   0.1412E-02
3.62109   0.2312E-02
3.62385   0.6001E-03
3.62601   0.1799E-02
3.62798   0.8359E-02
3.63064   0.1128E-01
3.63168   0.1427E-02
3.63373   0.5086E-02
3.63757   0.2658E-02
3.63881   0.3972E-02
3.64062   0.8837E-03
3.64358   0.2490E-02
3.64498   0.1198E-02
3.64685   0.5027E-02
3.64743   0.3553E-03
3.64837   0.1222E-02
3.64963   0.1539E-02
3.65398   0.1776E-01
3.65641   0.3666E-02
3.65782   0.5336E-02
3.66119   0.1088E-01
3.66299   0.6593E-02
3.66826   0.8385E-02
3.67081   0.5782E-02
3.67581   0.4959E-03
3.68101   0.5589E-02
3.68301   0.1836E-01
3.68489   0.7644E-03
3.68653   0.6165E-02
3.68972   0.5195E-02
3.69326   0.3893E-02
3.69532   0.1460E-02
3.69789   0.3269E-02
3.69851   0.8328E-02
3.70095   0.4496E-02
3.70534   0.6670E-02
3.70778   0.3586E-02
3.70847   0.8611E-02
3.70963   0.1146E-01
3.71148   0.1666E-02
3.71569   0.7459E-02
3.71836   0.7419E-02
3.72302   0.2539E-03
3.72581   0.2660E-03
3.72823   0.1885E-02
3.73062   0.1434E-02
3.73233   0.2466E-02
3.73263   0.2291E-02
3.73398   0.7911E-03
3.73631   0.7785E-03
3.74042   0.8324E-02
3.74062   0.1112E-01
3.74287   0.5166E-02
3.74483   0.1615E-02
3.74838   0.4256E-02
3.75372   0.1324E-01
3.75740   0.5371E-03
3.75816   0.1153E-03
3.75844   0.3080E-03
3.76107   0.1507E-02
3.76297   0.3980E-02
3.76932   0.3044E-02
3.76965   0.2040E-02
3.77065   0.4451E-02
3.77473   0.4790E-02
3.77787   0.1334E-02