300 1
1.72109   0.1171E-03
1.78362   0.7812E-03
1.88419   0.1197E-01
1.90698   0.1890E-02
2.00458   0.1747E-01
2.06722   0.3518E-02
2.10041   0.1348E-02
2.11971   0.3358E-02
2.14293   0.1292E-01
2.17111   0.3831E-02
2.22116   0.6977E-02
2.23787   0.2358E-02
2.26175   0.5967E-02
2.27125   0.1036E-01
2.32946   0.1370E-02
2.34643   0.1905E-02
2.35542   0.4169E-02
2.36299   0.7654E-02
2.36601   0.7049E-02
2.40291   0.4512E-02
2.43595   0.2374E-02
2.46948   0.4442E-02
2.47748   0.1324E-03
2.48571   0.3164E-02
2.48766   0.8405E-03
2.50314   0.1239E-02
2.51053   0.1574E-02
2.51632   0.9284E-02
2.52829   0.3039E-02
2.54353   0.6491E-02
2.54491   0.7707E-03
2.57267   0.4096E-03
2.58368   0.1423E-02
2.59939   0.9507E-02
2.60659   0.2971E-02
2.62670   0.1588E-03
2.64410   0.2464E-02
2.65114   0.5747E-03
2.66231   0.2687E-02
2.67448   0.1912E-02
2.69897   0.2636E-02
2.71229   0.3632E-02
2.71903   0.4367E-02
2.72857   0.1849E-02
2.75028   0.9717E-03
2.75404   0.1959E-02
2.75998   0.3237E-02
2.76804   0.6726E-02
2.77510   0.8607E-03
2.78226   0.3045E-02
2.79082   0.5967E-02
2.79611   0.1278E-01
2.81333   0.4796E-02
2.82830   0.1545E-02
2.83283   0.4388E-03
2.83609   0.7135E-02
2.84731   0.7589E-03
2.85472   0.2052E-02
2.85889   0.1151E-02
2.86217   0.1162E-02
2.86584   0.5057E-02
2.88154   0.6589E-02
2.88548   0.3154E-02
2.88970   0.3631E-03
2.89374   0.2514E-02
2.90294   0.1191E-02
2.90770   0.1450E-02
2.91208   0.1535E-01
2.91977   0.7422E-02
2.93275   0.2496E-01
2.94203   0.4560E-02
2.94852   0.9582E-02
2.95190   0.8596E-02
2.96568   0.4464E-02
2.96886   0.3085E-02
2.97420   0.3946E-02
2.97923   0.2583E-02
2.98570   0.9155E-02
2.99439   0.2092E-01
2.99620   0.5286E-02
3.00851   0.9489E-02
3.01494   0.1483E-02
3.01648   0.4066E-02
3.01996   0.8650E-02
3.02424   0.4977E-02
3.02826   0.2184E-02
3.03411   0.5684E-02
3.03643   0.3506E-01
3.05149   0.1105E-01
3.05948   0.1282E-01
3.06860   0.1731E-02
3.07478   0.5016E-02
3.07860   0.3011E-02
3.08909   0.5769E-03
3.09457   0.1490E-02
3.10051   0.9680E-03
3.10126   0.3716E-02
3.11082   0.8695E-02
3.11231   0.5735E-03
3.11971   0.3054E-02
3.12129   0.1327E-01
3.12883   0.8795E-03
3.14220   0.7557E-02
3.14278   0.5359E-03
3.14837   0.4196E-02
3.15023   0.9130E-02
3.15476   0.3479E-02
3.16372   0.1461E-02
3.17051   0.1283E-01
3.17643   0.7743E-02
3.17904   0.8290E-02
3.19162   0.3907E-02
3.19261   0.6157E-02
3.19821   0.1560E-01
3.20490   0.1250E-01
3.20990   0.4010E-02
3.21169   0.2497E-02
3.22722   0.3608E-03
3.22964   0.2774E-02
3.23104   0.7078E-02
3.23386   0.1970E-02
3.23950   0.7981E-03
3.24219   0.5554E-02
3.24261   0.3995E-02
3.24608   0.1282E-01
3.25248   0.4385E-02
3.25423   0.1053E-02
3.25799   0.6505E-02
3.26158   0.2872E-02
3.26855   0.4833E-02
3.27066   0.9023E-02
3.27270   0.2350E-02
3.27634   0.3286E-02
3.27998   0.4616E-02
3.28108   0.4490E-02
3.28375   0.8879E-02
3.28936   0.4730E-02
3.29108   0.3898E-02
3.29386   0.1800E-01
3.30270   0.3786E-02
3.30518   0.1073E-01
3.30947   0.1685E-01
3.31559   0.2514E-01
3.31718   0.2199E-02
3.32426   0.1776E-01
3.33017   0.7674E-02
3.33229   0.1118E-01
3.34133   0.6258E-02
3.34202   0.2095E-02
3.35080   0.1206E-01
3.35552   0.1836E-02
3.36310   0.4786E-03
3.36757   0.1583E-02
3.37130   0.3593E-02
3.37473   0.6622E-03
3.37624   0.2973E-02
3.37783   0.6309E-03
3.38374   0.2041E-02
3.38601   0.2290E-02
3.39006   0.3044E-02
3.39247   0.6846E-02
3.39413   0.1367E-02
3.40136   0.3053E-02
3.40188   0.2575E-03
3.40578   0.7049E-02
3.40703   0.5503E-02
3.41110   0.1371E-01
3.41589   0.1124E-01
3.41746   0.3135E-02
3.42251   0.6065E-02
3.43015   0.1440E-02
3.43055   0.6200E-02
3.43409   0.2950E-02
3.43808   0.1372E-02
3.44660   0.4733E-02
3.44931   0.3293E-02
3.45182   0.3823E-02
3.45321   0.8409E-03
3.45535   0.8370E-02
3.45624   0.2603E-02
3.45935   0.1593E-02
3.46131   0.6756E-03
3.46241   0.7339E-02
3.47176   0.2645E-02
3.47545   0.1889E-02
3.47876   0.1344E-02
3.48048   0.4839E-02
3.48449   0.1492E-02
3.48779   0.8890E-03
3.49019   0.3670E-02
3.49116   0.6278E-02
3.49530   0.1782E-02
3.50040   0.1868E-02
3.50181   0.3614E-02
3.50628   0.3774E-03
3.50878   0.3256E-02
3.51045   0.2247E-02
3.51383   0.2142E-02
3.51624   0.1431E-02
3.51802   0.1028E-02
3.52028   0.7497E-02
3.52057   0.3245E-02
3.52251   0.5959E-02
3.52332   0.4260E-02
3.52625   0.1286E-01
3.53208   0.1100E-01
3.53351   0.6147E-02
3.53761   0.2248E-02
3.53955   0.9138E-03
3.54122   0.3067E-02
3.54782   0.1530E-01
3.55399   0.5793E-02
3.55489   0.4867E-02
3.55849   0.1946E-02
3.55889   0.5305E-03
3.56636   0.3047E-02
3.56879   0.1041E-02
3.56934   0.4008E-02
3.57373   0.1204E-02
3.57478   0.3571E-02
3.57718   0.2589E-02
3.58109   0.9497E-03
3.58324   0.6834E-02
3.58455   0.6899E-02
3.58583   0.6094E-03
3.58721   0.2228E-02
3.58865   0.6799E-02
3.59184   0.1169E-02
3.59763   0.3128E-02
3.60115   0.7431E-02
3.60435   0.6121E-03
3.60830   0.4083E-02
3.61241   0.5712E-02
3.61316   0.9090E-03
3.61403   0.2080E-04
3.61549   0.1421E-02
3.61773   0.6457E-03
3.61844   0.1896E-02
3.62153   0.1509E-02
3.62324   0.2923E-02
3.62374   0.4978E-02
3.62675   0.4977E-02
3.62785   0.8891E-02
3.62971   0.4009E-03
3.63198   0.3286E-03
3.63302   0.8584E-02
3.63388   0.2504E-02
3.63854   0.8952E-03
3.63981   0.3157E-02
3.64264   0.8851E-02
3.64486   0.3484E-03
3.64649   0.9067E-02
3.65095   0.8828E-02
3.65253   0.1053E-02
3.65387   0.8643E-02
3.65822   0.7243E-02
3.65981   0.2128E-02
3.66247   0.2187E-02
3.66320   0.7656E-03
3.66594   0.2068E-02
3.67026   0.2463E-02
3.67133   0.1529E-02
3.67214   0.4165E-02
3.67396   0.7801E-02
3.67565   0.3043E-02
3.68134   0.4417E-02
3.68343   0.1771E-02
3.68670   0.8974E-03
3.68827   0.3994E-03
3.68991   0.6797E-03
3.69213   0.1936E-01
3.69718   0.3943E-02
3.69897   0.2556E-02
3.70221   0.1795E-02
3.70577   0.1126E-01
3.70908   0.1855E-02
3.70974   0.3642E-02
3.71326   0.6648E-02
3.71377   0.3104E-02
3.71762   0.3268E-02
3.72233   0.1778E-02
3.72637   0.3014E-04
3.72744   0.1354E-02
3.72912   0.4457E-02
3.73112   0.2824E-02
3.73230   0.5104E-03
3.73534   0.4931E-02
3.73710   0.8338E-03
3.73948   0.1261E-02
3.74079   0.3049E-02
3.74224   0.9726E-03
3.74353   0.1522E-02
3.74584   0.4206E-02
3.74748   0.6712E-02
3.74906   0.3351E-04
3.75252   0.5293E-02
3.75383   0.8206E-03
3.75595   0.7843E-03
3.75729   0.8008E-03
3.76143   0.5823E-03