300 1
1.66762   0.1919E-01
1.72720   0.2685E-01
1.95559   0.1320E-02
1.97855   0.7314E-02
2.03772   0.1133E-01
2.07179   0.1086E-01
2.09293   0.1655E-01
2.12314   0.1543E-01
2.12938   0.1091E-01
2.16245   0.4684E-02
2.18608   0.5977E-02
2.19672   0.5689E-02
2.22775   0.1936E-02
2.24348   0.4732E-02
2.28276   0.1076E-03
2.29816   0.2743E-02
2.30689   0.7648E-02
2.31166   0.2648E-02
2.33046   0.1051E-02
2.33760   0.7783E-02
2.35493   0.2824E-01
2.39371   0.2355E-01
2.40441   0.1017E-01
2.41228   0.2703E-02
2.42388   0.4124E-02
2.43350   0.1751E-01
2.45643   0.1557E-01
2.47563   0.9020E-02
2.50246   0.3410E-02
2.51456   0.2891E-02
2.52067   0.1621E-02
2.52760   0.1521E-02
2.53626   0.1808E-01
2.54190   0.1255E-01
2.56014   0.2482E-01
2.56431   0.4634E-02
2.57564   0.2855E-02
2.58789   0.4247E-02
2.59213   0.9812E-02
2.60977   0.1890E-02
2.62259   0.2179E-02
2.62452   0.1530E-02
2.63310   0.4323E-02
2.63507   0.3107E-02
2.64615   0.5722E-03
2.65185   0.9595E-02
2.65668   0.1268E-02
2.66846   0.2062E-01
2.67484   0.1013E-01
2.68718   0.1019E-01
2.70214   0.3732E-03
2.70897   0.6688E-03
2.72066   0.5910E-02
2.72425   0.5923E-02
2.72672   0.4535E-02
2.73259   0.1187E-01
2.73602   0.1144E-02
2.74853   0.4486E-02
2.75300   0.1099E-01
2.76211   0.7426E-02
2.77073   0.2659E-02
2.77800   0.1118E-01
2.77971   0.1546E-02
2.78686   0.4704E-02
2.79537   0.1318E-02
2.80232   0.1403E-01
2.81118   0.4605E-03
2.81546   0.6816E-02
2.82674   0.3085E-03
2.83035   0.1457E-02
2.83538   0.2255E-02
2.83904   0.7405E-02
2.84218   0.5630E-02
2.84580   0.4495E-02
2.84988   0.1080E-02
2.85265   0.1610E-02
2.85471   0.3860E-02
2.85896   0.2389E-02
2.86852   0.1083E-01
2.87300   0.7114E-02
2.88550   0.6794E-03
2.89196   0.2289E-02
2.89486   0.1006E-01
2.89673   0.6618E-02
2.90916   0.1864E-02
2.91284   0.1014E-01
2.92384   0.2352E-02
2.92761   0.2716E-02
2.94025   0.3715E-03
2.94167   0.4813E-02
2.94643   0.1457E-02
2.95021   0.1058E-02
2.95132   0.4174E-02
2.95986   0.1565E-02
2.96022   0.5328E-02
2.96393   0.1108E-01
2.96972   0.6284E-03
2.97667   0.1135E-02
2.97857   0.2652E-02
2.98219   0.5281E-02
2.99039   0.1396E-02
2.99368   0.6221E-02
2.99730   0.8761E-02
2.99994   0.3500E-02
3.00488   0.9358E-03
3.01213   0.7923E-02
3.02259   0.1125E-02
3.02574   0.2280E-02
3.02836   0.3992E-03
3.03703   0.2829E-02
3.04102   0.1065E-01
3.04874   0.3796E-02
3.05040   0.6873E-02
3.05350   0.8914E-03
3.05573   0.2229E-02
3.06103   0.1144E-02
3.06456   0.3774E-02
3.06602   0.3638E-02
3.06869   0.3347E-02
3.07055   0.2057E-02
3.07328   0.1886E-02
3.07796   0.7887E-03
3.08009   0.1193E-01
3.08669   0.1083E-01
3.09175   0.6809E-03
3.09510   0.4195E-02
3.10234   0.1332E-02
3.10584   0.8768E-02
3.10966   0.6677E-02
3.11271   0.6489E-02
3.11506   0.4321E-02
3.11916   0.2013E-02
3.12204   0.2154E-02
3.12415   0.1132E-02
3.12722   0.1445E-02
3.12913   0.8342E-02
3.13297   0.1772E-01
3.14390   0.1399E-02
3.14433   0.4117E-02
3.14776   0.4801E-02
3.15466   0.8872E-02
3.15759   0.3643E-02
3.16048   0.1068E-02
3.16177   0.5213E-03
3.16690   0.1914E-02
3.16888   0.1019E-02
3.17047   0.5349E-03
3.17372   0.2669E-02
3.17532   0.1261E-02
3.17746   0.1331E-02
3.17838   0.2710E-02
3.18133   0.6867E-03
3.18592   0.8615E-02
3.18668   0.1302E-01
3.19016   0.3117E-02
3.19213   0.8279E-02
3.20054   0.1110E-01
3.20078   0.5458E-02
3.20636   0.1011E-01
3.20909   0.7778E-03
3.21141   0.3826E-02
3.21472   0.1957E-02
3.21820   0.1529E-02
3.21954   0.8929E-02
3.22295   0.1592E-01
3.22538   0.5146E-03
3.22801   0.2941E-02
3.22972   0.3005E-02
3.23394   0.5587E-02
3.23747   0.6551E-02
3.23852   0.1265E-01
3.24765   0.4079E-02
3.25492   0.4814E-02
3.25927   0.1817E-02
3.26034   0.2219E-02
3.26381   0.1935E-02
3.26602   0.1244E-02
3.26684   0.3011E-02
3.27011   0.4631E-02
3.27246   0.7015E-02
3.27524   0.1132E-02
3.27784   0.4637E-02
3.28124   0.2454E-03
3.28348   0.1582E-02
3.28737   0.4854E-02
3.29214   0.1089E-01
3.29457   0.3505E-02
3.29611   0.5171E-02
3.29656   0.2681E-02
3.30048   0.6121E-03
3.30348   0.3640E-02
3.30517   0.1806E-02
3.30726   0.2962E-02
3.30923   0.1283E-02
3.31202   0.1714E-02
3.31543   0.2117E-02
3.31799   0.5506E-02
3.31987   0.1892E-02
3.31994   0.7274E-03
3.32261   0.1642E-02
3.32307   0.1440E-02
3.32373   0.2199E-02
3.32747   0.1024E-01
3.32961   0.5969E-02
3.33149   0.2222E-02
3.33683   0.6027E-02
3.33951   0.2583E-02
3.34299   0.1195E-02
3.34459   0.1071E-01
3.34507   0.8575E-02
3.35302   0.1704E-01
3.35532   0.1493E-01
3.36122   0.2578E-02
3.36616   0.2810E-02
3.36894   0.8001E-03
3.37139   0.4321E-03
3.37484   0.9596E-03
3.37846   0.8995E-03
3.38023   0.1322E-02
3.38127   0.2865E-03
3.38269   0.2530E-02
3.38360   0.2239E-02
3.38651   0.1636E-02
3.38868   0.3782E-03
3.38976   0.5493E-03
3.39162   0.2549E-02
3.39394   0.2325E-02
3.39504   0.6172E-02
3.39806   0.2027E-01
3.40007   0.4215E-02
3.40494   0.1671E-02
3.40609   0.2010E-01
3.41329   0.7555E-03
3.41634   0.1154E-02
3.41684   0.4593E-02
3.42087   0.1550E-02
3.42463   0.2381E-02
3.42684   0.6672E-02
3.42963   0.4575E-02
3.43127   0.3400E-02
3.43436   0.1101E-01
3.43535   0.1122E-02
3.43621   0.2657E-02
3.43840   0.1561E-02
3.43984   0.6488E-02
3.44243   0.2983E-02
3.44277   0.3054E-02
3.44639   0.1737E-02
3.44852   0.4509E-03
3.44980   0.3013E-02
3.45097   0.3532E-02
3.45380   0.1153E-01
3.45511   0.1524E-02
3.45952   0.8329E-02
3.46264   0.9299E-03
3.46548   0.2434E-02
3.46854   0.4770E-02
3.46935   0.8996E-02
3.47048   0.1458E-01
3.47336   0.2225E-02
3.47701   0.2826E-02
3.47919   0.1874E-02
3.47992   0.1689E-02
3.48104   0.1913E-02
3.48473   0.3333E-02
3.48576   0.2378E-02
3.49338   0.1209E-01
3.49542   0.1983E-02
3.49930   0.2203E-02
3.50089   0.8890E-02
3.50287   0.5459E-02
3.50385   0.5632E-02
3.50799   0.4691E-02
3.50858   0.1470E-01
3.51618   0.2566E-04
3.51873   0.1063E-02
3.51927   0.2483E-02
3.52117   0.7310E-02
3.52281   0.1275E-02
3.52380   0.5646E-03
3.52525   0.1859E-02
3.52605   0.6366E-02
3.52941   0.6998E-02
3.53096   0.7453E-03
3.53223   0.6291E-03
3.53528   0.8594E-03
3.53693   0.1922E-02
3.53811   0.4625E-04
3.53995   0.3874E-02
3.54132   0.8275E-03
3.54184   0.3935E-02
3.54334   0.7995E-02
3.54608   0.3354E-02
3.54787   0.3982E-02
3.55041   0.3791E-03
3.55152   0.3851E-02
3.55210   0.1127E-02
3.55295   0.6279E-02
3.55533   0.3684E-02
3.55871   0.7105E-02