300 1
1.41324   0.5738E-03
1.50927   0.1740E-03
1.53143   0.7848E-03
1.57799   0.4634E-02
1.58430   0.6729E-03
1.59764   0.4555E-02
1.66668   0.2744E-03
1.87446   0.4829E-03
1.90805   0.1012E-03
1.92193   0.2632E-01
1.96941   0.1433E-02
1.98534   0.5385E-03
1.98937   0.6346E-03
2.01969   0.6747E-03
2.02661   0.3921E-02
2.05555   0.6944E-02
2.06112   0.1476E-02
2.08661   0.1822E-02
2.10603   0.4914E-02
2.11776   0.1085E-01
2.15882   0.1806E-02
2.17636   0.1354E-01
2.18132   0.7022E-03
2.18680   0.9569E-02
2.19801   0.4436E-02
2.20471   0.1008E-01
2.22707   0.1133E-02
2.23009   0.2204E-01
2.24390   0.1192E-02
2.27835   0.2218E-01
2.29975   0.8751E-03
2.30143   0.7062E-03
2.31587   0.1039E-02
2.32920   0.1366E-01
2.38665   0.2540E-02
2.39565   0.1995E-02
2.40511   0.2449E-02
2.40774   0.2542E-02
2.42770   0.8871E-02
2.43011   0.6576E-02
2.43971   0.5868E-02
2.47670   0.9866E-02
2.48369   0.2031E-02
2.49101   0.5284E-02
2.49582   0.4230E-02
2.50159   0.1281E-02
2.51495   0.1592E-02
2.52072   0.7456E-02
2.54028   0.6463E-02
2.54446   0.1503E-02
2.58037   0.2811E-03
2.58398   0.9360E-03
2.58799   0.2787E-02
2.59032   0.1037E-02
2.59696   0.8535E-02
2.59926   0.7017E-03
2.60770   0.4535E-03
2.61060   0.1068E-01
2.61876   0.1358E-01
2.62194   0.1037E-02
2.62516   0.1427E-02
2.62759   0.5872E-02
2.63182   0.6358E-03
2.64023   0.3709E-02
2.64803   0.1528E-02
2.65127   0.5779E-03
2.65593   0.7699E-03
2.66235   0.2245E-03
2.67428   0.4209E-02
2.67547   0.1199E-01
2.67751   0.3972E-03
2.68760   0.1319E-04
2.69078   0.6926E-03
2.69283   0.1192E-02
2.70220   0.8399E-03
2.70761   0.1115E-02
2.71274   0.2390E-03
2.72757   0.7471E-02
2.73252   0.6369E-03
2.73751   0.2538E-02
2.74650   0.1771E-02
2.76016   0.4588E-03
2.76190   0.1707E-02
2.77154   0.5509E-02
2.77852   0.1915E-02
2.78350   0.2924E-02
2.79301   0.1111E-02
2.79568   0.8238E-03
2.79822   0.5026E-02
2.80064   0.3303E-03
2.80284   0.1104E-02
2.80490   0.1935E-03
2.80826   0.6571E-03
2.81941   0.4252E-02
2.81977   0.9763E-03
2.82492   0.5366E-02
2.82913   0.7850E-03
2.83561   0.6473E-04
2.83922   0.5329E-02
2.84120   0.5938E-02
2.85471   0.4386E-03
2.86236   0.2980E-02
2.87582   0.4069E-03
2.88318   0.3595E-03
2.88610   0.1772E-02
2.88671   0.8305E-03
2.90072   0.5749E-03
2.90167   0.5967E-03
2.90371   0.4325E-03
2.91474   0.2692E-02
2.91669   0.1215E-03
2.92507   0.9649E-03
2.92646   0.2172E-02
2.92980   0.7445E-03
2.93501   0.6110E-03
2.93586   0.5780E-03
2.93976   0.2334E-03
2.94210   0.6130E-03
2.94954   0.1108E-02
2.95988   0.2005E-03
2.96143   0.1575E-03
2.97047   0.2218E-02
2.97291   0.1004E-02
2.97567   0.5802E-03
2.99969   0.3239E-03
3.00692   0.1883E-03
3.01135   0.1185E-01
3.01347   0.7863E-03
3.01904   0.7700E-04
3.01975   0.1019E-02
3.02425   0.6135E-02
3.02855   0.9230E-04
3.02947   0.4423E-02
3.03246   0.7149E-02
3.03693   0.8898E-02
3.04069   0.5516E-02
3.04744   0.2173E-02
3.04952   0.8355E-03
3.05369   0.2061E-02
3.05836   0.2071E-02
3.06009   0.5526E-03
3.06325   0.2833E-02
3.06398   0.4883E-02
3.07228   0.3097E-02
3.07692   0.4823E-03
3.07802   0.1599E-02
3.08350   0.3086E-03
3.08495   0.8976E-03
3.08726   0.3367E-02
3.08865   0.1093E-03
3.09431   0.6979E-03
3.09598   0.1413E-02
3.09815   0.2285E-02
3.10190   0.9722E-03
3.10224   0.1354E-02
3.10321   0.2304E-02
3.10631   0.1722E-02
3.11033   0.1328E-02
3.11198   0.1258E-02
3.11839   0.7195E-02
3.12415   0.3534E-02
3.12967   0.3996E-02
3.13422   0.2744E-03
3.13794   0.9246E-02
3.14460   0.3218E-02
3.14668   0.7247E-02
3.15346   0.1012E-01
3.15608   0.1236E-01
3.15697   0.4376E-02
3.16504   0.1041E-02
3.16944   0.8249E-02
3.17184   0.1540E-02
3.18030   0.7319E-02
3.18321   0.8330E-03
3.18763   0.8724E-02
3.19068   0.4368E-02
3.19373   0.1444E-01
3.19566   0.2200E-02
3.19984   0.3137E-02
3.20122   0.3004E-03
3.20373   0.3982E-02
3.21285   0.9108E-03
3.21479   0.1648E-02
3.21825   0.2784E-02
3.22019   0.2915E-02
3.22242   0.3056E-03
3.22647   0.4602E-03
3.22926   0.1399E-02
3.23205   0.6078E-02
3.23701   0.5590E-02
3.23953   0.3787E-02
3.24152   0.1455E-01
3.24411   0.4928E-02
3.25380   0.6930E-03
3.25512   0.1711E-03
3.25803   0.2708E-02
3.25919   0.7185E-03
3.26451   0.2593E-01
3.26983   0.2094E-02
3.27154   0.1658E-02
3.27407   0.6482E-03
3.28222   0.1848E-02
3.28284   0.5146E-04
3.28528   0.5550E-02
3.29178   0.2122E-03
3.29433   0.2172E-03
3.29643   0.6198E-03
3.29862   0.4966E-03
3.30141   0.2021E-02
3.30902   0.4292E-02
3.30996   0.2084E-02
3.31931   0.2635E-02
3.32305   0.3206E-03
3.32559   0.4306E-03
3.32725   0.1416E-02
3.32865   0.1169E-01
3.33262   0.3472E-02
3.33389   0.2634E-02
3.33831   0.4745E-02
3.33918   0.1428E-01
3.34320   0.4689E-02
3.34456   0.3641E-02
3.34619   0.2410E-01
3.35290   0.1543E-02
3.35700   0.6379E-02
3.35801   0.7310E-02
3.36018   0.6487E-03
3.36271   0.1226E-02
3.36372   0.1727E-02
3.36646   0.8175E-03
3.36825   0.1135E-02
3.37015   0.1742E-02
3.37234   0.4157E-03
3.37411   0.3327E-02
3.37534   0.3076E-03
3.38121   0.3902E-02
3.38344   0.3806E-02
3.38463   0.4103E-04
3.38839   0.7408E-03
3.39245   0.8952E-03
3.39350   0.2206E-02
3.39390   0.1122E-03
3.39599   0.1568E-03
3.39732   0.4475E-03
3.40137   0.4496E-02
3.40444   0.2088E-02
3.40491   0.5876E-03
3.40624   0.9521E-03
3.40862   0.8092E-03
3.41378   0.2347E-03
3.41600   0.4638E-02
3.41694   0.3485E-02
3.42059   0.9953E-02
3.42320   0.1569E-03
3.42500   0.2376E-03
3.42710   0.1988E-03
3.42743   0.4138E-03
3.42959   0.2970E-03
3.43157   0.3932E-03
3.43559   0.2754E-02
3.43943   0.4300E-02
3.44045   0.6626E-03
3.44354   0.3914E-02
3.44483   0.4928E-02
3.44770   0.2494E-02
3.44875   0.6099E-03
3.45076   0.1478E-02
3.45320   0.3253E-02
3.45489   0.7051E-02
3.45636   0.3648E-03
3.45815   0.4359E-02
3.45956   0.7113E-02
3.46191   0.1208E-01
3.46399   0.1640E-02
3.46587   0.3498E-02
3.46773   0.1383E-01
3.47007   0.2753E-02
3.47231   0.8291E-02
3.47515   0.4881E-02
3.47692   0.1602E-01
3.48294   0.6136E-02
3.48558   0.2643E-01
3.48811   0.1054E-01
3.49178   0.8212E-02
3.49235   0.3314E-02
3.49649   0.1189E-01
3.50098   0.4712E-02
3.50594   0.2952E-03
3.50641   0.2557E-02
3.50761   0.4509E-02
3.50787   0.6708E-03
3.50943   0.2253E-02
3.51254   0.7259E-02
3.51292   0.4125E-02
3.51504   0.1128E-02
3.51920   0.1332E-02
3.52046   0.7844E-02
3.52175   0.2174E-02
3.52749   0.1310E-02
3.52862   0.3409E-02