300 1
1.43218   0.2806E-02
1.54289   0.2731E-02
1.59438   0.2280E-02
1.64091   0.3626E-03
1.71845   0.4900E-02
1.76230   0.1853E-02
1.82224   0.3220E-02
1.85269   0.1197E-02
1.88847   0.2577E-01
1.90242   0.1312E-01
1.94542   0.3758E-02
1.97134   0.1735E-03
2.00733   0.3545E-02
2.02784   0.6002E-03
2.04948   0.3384E-02
2.05890   0.7385E-02
2.06649   0.5834E-02
2.08086   0.2278E-02
2.10765   0.9437E-03
2.11163   0.7230E-03
2.13665   0.7848E-02
2.16198   0.1440E-01
2.17706   0.2173E-02
2.18538   0.5795E-02
2.20078   0.5824E-02
2.24616   0.1031E-02
2.25248   0.5958E-02
2.26780   0.3037E-02
2.29127   0.1730E-01
2.29348   0.4818E-02
2.31537   0.8633E-02
2.32306   0.5743E-02
2.32512   0.1277E-01
2.35508   0.3059E-01
2.37653   0.4073E-02
2.39185   0.3061E-02
2.39586   0.3083E-03
2.41581   0.1145E-01
2.42273   0.4559E-02
2.42986   0.4127E-02
2.44342   0.4987E-02
2.45606   0.1825E-02
2.45949   0.2011E-02
2.46454   0.2962E-02
2.47541   0.2929E-02
2.47973   0.4303E-02
2.49531   0.9395E-03
2.50300   0.2358E-01
2.52164   0.5011E-02
2.52359   0.2145E-02
2.53076   0.3999E-02
2.53661   0.9477E-02
2.54150   0.1219E-01
2.55006   0.7771E-03
2.55486   0.1495E-02
2.55969   0.3348E-02
2.57123   0.4455E-03
2.57287   0.4459E-02
2.58598   0.1201E-01
2.59522   0.4936E-02
2.60692   0.4036E-02
2.61140   0.4650E-02
2.61437   0.9537E-03
2.62131   0.8151E-03
2.62852   0.1968E-02
2.63110   0.1653E-03
2.63985   0.5604E-02
2.66041   0.8647E-03
2.66824   0.7109E-02
2.67063   0.2469E-02
2.67626   0.8128E-03
2.67733   0.4878E-03
2.68399   0.2113E-02
2.68600   0.6661E-02
2.68916   0.2082E-02
2.69481   0.1291E-02
2.69793   0.3455E-02
2.70165   0.3634E-02
2.70902   0.6812E-02
2.71560   0.1144E-01
2.72502   0.3884E-02
2.73539   0.2337E-01
2.74779   0.4564E-02
2.75564   0.9640E-02
2.75829   0.7197E-03
2.76634   0.1021E-02
2.76766   0.3233E-02
2.77555   0.1625E-02
2.78033   0.1053E-01
2.78317   0.3003E-01
2.78623   0.2413E-02
2.79298   0.1479E-02
2.79984   0.3510E-02
2.80803   0.1167E-02
2.82209   0.6438E-02
2.82654   0.3228E-02
2.83087   0.1004E-02
2.83536   0.2610E-02
2.83852   0.3874E-03
2.84206   0.3595E-02
2.84564   0.2091E-02
2.85249   0.5133E-02
2.85907   0.1661E-01
2.87010   0.8059E-02
2.87526   0.4225E-02
2.87660   0.4931E-02
2.88177   0.1379E-02
2.88434   0.1477E-02
2.89190   0.1438E-01
2.89490   0.7433E-02
2.89667   0.4656E-02
2.91182   0.1310E-02
2.91447   0.1960E-02
2.91811   0.7708E-03
2.92069   0.1060E-02
2.92840   0.6183E-02
2.93023   0.1499E-02
2.93274   0.2769E-02
2.94090   0.2107E-02
2.94255   0.4548E-02
2.94888   0.7642E-03
2.95076   0.8395E-02
2.95602   0.1872E-01
2.96161   0.1396E-01
2.96696   0.1322E-01
2.97249   0.3126E-03
2.97473   0.4513E-02
2.97601   0.1570E-02
2.97983   0.7986E-02
2.98410   0.4873E-02
2.98708   0.1531E-02
2.99175   0.2611E-02
2.99753   0.1075E-01
2.99928   0.2056E-03
3.00211   0.1313E-02
3.00277   0.1530E-01
3.00683   0.2955E-02
3.01048   0.1998E-01
3.01840   0.8157E-02
3.02109   0.1309E-02
3.02482   0.2145E-02
3.03497   0.1172E-01
3.03979   0.4225E-02
3.04118   0.1925E-03
3.04331   0.4868E-02
3.04588   0.9784E-03
3.04853   0.4818E-03
3.05120   0.4776E-03
3.05397   0.7381E-03
3.05881   0.3444E-02
3.06220   0.2549E-02
3.06872   0.5242E-02
3.07060   0.5420E-02
3.07327   0.5587E-02
3.07662   0.1079E-02
3.07898   0.1570E-02
3.08338   0.4308E-02
3.08396   0.1074E-02
3.08422   0.6568E-02
3.08818   0.8278E-02
3.09125   0.3751E-02
3.09323   0.3166E-03
3.09784   0.1889E-02
3.10348   0.2676E-02
3.10526   0.1509E-02
3.11168   0.1380E-02
3.11329   0.2447E-02
3.12296   0.6326E-02
3.12636   0.8461E-03
3.13121   0.1490E-01
3.13343   0.2653E-02
3.13668   0.9554E-02
3.14300   0.9129E-03
3.14548   0.2091E-02
3.14709   0.5235E-02
3.14945   0.2972E-02
3.15350   0.1691E-02
3.15546   0.1669E-01
3.15642   0.4397E-02
3.16119   0.4946E-02
3.16765   0.4250E-02
3.17111   0.2317E-02
3.17154   0.3936E-02
3.17479   0.2825E-02
3.17574   0.5665E-02
3.17902   0.4946E-02
3.18183   0.1338E-01
3.18582   0.2809E-02
3.18731   0.6316E-03
3.19220   0.3638E-02
3.19238   0.2352E-02
3.19577   0.1006E-01
3.20126   0.9165E-02
3.20834   0.6613E-02
3.21404   0.1484E-02
3.21773   0.1158E-01
3.21823   0.8263E-03
3.22025   0.6478E-02
3.22093   0.4547E-02
3.22603   0.3158E-02
3.22673   0.6534E-02
3.23517   0.1367E-02
3.23612   0.4114E-02
3.23820   0.6825E-02
3.24054   0.1591E-02
3.24337   0.2485E-02
3.24663   0.6024E-02
3.25123   0.1078E-01
3.25487   0.5739E-02
3.25627   0.2611E-02
3.25965   0.2712E-02
3.26271   0.1266E-02
3.26346   0.2853E-02
3.26901   0.5198E-03
3.27192   0.4208E-03
3.27424   0.1197E-02
3.27754   0.6614E-03
3.28082   0.4024E-02
3.28278   0.7926E-03
3.28591   0.5756E-03
3.28808   0.6662E-03
3.29065   0.6394E-02
3.29241   0.6344E-03
3.29458   0.9211E-03
3.29735   0.2444E-02
3.29893   0.2992E-02
3.30017   0.1323E-02
3.30471   0.1116E-01
3.30852   0.8028E-04
3.31172   0.1327E-02
3.31384   0.1082E-01
3.31481   0.8856E-02
3.31812   0.3280E-02
3.31980   0.4063E-02
3.32223   0.1191E-02
3.32616   0.3913E-02
3.32863   0.5383E-02
3.33063   0.2202E-02
3.33215   0.2659E-02
3.33331   0.9132E-03
3.33419   0.4330E-02
3.33872   0.1079E-02
3.34076   0.1817E-02
3.34302   0.1908E-02
3.34499   0.5503E-03
3.34958   0.5056E-02
3.35083   0.5192E-02
3.35208   0.9829E-03
3.35357   0.1827E-02
3.35764   0.8197E-02
3.36141   0.5897E-02
3.36383   0.1531E-02
3.36474   0.1424E-01
3.36945   0.1035E-01
3.37231   0.1107E-01
3.37557   0.7918E-02
3.37779   0.3986E-02
3.37994   0.1838E-02
3.38423   0.4402E-03
3.38484   0.2059E-02
3.38747   0.1571E-01
3.39005   0.2075E-02
3.39384   0.9143E-02
3.39596   0.1219E-01
3.39751   0.8309E-03
3.39861   0.1928E-02
3.39984   0.1746E-02
3.40134   0.5441E-02
3.40633   0.5499E-02
3.40784   0.1325E-02
3.41013   0.2242E-02
3.41243   0.4613E-02
3.41837   0.8742E-02
3.42151   0.1690E-02
3.42236   0.1236E-02
3.42401   0.6474E-03
3.42566   0.3100E-02
3.42957   0.7330E-02
3.43148   0.5088E-02
3.43237   0.1725E-02
3.43590   0.8886E-03
3.43674   0.1469E-02
3.44027   0.3004E-02
3.44043   0.3964E-02
3.44231   0.2205E-02
3.44378   0.4512E-02
3.44466   0.1076E-01
3.44632   0.1347E-03
3.44766   0.8331E-02
3.45096   0.5268E-03
3.45146   0.8518E-03
3.45335   0.3433E-02
3.45739   0.2916E-03
3.45920   0.8734E-02
3.45987   0.3171E-02
3.46376   0.3358E-02
3.46469   0.3350E-02
3.46620   0.1617E-02
3.47003   0.6943E-04
3.47038   0.1576E-02