300 1
1.48268   0.1029E-03
1.53483   0.1972E-02
1.57255   0.4323E-02
1.68306   0.9247E-02
1.71244   0.2054E-02
1.74114   0.2170E-03
1.81209   0.2125E-02
1.84431   0.2962E-02
1.86405   0.2392E-02
1.87713   0.6419E-04
1.91616   0.4923E-03
1.96962   0.6370E-02
1.97606   0.6192E-02
1.98399   0.7050E-03
2.01111   0.1898E-02
2.02070   0.4865E-03
2.02991   0.1163E-01
2.05455   0.7915E-02
2.06425   0.1273E-01
2.07535   0.2240E-02
2.08743   0.1843E-02
2.16053   0.2272E-02
2.18036   0.6439E-02
2.19766   0.1633E-01
2.20157   0.8330E-02
2.21640   0.6124E-02
2.23894   0.2006E-02
2.25231   0.3516E-02
2.26016   0.2687E-02
2.28853   0.8292E-02
2.30365   0.4777E-02
2.30984   0.9726E-02
2.32351   0.5317E-02
2.32693   0.2632E-02
2.32971   0.5425E-02
2.34512   0.1745E-01
2.36818   0.1052E-02
2.38156   0.5790E-02
2.38580   0.1128E-01
2.40083   0.4270E-02
2.40980   0.5099E-02
2.42814   0.3084E-02
2.43025   0.7991E-02
2.43949   0.5323E-01
2.45275   0.6204E-02
2.45956   0.5460E-02
2.47336   0.7044E-02
2.47829   0.2556E-01
2.50671   0.1199E-01
2.51357   0.3098E-02
2.52242   0.9004E-02
2.54118   0.7516E-02
2.54887   0.9262E-03
2.55517   0.7268E-03
2.56226   0.4749E-02
2.56565   0.8727E-02
2.57456   0.8049E-02
2.57839   0.4344E-02
2.58730   0.1953E-02
2.59510   0.7258E-02
2.59789   0.8355E-03
2.60505   0.1623E-02
2.60706   0.2158E-02
2.61935   0.2141E-02
2.62126   0.1133E-02
2.63523   0.7276E-03
2.63990   0.9131E-03
2.65106   0.4139E-02
2.65621   0.7230E-03
2.65904   0.1233E-02
2.66167   0.5686E-03
2.66617   0.2546E-02
2.66997   0.1559E-02
2.67941   0.4294E-02
2.69451   0.1332E-02
2.69668   0.3300E-03
2.69980   0.6354E-02
2.70806   0.1530E-03
2.70950   0.5496E-02
2.71108   0.3033E-03
2.71518   0.1357E-02
2.71922   0.9524E-03
2.72783   0.6150E-03
2.73201   0.1353E-02
2.73439   0.2968E-02
2.73940   0.4928E-02
2.74526   0.1028E-01
2.74919   0.1052E-02
2.75543   0.3098E-02
2.76134   0.1139E-02
2.76340   0.2203E-02
2.76769   0.4330E-03
2.77619   0.3949E-02
2.77776   0.6793E-02
2.78232   0.2743E-02
2.78617   0.4517E-02
2.79063   0.9063E-02
2.79385   0.1258E-01
2.79686   0.1010E-02
2.80192   0.1044E-01
2.80495   0.1320E-01
2.81244   0.4508E-02
2.82353   0.3135E-02
2.82804   0.8237E-03
2.84409   0.2388E-03
2.84631   0.7127E-03
2.84934   0.9484E-02
2.85736   0.3246E-01
2.85981   0.1092E-01
2.86229   0.1688E-01
2.86966   0.3631E-01
2.88032   0.8377E-03
2.88355   0.3906E-02
2.88817   0.2538E-02
2.89098   0.2616E-02
2.89458   0.5630E-02
2.89676   0.7445E-02
2.90111   0.2615E-02
2.90269   0.5162E-03
2.90666   0.1205E-01
2.90769   0.6888E-02
2.91116   0.4287E-02
2.91809   0.6802E-02
2.92067   0.5946E-02
2.92314   0.1320E-02
2.92635   0.1592E-02
2.92737   0.6528E-02
2.93496   0.3630E-02
2.93807   0.1268E-01
2.94450   0.5491E-02
2.94692   0.4330E-02
2.95032   0.1625E-02
2.95212   0.9336E-03
2.95514   0.8200E-02
2.95797   0.5128E-02
2.96653   0.2159E-02
2.96892   0.2240E-02
2.97260   0.7408E-02
2.97428   0.1539E-01
2.97907   0.4349E-02
2.98308   0.5675E-02
2.98595   0.1076E-01
2.99643   0.4873E-02
2.99733   0.1460E-01
3.00372   0.2128E-02
3.00910   0.3344E-02
3.01227   0.1405E-02
3.01747   0.7317E-02
3.02430   0.2705E-03
3.02807   0.4770E-01
3.03103   0.1577E-02
3.03507   0.2737E-03
3.03878   0.4401E-02
3.04498   0.5467E-02
3.04722   0.5731E-03
3.04830   0.1595E-02
3.05192   0.3354E-02
3.05494   0.1342E-01
3.05708   0.1104E-01
3.05784   0.7649E-02
3.06403   0.6697E-02
3.06880   0.4110E-02
3.07231   0.7284E-02
3.07343   0.3320E-02
3.07744   0.9723E-02
3.08017   0.1463E-01
3.08468   0.1373E-02
3.08868   0.1045E-02
3.08927   0.3380E-02
3.09047   0.3367E-02
3.09386   0.3244E-02
3.09785   0.3152E-02
3.09890   0.1795E-02
3.09976   0.2808E-02
3.10655   0.2719E-02
3.10924   0.4751E-02
3.11193   0.3074E-02
3.11303   0.4762E-02
3.11469   0.1328E-02
3.11988   0.2354E-02
3.12058   0.1841E-02
3.12626   0.4747E-02
3.12817   0.6764E-03
3.13189   0.1623E-02
3.13693   0.3679E-03
3.13861   0.1561E-03
3.14090   0.5462E-03
3.14363   0.5156E-02
3.14830   0.4537E-02
3.15112   0.1600E-02
3.15373   0.1142E-02
3.15563   0.2971E-03
3.16014   0.3651E-02
3.16119   0.3210E-03
3.16427   0.8550E-02
3.16957   0.4878E-02
3.17388   0.2626E-02
3.17397   0.2859E-02
3.17466   0.1270E-02
3.17692   0.3779E-02
3.18186   0.3757E-02
3.18339   0.6097E-03
3.18722   0.2867E-03
3.19096   0.7731E-03
3.19223   0.1002E-02
3.19401   0.1291E-02
3.19580   0.1667E-02
3.19754   0.3168E-02
3.20200   0.4404E-03
3.20350   0.1011E-02
3.20494   0.2870E-02
3.20650   0.2031E-02
3.20944   0.1115E-02
3.21127   0.1232E-02
3.21135   0.1333E-02
3.21516   0.5068E-02
3.21672   0.2888E-02
3.21823   0.1717E-02
3.22006   0.3507E-02
3.22668   0.1074E-02
3.22978   0.1006E-01
3.23067   0.9900E-03
3.23633   0.3300E-02
3.23798   0.3629E-02
3.24023   0.1036E-01
3.24249   0.8160E-03
3.24513   0.1476E-01
3.24680   0.1307E-02
3.24977   0.2422E-02
3.25102   0.3767E-02
3.25154   0.6198E-02
3.25230   0.6668E-02
3.25566   0.5432E-02
3.25726   0.1022E-01
3.25809   0.5834E-02
3.25906   0.6855E-02
3.26218   0.7597E-03
3.26644   0.1113E-01
3.26744   0.1878E-01
3.27054   0.1688E-01
3.27559   0.2308E-03
3.27942   0.9195E-02
3.28167   0.9525E-03
3.28233   0.9380E-02
3.28328   0.8176E-02
3.28628   0.8416E-03
3.28749   0.8173E-02
3.29059   0.1457E-02
3.29080   0.5000E-02
3.29295   0.8232E-02
3.29579   0.7787E-02
3.29934   0.2809E-02
3.30235   0.3862E-02
3.30394   0.7209E-02
3.30438   0.6110E-03
3.31012   0.4811E-02
3.31214   0.8557E-02
3.31381   0.3042E-02
3.31719   0.1454E-01
3.32139   0.5033E-02
3.32353   0.3036E-02
3.32736   0.5503E-02
3.32954   0.1660E-02
3.33090   0.6372E-03
3.33238   0.1676E-02
3.33491   0.5087E-02
3.33870   0.7582E-02
3.34109   0.4357E-02
3.34215   0.3997E-02
3.34518   0.3459E-02
3.34849   0.2463E-02
3.34976   0.7405E-04
3.35083   0.1855E-02
3.35393   0.5153E-02
3.35912   0.2048E-02
3.36157   0.1005E-02
3.36263   0.3236E-03
3.36684   0.1785E-02
3.36752   0.6703E-02
3.36846   0.3197E-02
3.37117   0.1746E-02
3.37345   0.1297E-01
3.37448   0.4635E-02
3.37527   0.3181E-02
3.37935   0.1373E-01
3.38162   0.7575E-02
3.38344   0.3951E-02
3.38406   0.1584E-01
3.38563   0.3565E-02
3.38753   0.9238E-02
3.38979   0.2610E-02
3.39299   0.2606E-02
3.39868   0.1148E-02
3.39916   0.4621E-02
3.40289   0.3983E-02
3.40319   0.5079E-02
3.40429   0.2886E-02
3.40681   0.1253E-02
3.40999   0.1021E-03
3.41235   0.8088E-02